[0.102s] Invoking command in '/home/ctaylor71023/ros2_ws/src/ctaylor319_capstone/build/octomap_server2': CMAKE_PREFIX_PATH=${CMAKE_PREFIX_PATH}:/home/ctaylor71023/ws_moveit/install/moveit_configs_utils:/home/ctaylor71023/ws_moveit/install/launch_param_builder:/home/ctaylor71023/turtlebot3_ws/install/py_subpub:/home/ctaylor71023/turtlebot3_ws/install/Crossfire_object_follower:/home/ctaylor71023/turtlebot3_ws/install/Crossfire_navigate_to_goal:/home/ctaylor71023/turtlebot3_ws/install/Crossfire_lab6:/home/ctaylor71023/turtlebot3_ws/install/Crossfire_lab5:/home/ctaylor71023/turtlebot3_ws/install/Crossfire_chase_object:/home/ctaylor71023/turtlebot3_ws/src/install/py_subpub:/home/ctaylor71023/turtlebot3_ws/src/install/Lab2:/home/ctaylor71023/turtlebot3_ws/src/install/Crossfire_object_follower:/home/ctaylor71023/turtlebot3_ws/src/install/Crossfire_navigate_to_goal:/home/ctaylor71023/turtlebot3_ws/src/install/Crossfire_lab6:/home/ctaylor71023/turtlebot3_ws/src/install/Crossfire_lab5:/home/ctaylor71023/turtlebot3_ws/src/install/Crossfire_chase_object:/opt/ros/humble /usr/bin/cmake /home/ctaylor71023/ros2_ws/src/ctaylor319_capstone/octomap_server2 -DCMAKE_INSTALL_PREFIX=/home/ctaylor71023/ros2_ws/src/ctaylor319_capstone/install/octomap_server2
[0.173s] -- Found ament_cmake: 1.3.10 (/opt/ros/humble/share/ament_cmake/cmake)
[0.427s] -- Override CMake install command with custom implementation using symlinks instead of copying resources
[0.440s] -- Found rclcpp: 16.0.10 (/opt/ros/humble/share/rclcpp/cmake)
[0.501s] -- Found rosidl_generator_c: 3.1.5 (/opt/ros/humble/share/rosidl_generator_c/cmake)
[0.503s] -- Found rosidl_adapter: 3.1.5 (/opt/ros/humble/share/rosidl_adapter/cmake)
[0.515s] -- Found rosidl_generator_cpp: 3.1.5 (/opt/ros/humble/share/rosidl_generator_cpp/cmake)
[0.543s] -- Using all available rosidl_typesupport_c: rosidl_typesupport_fastrtps_c;rosidl_typesupport_introspection_c
[0.575s] -- Using all available rosidl_typesupport_cpp: rosidl_typesupport_fastrtps_cpp;rosidl_typesupport_introspection_cpp
[0.652s] -- Found rmw_implementation_cmake: 6.1.2 (/opt/ros/humble/share/rmw_implementation_cmake/cmake)
[0.663s] -- Found rmw_fastrtps_cpp: 6.2.7 (/opt/ros/humble/share/rmw_fastrtps_cpp/cmake)
[0.940s] -- Using RMW implementation 'rmw_fastrtps_cpp' as default
[1.020s] -- Found rclcpp_components: 16.0.10 (/opt/ros/humble/share/rclcpp_components/cmake)
[1.076s] -- Eigen found (include: /usr/include/eigen3, version: 3.4.0)
[1.155s] -- FLANN found (include: /usr/include, lib: /usr/lib/x86_64-linux-gnu/libflann_cpp.so)
[1.579s] -- Found Eigen3: /usr/include/eigen3 (found version "3.4.0") 
[1.963s] -- OpenNI found (version: 1.5.4.0, include: /usr/include/ni, lib: /usr/lib/libOpenNI.so;libusb::libusb)
[1.978s] -- OpenNI2 found (version: 2.2.0.33, include: /usr/include/openni2, lib: /usr/lib/x86_64-linux-gnu/libOpenNI2.so;libusb::libusb)
[1.980s] [0m** WARNING ** io features related to pcap will be disabled[0m
[2.390s] -- Eigen found (include: /usr/include/eigen3, version: 3.4.0)
[2.403s] -- OpenNI found (version: 1.5.4.0, include: /usr/include/ni, lib: /usr/lib/libOpenNI.so;libusb::libusb)
[2.415s] -- OpenNI2 found (version: 2.2.0.33, include: /usr/include/openni2, lib: /usr/lib/x86_64-linux-gnu/libOpenNI2.so;libusb::libusb)
[2.809s] -- Found Qhull version 8.0.2
[3.194s] -- OpenNI found (version: 1.5.4.0, include: /usr/include/ni, lib: /usr/lib/libOpenNI.so;libusb::libusb)
[3.597s] -- looking for PCL_COMMON
[3.597s] -- looking for PCL_KDTREE
[3.597s] -- looking for PCL_OCTREE
[3.600s] -- looking for PCL_SEARCH
[3.601s] -- looking for PCL_SAMPLE_CONSENSUS
[3.601s] -- looking for PCL_FILTERS
[3.601s] -- looking for PCL_2D
[3.605s] -- looking for PCL_GEOMETRY
[3.607s] -- looking for PCL_IO
[3.607s] -- looking for PCL_FEATURES
[3.608s] -- looking for PCL_ML
[3.608s] -- looking for PCL_SEGMENTATION
[3.617s] -- looking for PCL_VISUALIZATION
[3.617s] -- looking for PCL_SURFACE
[3.617s] -- looking for PCL_REGISTRATION
[3.620s] -- looking for PCL_KEYPOINTS
[3.622s] -- looking for PCL_TRACKING
[3.623s] -- looking for PCL_RECOGNITION
[3.623s] -- looking for PCL_STEREO
[3.624s] -- looking for PCL_APPS
[3.627s] -- looking for PCL_IN_HAND_SCANNER
[3.629s] -- looking for PCL_MODELER
[3.630s] -- looking for PCL_POINT_CLOUD_EDITOR
[3.631s] -- looking for PCL_OUTOFCORE
[3.632s] -- looking for PCL_PEOPLE
[3.634s] -- Found sensor_msgs: 4.2.4 (/opt/ros/humble/share/sensor_msgs/cmake)
[3.744s] -- Found nav_msgs: 4.2.4 (/opt/ros/humble/share/nav_msgs/cmake)
[3.839s] -- Found visualization_msgs: 4.2.4 (/opt/ros/humble/share/visualization_msgs/cmake)
[3.947s] -- Found std_srvs: 4.2.4 (/opt/ros/humble/share/std_srvs/cmake)
[4.055s] -- Found pcl_conversions: 2.4.5 (/opt/ros/humble/share/pcl_conversions/cmake)
[4.168s] -- Found octomap_msgs: 2.0.0 (/home/ctaylor71023/ros2_ws/src/ctaylor319_capstone/install/octomap_msgs/share/octomap_msgs/cmake)
[4.243s] -- Found tf2: 0.25.7 (/opt/ros/humble/share/tf2/cmake)
[4.258s] -- Found tf2_ros: 0.25.7 (/opt/ros/humble/share/tf2_ros/cmake)
[4.567s] -- Found tf2_geometry_msgs: 0.25.7 (/opt/ros/humble/share/tf2_geometry_msgs/cmake)
[4.584s] -- Found eigen3_cmake_module: 0.1.1 (/opt/ros/humble/share/eigen3_cmake_module/cmake)
[4.584s] -- Found Eigen3: TRUE (found version "3.4.0") 
[4.584s] -- Ensuring Eigen3 include directory is part of orocos-kdl CMake target
[5.344s] -- Configuring done
[5.562s] -- Generating done
[5.572s] -- Build files have been written to: /home/ctaylor71023/ros2_ws/src/ctaylor319_capstone/build/octomap_server2
[5.671s] Invoked command in '/home/ctaylor71023/ros2_ws/src/ctaylor319_capstone/build/octomap_server2' returned '0': CMAKE_PREFIX_PATH=${CMAKE_PREFIX_PATH}:/home/ctaylor71023/ws_moveit/install/moveit_configs_utils:/home/ctaylor71023/ws_moveit/install/launch_param_builder:/home/ctaylor71023/turtlebot3_ws/install/py_subpub:/home/ctaylor71023/turtlebot3_ws/install/Crossfire_object_follower:/home/ctaylor71023/turtlebot3_ws/install/Crossfire_navigate_to_goal:/home/ctaylor71023/turtlebot3_ws/install/Crossfire_lab6:/home/ctaylor71023/turtlebot3_ws/install/Crossfire_lab5:/home/ctaylor71023/turtlebot3_ws/install/Crossfire_chase_object:/home/ctaylor71023/turtlebot3_ws/src/install/py_subpub:/home/ctaylor71023/turtlebot3_ws/src/install/Lab2:/home/ctaylor71023/turtlebot3_ws/src/install/Crossfire_object_follower:/home/ctaylor71023/turtlebot3_ws/src/install/Crossfire_navigate_to_goal:/home/ctaylor71023/turtlebot3_ws/src/install/Crossfire_lab6:/home/ctaylor71023/turtlebot3_ws/src/install/Crossfire_lab5:/home/ctaylor71023/turtlebot3_ws/src/install/Crossfire_chase_object:/opt/ros/humble /usr/bin/cmake /home/ctaylor71023/ros2_ws/src/ctaylor319_capstone/octomap_server2 -DCMAKE_INSTALL_PREFIX=/home/ctaylor71023/ros2_ws/src/ctaylor319_capstone/install/octomap_server2
[5.676s] Invoking command in '/home/ctaylor71023/ros2_ws/src/ctaylor319_capstone/build/octomap_server2': CMAKE_PREFIX_PATH=${CMAKE_PREFIX_PATH}:/home/ctaylor71023/ws_moveit/install/moveit_configs_utils:/home/ctaylor71023/ws_moveit/install/launch_param_builder:/home/ctaylor71023/turtlebot3_ws/install/py_subpub:/home/ctaylor71023/turtlebot3_ws/install/Crossfire_object_follower:/home/ctaylor71023/turtlebot3_ws/install/Crossfire_navigate_to_goal:/home/ctaylor71023/turtlebot3_ws/install/Crossfire_lab6:/home/ctaylor71023/turtlebot3_ws/install/Crossfire_lab5:/home/ctaylor71023/turtlebot3_ws/install/Crossfire_chase_object:/home/ctaylor71023/turtlebot3_ws/src/install/py_subpub:/home/ctaylor71023/turtlebot3_ws/src/install/Lab2:/home/ctaylor71023/turtlebot3_ws/src/install/Crossfire_object_follower:/home/ctaylor71023/turtlebot3_ws/src/install/Crossfire_navigate_to_goal:/home/ctaylor71023/turtlebot3_ws/src/install/Crossfire_lab6:/home/ctaylor71023/turtlebot3_ws/src/install/Crossfire_lab5:/home/ctaylor71023/turtlebot3_ws/src/install/Crossfire_chase_object:/opt/ros/humble /usr/bin/cmake --build /home/ctaylor71023/ros2_ws/src/ctaylor319_capstone/build/octomap_server2 -- -j8 -l8
[5.906s] [35m[1mConsolidate compiler generated dependencies of target octomap_server[0m
[5.975s] [35m[1mConsolidate compiler generated dependencies of target octomap_server2[0m
[6.062s] [ 33%] Built target octomap_server
[6.164s] [100%] Built target octomap_server2
[6.226s] Invoked command in '/home/ctaylor71023/ros2_ws/src/ctaylor319_capstone/build/octomap_server2' returned '0': CMAKE_PREFIX_PATH=${CMAKE_PREFIX_PATH}:/home/ctaylor71023/ws_moveit/install/moveit_configs_utils:/home/ctaylor71023/ws_moveit/install/launch_param_builder:/home/ctaylor71023/turtlebot3_ws/install/py_subpub:/home/ctaylor71023/turtlebot3_ws/install/Crossfire_object_follower:/home/ctaylor71023/turtlebot3_ws/install/Crossfire_navigate_to_goal:/home/ctaylor71023/turtlebot3_ws/install/Crossfire_lab6:/home/ctaylor71023/turtlebot3_ws/install/Crossfire_lab5:/home/ctaylor71023/turtlebot3_ws/install/Crossfire_chase_object:/home/ctaylor71023/turtlebot3_ws/src/install/py_subpub:/home/ctaylor71023/turtlebot3_ws/src/install/Lab2:/home/ctaylor71023/turtlebot3_ws/src/install/Crossfire_object_follower:/home/ctaylor71023/turtlebot3_ws/src/install/Crossfire_navigate_to_goal:/home/ctaylor71023/turtlebot3_ws/src/install/Crossfire_lab6:/home/ctaylor71023/turtlebot3_ws/src/install/Crossfire_lab5:/home/ctaylor71023/turtlebot3_ws/src/install/Crossfire_chase_object:/opt/ros/humble /usr/bin/cmake --build /home/ctaylor71023/ros2_ws/src/ctaylor319_capstone/build/octomap_server2 -- -j8 -l8
[6.560s] Invoking command in '/home/ctaylor71023/ros2_ws/src/ctaylor319_capstone/build/octomap_server2': CMAKE_PREFIX_PATH=${CMAKE_PREFIX_PATH}:/home/ctaylor71023/ws_moveit/install/moveit_configs_utils:/home/ctaylor71023/ws_moveit/install/launch_param_builder:/home/ctaylor71023/turtlebot3_ws/install/py_subpub:/home/ctaylor71023/turtlebot3_ws/install/Crossfire_object_follower:/home/ctaylor71023/turtlebot3_ws/install/Crossfire_navigate_to_goal:/home/ctaylor71023/turtlebot3_ws/install/Crossfire_lab6:/home/ctaylor71023/turtlebot3_ws/install/Crossfire_lab5:/home/ctaylor71023/turtlebot3_ws/install/Crossfire_chase_object:/home/ctaylor71023/turtlebot3_ws/src/install/py_subpub:/home/ctaylor71023/turtlebot3_ws/src/install/Lab2:/home/ctaylor71023/turtlebot3_ws/src/install/Crossfire_object_follower:/home/ctaylor71023/turtlebot3_ws/src/install/Crossfire_navigate_to_goal:/home/ctaylor71023/turtlebot3_ws/src/install/Crossfire_lab6:/home/ctaylor71023/turtlebot3_ws/src/install/Crossfire_lab5:/home/ctaylor71023/turtlebot3_ws/src/install/Crossfire_chase_object:/opt/ros/humble /usr/bin/cmake --install /home/ctaylor71023/ros2_ws/src/ctaylor319_capstone/build/octomap_server2
[6.624s] -- Install configuration: ""
[6.625s] -- Execute custom install script
[6.632s] -- Up-to-date symlink: /home/ctaylor71023/ros2_ws/src/ctaylor319_capstone/install/octomap_server2/lib/octomap_server2/octomap_server
[6.633s] -- Up-to-date symlink: /home/ctaylor71023/ros2_ws/src/ctaylor319_capstone/install/octomap_server2/lib/liboctomap_server2.so
[6.634s] -- Up-to-date symlink: /home/ctaylor71023/ros2_ws/src/ctaylor319_capstone/install/octomap_server2/share/octomap_server2//launch/octomap_server_launch.py
[6.634s] -- Up-to-date symlink: /home/ctaylor71023/ros2_ws/src/ctaylor319_capstone/install/octomap_server2/share/ament_index/resource_index/package_run_dependencies/octomap_server2
[6.634s] -- Up-to-date symlink: /home/ctaylor71023/ros2_ws/src/ctaylor319_capstone/install/octomap_server2/share/ament_index/resource_index/parent_prefix_path/octomap_server2
[6.635s] -- Up-to-date symlink: /home/ctaylor71023/ros2_ws/src/ctaylor319_capstone/install/octomap_server2/share/octomap_server2/environment/ament_prefix_path.sh
[6.636s] -- Up-to-date symlink: /home/ctaylor71023/ros2_ws/src/ctaylor319_capstone/install/octomap_server2/share/octomap_server2/environment/ament_prefix_path.dsv
[6.636s] -- Up-to-date symlink: /home/ctaylor71023/ros2_ws/src/ctaylor319_capstone/install/octomap_server2/share/octomap_server2/environment/path.sh
[6.645s] -- Up-to-date symlink: /home/ctaylor71023/ros2_ws/src/ctaylor319_capstone/install/octomap_server2/share/octomap_server2/environment/path.dsv
[6.645s] -- Up-to-date symlink: /home/ctaylor71023/ros2_ws/src/ctaylor319_capstone/install/octomap_server2/share/octomap_server2/local_setup.bash
[6.654s] -- Up-to-date symlink: /home/ctaylor71023/ros2_ws/src/ctaylor319_capstone/install/octomap_server2/share/octomap_server2/local_setup.sh
[6.654s] -- Up-to-date symlink: /home/ctaylor71023/ros2_ws/src/ctaylor319_capstone/install/octomap_server2/share/octomap_server2/local_setup.zsh
[6.654s] -- Up-to-date symlink: /home/ctaylor71023/ros2_ws/src/ctaylor319_capstone/install/octomap_server2/share/octomap_server2/local_setup.dsv
[6.654s] -- Symlinking: /home/ctaylor71023/ros2_ws/src/ctaylor319_capstone/install/octomap_server2/share/octomap_server2/package.dsv
[6.702s] -- Up-to-date symlink: /home/ctaylor71023/ros2_ws/src/ctaylor319_capstone/install/octomap_server2/share/ament_index/resource_index/packages/octomap_server2
[6.705s] -- Up-to-date symlink: /home/ctaylor71023/ros2_ws/src/ctaylor319_capstone/install/octomap_server2/share/ament_index/resource_index/rclcpp_components/octomap_server2
[6.705s] -- Up-to-date symlink: /home/ctaylor71023/ros2_ws/src/ctaylor319_capstone/install/octomap_server2/share/octomap_server2/cmake/octomap_server2Config.cmake
[6.705s] -- Up-to-date symlink: /home/ctaylor71023/ros2_ws/src/ctaylor319_capstone/install/octomap_server2/share/octomap_server2/cmake/octomap_server2Config-version.cmake
[6.705s] -- Up-to-date symlink: /home/ctaylor71023/ros2_ws/src/ctaylor319_capstone/install/octomap_server2/share/octomap_server2/package.xml
[6.713s] Invoked command in '/home/ctaylor71023/ros2_ws/src/ctaylor319_capstone/build/octomap_server2' returned '0': CMAKE_PREFIX_PATH=${CMAKE_PREFIX_PATH}:/home/ctaylor71023/ws_moveit/install/moveit_configs_utils:/home/ctaylor71023/ws_moveit/install/launch_param_builder:/home/ctaylor71023/turtlebot3_ws/install/py_subpub:/home/ctaylor71023/turtlebot3_ws/install/Crossfire_object_follower:/home/ctaylor71023/turtlebot3_ws/install/Crossfire_navigate_to_goal:/home/ctaylor71023/turtlebot3_ws/install/Crossfire_lab6:/home/ctaylor71023/turtlebot3_ws/install/Crossfire_lab5:/home/ctaylor71023/turtlebot3_ws/install/Crossfire_chase_object:/home/ctaylor71023/turtlebot3_ws/src/install/py_subpub:/home/ctaylor71023/turtlebot3_ws/src/install/Lab2:/home/ctaylor71023/turtlebot3_ws/src/install/Crossfire_object_follower:/home/ctaylor71023/turtlebot3_ws/src/install/Crossfire_navigate_to_goal:/home/ctaylor71023/turtlebot3_ws/src/install/Crossfire_lab6:/home/ctaylor71023/turtlebot3_ws/src/install/Crossfire_lab5:/home/ctaylor71023/turtlebot3_ws/src/install/Crossfire_chase_object:/opt/ros/humble /usr/bin/cmake --install /home/ctaylor71023/ros2_ws/src/ctaylor319_capstone/build/octomap_server2
