[0.080s] Invoking command in '/home/ctaylor71023/ros2_ws/src/ctaylor319_capstone/build/env_construction': CMAKE_PREFIX_PATH=${CMAKE_PREFIX_PATH}:/home/ctaylor71023/ws_moveit/install/moveit_configs_utils:/home/ctaylor71023/ws_moveit/install/launch_param_builder:/home/ctaylor71023/turtlebot3_ws/install/py_subpub:/home/ctaylor71023/turtlebot3_ws/install/Crossfire_object_follower:/home/ctaylor71023/turtlebot3_ws/install/Crossfire_navigate_to_goal:/home/ctaylor71023/turtlebot3_ws/install/Crossfire_lab6:/home/ctaylor71023/turtlebot3_ws/install/Crossfire_lab5:/home/ctaylor71023/turtlebot3_ws/install/Crossfire_chase_object:/home/ctaylor71023/turtlebot3_ws/src/install/py_subpub:/home/ctaylor71023/turtlebot3_ws/src/install/Lab2:/home/ctaylor71023/turtlebot3_ws/src/install/Crossfire_object_follower:/home/ctaylor71023/turtlebot3_ws/src/install/Crossfire_navigate_to_goal:/home/ctaylor71023/turtlebot3_ws/src/install/Crossfire_lab6:/home/ctaylor71023/turtlebot3_ws/src/install/Crossfire_lab5:/home/ctaylor71023/turtlebot3_ws/src/install/Crossfire_chase_object:/opt/ros/humble /usr/bin/cmake --build /home/ctaylor71023/ros2_ws/src/ctaylor319_capstone/build/env_construction -- -j8 -l8
[0.188s] -- Found ament_cmake: 1.3.10 (/opt/ros/humble/share/ament_cmake/cmake)
[0.627s] -- Found rclcpp: 16.0.10 (/opt/ros/humble/share/rclcpp/cmake)
[0.699s] -- Found rosidl_generator_c: 3.1.5 (/opt/ros/humble/share/rosidl_generator_c/cmake)
[0.704s] -- Found rosidl_adapter: 3.1.5 (/opt/ros/humble/share/rosidl_adapter/cmake)
[0.719s] -- Found rosidl_generator_cpp: 3.1.5 (/opt/ros/humble/share/rosidl_generator_cpp/cmake)
[0.755s] -- Using all available rosidl_typesupport_c: rosidl_typesupport_fastrtps_c;rosidl_typesupport_introspection_c
[0.795s] -- Using all available rosidl_typesupport_cpp: rosidl_typesupport_fastrtps_cpp;rosidl_typesupport_introspection_cpp
[0.893s] -- Found rmw_implementation_cmake: 6.1.2 (/opt/ros/humble/share/rmw_implementation_cmake/cmake)
[0.900s] -- Found rmw_fastrtps_cpp: 6.2.7 (/opt/ros/humble/share/rmw_fastrtps_cpp/cmake)
[1.250s] -- Using RMW implementation 'rmw_fastrtps_cpp' as default
[1.376s] -- Found gazebo_ros: 3.7.0 (/opt/ros/humble/share/gazebo_ros/cmake)
[1.455s] -- Found DART: /usr/include (Required is at least version "6.6") found components: dart 
[1.505s] -- Found Boost: /usr/lib/x86_64-linux-gnu/cmake/Boost-1.74.0/BoostConfig.cmake (found suitable version "1.74.0", minimum required is "1.40.0") found components: thread system filesystem program_options regex iostreams date_time 
[1.530s] -- Found Protobuf: /usr/lib/x86_64-linux-gnu/libprotobuf.so (found version "3.12.4") 
[1.534s] -- Looking for ignition-math6 -- found version 6.15.1
[1.542s] -- Searching for dependencies of ignition-math6
[1.548s] -- Looking for OGRE...
[1.565s] -- Found Ogre Ghadamon (1.9.0)
[1.566s] -- Found OGRE: optimized;/usr/lib/x86_64-linux-gnu/libOgreMain.so;debug;/usr/lib/x86_64-linux-gnu/libOgreMain.so
[1.594s] -- Looking for OGRE_Paging...
[1.594s] -- Found OGRE_Paging: optimized;/usr/lib/x86_64-linux-gnu/libOgrePaging.so;debug;/usr/lib/x86_64-linux-gnu/libOgrePaging.so
[1.594s] -- Looking for OGRE_Terrain...
[1.594s] -- Found OGRE_Terrain: optimized;/usr/lib/x86_64-linux-gnu/libOgreTerrain.so;debug;/usr/lib/x86_64-linux-gnu/libOgreTerrain.so
[1.595s] -- Looking for OGRE_Property...
[1.595s] -- Found OGRE_Property: optimized;/usr/lib/x86_64-linux-gnu/libOgreProperty.so;debug;/usr/lib/x86_64-linux-gnu/libOgreProperty.so
[1.595s] -- Looking for OGRE_RTShaderSystem...
[1.595s] -- Found OGRE_RTShaderSystem: optimized;/usr/lib/x86_64-linux-gnu/libOgreRTShaderSystem.so;debug;/usr/lib/x86_64-linux-gnu/libOgreRTShaderSystem.so
[1.596s] -- Looking for OGRE_Volume...
[1.596s] -- Found OGRE_Volume: optimized;/usr/lib/x86_64-linux-gnu/libOgreVolume.so;debug;/usr/lib/x86_64-linux-gnu/libOgreVolume.so
[1.596s] -- Looking for OGRE_Overlay...
[1.596s] -- Found OGRE_Overlay: optimized;/usr/lib/x86_64-linux-gnu/libOgreOverlay.so;debug;/usr/lib/x86_64-linux-gnu/libOgreOverlay.so
[2.408s] -- Looking for ignition-math6 -- found version 6.15.1
[2.410s] -- Looking for ignition-transport8 -- found version 8.2.1
[2.411s] -- Searching for dependencies of ignition-transport8
[2.471s] -- Found Protobuf: /usr/lib/x86_64-linux-gnu/libprotobuf.so (found suitable version "3.12.4", minimum required is "3") 
[2.514s] -- Config-file not installed for ZeroMQ -- checking for pkg-config
[2.526s] -- Checking for module 'libzmq >= 4'
[2.569s] --   Found libzmq , version 4.3.4
[2.695s] -- Checking for module 'uuid'
[2.751s] --   Found uuid, version 2.37.2
[2.859s] -- Looking for ignition-msgs5 -- found version 5.8.1
[2.860s] -- Searching for dependencies of ignition-msgs5
[2.923s] -- Looking for ignition-math6 -- found version 6.15.1
[2.937s] -- Checking for module 'tinyxml2'
[2.985s] --   Found tinyxml2, version 9.0.0
[3.099s] -- Looking for ignition-msgs5 -- found version 5.8.1
[3.100s] -- Looking for ignition-common3 -- found version 3.14.0
[3.101s] -- Searching for dependencies of ignition-common3
[3.102s] -- Looking for dlfcn.h - found
[3.102s] -- Looking for libdl - found
[3.136s] -- Searching for <ignition-common3> component [graphics]
[3.137s] -- Looking for ignition-common3-graphics -- found version 3.14.0
[3.138s] -- Searching for dependencies of ignition-common3-graphics
[3.139s] -- Looking for ignition-math6 -- found version 6.15.1
[3.141s] -- Looking for ignition-fuel_tools4 -- found version 4.4.0
[3.143s] -- Searching for dependencies of ignition-fuel_tools4
[3.277s] -- Checking for module 'jsoncpp'
[3.331s] --   Found jsoncpp, version 1.9.5
[3.468s] -- Checking for module 'libzip'
[3.522s] --   Found libzip, version 1.7.3
[3.642s] -- Looking for ignition-common3 -- found version 3.14.0
[3.643s] -- Looking for ignition-math6 -- found version 6.15.1
[3.644s] -- Looking for ignition-msgs5 -- found version 5.8.1
[3.647s] -- Gazebo version: 11.10
[3.651s] -- Found gazebo_ros_pkgs: 3.7.0 (/opt/ros/humble/share/gazebo_ros_pkgs/cmake)
[3.651s] -- Found ros2_control: 2.43.0 (/opt/ros/humble/share/ros2_control/cmake)
[3.652s] -- Found ros2_controllers: 2.37.2 (/opt/ros/humble/share/ros2_controllers/cmake)
[3.652s] -- Found trajectory_msgs: 4.2.4 (/opt/ros/humble/share/trajectory_msgs/cmake)
[3.728s] -- Found mycobot_gazebo: 0.0.0 (/home/ctaylor71023/ros2_ws/install/mycobot_gazebo/share/mycobot_gazebo/cmake)
[3.768s] [31mCMake Error at CMakeLists.txt:17 (find_package):
[3.768s]   By not providing "Findmoveit45.cmake" in CMAKE_MODULE_PATH this project has
[3.769s]   asked CMake to find a package configuration file provided by "moveit45",
[3.769s]   but CMake did not find one.
[3.769s] 
[3.769s]   Could not find a package configuration file provided by "moveit45" with any
[3.769s]   of the following names:
[3.769s] 
[3.769s]     moveit45Config.cmake
[3.769s]     moveit45-config.cmake
[3.769s] 
[3.769s]   Add the installation prefix of "moveit45" to CMAKE_PREFIX_PATH or set
[3.770s]   "moveit45_DIR" to a directory containing one of the above files.  If
[3.770s]   "moveit45" provides a separate development package or SDK, be sure it has
[3.770s]   been installed.
[3.770s] 
[3.770s] [0m
[3.770s] -- Configuring incomplete, errors occurred!
[3.770s] See also "/home/ctaylor71023/ros2_ws/src/ctaylor319_capstone/build/env_construction/CMakeFiles/CMakeOutput.log".
[3.790s] gmake: *** [Makefile:226: cmake_check_build_system] Error 1
[3.794s] Invoked command in '/home/ctaylor71023/ros2_ws/src/ctaylor319_capstone/build/env_construction' returned '2': CMAKE_PREFIX_PATH=${CMAKE_PREFIX_PATH}:/home/ctaylor71023/ws_moveit/install/moveit_configs_utils:/home/ctaylor71023/ws_moveit/install/launch_param_builder:/home/ctaylor71023/turtlebot3_ws/install/py_subpub:/home/ctaylor71023/turtlebot3_ws/install/Crossfire_object_follower:/home/ctaylor71023/turtlebot3_ws/install/Crossfire_navigate_to_goal:/home/ctaylor71023/turtlebot3_ws/install/Crossfire_lab6:/home/ctaylor71023/turtlebot3_ws/install/Crossfire_lab5:/home/ctaylor71023/turtlebot3_ws/install/Crossfire_chase_object:/home/ctaylor71023/turtlebot3_ws/src/install/py_subpub:/home/ctaylor71023/turtlebot3_ws/src/install/Lab2:/home/ctaylor71023/turtlebot3_ws/src/install/Crossfire_object_follower:/home/ctaylor71023/turtlebot3_ws/src/install/Crossfire_navigate_to_goal:/home/ctaylor71023/turtlebot3_ws/src/install/Crossfire_lab6:/home/ctaylor71023/turtlebot3_ws/src/install/Crossfire_lab5:/home/ctaylor71023/turtlebot3_ws/src/install/Crossfire_chase_object:/opt/ros/humble /usr/bin/cmake --build /home/ctaylor71023/ros2_ws/src/ctaylor319_capstone/build/env_construction -- -j8 -l8
