[0.096s] Invoking command in '/home/ctaylor71023/ros2_ws/src/ctaylor319_capstone/build/env_construction': CMAKE_PREFIX_PATH=${CMAKE_PREFIX_PATH}:/home/ctaylor71023/ws_moveit/install/moveit_configs_utils:/home/ctaylor71023/ws_moveit/install/launch_param_builder:/home/ctaylor71023/turtlebot3_ws/install/py_subpub:/home/ctaylor71023/turtlebot3_ws/install/Crossfire_object_follower:/home/ctaylor71023/turtlebot3_ws/install/Crossfire_navigate_to_goal:/home/ctaylor71023/turtlebot3_ws/install/Crossfire_lab6:/home/ctaylor71023/turtlebot3_ws/install/Crossfire_lab5:/home/ctaylor71023/turtlebot3_ws/install/Crossfire_chase_object:/home/ctaylor71023/turtlebot3_ws/src/install/py_subpub:/home/ctaylor71023/turtlebot3_ws/src/install/Lab2:/home/ctaylor71023/turtlebot3_ws/src/install/Crossfire_object_follower:/home/ctaylor71023/turtlebot3_ws/src/install/Crossfire_navigate_to_goal:/home/ctaylor71023/turtlebot3_ws/src/install/Crossfire_lab6:/home/ctaylor71023/turtlebot3_ws/src/install/Crossfire_lab5:/home/ctaylor71023/turtlebot3_ws/src/install/Crossfire_chase_object:/opt/ros/humble /usr/bin/cmake --build /home/ctaylor71023/ros2_ws/src/ctaylor319_capstone/build/env_construction -- -j8 -l8
[0.184s] -- Found ament_cmake: 1.3.10 (/opt/ros/humble/share/ament_cmake/cmake)
[0.604s] -- Found rclcpp: 16.0.10 (/opt/ros/humble/share/rclcpp/cmake)
[0.673s] -- Found rosidl_generator_c: 3.1.5 (/opt/ros/humble/share/rosidl_generator_c/cmake)
[0.678s] -- Found rosidl_adapter: 3.1.5 (/opt/ros/humble/share/rosidl_adapter/cmake)
[0.691s] -- Found rosidl_generator_cpp: 3.1.5 (/opt/ros/humble/share/rosidl_generator_cpp/cmake)
[0.723s] -- Using all available rosidl_typesupport_c: rosidl_typesupport_fastrtps_c;rosidl_typesupport_introspection_c
[0.761s] -- Using all available rosidl_typesupport_cpp: rosidl_typesupport_fastrtps_cpp;rosidl_typesupport_introspection_cpp
[0.839s] -- Found rmw_implementation_cmake: 6.1.2 (/opt/ros/humble/share/rmw_implementation_cmake/cmake)
[0.850s] -- Found rmw_fastrtps_cpp: 6.2.7 (/opt/ros/humble/share/rmw_fastrtps_cpp/cmake)
[1.164s] -- Using RMW implementation 'rmw_fastrtps_cpp' as default
[1.268s] -- Found gazebo_ros: 3.7.0 (/opt/ros/humble/share/gazebo_ros/cmake)
[1.345s] -- Found DART: /usr/include (Required is at least version "6.6") found components: dart 
[1.389s] -- Found Boost: /usr/lib/x86_64-linux-gnu/cmake/Boost-1.74.0/BoostConfig.cmake (found suitable version "1.74.0", minimum required is "1.40.0") found components: thread system filesystem program_options regex iostreams date_time 
[1.411s] -- Found Protobuf: /usr/lib/x86_64-linux-gnu/libprotobuf.so (found version "3.12.4") 
[1.414s] -- Looking for ignition-math6 -- found version 6.15.1
[1.425s] -- Searching for dependencies of ignition-math6
[1.428s] -- Looking for OGRE...
[1.445s] -- Found Ogre Ghadamon (1.9.0)
[1.445s] -- Found OGRE: optimized;/usr/lib/x86_64-linux-gnu/libOgreMain.so;debug;/usr/lib/x86_64-linux-gnu/libOgreMain.so
[1.465s] -- Looking for OGRE_Paging...
[1.466s] -- Found OGRE_Paging: optimized;/usr/lib/x86_64-linux-gnu/libOgrePaging.so;debug;/usr/lib/x86_64-linux-gnu/libOgrePaging.so
[1.467s] -- Looking for OGRE_Terrain...
[1.468s] -- Found OGRE_Terrain: optimized;/usr/lib/x86_64-linux-gnu/libOgreTerrain.so;debug;/usr/lib/x86_64-linux-gnu/libOgreTerrain.so
[1.468s] -- Looking for OGRE_Property...
[1.469s] -- Found OGRE_Property: optimized;/usr/lib/x86_64-linux-gnu/libOgreProperty.so;debug;/usr/lib/x86_64-linux-gnu/libOgreProperty.so
[1.469s] -- Looking for OGRE_RTShaderSystem...
[1.470s] -- Found OGRE_RTShaderSystem: optimized;/usr/lib/x86_64-linux-gnu/libOgreRTShaderSystem.so;debug;/usr/lib/x86_64-linux-gnu/libOgreRTShaderSystem.so
[1.470s] -- Looking for OGRE_Volume...
[1.470s] -- Found OGRE_Volume: optimized;/usr/lib/x86_64-linux-gnu/libOgreVolume.so;debug;/usr/lib/x86_64-linux-gnu/libOgreVolume.so
[1.470s] -- Looking for OGRE_Overlay...
[1.470s] -- Found OGRE_Overlay: optimized;/usr/lib/x86_64-linux-gnu/libOgreOverlay.so;debug;/usr/lib/x86_64-linux-gnu/libOgreOverlay.so
[2.259s] -- Looking for ignition-math6 -- found version 6.15.1
[2.259s] -- Looking for ignition-transport8 -- found version 8.2.1
[2.260s] -- Searching for dependencies of ignition-transport8
[2.322s] -- Found Protobuf: /usr/lib/x86_64-linux-gnu/libprotobuf.so (found suitable version "3.12.4", minimum required is "3") 
[2.359s] -- Config-file not installed for ZeroMQ -- checking for pkg-config
[2.371s] -- Checking for module 'libzmq >= 4'
[2.420s] --   Found libzmq , version 4.3.4
[2.553s] -- Checking for module 'uuid'
[2.613s] --   Found uuid, version 2.37.2
[2.738s] -- Looking for ignition-msgs5 -- found version 5.8.1
[2.739s] -- Searching for dependencies of ignition-msgs5
[2.817s] -- Looking for ignition-math6 -- found version 6.15.1
[2.833s] -- Checking for module 'tinyxml2'
[2.897s] --   Found tinyxml2, version 9.0.0
[3.037s] -- Looking for ignition-msgs5 -- found version 5.8.1
[3.039s] -- Looking for ignition-common3 -- found version 3.14.0
[3.040s] -- Searching for dependencies of ignition-common3
[3.041s] -- Looking for dlfcn.h - found
[3.041s] -- Looking for libdl - found
[3.077s] -- Searching for <ignition-common3> component [graphics]
[3.078s] -- Looking for ignition-common3-graphics -- found version 3.14.0
[3.079s] -- Searching for dependencies of ignition-common3-graphics
[3.080s] -- Looking for ignition-math6 -- found version 6.15.1
[3.084s] -- Looking for ignition-fuel_tools4 -- found version 4.4.0
[3.086s] -- Searching for dependencies of ignition-fuel_tools4
[3.226s] -- Checking for module 'jsoncpp'
[3.287s] --   Found jsoncpp, version 1.9.5
[3.439s] -- Checking for module 'libzip'
[3.500s] --   Found libzip, version 1.7.3
[3.625s] -- Looking for ignition-common3 -- found version 3.14.0
[3.627s] -- Looking for ignition-math6 -- found version 6.15.1
[3.629s] -- Looking for ignition-msgs5 -- found version 5.8.1
[3.632s] -- Gazebo version: 11.10
[3.634s] -- Found gazebo_ros_pkgs: 3.7.0 (/opt/ros/humble/share/gazebo_ros_pkgs/cmake)
[3.634s] -- Found ros2_control: 2.43.0 (/opt/ros/humble/share/ros2_control/cmake)
[3.635s] -- Found ros2_controllers: 2.37.2 (/opt/ros/humble/share/ros2_controllers/cmake)
[3.636s] -- Found trajectory_msgs: 4.2.4 (/opt/ros/humble/share/trajectory_msgs/cmake)
[3.716s] -- Found mycobot_gazebo: 0.0.0 (/home/ctaylor71023/ros2_ws/install/mycobot_gazebo/share/mycobot_gazebo/cmake)
[3.716s] -- Found xacro: 2.0.8 (/opt/ros/humble/share/xacro/cmake)
[3.717s] -- Found moveit: 2.5.5 (/home/ctaylor71023/ws_moveit/install/moveit/share/moveit/cmake)
[3.717s] -- Found moveit_core: 2.5.5 (/home/ctaylor71023/ws_moveit/install/moveit_core/share/moveit_core/cmake)
[3.732s] -- Found Boost: /usr/lib/x86_64-linux-gnu/cmake/Boost-1.74.0/BoostConfig.cmake (found version "1.74.0") found components: chrono date_time filesystem iostreams program_options regex serialization system thread 
[3.815s] -- Found parameter_traits: 0.3.8 (/opt/ros/humble/share/parameter_traits/cmake)
[3.835s] -- Found rclcpp_lifecycle: 16.0.10 (/opt/ros/humble/share/rclcpp_lifecycle/cmake)
[3.886s] -- Found Boost: /usr/lib/x86_64-linux-gnu/cmake/Boost-1.74.0/BoostConfig.cmake (found version "1.74.0") found components: filesystem 
[3.990s] -- library: /usr/lib/x86_64-linux-gnu/libcurl.so
[4.143s] -- Ensuring Eigen3 include directory is part of orocos-kdl CMake target
[4.596s] [31mCMake Error at /opt/ros/humble/share/ament_cmake_target_dependencies/cmake/ament_target_dependencies.cmake:77 (message):
[4.597s]   ament_target_dependencies() the passed package name 'gazebo_ros2_control'
[4.597s]   was not found before
[4.597s] Call Stack (most recent call first):
[4.597s]   CMakeLists.txt:45 (ament_target_dependencies)
[4.597s] 
[4.597s] [0m
[4.597s] -- Configuring incomplete, errors occurred!
[4.598s] See also "/home/ctaylor71023/ros2_ws/src/ctaylor319_capstone/build/env_construction/CMakeFiles/CMakeOutput.log".
[4.627s] gmake: *** [Makefile:226: cmake_check_build_system] Error 1
[4.631s] Invoked command in '/home/ctaylor71023/ros2_ws/src/ctaylor319_capstone/build/env_construction' returned '2': CMAKE_PREFIX_PATH=${CMAKE_PREFIX_PATH}:/home/ctaylor71023/ws_moveit/install/moveit_configs_utils:/home/ctaylor71023/ws_moveit/install/launch_param_builder:/home/ctaylor71023/turtlebot3_ws/install/py_subpub:/home/ctaylor71023/turtlebot3_ws/install/Crossfire_object_follower:/home/ctaylor71023/turtlebot3_ws/install/Crossfire_navigate_to_goal:/home/ctaylor71023/turtlebot3_ws/install/Crossfire_lab6:/home/ctaylor71023/turtlebot3_ws/install/Crossfire_lab5:/home/ctaylor71023/turtlebot3_ws/install/Crossfire_chase_object:/home/ctaylor71023/turtlebot3_ws/src/install/py_subpub:/home/ctaylor71023/turtlebot3_ws/src/install/Lab2:/home/ctaylor71023/turtlebot3_ws/src/install/Crossfire_object_follower:/home/ctaylor71023/turtlebot3_ws/src/install/Crossfire_navigate_to_goal:/home/ctaylor71023/turtlebot3_ws/src/install/Crossfire_lab6:/home/ctaylor71023/turtlebot3_ws/src/install/Crossfire_lab5:/home/ctaylor71023/turtlebot3_ws/src/install/Crossfire_chase_object:/opt/ros/humble /usr/bin/cmake --build /home/ctaylor71023/ros2_ws/src/ctaylor319_capstone/build/env_construction -- -j8 -l8
