[0.210s] Invoking command in '/home/ctaylor71023/ros2_ws/src/ctaylor319_capstone/build/pcl_msgs': CMAKE_PREFIX_PATH=${CMAKE_PREFIX_PATH}:/home/ctaylor71023/ws_moveit/install/moveit_configs_utils:/home/ctaylor71023/ws_moveit/install/launch_param_builder:/home/ctaylor71023/turtlebot3_ws/install/py_subpub:/home/ctaylor71023/turtlebot3_ws/install/Crossfire_object_follower:/home/ctaylor71023/turtlebot3_ws/install/Crossfire_navigate_to_goal:/home/ctaylor71023/turtlebot3_ws/install/Crossfire_lab6:/home/ctaylor71023/turtlebot3_ws/install/Crossfire_lab5:/home/ctaylor71023/turtlebot3_ws/install/Crossfire_chase_object:/home/ctaylor71023/turtlebot3_ws/src/install/py_subpub:/home/ctaylor71023/turtlebot3_ws/src/install/Lab2:/home/ctaylor71023/turtlebot3_ws/src/install/Crossfire_object_follower:/home/ctaylor71023/turtlebot3_ws/src/install/Crossfire_navigate_to_goal:/home/ctaylor71023/turtlebot3_ws/src/install/Crossfire_lab6:/home/ctaylor71023/turtlebot3_ws/src/install/Crossfire_lab5:/home/ctaylor71023/turtlebot3_ws/src/install/Crossfire_chase_object:/opt/ros/humble /usr/bin/cmake --build /home/ctaylor71023/ros2_ws/src/ctaylor319_capstone/build/pcl_msgs -- -j8 -l8
[0.600s] [  1%] Built target pcl_msgs__cpp
[0.601s] [35m[1mConsolidate compiler generated dependencies of target pcl_msgs__rosidl_generator_c[0m
[0.601s] [ 12%] Built target pcl_msgs__rosidl_generator_c
[0.601s] [35m[1mConsolidate compiler generated dependencies of target pcl_msgs__rosidl_typesupport_introspection_cpp[0m
[0.601s] [35m[1mConsolidate compiler generated dependencies of target pcl_msgs__rosidl_typesupport_cpp[0m
[0.601s] [35m[1mConsolidate compiler generated dependencies of target pcl_msgs__rosidl_typesupport_fastrtps_cpp[0m
[0.601s] [35m[1mConsolidate compiler generated dependencies of target pcl_msgs__rosidl_typesupport_c[0m
[0.602s] [35m[1mConsolidate compiler generated dependencies of target pcl_msgs__rosidl_typesupport_fastrtps_c[0m
[0.603s] [35m[1mConsolidate compiler generated dependencies of target pcl_msgs__rosidl_typesupport_introspection_c[0m
[0.605s] [ 23%] Built target pcl_msgs__rosidl_typesupport_cpp
[0.607s] [ 34%] Built target pcl_msgs__rosidl_typesupport_introspection_cpp
[0.609s] [ 46%] Built target pcl_msgs__rosidl_typesupport_fastrtps_cpp
[0.636s] [ 57%] Built target pcl_msgs__rosidl_typesupport_c
[0.640s] [ 68%] Built target pcl_msgs__rosidl_typesupport_introspection_c
[0.654s] [ 79%] Built target pcl_msgs__rosidl_typesupport_fastrtps_c
[0.672s] [ 79%] Built target ament_cmake_python_copy_pcl_msgs
[0.737s] [ 79%] Built target pcl_msgs
[0.791s] [ 80%] Built target pcl_msgs__py
[0.824s] [35m[1mConsolidate compiler generated dependencies of target pcl_msgs__rosidl_generator_py[0m
[0.865s] [ 90%] Built target pcl_msgs__rosidl_generator_py
[0.891s] [35m[1mConsolidate compiler generated dependencies of target pcl_msgs__rosidl_typesupport_c__pyext[0m
[0.894s] [35m[1mConsolidate compiler generated dependencies of target pcl_msgs__rosidl_typesupport_fastrtps_c__pyext[0m
[0.894s] [35m[1mConsolidate compiler generated dependencies of target pcl_msgs__rosidl_typesupport_introspection_c__pyext[0m
[0.917s] [ 93%] Built target pcl_msgs__rosidl_typesupport_c__pyext
[0.921s] [ 96%] Built target pcl_msgs__rosidl_typesupport_fastrtps_c__pyext
[0.925s] [100%] Built target pcl_msgs__rosidl_typesupport_introspection_c__pyext
[1.286s] running egg_info
[1.287s] writing pcl_msgs.egg-info/PKG-INFO
[1.287s] writing dependency_links to pcl_msgs.egg-info/dependency_links.txt
[1.287s] writing top-level names to pcl_msgs.egg-info/top_level.txt
[1.305s] reading manifest file 'pcl_msgs.egg-info/SOURCES.txt'
[1.317s] writing manifest file 'pcl_msgs.egg-info/SOURCES.txt'
[1.352s] [100%] Built target ament_cmake_python_build_pcl_msgs_egg
[1.370s] Invoked command in '/home/ctaylor71023/ros2_ws/src/ctaylor319_capstone/build/pcl_msgs' returned '0': CMAKE_PREFIX_PATH=${CMAKE_PREFIX_PATH}:/home/ctaylor71023/ws_moveit/install/moveit_configs_utils:/home/ctaylor71023/ws_moveit/install/launch_param_builder:/home/ctaylor71023/turtlebot3_ws/install/py_subpub:/home/ctaylor71023/turtlebot3_ws/install/Crossfire_object_follower:/home/ctaylor71023/turtlebot3_ws/install/Crossfire_navigate_to_goal:/home/ctaylor71023/turtlebot3_ws/install/Crossfire_lab6:/home/ctaylor71023/turtlebot3_ws/install/Crossfire_lab5:/home/ctaylor71023/turtlebot3_ws/install/Crossfire_chase_object:/home/ctaylor71023/turtlebot3_ws/src/install/py_subpub:/home/ctaylor71023/turtlebot3_ws/src/install/Lab2:/home/ctaylor71023/turtlebot3_ws/src/install/Crossfire_object_follower:/home/ctaylor71023/turtlebot3_ws/src/install/Crossfire_navigate_to_goal:/home/ctaylor71023/turtlebot3_ws/src/install/Crossfire_lab6:/home/ctaylor71023/turtlebot3_ws/src/install/Crossfire_lab5:/home/ctaylor71023/turtlebot3_ws/src/install/Crossfire_chase_object:/opt/ros/humble /usr/bin/cmake --build /home/ctaylor71023/ros2_ws/src/ctaylor319_capstone/build/pcl_msgs -- -j8 -l8
[1.746s] Invoking command in '/home/ctaylor71023/ros2_ws/src/ctaylor319_capstone/build/pcl_msgs': CMAKE_PREFIX_PATH=${CMAKE_PREFIX_PATH}:/home/ctaylor71023/ws_moveit/install/moveit_configs_utils:/home/ctaylor71023/ws_moveit/install/launch_param_builder:/home/ctaylor71023/turtlebot3_ws/install/py_subpub:/home/ctaylor71023/turtlebot3_ws/install/Crossfire_object_follower:/home/ctaylor71023/turtlebot3_ws/install/Crossfire_navigate_to_goal:/home/ctaylor71023/turtlebot3_ws/install/Crossfire_lab6:/home/ctaylor71023/turtlebot3_ws/install/Crossfire_lab5:/home/ctaylor71023/turtlebot3_ws/install/Crossfire_chase_object:/home/ctaylor71023/turtlebot3_ws/src/install/py_subpub:/home/ctaylor71023/turtlebot3_ws/src/install/Lab2:/home/ctaylor71023/turtlebot3_ws/src/install/Crossfire_object_follower:/home/ctaylor71023/turtlebot3_ws/src/install/Crossfire_navigate_to_goal:/home/ctaylor71023/turtlebot3_ws/src/install/Crossfire_lab6:/home/ctaylor71023/turtlebot3_ws/src/install/Crossfire_lab5:/home/ctaylor71023/turtlebot3_ws/src/install/Crossfire_chase_object:/opt/ros/humble /usr/bin/cmake --install /home/ctaylor71023/ros2_ws/src/ctaylor319_capstone/build/pcl_msgs
[1.760s] -- Install configuration: ""
[1.760s] -- Up-to-date: /home/ctaylor71023/ros2_ws/src/ctaylor319_capstone/install/pcl_msgs/share/ament_index/resource_index/rosidl_interfaces/pcl_msgs
[1.761s] -- Up-to-date: /home/ctaylor71023/ros2_ws/src/ctaylor319_capstone/install/pcl_msgs/include/pcl_msgs/pcl_msgs
[1.831s] -- Up-to-date: /home/ctaylor71023/ros2_ws/src/ctaylor319_capstone/install/pcl_msgs/include/pcl_msgs/pcl_msgs/msg
[1.831s] -- Up-to-date: /home/ctaylor71023/ros2_ws/src/ctaylor319_capstone/install/pcl_msgs/include/pcl_msgs/pcl_msgs/msg/rosidl_generator_c__visibility_control.h
[1.831s] -- Up-to-date: /home/ctaylor71023/ros2_ws/src/ctaylor319_capstone/install/pcl_msgs/include/pcl_msgs/pcl_msgs/msg/model_coefficients.h
[1.831s] -- Up-to-date: /home/ctaylor71023/ros2_ws/src/ctaylor319_capstone/install/pcl_msgs/include/pcl_msgs/pcl_msgs/msg/polygon_mesh.h
[1.831s] -- Up-to-date: /home/ctaylor71023/ros2_ws/src/ctaylor319_capstone/install/pcl_msgs/include/pcl_msgs/pcl_msgs/msg/vertices.h
[1.832s] -- Up-to-date: /home/ctaylor71023/ros2_ws/src/ctaylor319_capstone/install/pcl_msgs/include/pcl_msgs/pcl_msgs/msg/point_indices.h
[1.832s] -- Up-to-date: /home/ctaylor71023/ros2_ws/src/ctaylor319_capstone/install/pcl_msgs/include/pcl_msgs/pcl_msgs/msg/detail
[1.835s] -- Up-to-date: /home/ctaylor71023/ros2_ws/src/ctaylor319_capstone/install/pcl_msgs/include/pcl_msgs/pcl_msgs/msg/detail/vertices__struct.h
[1.836s] -- Up-to-date: /home/ctaylor71023/ros2_ws/src/ctaylor319_capstone/install/pcl_msgs/include/pcl_msgs/pcl_msgs/msg/detail/polygon_mesh__type_support.h
[1.836s] -- Up-to-date: /home/ctaylor71023/ros2_ws/src/ctaylor319_capstone/install/pcl_msgs/include/pcl_msgs/pcl_msgs/msg/detail/point_indices__struct.h
[1.837s] -- Up-to-date: /home/ctaylor71023/ros2_ws/src/ctaylor319_capstone/install/pcl_msgs/include/pcl_msgs/pcl_msgs/msg/detail/polygon_mesh__functions.c
[1.837s] -- Up-to-date: /home/ctaylor71023/ros2_ws/src/ctaylor319_capstone/install/pcl_msgs/include/pcl_msgs/pcl_msgs/msg/detail/model_coefficients__functions.c
[1.837s] -- Up-to-date: /home/ctaylor71023/ros2_ws/src/ctaylor319_capstone/install/pcl_msgs/include/pcl_msgs/pcl_msgs/msg/detail/vertices__functions.c
[1.837s] -- Up-to-date: /home/ctaylor71023/ros2_ws/src/ctaylor319_capstone/install/pcl_msgs/include/pcl_msgs/pcl_msgs/msg/detail/model_coefficients__functions.h
[1.837s] -- Up-to-date: /home/ctaylor71023/ros2_ws/src/ctaylor319_capstone/install/pcl_msgs/include/pcl_msgs/pcl_msgs/msg/detail/model_coefficients__struct.h
[1.837s] -- Up-to-date: /home/ctaylor71023/ros2_ws/src/ctaylor319_capstone/install/pcl_msgs/include/pcl_msgs/pcl_msgs/msg/detail/point_indices__functions.h
[1.837s] -- Up-to-date: /home/ctaylor71023/ros2_ws/src/ctaylor319_capstone/install/pcl_msgs/include/pcl_msgs/pcl_msgs/msg/detail/vertices__type_support.h
[1.837s] -- Up-to-date: /home/ctaylor71023/ros2_ws/src/ctaylor319_capstone/install/pcl_msgs/include/pcl_msgs/pcl_msgs/msg/detail/polygon_mesh__struct.h
[1.837s] -- Up-to-date: /home/ctaylor71023/ros2_ws/src/ctaylor319_capstone/install/pcl_msgs/include/pcl_msgs/pcl_msgs/msg/detail/model_coefficients__type_support.h
[1.837s] -- Up-to-date: /home/ctaylor71023/ros2_ws/src/ctaylor319_capstone/install/pcl_msgs/include/pcl_msgs/pcl_msgs/msg/detail/vertices__functions.h
[1.838s] -- Up-to-date: /home/ctaylor71023/ros2_ws/src/ctaylor319_capstone/install/pcl_msgs/include/pcl_msgs/pcl_msgs/msg/detail/point_indices__type_support.h
[1.838s] -- Up-to-date: /home/ctaylor71023/ros2_ws/src/ctaylor319_capstone/install/pcl_msgs/include/pcl_msgs/pcl_msgs/msg/detail/point_indices__functions.c
[1.838s] -- Up-to-date: /home/ctaylor71023/ros2_ws/src/ctaylor319_capstone/install/pcl_msgs/include/pcl_msgs/pcl_msgs/msg/detail/polygon_mesh__functions.h
[1.838s] -- Up-to-date: /home/ctaylor71023/ros2_ws/src/ctaylor319_capstone/install/pcl_msgs/include/pcl_msgs/pcl_msgs/srv
[1.838s] -- Up-to-date: /home/ctaylor71023/ros2_ws/src/ctaylor319_capstone/install/pcl_msgs/include/pcl_msgs/pcl_msgs/srv/update_filename.h
[1.838s] -- Up-to-date: /home/ctaylor71023/ros2_ws/src/ctaylor319_capstone/install/pcl_msgs/include/pcl_msgs/pcl_msgs/srv/detail
[1.839s] -- Up-to-date: /home/ctaylor71023/ros2_ws/src/ctaylor319_capstone/install/pcl_msgs/include/pcl_msgs/pcl_msgs/srv/detail/update_filename__functions.c
[1.839s] -- Up-to-date: /home/ctaylor71023/ros2_ws/src/ctaylor319_capstone/install/pcl_msgs/include/pcl_msgs/pcl_msgs/srv/detail/update_filename__struct.h
[1.839s] -- Up-to-date: /home/ctaylor71023/ros2_ws/src/ctaylor319_capstone/install/pcl_msgs/include/pcl_msgs/pcl_msgs/srv/detail/update_filename__functions.h
[1.839s] -- Up-to-date: /home/ctaylor71023/ros2_ws/src/ctaylor319_capstone/install/pcl_msgs/include/pcl_msgs/pcl_msgs/srv/detail/update_filename__type_support.h
[1.839s] -- Up-to-date: /home/ctaylor71023/ros2_ws/src/ctaylor319_capstone/install/pcl_msgs/share/pcl_msgs/environment/library_path.sh
[1.839s] -- Up-to-date: /home/ctaylor71023/ros2_ws/src/ctaylor319_capstone/install/pcl_msgs/share/pcl_msgs/environment/library_path.dsv
[1.840s] -- Up-to-date: /home/ctaylor71023/ros2_ws/src/ctaylor319_capstone/install/pcl_msgs/lib/libpcl_msgs__rosidl_generator_c.so
[1.840s] -- Up-to-date: /home/ctaylor71023/ros2_ws/src/ctaylor319_capstone/install/pcl_msgs/include/pcl_msgs/pcl_msgs
[1.840s] -- Up-to-date: /home/ctaylor71023/ros2_ws/src/ctaylor319_capstone/install/pcl_msgs/include/pcl_msgs/pcl_msgs/msg
[1.840s] -- Up-to-date: /home/ctaylor71023/ros2_ws/src/ctaylor319_capstone/install/pcl_msgs/include/pcl_msgs/pcl_msgs/msg/detail
[1.841s] -- Up-to-date: /home/ctaylor71023/ros2_ws/src/ctaylor319_capstone/install/pcl_msgs/include/pcl_msgs/pcl_msgs/msg/detail/point_indices__rosidl_typesupport_fastrtps_c.h
[1.841s] -- Up-to-date: /home/ctaylor71023/ros2_ws/src/ctaylor319_capstone/install/pcl_msgs/include/pcl_msgs/pcl_msgs/msg/detail/vertices__rosidl_typesupport_fastrtps_c.h
[1.841s] -- Up-to-date: /home/ctaylor71023/ros2_ws/src/ctaylor319_capstone/install/pcl_msgs/include/pcl_msgs/pcl_msgs/msg/detail/polygon_mesh__rosidl_typesupport_fastrtps_c.h
[1.841s] -- Up-to-date: /home/ctaylor71023/ros2_ws/src/ctaylor319_capstone/install/pcl_msgs/include/pcl_msgs/pcl_msgs/msg/detail/model_coefficients__rosidl_typesupport_fastrtps_c.h
[1.842s] -- Up-to-date: /home/ctaylor71023/ros2_ws/src/ctaylor319_capstone/install/pcl_msgs/include/pcl_msgs/pcl_msgs/msg/rosidl_typesupport_fastrtps_c__visibility_control.h
[1.842s] -- Up-to-date: /home/ctaylor71023/ros2_ws/src/ctaylor319_capstone/install/pcl_msgs/include/pcl_msgs/pcl_msgs/srv
[1.842s] -- Up-to-date: /home/ctaylor71023/ros2_ws/src/ctaylor319_capstone/install/pcl_msgs/include/pcl_msgs/pcl_msgs/srv/detail
[1.842s] -- Up-to-date: /home/ctaylor71023/ros2_ws/src/ctaylor319_capstone/install/pcl_msgs/include/pcl_msgs/pcl_msgs/srv/detail/update_filename__rosidl_typesupport_fastrtps_c.h
[1.842s] -- Up-to-date: /home/ctaylor71023/ros2_ws/src/ctaylor319_capstone/install/pcl_msgs/lib/libpcl_msgs__rosidl_typesupport_fastrtps_c.so
[1.842s] -- Up-to-date: /home/ctaylor71023/ros2_ws/src/ctaylor319_capstone/install/pcl_msgs/include/pcl_msgs/pcl_msgs
[1.843s] -- Up-to-date: /home/ctaylor71023/ros2_ws/src/ctaylor319_capstone/install/pcl_msgs/include/pcl_msgs/pcl_msgs/msg
[1.844s] -- Up-to-date: /home/ctaylor71023/ros2_ws/src/ctaylor319_capstone/install/pcl_msgs/include/pcl_msgs/pcl_msgs/msg/rosidl_typesupport_introspection_c__visibility_control.h
[1.844s] -- Up-to-date: /home/ctaylor71023/ros2_ws/src/ctaylor319_capstone/install/pcl_msgs/include/pcl_msgs/pcl_msgs/msg/detail
[1.845s] -- Up-to-date: /home/ctaylor71023/ros2_ws/src/ctaylor319_capstone/install/pcl_msgs/include/pcl_msgs/pcl_msgs/msg/detail/polygon_mesh__rosidl_typesupport_introspection_c.h
[1.845s] -- Up-to-date: /home/ctaylor71023/ros2_ws/src/ctaylor319_capstone/install/pcl_msgs/include/pcl_msgs/pcl_msgs/msg/detail/model_coefficients__rosidl_typesupport_introspection_c.h
[1.845s] -- Up-to-date: /home/ctaylor71023/ros2_ws/src/ctaylor319_capstone/install/pcl_msgs/include/pcl_msgs/pcl_msgs/msg/detail/vertices__rosidl_typesupport_introspection_c.h
[1.845s] -- Up-to-date: /home/ctaylor71023/ros2_ws/src/ctaylor319_capstone/install/pcl_msgs/include/pcl_msgs/pcl_msgs/msg/detail/vertices__type_support.c
[1.845s] -- Up-to-date: /home/ctaylor71023/ros2_ws/src/ctaylor319_capstone/install/pcl_msgs/include/pcl_msgs/pcl_msgs/msg/detail/polygon_mesh__type_support.c
[1.845s] -- Up-to-date: /home/ctaylor71023/ros2_ws/src/ctaylor319_capstone/install/pcl_msgs/include/pcl_msgs/pcl_msgs/msg/detail/model_coefficients__type_support.c
[1.846s] -- Up-to-date: /home/ctaylor71023/ros2_ws/src/ctaylor319_capstone/install/pcl_msgs/include/pcl_msgs/pcl_msgs/msg/detail/point_indices__type_support.c
[1.846s] -- Up-to-date: /home/ctaylor71023/ros2_ws/src/ctaylor319_capstone/install/pcl_msgs/include/pcl_msgs/pcl_msgs/msg/detail/point_indices__rosidl_typesupport_introspection_c.h
[1.846s] -- Up-to-date: /home/ctaylor71023/ros2_ws/src/ctaylor319_capstone/install/pcl_msgs/include/pcl_msgs/pcl_msgs/srv
[1.846s] -- Up-to-date: /home/ctaylor71023/ros2_ws/src/ctaylor319_capstone/install/pcl_msgs/include/pcl_msgs/pcl_msgs/srv/detail
[1.846s] -- Up-to-date: /home/ctaylor71023/ros2_ws/src/ctaylor319_capstone/install/pcl_msgs/include/pcl_msgs/pcl_msgs/srv/detail/update_filename__rosidl_typesupport_introspection_c.h
[1.846s] -- Up-to-date: /home/ctaylor71023/ros2_ws/src/ctaylor319_capstone/install/pcl_msgs/include/pcl_msgs/pcl_msgs/srv/detail/update_filename__type_support.c
[1.852s] -- Up-to-date: /home/ctaylor71023/ros2_ws/src/ctaylor319_capstone/install/pcl_msgs/lib/libpcl_msgs__rosidl_typesupport_introspection_c.so
[1.853s] -- Up-to-date: /home/ctaylor71023/ros2_ws/src/ctaylor319_capstone/install/pcl_msgs/lib/libpcl_msgs__rosidl_typesupport_c.so
[1.853s] -- Up-to-date: /home/ctaylor71023/ros2_ws/src/ctaylor319_capstone/install/pcl_msgs/include/pcl_msgs/pcl_msgs
[1.853s] -- Up-to-date: /home/ctaylor71023/ros2_ws/src/ctaylor319_capstone/install/pcl_msgs/include/pcl_msgs/pcl_msgs/msg
[1.854s] -- Up-to-date: /home/ctaylor71023/ros2_ws/src/ctaylor319_capstone/install/pcl_msgs/include/pcl_msgs/pcl_msgs/msg/model_coefficients.hpp
[1.854s] -- Up-to-date: /home/ctaylor71023/ros2_ws/src/ctaylor319_capstone/install/pcl_msgs/include/pcl_msgs/pcl_msgs/msg/vertices.hpp
[1.855s] -- Up-to-date: /home/ctaylor71023/ros2_ws/src/ctaylor319_capstone/install/pcl_msgs/include/pcl_msgs/pcl_msgs/msg/point_indices.hpp
[1.855s] -- Up-to-date: /home/ctaylor71023/ros2_ws/src/ctaylor319_capstone/install/pcl_msgs/include/pcl_msgs/pcl_msgs/msg/polygon_mesh.hpp
[1.855s] -- Up-to-date: /home/ctaylor71023/ros2_ws/src/ctaylor319_capstone/install/pcl_msgs/include/pcl_msgs/pcl_msgs/msg/detail
[1.855s] -- Up-to-date: /home/ctaylor71023/ros2_ws/src/ctaylor319_capstone/install/pcl_msgs/include/pcl_msgs/pcl_msgs/msg/detail/vertices__struct.hpp
[1.855s] -- Up-to-date: /home/ctaylor71023/ros2_ws/src/ctaylor319_capstone/install/pcl_msgs/include/pcl_msgs/pcl_msgs/msg/detail/polygon_mesh__struct.hpp
[1.856s] -- Up-to-date: /home/ctaylor71023/ros2_ws/src/ctaylor319_capstone/install/pcl_msgs/include/pcl_msgs/pcl_msgs/msg/detail/model_coefficients__builder.hpp
[1.856s] -- Up-to-date: /home/ctaylor71023/ros2_ws/src/ctaylor319_capstone/install/pcl_msgs/include/pcl_msgs/pcl_msgs/msg/detail/vertices__builder.hpp
[1.856s] -- Up-to-date: /home/ctaylor71023/ros2_ws/src/ctaylor319_capstone/install/pcl_msgs/include/pcl_msgs/pcl_msgs/msg/detail/polygon_mesh__traits.hpp
[1.856s] -- Up-to-date: /home/ctaylor71023/ros2_ws/src/ctaylor319_capstone/install/pcl_msgs/include/pcl_msgs/pcl_msgs/msg/detail/polygon_mesh__builder.hpp
[1.856s] -- Up-to-date: /home/ctaylor71023/ros2_ws/src/ctaylor319_capstone/install/pcl_msgs/include/pcl_msgs/pcl_msgs/msg/detail/point_indices__traits.hpp
[1.856s] -- Up-to-date: /home/ctaylor71023/ros2_ws/src/ctaylor319_capstone/install/pcl_msgs/include/pcl_msgs/pcl_msgs/msg/detail/vertices__traits.hpp
[1.856s] -- Up-to-date: /home/ctaylor71023/ros2_ws/src/ctaylor319_capstone/install/pcl_msgs/include/pcl_msgs/pcl_msgs/msg/detail/model_coefficients__traits.hpp
[1.856s] -- Up-to-date: /home/ctaylor71023/ros2_ws/src/ctaylor319_capstone/install/pcl_msgs/include/pcl_msgs/pcl_msgs/msg/detail/point_indices__builder.hpp
[1.856s] -- Up-to-date: /home/ctaylor71023/ros2_ws/src/ctaylor319_capstone/install/pcl_msgs/include/pcl_msgs/pcl_msgs/msg/detail/point_indices__struct.hpp
[1.857s] -- Up-to-date: /home/ctaylor71023/ros2_ws/src/ctaylor319_capstone/install/pcl_msgs/include/pcl_msgs/pcl_msgs/msg/detail/model_coefficients__struct.hpp
[1.857s] -- Up-to-date: /home/ctaylor71023/ros2_ws/src/ctaylor319_capstone/install/pcl_msgs/include/pcl_msgs/pcl_msgs/srv
[1.857s] -- Up-to-date: /home/ctaylor71023/ros2_ws/src/ctaylor319_capstone/install/pcl_msgs/include/pcl_msgs/pcl_msgs/srv/update_filename.hpp
[1.857s] -- Up-to-date: /home/ctaylor71023/ros2_ws/src/ctaylor319_capstone/install/pcl_msgs/include/pcl_msgs/pcl_msgs/srv/detail
[1.857s] -- Up-to-date: /home/ctaylor71023/ros2_ws/src/ctaylor319_capstone/install/pcl_msgs/include/pcl_msgs/pcl_msgs/srv/detail/update_filename__traits.hpp
[1.857s] -- Up-to-date: /home/ctaylor71023/ros2_ws/src/ctaylor319_capstone/install/pcl_msgs/include/pcl_msgs/pcl_msgs/srv/detail/update_filename__builder.hpp
[1.857s] -- Up-to-date: /home/ctaylor71023/ros2_ws/src/ctaylor319_capstone/install/pcl_msgs/include/pcl_msgs/pcl_msgs/srv/detail/update_filename__struct.hpp
[1.857s] -- Up-to-date: /home/ctaylor71023/ros2_ws/src/ctaylor319_capstone/install/pcl_msgs/include/pcl_msgs/pcl_msgs
[1.858s] -- Up-to-date: /home/ctaylor71023/ros2_ws/src/ctaylor319_capstone/install/pcl_msgs/include/pcl_msgs/pcl_msgs/msg
[1.858s] -- Up-to-date: /home/ctaylor71023/ros2_ws/src/ctaylor319_capstone/install/pcl_msgs/include/pcl_msgs/pcl_msgs/msg/rosidl_typesupport_fastrtps_cpp__visibility_control.h
[1.858s] -- Up-to-date: /home/ctaylor71023/ros2_ws/src/ctaylor319_capstone/install/pcl_msgs/include/pcl_msgs/pcl_msgs/msg/detail
[1.858s] -- Up-to-date: /home/ctaylor71023/ros2_ws/src/ctaylor319_capstone/install/pcl_msgs/include/pcl_msgs/pcl_msgs/msg/detail/point_indices__rosidl_typesupport_fastrtps_cpp.hpp
[1.858s] -- Up-to-date: /home/ctaylor71023/ros2_ws/src/ctaylor319_capstone/install/pcl_msgs/include/pcl_msgs/pcl_msgs/msg/detail/polygon_mesh__rosidl_typesupport_fastrtps_cpp.hpp
[1.858s] -- Up-to-date: /home/ctaylor71023/ros2_ws/src/ctaylor319_capstone/install/pcl_msgs/include/pcl_msgs/pcl_msgs/msg/detail/dds_fastrtps
[1.858s] -- Up-to-date: /home/ctaylor71023/ros2_ws/src/ctaylor319_capstone/install/pcl_msgs/include/pcl_msgs/pcl_msgs/msg/detail/vertices__rosidl_typesupport_fastrtps_cpp.hpp
[1.858s] -- Up-to-date: /home/ctaylor71023/ros2_ws/src/ctaylor319_capstone/install/pcl_msgs/include/pcl_msgs/pcl_msgs/msg/detail/model_coefficients__rosidl_typesupport_fastrtps_cpp.hpp
[1.858s] -- Up-to-date: /home/ctaylor71023/ros2_ws/src/ctaylor319_capstone/install/pcl_msgs/include/pcl_msgs/pcl_msgs/srv
[1.858s] -- Up-to-date: /home/ctaylor71023/ros2_ws/src/ctaylor319_capstone/install/pcl_msgs/include/pcl_msgs/pcl_msgs/srv/detail
[1.858s] -- Up-to-date: /home/ctaylor71023/ros2_ws/src/ctaylor319_capstone/install/pcl_msgs/include/pcl_msgs/pcl_msgs/srv/detail/update_filename__rosidl_typesupport_fastrtps_cpp.hpp
[1.858s] -- Up-to-date: /home/ctaylor71023/ros2_ws/src/ctaylor319_capstone/install/pcl_msgs/include/pcl_msgs/pcl_msgs/srv/detail/dds_fastrtps
[1.866s] -- Up-to-date: /home/ctaylor71023/ros2_ws/src/ctaylor319_capstone/install/pcl_msgs/lib/libpcl_msgs__rosidl_typesupport_fastrtps_cpp.so
[1.867s] -- Up-to-date: /home/ctaylor71023/ros2_ws/src/ctaylor319_capstone/install/pcl_msgs/include/pcl_msgs/pcl_msgs
[1.867s] -- Up-to-date: /home/ctaylor71023/ros2_ws/src/ctaylor319_capstone/install/pcl_msgs/include/pcl_msgs/pcl_msgs/msg
[1.867s] -- Up-to-date: /home/ctaylor71023/ros2_ws/src/ctaylor319_capstone/install/pcl_msgs/include/pcl_msgs/pcl_msgs/msg/detail
[1.868s] -- Up-to-date: /home/ctaylor71023/ros2_ws/src/ctaylor319_capstone/install/pcl_msgs/include/pcl_msgs/pcl_msgs/msg/detail/model_coefficients__type_support.cpp
[1.868s] -- Up-to-date: /home/ctaylor71023/ros2_ws/src/ctaylor319_capstone/install/pcl_msgs/include/pcl_msgs/pcl_msgs/msg/detail/polygon_mesh__type_support.cpp
[1.868s] -- Up-to-date: /home/ctaylor71023/ros2_ws/src/ctaylor319_capstone/install/pcl_msgs/include/pcl_msgs/pcl_msgs/msg/detail/polygon_mesh__rosidl_typesupport_introspection_cpp.hpp
[1.868s] -- Up-to-date: /home/ctaylor71023/ros2_ws/src/ctaylor319_capstone/install/pcl_msgs/include/pcl_msgs/pcl_msgs/msg/detail/vertices__rosidl_typesupport_introspection_cpp.hpp
[1.868s] -- Up-to-date: /home/ctaylor71023/ros2_ws/src/ctaylor319_capstone/install/pcl_msgs/include/pcl_msgs/pcl_msgs/msg/detail/vertices__type_support.cpp
[1.868s] -- Up-to-date: /home/ctaylor71023/ros2_ws/src/ctaylor319_capstone/install/pcl_msgs/include/pcl_msgs/pcl_msgs/msg/detail/point_indices__type_support.cpp
[1.868s] -- Up-to-date: /home/ctaylor71023/ros2_ws/src/ctaylor319_capstone/install/pcl_msgs/include/pcl_msgs/pcl_msgs/msg/detail/model_coefficients__rosidl_typesupport_introspection_cpp.hpp
[1.868s] -- Up-to-date: /home/ctaylor71023/ros2_ws/src/ctaylor319_capstone/install/pcl_msgs/include/pcl_msgs/pcl_msgs/msg/detail/point_indices__rosidl_typesupport_introspection_cpp.hpp
[1.869s] -- Up-to-date: /home/ctaylor71023/ros2_ws/src/ctaylor319_capstone/install/pcl_msgs/include/pcl_msgs/pcl_msgs/srv
[1.869s] -- Up-to-date: /home/ctaylor71023/ros2_ws/src/ctaylor319_capstone/install/pcl_msgs/include/pcl_msgs/pcl_msgs/srv/detail
[1.869s] -- Up-to-date: /home/ctaylor71023/ros2_ws/src/ctaylor319_capstone/install/pcl_msgs/include/pcl_msgs/pcl_msgs/srv/detail/update_filename__type_support.cpp
[1.869s] -- Up-to-date: /home/ctaylor71023/ros2_ws/src/ctaylor319_capstone/install/pcl_msgs/include/pcl_msgs/pcl_msgs/srv/detail/update_filename__rosidl_typesupport_introspection_cpp.hpp
[1.869s] -- Up-to-date: /home/ctaylor71023/ros2_ws/src/ctaylor319_capstone/install/pcl_msgs/lib/libpcl_msgs__rosidl_typesupport_introspection_cpp.so
[1.870s] -- Up-to-date: /home/ctaylor71023/ros2_ws/src/ctaylor319_capstone/install/pcl_msgs/lib/libpcl_msgs__rosidl_typesupport_cpp.so
[1.870s] -- Up-to-date: /home/ctaylor71023/ros2_ws/src/ctaylor319_capstone/install/pcl_msgs/share/pcl_msgs/environment/pythonpath.sh
[1.870s] -- Up-to-date: /home/ctaylor71023/ros2_ws/src/ctaylor319_capstone/install/pcl_msgs/share/pcl_msgs/environment/pythonpath.dsv
[1.871s] -- Up-to-date: /home/ctaylor71023/ros2_ws/src/ctaylor319_capstone/install/pcl_msgs/local/lib/python3.10/dist-packages/pcl_msgs-1.0.0-py3.10.egg-info
[1.871s] -- Installing: /home/ctaylor71023/ros2_ws/src/ctaylor319_capstone/install/pcl_msgs/local/lib/python3.10/dist-packages/pcl_msgs-1.0.0-py3.10.egg-info/SOURCES.txt
[1.879s] -- Installing: /home/ctaylor71023/ros2_ws/src/ctaylor319_capstone/install/pcl_msgs/local/lib/python3.10/dist-packages/pcl_msgs-1.0.0-py3.10.egg-info/top_level.txt
[1.879s] -- Installing: /home/ctaylor71023/ros2_ws/src/ctaylor319_capstone/install/pcl_msgs/local/lib/python3.10/dist-packages/pcl_msgs-1.0.0-py3.10.egg-info/PKG-INFO
[1.879s] -- Installing: /home/ctaylor71023/ros2_ws/src/ctaylor319_capstone/install/pcl_msgs/local/lib/python3.10/dist-packages/pcl_msgs-1.0.0-py3.10.egg-info/dependency_links.txt
[1.880s] -- Up-to-date: /home/ctaylor71023/ros2_ws/src/ctaylor319_capstone/install/pcl_msgs/local/lib/python3.10/dist-packages/pcl_msgs
[1.880s] -- Up-to-date: /home/ctaylor71023/ros2_ws/src/ctaylor319_capstone/install/pcl_msgs/local/lib/python3.10/dist-packages/pcl_msgs/msg
[1.880s] -- Up-to-date: /home/ctaylor71023/ros2_ws/src/ctaylor319_capstone/install/pcl_msgs/local/lib/python3.10/dist-packages/pcl_msgs/msg/_model_coefficients_s.c
[1.880s] -- Up-to-date: /home/ctaylor71023/ros2_ws/src/ctaylor319_capstone/install/pcl_msgs/local/lib/python3.10/dist-packages/pcl_msgs/msg/_polygon_mesh_s.c
[1.881s] -- Up-to-date: /home/ctaylor71023/ros2_ws/src/ctaylor319_capstone/install/pcl_msgs/local/lib/python3.10/dist-packages/pcl_msgs/msg/__init__.py
[1.881s] -- Up-to-date: /home/ctaylor71023/ros2_ws/src/ctaylor319_capstone/install/pcl_msgs/local/lib/python3.10/dist-packages/pcl_msgs/msg/_vertices.py
[1.881s] -- Up-to-date: /home/ctaylor71023/ros2_ws/src/ctaylor319_capstone/install/pcl_msgs/local/lib/python3.10/dist-packages/pcl_msgs/msg/_point_indices.py
[1.881s] -- Up-to-date: /home/ctaylor71023/ros2_ws/src/ctaylor319_capstone/install/pcl_msgs/local/lib/python3.10/dist-packages/pcl_msgs/msg/_vertices_s.c
[1.881s] -- Up-to-date: /home/ctaylor71023/ros2_ws/src/ctaylor319_capstone/install/pcl_msgs/local/lib/python3.10/dist-packages/pcl_msgs/msg/_point_indices_s.c
[1.881s] -- Up-to-date: /home/ctaylor71023/ros2_ws/src/ctaylor319_capstone/install/pcl_msgs/local/lib/python3.10/dist-packages/pcl_msgs/msg/_model_coefficients.py
[1.881s] -- Up-to-date: /home/ctaylor71023/ros2_ws/src/ctaylor319_capstone/install/pcl_msgs/local/lib/python3.10/dist-packages/pcl_msgs/msg/_polygon_mesh.py
[1.881s] -- Up-to-date: /home/ctaylor71023/ros2_ws/src/ctaylor319_capstone/install/pcl_msgs/local/lib/python3.10/dist-packages/pcl_msgs/_pcl_msgs_s.ep.rosidl_typesupport_c.c
[1.882s] -- Up-to-date: /home/ctaylor71023/ros2_ws/src/ctaylor319_capstone/install/pcl_msgs/local/lib/python3.10/dist-packages/pcl_msgs/pcl_msgs_s__rosidl_typesupport_c.cpython-310-x86_64-linux-gnu.so
[1.882s] -- Up-to-date: /home/ctaylor71023/ros2_ws/src/ctaylor319_capstone/install/pcl_msgs/local/lib/python3.10/dist-packages/pcl_msgs/_pcl_msgs_s.ep.rosidl_typesupport_fastrtps_c.c
[1.882s] -- Up-to-date: /home/ctaylor71023/ros2_ws/src/ctaylor319_capstone/install/pcl_msgs/local/lib/python3.10/dist-packages/pcl_msgs/pcl_msgs_s__rosidl_typesupport_introspection_c.cpython-310-x86_64-linux-gnu.so
[1.882s] -- Up-to-date: /home/ctaylor71023/ros2_ws/src/ctaylor319_capstone/install/pcl_msgs/local/lib/python3.10/dist-packages/pcl_msgs/__init__.py
[1.882s] -- Up-to-date: /home/ctaylor71023/ros2_ws/src/ctaylor319_capstone/install/pcl_msgs/local/lib/python3.10/dist-packages/pcl_msgs/pcl_msgs_s__rosidl_typesupport_fastrtps_c.cpython-310-x86_64-linux-gnu.so
[1.882s] -- Up-to-date: /home/ctaylor71023/ros2_ws/src/ctaylor319_capstone/install/pcl_msgs/local/lib/python3.10/dist-packages/pcl_msgs/srv
[1.882s] -- Up-to-date: /home/ctaylor71023/ros2_ws/src/ctaylor319_capstone/install/pcl_msgs/local/lib/python3.10/dist-packages/pcl_msgs/srv/__init__.py
[1.882s] -- Up-to-date: /home/ctaylor71023/ros2_ws/src/ctaylor319_capstone/install/pcl_msgs/local/lib/python3.10/dist-packages/pcl_msgs/srv/_update_filename.py
[1.882s] -- Up-to-date: /home/ctaylor71023/ros2_ws/src/ctaylor319_capstone/install/pcl_msgs/local/lib/python3.10/dist-packages/pcl_msgs/srv/_update_filename_s.c
[1.882s] -- Up-to-date: /home/ctaylor71023/ros2_ws/src/ctaylor319_capstone/install/pcl_msgs/local/lib/python3.10/dist-packages/pcl_msgs/libpcl_msgs__rosidl_generator_py.so
[1.882s] -- Up-to-date: /home/ctaylor71023/ros2_ws/src/ctaylor319_capstone/install/pcl_msgs/local/lib/python3.10/dist-packages/pcl_msgs/_pcl_msgs_s.ep.rosidl_typesupport_introspection_c.c
[1.962s] Listing '/home/ctaylor71023/ros2_ws/src/ctaylor319_capstone/install/pcl_msgs/local/lib/python3.10/dist-packages/pcl_msgs'...
[1.962s] Listing '/home/ctaylor71023/ros2_ws/src/ctaylor319_capstone/install/pcl_msgs/local/lib/python3.10/dist-packages/pcl_msgs/msg'...
[1.962s] Listing '/home/ctaylor71023/ros2_ws/src/ctaylor319_capstone/install/pcl_msgs/local/lib/python3.10/dist-packages/pcl_msgs/srv'...
[1.966s] -- Up-to-date: /home/ctaylor71023/ros2_ws/src/ctaylor319_capstone/install/pcl_msgs/local/lib/python3.10/dist-packages/pcl_msgs/pcl_msgs_s__rosidl_typesupport_fastrtps_c.cpython-310-x86_64-linux-gnu.so
[1.967s] -- Up-to-date: /home/ctaylor71023/ros2_ws/src/ctaylor319_capstone/install/pcl_msgs/local/lib/python3.10/dist-packages/pcl_msgs/pcl_msgs_s__rosidl_typesupport_introspection_c.cpython-310-x86_64-linux-gnu.so
[1.968s] -- Up-to-date: /home/ctaylor71023/ros2_ws/src/ctaylor319_capstone/install/pcl_msgs/local/lib/python3.10/dist-packages/pcl_msgs/pcl_msgs_s__rosidl_typesupport_c.cpython-310-x86_64-linux-gnu.so
[1.969s] -- Up-to-date: /home/ctaylor71023/ros2_ws/src/ctaylor319_capstone/install/pcl_msgs/lib/libpcl_msgs__rosidl_generator_py.so
[1.969s] -- Up-to-date: /home/ctaylor71023/ros2_ws/src/ctaylor319_capstone/install/pcl_msgs/share/pcl_msgs/msg/ModelCoefficients.idl
[1.969s] -- Up-to-date: /home/ctaylor71023/ros2_ws/src/ctaylor319_capstone/install/pcl_msgs/share/pcl_msgs/msg/PointIndices.idl
[1.970s] -- Up-to-date: /home/ctaylor71023/ros2_ws/src/ctaylor319_capstone/install/pcl_msgs/share/pcl_msgs/msg/PolygonMesh.idl
[1.970s] -- Up-to-date: /home/ctaylor71023/ros2_ws/src/ctaylor319_capstone/install/pcl_msgs/share/pcl_msgs/msg/Vertices.idl
[1.970s] -- Up-to-date: /home/ctaylor71023/ros2_ws/src/ctaylor319_capstone/install/pcl_msgs/share/pcl_msgs/srv/UpdateFilename.idl
[1.970s] -- Up-to-date: /home/ctaylor71023/ros2_ws/src/ctaylor319_capstone/install/pcl_msgs/share/pcl_msgs/msg/ModelCoefficients.msg
[1.970s] -- Up-to-date: /home/ctaylor71023/ros2_ws/src/ctaylor319_capstone/install/pcl_msgs/share/pcl_msgs/msg/PointIndices.msg
[1.971s] -- Up-to-date: /home/ctaylor71023/ros2_ws/src/ctaylor319_capstone/install/pcl_msgs/share/pcl_msgs/msg/PolygonMesh.msg
[1.971s] -- Up-to-date: /home/ctaylor71023/ros2_ws/src/ctaylor319_capstone/install/pcl_msgs/share/pcl_msgs/msg/Vertices.msg
[1.971s] -- Up-to-date: /home/ctaylor71023/ros2_ws/src/ctaylor319_capstone/install/pcl_msgs/share/pcl_msgs/srv/UpdateFilename.srv
[1.971s] -- Up-to-date: /home/ctaylor71023/ros2_ws/src/ctaylor319_capstone/install/pcl_msgs/share/pcl_msgs/srv/UpdateFilename_Request.msg
[1.971s] -- Up-to-date: /home/ctaylor71023/ros2_ws/src/ctaylor319_capstone/install/pcl_msgs/share/pcl_msgs/srv/UpdateFilename_Response.msg
[1.971s] -- Up-to-date: /home/ctaylor71023/ros2_ws/src/ctaylor319_capstone/install/pcl_msgs/share/ament_index/resource_index/package_run_dependencies/pcl_msgs
[1.972s] -- Up-to-date: /home/ctaylor71023/ros2_ws/src/ctaylor319_capstone/install/pcl_msgs/share/ament_index/resource_index/parent_prefix_path/pcl_msgs
[1.972s] -- Up-to-date: /home/ctaylor71023/ros2_ws/src/ctaylor319_capstone/install/pcl_msgs/share/pcl_msgs/environment/ament_prefix_path.sh
[1.972s] -- Up-to-date: /home/ctaylor71023/ros2_ws/src/ctaylor319_capstone/install/pcl_msgs/share/pcl_msgs/environment/ament_prefix_path.dsv
[1.972s] -- Up-to-date: /home/ctaylor71023/ros2_ws/src/ctaylor319_capstone/install/pcl_msgs/share/pcl_msgs/environment/path.sh
[1.972s] -- Up-to-date: /home/ctaylor71023/ros2_ws/src/ctaylor319_capstone/install/pcl_msgs/share/pcl_msgs/environment/path.dsv
[1.972s] -- Up-to-date: /home/ctaylor71023/ros2_ws/src/ctaylor319_capstone/install/pcl_msgs/share/pcl_msgs/local_setup.bash
[1.972s] -- Up-to-date: /home/ctaylor71023/ros2_ws/src/ctaylor319_capstone/install/pcl_msgs/share/pcl_msgs/local_setup.sh
[1.972s] -- Up-to-date: /home/ctaylor71023/ros2_ws/src/ctaylor319_capstone/install/pcl_msgs/share/pcl_msgs/local_setup.zsh
[1.972s] -- Up-to-date: /home/ctaylor71023/ros2_ws/src/ctaylor319_capstone/install/pcl_msgs/share/pcl_msgs/local_setup.dsv
[1.973s] -- Installing: /home/ctaylor71023/ros2_ws/src/ctaylor319_capstone/install/pcl_msgs/share/pcl_msgs/package.dsv
[1.997s] -- Up-to-date: /home/ctaylor71023/ros2_ws/src/ctaylor319_capstone/install/pcl_msgs/share/ament_index/resource_index/packages/pcl_msgs
[1.997s] -- Up-to-date: /home/ctaylor71023/ros2_ws/src/ctaylor319_capstone/install/pcl_msgs/share/pcl_msgs/cmake/export_pcl_msgs__rosidl_generator_cExport.cmake
[1.998s] -- Up-to-date: /home/ctaylor71023/ros2_ws/src/ctaylor319_capstone/install/pcl_msgs/share/pcl_msgs/cmake/export_pcl_msgs__rosidl_generator_cExport-noconfig.cmake
[1.998s] -- Up-to-date: /home/ctaylor71023/ros2_ws/src/ctaylor319_capstone/install/pcl_msgs/share/pcl_msgs/cmake/export_pcl_msgs__rosidl_typesupport_fastrtps_cExport.cmake
[1.998s] -- Up-to-date: /home/ctaylor71023/ros2_ws/src/ctaylor319_capstone/install/pcl_msgs/share/pcl_msgs/cmake/export_pcl_msgs__rosidl_typesupport_fastrtps_cExport-noconfig.cmake
[1.999s] -- Up-to-date: /home/ctaylor71023/ros2_ws/src/ctaylor319_capstone/install/pcl_msgs/share/pcl_msgs/cmake/pcl_msgs__rosidl_typesupport_introspection_cExport.cmake
[1.999s] -- Up-to-date: /home/ctaylor71023/ros2_ws/src/ctaylor319_capstone/install/pcl_msgs/share/pcl_msgs/cmake/pcl_msgs__rosidl_typesupport_introspection_cExport-noconfig.cmake
[2.000s] -- Up-to-date: /home/ctaylor71023/ros2_ws/src/ctaylor319_capstone/install/pcl_msgs/share/pcl_msgs/cmake/pcl_msgs__rosidl_typesupport_cExport.cmake
[2.000s] -- Up-to-date: /home/ctaylor71023/ros2_ws/src/ctaylor319_capstone/install/pcl_msgs/share/pcl_msgs/cmake/pcl_msgs__rosidl_typesupport_cExport-noconfig.cmake
[2.000s] -- Up-to-date: /home/ctaylor71023/ros2_ws/src/ctaylor319_capstone/install/pcl_msgs/share/pcl_msgs/cmake/export_pcl_msgs__rosidl_generator_cppExport.cmake
[2.001s] -- Up-to-date: /home/ctaylor71023/ros2_ws/src/ctaylor319_capstone/install/pcl_msgs/share/pcl_msgs/cmake/export_pcl_msgs__rosidl_typesupport_fastrtps_cppExport.cmake
[2.001s] -- Up-to-date: /home/ctaylor71023/ros2_ws/src/ctaylor319_capstone/install/pcl_msgs/share/pcl_msgs/cmake/export_pcl_msgs__rosidl_typesupport_fastrtps_cppExport-noconfig.cmake
[2.002s] -- Up-to-date: /home/ctaylor71023/ros2_ws/src/ctaylor319_capstone/install/pcl_msgs/share/pcl_msgs/cmake/pcl_msgs__rosidl_typesupport_introspection_cppExport.cmake
[2.002s] -- Up-to-date: /home/ctaylor71023/ros2_ws/src/ctaylor319_capstone/install/pcl_msgs/share/pcl_msgs/cmake/pcl_msgs__rosidl_typesupport_introspection_cppExport-noconfig.cmake
[2.002s] -- Up-to-date: /home/ctaylor71023/ros2_ws/src/ctaylor319_capstone/install/pcl_msgs/share/pcl_msgs/cmake/pcl_msgs__rosidl_typesupport_cppExport.cmake
[2.003s] -- Up-to-date: /home/ctaylor71023/ros2_ws/src/ctaylor319_capstone/install/pcl_msgs/share/pcl_msgs/cmake/pcl_msgs__rosidl_typesupport_cppExport-noconfig.cmake
[2.003s] -- Up-to-date: /home/ctaylor71023/ros2_ws/src/ctaylor319_capstone/install/pcl_msgs/share/pcl_msgs/cmake/export_pcl_msgs__rosidl_generator_pyExport.cmake
[2.004s] -- Up-to-date: /home/ctaylor71023/ros2_ws/src/ctaylor319_capstone/install/pcl_msgs/share/pcl_msgs/cmake/export_pcl_msgs__rosidl_generator_pyExport-noconfig.cmake
[2.004s] -- Up-to-date: /home/ctaylor71023/ros2_ws/src/ctaylor319_capstone/install/pcl_msgs/share/pcl_msgs/cmake/rosidl_cmake-extras.cmake
[2.004s] -- Up-to-date: /home/ctaylor71023/ros2_ws/src/ctaylor319_capstone/install/pcl_msgs/share/pcl_msgs/cmake/ament_cmake_export_dependencies-extras.cmake
[2.004s] -- Up-to-date: /home/ctaylor71023/ros2_ws/src/ctaylor319_capstone/install/pcl_msgs/share/pcl_msgs/cmake/ament_cmake_export_include_directories-extras.cmake
[2.005s] -- Up-to-date: /home/ctaylor71023/ros2_ws/src/ctaylor319_capstone/install/pcl_msgs/share/pcl_msgs/cmake/ament_cmake_export_libraries-extras.cmake
[2.005s] -- Up-to-date: /home/ctaylor71023/ros2_ws/src/ctaylor319_capstone/install/pcl_msgs/share/pcl_msgs/cmake/ament_cmake_export_targets-extras.cmake
[2.005s] -- Up-to-date: /home/ctaylor71023/ros2_ws/src/ctaylor319_capstone/install/pcl_msgs/share/pcl_msgs/cmake/rosidl_cmake_export_typesupport_targets-extras.cmake
[2.005s] -- Up-to-date: /home/ctaylor71023/ros2_ws/src/ctaylor319_capstone/install/pcl_msgs/share/pcl_msgs/cmake/rosidl_cmake_export_typesupport_libraries-extras.cmake
[2.005s] -- Up-to-date: /home/ctaylor71023/ros2_ws/src/ctaylor319_capstone/install/pcl_msgs/share/pcl_msgs/cmake/pcl_msgsConfig.cmake
[2.005s] -- Up-to-date: /home/ctaylor71023/ros2_ws/src/ctaylor319_capstone/install/pcl_msgs/share/pcl_msgs/cmake/pcl_msgsConfig-version.cmake
[2.005s] -- Up-to-date: /home/ctaylor71023/ros2_ws/src/ctaylor319_capstone/install/pcl_msgs/share/pcl_msgs/package.xml
[2.008s] Invoked command in '/home/ctaylor71023/ros2_ws/src/ctaylor319_capstone/build/pcl_msgs' returned '0': CMAKE_PREFIX_PATH=${CMAKE_PREFIX_PATH}:/home/ctaylor71023/ws_moveit/install/moveit_configs_utils:/home/ctaylor71023/ws_moveit/install/launch_param_builder:/home/ctaylor71023/turtlebot3_ws/install/py_subpub:/home/ctaylor71023/turtlebot3_ws/install/Crossfire_object_follower:/home/ctaylor71023/turtlebot3_ws/install/Crossfire_navigate_to_goal:/home/ctaylor71023/turtlebot3_ws/install/Crossfire_lab6:/home/ctaylor71023/turtlebot3_ws/install/Crossfire_lab5:/home/ctaylor71023/turtlebot3_ws/install/Crossfire_chase_object:/home/ctaylor71023/turtlebot3_ws/src/install/py_subpub:/home/ctaylor71023/turtlebot3_ws/src/install/Lab2:/home/ctaylor71023/turtlebot3_ws/src/install/Crossfire_object_follower:/home/ctaylor71023/turtlebot3_ws/src/install/Crossfire_navigate_to_goal:/home/ctaylor71023/turtlebot3_ws/src/install/Crossfire_lab6:/home/ctaylor71023/turtlebot3_ws/src/install/Crossfire_lab5:/home/ctaylor71023/turtlebot3_ws/src/install/Crossfire_chase_object:/opt/ros/humble /usr/bin/cmake --install /home/ctaylor71023/ros2_ws/src/ctaylor319_capstone/build/pcl_msgs
