[0.307s] DEBUG:colcon:Command line arguments: ['/usr/bin/colcon', 'build']
[0.308s] DEBUG:colcon:Parsed command line arguments: Namespace(log_base=None, log_level=None, verb_name='build', build_base='build', install_base='install', merge_install=False, symlink_install=False, test_result_base=None, continue_on_error=False, executor='parallel', parallel_workers=8, event_handlers=None, ignore_user_meta=False, metas=['./colcon.meta'], base_paths=['.'], packages_ignore=None, packages_ignore_regex=None, paths=None, packages_up_to=None, packages_up_to_regex=None, packages_above=None, packages_above_and_dependencies=None, packages_above_depth=None, packages_select_by_dep=None, packages_skip_by_dep=None, packages_skip_up_to=None, packages_select_build_failed=False, packages_skip_build_finished=False, packages_select_test_failures=False, packages_skip_test_passed=False, packages_select=None, packages_skip=None, packages_select_regex=None, packages_skip_regex=None, packages_start=None, packages_end=None, allow_overriding=[], cmake_args=None, cmake_target=None, cmake_target_skip_unavailable=False, cmake_clean_cache=False, cmake_clean_first=False, cmake_force_configure=False, ament_cmake_args=None, catkin_cmake_args=None, catkin_skip_building_tests=False, mixin_files=None, mixin=None, verb_parser=<colcon_mixin.mixin.mixin_argument.MixinArgumentDecorator object at 0x78b00365a770>, verb_extension=<colcon_core.verb.build.BuildVerb object at 0x78b00365a0b0>, main=<bound method BuildVerb.main of <colcon_core.verb.build.BuildVerb object at 0x78b00365a0b0>>, mixin_verb=('build',))
[0.841s] Level 1:colcon.colcon_core.package_discovery:discover_packages(colcon_meta) check parameters
[0.841s] Level 1:colcon.colcon_core.package_discovery:discover_packages(recursive) check parameters
[0.842s] Level 1:colcon.colcon_core.package_discovery:discover_packages(ignore) check parameters
[0.842s] Level 1:colcon.colcon_core.package_discovery:discover_packages(path) check parameters
[0.842s] Level 1:colcon.colcon_core.package_discovery:discover_packages(colcon_meta) discover
[0.842s] Level 1:colcon.colcon_core.package_discovery:discover_packages(recursive) discover
[0.842s] INFO:colcon.colcon_core.package_discovery:Crawling recursively for packages in '/home/ctaylor71023/ros2_ws/src/ctaylor319_capstone'
[0.842s] Level 1:colcon.colcon_core.package_identification:_identify(.) by extensions ['ignore', 'ignore_ament_install']
[0.843s] Level 1:colcon.colcon_core.package_identification:_identify(.) by extension 'ignore'
[0.843s] Level 1:colcon.colcon_core.package_identification:_identify(.) by extension 'ignore_ament_install'
[0.843s] Level 1:colcon.colcon_core.package_identification:_identify(.) by extensions ['colcon_pkg']
[0.843s] Level 1:colcon.colcon_core.package_identification:_identify(.) by extension 'colcon_pkg'
[0.844s] Level 1:colcon.colcon_core.package_identification:_identify(.) by extensions ['colcon_meta']
[0.844s] Level 1:colcon.colcon_core.package_identification:_identify(.) by extension 'colcon_meta'
[0.844s] Level 1:colcon.colcon_core.package_identification:_identify(.) by extensions ['ros']
[0.844s] Level 1:colcon.colcon_core.package_identification:_identify(.) by extension 'ros'
[0.874s] Level 1:colcon.colcon_core.package_identification:_identify(.) by extensions ['cmake', 'python']
[0.874s] Level 1:colcon.colcon_core.package_identification:_identify(.) by extension 'cmake'
[0.874s] Level 1:colcon.colcon_core.package_identification:_identify(.) by extension 'python'
[0.875s] Level 1:colcon.colcon_core.package_identification:_identify(.) by extensions ['python_setup_py']
[0.875s] Level 1:colcon.colcon_core.package_identification:_identify(.) by extension 'python_setup_py'
[0.875s] Level 1:colcon.colcon_core.package_identification:_identify(build) by extensions ['ignore', 'ignore_ament_install']
[0.876s] Level 1:colcon.colcon_core.package_identification:_identify(build) by extension 'ignore'
[0.876s] Level 1:colcon.colcon_core.package_identification:_identify(build) ignored
[0.876s] Level 1:colcon.colcon_core.package_identification:_identify(env_construction) by extensions ['ignore', 'ignore_ament_install']
[0.877s] Level 1:colcon.colcon_core.package_identification:_identify(env_construction) by extension 'ignore'
[0.877s] Level 1:colcon.colcon_core.package_identification:_identify(env_construction) by extension 'ignore_ament_install'
[0.877s] Level 1:colcon.colcon_core.package_identification:_identify(env_construction) by extensions ['colcon_pkg']
[0.877s] Level 1:colcon.colcon_core.package_identification:_identify(env_construction) by extension 'colcon_pkg'
[0.877s] Level 1:colcon.colcon_core.package_identification:_identify(env_construction) by extensions ['colcon_meta']
[0.877s] Level 1:colcon.colcon_core.package_identification:_identify(env_construction) by extension 'colcon_meta'
[0.878s] Level 1:colcon.colcon_core.package_identification:_identify(env_construction) by extensions ['ros']
[0.878s] Level 1:colcon.colcon_core.package_identification:_identify(env_construction) by extension 'ros'
[0.884s] DEBUG:colcon.colcon_core.package_identification:Package 'env_construction' with type 'ros.ament_cmake' and name 'env_construction'
[0.884s] Level 1:colcon.colcon_core.package_identification:_identify(install) by extensions ['ignore', 'ignore_ament_install']
[0.884s] Level 1:colcon.colcon_core.package_identification:_identify(install) by extension 'ignore'
[0.885s] Level 1:colcon.colcon_core.package_identification:_identify(install) ignored
[0.885s] Level 1:colcon.colcon_core.package_identification:_identify(log) by extensions ['ignore', 'ignore_ament_install']
[0.885s] Level 1:colcon.colcon_core.package_identification:_identify(log) by extension 'ignore'
[0.885s] Level 1:colcon.colcon_core.package_identification:_identify(log) ignored
[0.885s] Level 1:colcon.colcon_core.package_identification:_identify(motion_planning) by extensions ['ignore', 'ignore_ament_install']
[0.885s] Level 1:colcon.colcon_core.package_identification:_identify(motion_planning) by extension 'ignore'
[0.885s] Level 1:colcon.colcon_core.package_identification:_identify(motion_planning) by extension 'ignore_ament_install'
[0.886s] Level 1:colcon.colcon_core.package_identification:_identify(motion_planning) by extensions ['colcon_pkg']
[0.886s] Level 1:colcon.colcon_core.package_identification:_identify(motion_planning) by extension 'colcon_pkg'
[0.886s] Level 1:colcon.colcon_core.package_identification:_identify(motion_planning) by extensions ['colcon_meta']
[0.886s] Level 1:colcon.colcon_core.package_identification:_identify(motion_planning) by extension 'colcon_meta'
[0.886s] Level 1:colcon.colcon_core.package_identification:_identify(motion_planning) by extensions ['ros']
[0.886s] Level 1:colcon.colcon_core.package_identification:_identify(motion_planning) by extension 'ros'
[0.888s] DEBUG:colcon.colcon_core.package_identification:Package 'motion_planning' with type 'ros.ament_cmake' and name 'motion_planning'
[0.889s] Level 1:colcon.colcon_core.package_identification:_identify(robot_control) by extensions ['ignore', 'ignore_ament_install']
[0.891s] Level 1:colcon.colcon_core.package_identification:_identify(robot_control) by extension 'ignore'
[0.892s] Level 1:colcon.colcon_core.package_identification:_identify(robot_control) by extension 'ignore_ament_install'
[0.892s] Level 1:colcon.colcon_core.package_identification:_identify(robot_control) by extensions ['colcon_pkg']
[0.892s] Level 1:colcon.colcon_core.package_identification:_identify(robot_control) by extension 'colcon_pkg'
[0.892s] Level 1:colcon.colcon_core.package_identification:_identify(robot_control) by extensions ['colcon_meta']
[0.893s] Level 1:colcon.colcon_core.package_identification:_identify(robot_control) by extension 'colcon_meta'
[0.893s] Level 1:colcon.colcon_core.package_identification:_identify(robot_control) by extensions ['ros']
[0.893s] Level 1:colcon.colcon_core.package_identification:_identify(robot_control) by extension 'ros'
[0.896s] DEBUG:colcon.colcon_core.package_identification:Package 'robot_control' with type 'ros.ament_cmake' and name 'robot_control'
[0.896s] Level 1:colcon.colcon_core.package_discovery:discover_packages(recursive) using defaults
[0.896s] Level 1:colcon.colcon_core.package_discovery:discover_packages(ignore) discover
[0.896s] Level 1:colcon.colcon_core.package_discovery:discover_packages(ignore) using defaults
[0.896s] Level 1:colcon.colcon_core.package_discovery:discover_packages(path) discover
[0.896s] Level 1:colcon.colcon_core.package_discovery:discover_packages(path) using defaults
[0.972s] Level 1:colcon.colcon_core.package_discovery:discover_packages(prefix_path) check parameters
[0.973s] Level 1:colcon.colcon_core.package_discovery:discover_packages(prefix_path) discover
[0.984s] DEBUG:colcon.colcon_installed_package_information.package_discovery:Found 4 installed packages in /home/ctaylor71023/ros2_ws/install
[0.992s] DEBUG:colcon.colcon_installed_package_information.package_discovery:Found 55 installed packages in /home/ctaylor71023/ws_moveit/install
[0.995s] DEBUG:colcon.colcon_installed_package_information.package_discovery:Found 10 installed packages in /home/ctaylor71023/turtlebot3_ws/install
[0.996s] DEBUG:colcon.colcon_installed_package_information.package_discovery:Found 11 installed packages in /home/ctaylor71023/turtlebot3_ws/src/install
[1.004s] DEBUG:colcon.colcon_installed_package_information.package_discovery:Found 433 installed packages in /opt/ros/humble
[1.010s] Level 1:colcon.colcon_core.package_discovery:discover_packages(prefix_path) using defaults
[1.199s] Level 5:colcon.colcon_core.verb:set package 'env_construction' build argument 'cmake_args' from command line to 'None'
[1.199s] Level 5:colcon.colcon_core.verb:set package 'env_construction' build argument 'cmake_target' from command line to 'None'
[1.199s] Level 5:colcon.colcon_core.verb:set package 'env_construction' build argument 'cmake_target_skip_unavailable' from command line to 'False'
[1.200s] Level 5:colcon.colcon_core.verb:set package 'env_construction' build argument 'cmake_clean_cache' from command line to 'False'
[1.200s] Level 5:colcon.colcon_core.verb:set package 'env_construction' build argument 'cmake_clean_first' from command line to 'False'
[1.200s] Level 5:colcon.colcon_core.verb:set package 'env_construction' build argument 'cmake_force_configure' from command line to 'False'
[1.200s] Level 5:colcon.colcon_core.verb:set package 'env_construction' build argument 'ament_cmake_args' from command line to 'None'
[1.200s] Level 5:colcon.colcon_core.verb:set package 'env_construction' build argument 'catkin_cmake_args' from command line to 'None'
[1.200s] Level 5:colcon.colcon_core.verb:set package 'env_construction' build argument 'catkin_skip_building_tests' from command line to 'False'
[1.200s] DEBUG:colcon.colcon_core.verb:Building package 'env_construction' with the following arguments: {'ament_cmake_args': None, 'build_base': '/home/ctaylor71023/ros2_ws/src/ctaylor319_capstone/build/env_construction', 'catkin_cmake_args': None, 'catkin_skip_building_tests': False, 'cmake_args': None, 'cmake_clean_cache': False, 'cmake_clean_first': False, 'cmake_force_configure': False, 'cmake_target': None, 'cmake_target_skip_unavailable': False, 'install_base': '/home/ctaylor71023/ros2_ws/src/ctaylor319_capstone/install/env_construction', 'merge_install': False, 'path': '/home/ctaylor71023/ros2_ws/src/ctaylor319_capstone/env_construction', 'symlink_install': False, 'test_result_base': None}
[1.201s] Level 5:colcon.colcon_core.verb:set package 'motion_planning' build argument 'cmake_args' from command line to 'None'
[1.201s] Level 5:colcon.colcon_core.verb:set package 'motion_planning' build argument 'cmake_target' from command line to 'None'
[1.202s] Level 5:colcon.colcon_core.verb:set package 'motion_planning' build argument 'cmake_target_skip_unavailable' from command line to 'False'
[1.202s] Level 5:colcon.colcon_core.verb:set package 'motion_planning' build argument 'cmake_clean_cache' from command line to 'False'
[1.202s] Level 5:colcon.colcon_core.verb:set package 'motion_planning' build argument 'cmake_clean_first' from command line to 'False'
[1.202s] Level 5:colcon.colcon_core.verb:set package 'motion_planning' build argument 'cmake_force_configure' from command line to 'False'
[1.202s] Level 5:colcon.colcon_core.verb:set package 'motion_planning' build argument 'ament_cmake_args' from command line to 'None'
[1.202s] Level 5:colcon.colcon_core.verb:set package 'motion_planning' build argument 'catkin_cmake_args' from command line to 'None'
[1.202s] Level 5:colcon.colcon_core.verb:set package 'motion_planning' build argument 'catkin_skip_building_tests' from command line to 'False'
[1.202s] DEBUG:colcon.colcon_core.verb:Building package 'motion_planning' with the following arguments: {'ament_cmake_args': None, 'build_base': '/home/ctaylor71023/ros2_ws/src/ctaylor319_capstone/build/motion_planning', 'catkin_cmake_args': None, 'catkin_skip_building_tests': False, 'cmake_args': None, 'cmake_clean_cache': False, 'cmake_clean_first': False, 'cmake_force_configure': False, 'cmake_target': None, 'cmake_target_skip_unavailable': False, 'install_base': '/home/ctaylor71023/ros2_ws/src/ctaylor319_capstone/install/motion_planning', 'merge_install': False, 'path': '/home/ctaylor71023/ros2_ws/src/ctaylor319_capstone/motion_planning', 'symlink_install': False, 'test_result_base': None}
[1.203s] Level 5:colcon.colcon_core.verb:set package 'robot_control' build argument 'cmake_args' from command line to 'None'
[1.204s] Level 5:colcon.colcon_core.verb:set package 'robot_control' build argument 'cmake_target' from command line to 'None'
[1.204s] Level 5:colcon.colcon_core.verb:set package 'robot_control' build argument 'cmake_target_skip_unavailable' from command line to 'False'
[1.204s] Level 5:colcon.colcon_core.verb:set package 'robot_control' build argument 'cmake_clean_cache' from command line to 'False'
[1.204s] Level 5:colcon.colcon_core.verb:set package 'robot_control' build argument 'cmake_clean_first' from command line to 'False'
[1.204s] Level 5:colcon.colcon_core.verb:set package 'robot_control' build argument 'cmake_force_configure' from command line to 'False'
[1.204s] Level 5:colcon.colcon_core.verb:set package 'robot_control' build argument 'ament_cmake_args' from command line to 'None'
[1.204s] Level 5:colcon.colcon_core.verb:set package 'robot_control' build argument 'catkin_cmake_args' from command line to 'None'
[1.204s] Level 5:colcon.colcon_core.verb:set package 'robot_control' build argument 'catkin_skip_building_tests' from command line to 'False'
[1.204s] DEBUG:colcon.colcon_core.verb:Building package 'robot_control' with the following arguments: {'ament_cmake_args': None, 'build_base': '/home/ctaylor71023/ros2_ws/src/ctaylor319_capstone/build/robot_control', 'catkin_cmake_args': None, 'catkin_skip_building_tests': False, 'cmake_args': None, 'cmake_clean_cache': False, 'cmake_clean_first': False, 'cmake_force_configure': False, 'cmake_target': None, 'cmake_target_skip_unavailable': False, 'install_base': '/home/ctaylor71023/ros2_ws/src/ctaylor319_capstone/install/robot_control', 'merge_install': False, 'path': '/home/ctaylor71023/ros2_ws/src/ctaylor319_capstone/robot_control', 'symlink_install': False, 'test_result_base': None}
[1.205s] INFO:colcon.colcon_core.executor:Executing jobs using 'parallel' executor
[1.206s] DEBUG:colcon.colcon_parallel_executor.executor.parallel:run_until_complete
[1.206s] INFO:colcon.colcon_ros.task.ament_cmake.build:Building ROS package in '/home/ctaylor71023/ros2_ws/src/ctaylor319_capstone/env_construction' with build type 'ament_cmake'
[1.207s] INFO:colcon.colcon_cmake.task.cmake.build:Building CMake package in '/home/ctaylor71023/ros2_ws/src/ctaylor319_capstone/env_construction'
[1.215s] INFO:colcon.colcon_core.plugin_system:Skipping extension 'colcon_core.shell.bat': Not used on non-Windows systems
[1.215s] INFO:colcon.colcon_core.shell:Skip shell extension 'powershell' for command environment: Not usable outside of PowerShell
[1.215s] DEBUG:colcon.colcon_core.shell:Skip shell extension 'dsv' for command environment
[1.239s] INFO:colcon.colcon_ros.task.ament_cmake.build:Building ROS package in '/home/ctaylor71023/ros2_ws/src/ctaylor319_capstone/motion_planning' with build type 'ament_cmake'
[1.240s] INFO:colcon.colcon_cmake.task.cmake.build:Building CMake package in '/home/ctaylor71023/ros2_ws/src/ctaylor319_capstone/motion_planning'
[1.240s] INFO:colcon.colcon_core.shell:Skip shell extension 'powershell' for command environment: Not usable outside of PowerShell
[1.241s] DEBUG:colcon.colcon_core.shell:Skip shell extension 'dsv' for command environment
[1.269s] INFO:colcon.colcon_ros.task.ament_cmake.build:Building ROS package in '/home/ctaylor71023/ros2_ws/src/ctaylor319_capstone/robot_control' with build type 'ament_cmake'
[1.269s] INFO:colcon.colcon_cmake.task.cmake.build:Building CMake package in '/home/ctaylor71023/ros2_ws/src/ctaylor319_capstone/robot_control'
[1.270s] INFO:colcon.colcon_core.shell:Skip shell extension 'powershell' for command environment: Not usable outside of PowerShell
[1.270s] DEBUG:colcon.colcon_core.shell:Skip shell extension 'dsv' for command environment
[1.319s] DEBUG:colcon.colcon_core.event_handler.log_command:Invoking command in '/home/ctaylor71023/ros2_ws/src/ctaylor319_capstone/build/env_construction': CMAKE_PREFIX_PATH=${CMAKE_PREFIX_PATH}:/home/ctaylor71023/ws_moveit/install/moveit_configs_utils:/home/ctaylor71023/ws_moveit/install/launch_param_builder:/home/ctaylor71023/turtlebot3_ws/install/py_subpub:/home/ctaylor71023/turtlebot3_ws/install/Crossfire_object_follower:/home/ctaylor71023/turtlebot3_ws/install/Crossfire_navigate_to_goal:/home/ctaylor71023/turtlebot3_ws/install/Crossfire_lab6:/home/ctaylor71023/turtlebot3_ws/install/Crossfire_lab5:/home/ctaylor71023/turtlebot3_ws/install/Crossfire_chase_object:/home/ctaylor71023/turtlebot3_ws/src/install/py_subpub:/home/ctaylor71023/turtlebot3_ws/src/install/Lab2:/home/ctaylor71023/turtlebot3_ws/src/install/Crossfire_object_follower:/home/ctaylor71023/turtlebot3_ws/src/install/Crossfire_navigate_to_goal:/home/ctaylor71023/turtlebot3_ws/src/install/Crossfire_lab6:/home/ctaylor71023/turtlebot3_ws/src/install/Crossfire_lab5:/home/ctaylor71023/turtlebot3_ws/src/install/Crossfire_chase_object:/opt/ros/humble /usr/bin/cmake --build /home/ctaylor71023/ros2_ws/src/ctaylor319_capstone/build/env_construction -- -j8 -l8
[1.336s] DEBUG:colcon.colcon_core.event_handler.log_command:Invoking command in '/home/ctaylor71023/ros2_ws/src/ctaylor319_capstone/build/motion_planning': CMAKE_PREFIX_PATH=${CMAKE_PREFIX_PATH}:/home/ctaylor71023/ws_moveit/install/moveit_configs_utils:/home/ctaylor71023/ws_moveit/install/launch_param_builder:/home/ctaylor71023/turtlebot3_ws/install/py_subpub:/home/ctaylor71023/turtlebot3_ws/install/Crossfire_object_follower:/home/ctaylor71023/turtlebot3_ws/install/Crossfire_navigate_to_goal:/home/ctaylor71023/turtlebot3_ws/install/Crossfire_lab6:/home/ctaylor71023/turtlebot3_ws/install/Crossfire_lab5:/home/ctaylor71023/turtlebot3_ws/install/Crossfire_chase_object:/home/ctaylor71023/turtlebot3_ws/src/install/py_subpub:/home/ctaylor71023/turtlebot3_ws/src/install/Lab2:/home/ctaylor71023/turtlebot3_ws/src/install/Crossfire_object_follower:/home/ctaylor71023/turtlebot3_ws/src/install/Crossfire_navigate_to_goal:/home/ctaylor71023/turtlebot3_ws/src/install/Crossfire_lab6:/home/ctaylor71023/turtlebot3_ws/src/install/Crossfire_lab5:/home/ctaylor71023/turtlebot3_ws/src/install/Crossfire_chase_object:/opt/ros/humble /usr/bin/cmake --build /home/ctaylor71023/ros2_ws/src/ctaylor319_capstone/build/motion_planning -- -j8 -l8
[1.349s] DEBUG:colcon.colcon_core.event_handler.log_command:Invoking command in '/home/ctaylor71023/ros2_ws/src/ctaylor319_capstone/build/robot_control': CMAKE_PREFIX_PATH=${CMAKE_PREFIX_PATH}:/home/ctaylor71023/ws_moveit/install/moveit_configs_utils:/home/ctaylor71023/ws_moveit/install/launch_param_builder:/home/ctaylor71023/turtlebot3_ws/install/py_subpub:/home/ctaylor71023/turtlebot3_ws/install/Crossfire_object_follower:/home/ctaylor71023/turtlebot3_ws/install/Crossfire_navigate_to_goal:/home/ctaylor71023/turtlebot3_ws/install/Crossfire_lab6:/home/ctaylor71023/turtlebot3_ws/install/Crossfire_lab5:/home/ctaylor71023/turtlebot3_ws/install/Crossfire_chase_object:/home/ctaylor71023/turtlebot3_ws/src/install/py_subpub:/home/ctaylor71023/turtlebot3_ws/src/install/Lab2:/home/ctaylor71023/turtlebot3_ws/src/install/Crossfire_object_follower:/home/ctaylor71023/turtlebot3_ws/src/install/Crossfire_navigate_to_goal:/home/ctaylor71023/turtlebot3_ws/src/install/Crossfire_lab6:/home/ctaylor71023/turtlebot3_ws/src/install/Crossfire_lab5:/home/ctaylor71023/turtlebot3_ws/src/install/Crossfire_chase_object:/opt/ros/humble /usr/bin/cmake --build /home/ctaylor71023/ros2_ws/src/ctaylor319_capstone/build/robot_control -- -j8 -l8
[1.479s] DEBUG:colcon.colcon_core.event_handler.log_command:Invoked command in '/home/ctaylor71023/ros2_ws/src/ctaylor319_capstone/build/motion_planning' returned '0': CMAKE_PREFIX_PATH=${CMAKE_PREFIX_PATH}:/home/ctaylor71023/ws_moveit/install/moveit_configs_utils:/home/ctaylor71023/ws_moveit/install/launch_param_builder:/home/ctaylor71023/turtlebot3_ws/install/py_subpub:/home/ctaylor71023/turtlebot3_ws/install/Crossfire_object_follower:/home/ctaylor71023/turtlebot3_ws/install/Crossfire_navigate_to_goal:/home/ctaylor71023/turtlebot3_ws/install/Crossfire_lab6:/home/ctaylor71023/turtlebot3_ws/install/Crossfire_lab5:/home/ctaylor71023/turtlebot3_ws/install/Crossfire_chase_object:/home/ctaylor71023/turtlebot3_ws/src/install/py_subpub:/home/ctaylor71023/turtlebot3_ws/src/install/Lab2:/home/ctaylor71023/turtlebot3_ws/src/install/Crossfire_object_follower:/home/ctaylor71023/turtlebot3_ws/src/install/Crossfire_navigate_to_goal:/home/ctaylor71023/turtlebot3_ws/src/install/Crossfire_lab6:/home/ctaylor71023/turtlebot3_ws/src/install/Crossfire_lab5:/home/ctaylor71023/turtlebot3_ws/src/install/Crossfire_chase_object:/opt/ros/humble /usr/bin/cmake --build /home/ctaylor71023/ros2_ws/src/ctaylor319_capstone/build/motion_planning -- -j8 -l8
[1.499s] DEBUG:colcon.colcon_core.event_handler.log_command:Invoked command in '/home/ctaylor71023/ros2_ws/src/ctaylor319_capstone/build/robot_control' returned '0': CMAKE_PREFIX_PATH=${CMAKE_PREFIX_PATH}:/home/ctaylor71023/ws_moveit/install/moveit_configs_utils:/home/ctaylor71023/ws_moveit/install/launch_param_builder:/home/ctaylor71023/turtlebot3_ws/install/py_subpub:/home/ctaylor71023/turtlebot3_ws/install/Crossfire_object_follower:/home/ctaylor71023/turtlebot3_ws/install/Crossfire_navigate_to_goal:/home/ctaylor71023/turtlebot3_ws/install/Crossfire_lab6:/home/ctaylor71023/turtlebot3_ws/install/Crossfire_lab5:/home/ctaylor71023/turtlebot3_ws/install/Crossfire_chase_object:/home/ctaylor71023/turtlebot3_ws/src/install/py_subpub:/home/ctaylor71023/turtlebot3_ws/src/install/Lab2:/home/ctaylor71023/turtlebot3_ws/src/install/Crossfire_object_follower:/home/ctaylor71023/turtlebot3_ws/src/install/Crossfire_navigate_to_goal:/home/ctaylor71023/turtlebot3_ws/src/install/Crossfire_lab6:/home/ctaylor71023/turtlebot3_ws/src/install/Crossfire_lab5:/home/ctaylor71023/turtlebot3_ws/src/install/Crossfire_chase_object:/opt/ros/humble /usr/bin/cmake --build /home/ctaylor71023/ros2_ws/src/ctaylor319_capstone/build/robot_control -- -j8 -l8
[1.632s] DEBUG:colcon.colcon_core.event_handler.log_command:Invoking command in '/home/ctaylor71023/ros2_ws/src/ctaylor319_capstone/build/motion_planning': CMAKE_PREFIX_PATH=${CMAKE_PREFIX_PATH}:/home/ctaylor71023/ws_moveit/install/moveit_configs_utils:/home/ctaylor71023/ws_moveit/install/launch_param_builder:/home/ctaylor71023/turtlebot3_ws/install/py_subpub:/home/ctaylor71023/turtlebot3_ws/install/Crossfire_object_follower:/home/ctaylor71023/turtlebot3_ws/install/Crossfire_navigate_to_goal:/home/ctaylor71023/turtlebot3_ws/install/Crossfire_lab6:/home/ctaylor71023/turtlebot3_ws/install/Crossfire_lab5:/home/ctaylor71023/turtlebot3_ws/install/Crossfire_chase_object:/home/ctaylor71023/turtlebot3_ws/src/install/py_subpub:/home/ctaylor71023/turtlebot3_ws/src/install/Lab2:/home/ctaylor71023/turtlebot3_ws/src/install/Crossfire_object_follower:/home/ctaylor71023/turtlebot3_ws/src/install/Crossfire_navigate_to_goal:/home/ctaylor71023/turtlebot3_ws/src/install/Crossfire_lab6:/home/ctaylor71023/turtlebot3_ws/src/install/Crossfire_lab5:/home/ctaylor71023/turtlebot3_ws/src/install/Crossfire_chase_object:/opt/ros/humble /usr/bin/cmake --install /home/ctaylor71023/ros2_ws/src/ctaylor319_capstone/build/motion_planning
[1.635s] DEBUG:colcon.colcon_core.event_handler.log_command:Invoking command in '/home/ctaylor71023/ros2_ws/src/ctaylor319_capstone/build/robot_control': CMAKE_PREFIX_PATH=${CMAKE_PREFIX_PATH}:/home/ctaylor71023/ws_moveit/install/moveit_configs_utils:/home/ctaylor71023/ws_moveit/install/launch_param_builder:/home/ctaylor71023/turtlebot3_ws/install/py_subpub:/home/ctaylor71023/turtlebot3_ws/install/Crossfire_object_follower:/home/ctaylor71023/turtlebot3_ws/install/Crossfire_navigate_to_goal:/home/ctaylor71023/turtlebot3_ws/install/Crossfire_lab6:/home/ctaylor71023/turtlebot3_ws/install/Crossfire_lab5:/home/ctaylor71023/turtlebot3_ws/install/Crossfire_chase_object:/home/ctaylor71023/turtlebot3_ws/src/install/py_subpub:/home/ctaylor71023/turtlebot3_ws/src/install/Lab2:/home/ctaylor71023/turtlebot3_ws/src/install/Crossfire_object_follower:/home/ctaylor71023/turtlebot3_ws/src/install/Crossfire_navigate_to_goal:/home/ctaylor71023/turtlebot3_ws/src/install/Crossfire_lab6:/home/ctaylor71023/turtlebot3_ws/src/install/Crossfire_lab5:/home/ctaylor71023/turtlebot3_ws/src/install/Crossfire_chase_object:/opt/ros/humble /usr/bin/cmake --install /home/ctaylor71023/ros2_ws/src/ctaylor319_capstone/build/robot_control
[1.668s] Level 1:colcon.colcon_core.environment:create_environment_scripts_only(motion_planning)
[1.682s] DEBUG:colcon.colcon_core.event_handler.log_command:Invoked command in '/home/ctaylor71023/ros2_ws/src/ctaylor319_capstone/build/motion_planning' returned '0': CMAKE_PREFIX_PATH=${CMAKE_PREFIX_PATH}:/home/ctaylor71023/ws_moveit/install/moveit_configs_utils:/home/ctaylor71023/ws_moveit/install/launch_param_builder:/home/ctaylor71023/turtlebot3_ws/install/py_subpub:/home/ctaylor71023/turtlebot3_ws/install/Crossfire_object_follower:/home/ctaylor71023/turtlebot3_ws/install/Crossfire_navigate_to_goal:/home/ctaylor71023/turtlebot3_ws/install/Crossfire_lab6:/home/ctaylor71023/turtlebot3_ws/install/Crossfire_lab5:/home/ctaylor71023/turtlebot3_ws/install/Crossfire_chase_object:/home/ctaylor71023/turtlebot3_ws/src/install/py_subpub:/home/ctaylor71023/turtlebot3_ws/src/install/Lab2:/home/ctaylor71023/turtlebot3_ws/src/install/Crossfire_object_follower:/home/ctaylor71023/turtlebot3_ws/src/install/Crossfire_navigate_to_goal:/home/ctaylor71023/turtlebot3_ws/src/install/Crossfire_lab6:/home/ctaylor71023/turtlebot3_ws/src/install/Crossfire_lab5:/home/ctaylor71023/turtlebot3_ws/src/install/Crossfire_chase_object:/opt/ros/humble /usr/bin/cmake --install /home/ctaylor71023/ros2_ws/src/ctaylor319_capstone/build/motion_planning
[1.684s] Level 1:colcon.colcon_core.environment:checking '/home/ctaylor71023/ros2_ws/src/ctaylor319_capstone/install/motion_planning' for CMake module files
[1.686s] Level 1:colcon.colcon_core.environment:checking '/home/ctaylor71023/ros2_ws/src/ctaylor319_capstone/install/motion_planning' for CMake config files
[1.686s] Level 1:colcon.colcon_core.shell:create_environment_hook('motion_planning', 'cmake_prefix_path')
[1.687s] INFO:colcon.colcon_core.shell:Creating environment hook '/home/ctaylor71023/ros2_ws/src/ctaylor319_capstone/install/motion_planning/share/motion_planning/hook/cmake_prefix_path.ps1'
[1.687s] INFO:colcon.colcon_core.shell:Creating environment descriptor '/home/ctaylor71023/ros2_ws/src/ctaylor319_capstone/install/motion_planning/share/motion_planning/hook/cmake_prefix_path.dsv'
[1.688s] INFO:colcon.colcon_core.shell:Creating environment hook '/home/ctaylor71023/ros2_ws/src/ctaylor319_capstone/install/motion_planning/share/motion_planning/hook/cmake_prefix_path.sh'
[1.690s] Level 1:colcon.colcon_core.environment:checking '/home/ctaylor71023/ros2_ws/src/ctaylor319_capstone/install/motion_planning/bin'
[1.690s] Level 1:colcon.colcon_core.environment:checking '/home/ctaylor71023/ros2_ws/src/ctaylor319_capstone/install/motion_planning/lib/pkgconfig/motion_planning.pc'
[1.690s] Level 1:colcon.colcon_core.environment:checking '/home/ctaylor71023/ros2_ws/src/ctaylor319_capstone/install/motion_planning/lib/python3.10/site-packages'
[1.691s] Level 1:colcon.colcon_core.environment:checking '/home/ctaylor71023/ros2_ws/src/ctaylor319_capstone/install/motion_planning/bin'
[1.691s] INFO:colcon.colcon_core.shell:Creating package script '/home/ctaylor71023/ros2_ws/src/ctaylor319_capstone/install/motion_planning/share/motion_planning/package.ps1'
[1.693s] INFO:colcon.colcon_core.shell:Creating package descriptor '/home/ctaylor71023/ros2_ws/src/ctaylor319_capstone/install/motion_planning/share/motion_planning/package.dsv'
[1.694s] INFO:colcon.colcon_core.shell:Creating package script '/home/ctaylor71023/ros2_ws/src/ctaylor319_capstone/install/motion_planning/share/motion_planning/package.sh'
[1.696s] INFO:colcon.colcon_core.shell:Creating package script '/home/ctaylor71023/ros2_ws/src/ctaylor319_capstone/install/motion_planning/share/motion_planning/package.bash'
[1.697s] INFO:colcon.colcon_core.shell:Creating package script '/home/ctaylor71023/ros2_ws/src/ctaylor319_capstone/install/motion_planning/share/motion_planning/package.zsh'
[1.699s] Level 1:colcon.colcon_core.environment:create_file_with_runtime_dependencies(/home/ctaylor71023/ros2_ws/src/ctaylor319_capstone/install/motion_planning/share/colcon-core/packages/motion_planning)
[1.704s] Level 1:colcon.colcon_core.environment:create_environment_scripts_only(robot_control)
[1.704s] Level 1:colcon.colcon_core.environment:checking '/home/ctaylor71023/ros2_ws/src/ctaylor319_capstone/install/robot_control' for CMake module files
[1.705s] DEBUG:colcon.colcon_core.event_handler.log_command:Invoked command in '/home/ctaylor71023/ros2_ws/src/ctaylor319_capstone/build/robot_control' returned '0': CMAKE_PREFIX_PATH=${CMAKE_PREFIX_PATH}:/home/ctaylor71023/ws_moveit/install/moveit_configs_utils:/home/ctaylor71023/ws_moveit/install/launch_param_builder:/home/ctaylor71023/turtlebot3_ws/install/py_subpub:/home/ctaylor71023/turtlebot3_ws/install/Crossfire_object_follower:/home/ctaylor71023/turtlebot3_ws/install/Crossfire_navigate_to_goal:/home/ctaylor71023/turtlebot3_ws/install/Crossfire_lab6:/home/ctaylor71023/turtlebot3_ws/install/Crossfire_lab5:/home/ctaylor71023/turtlebot3_ws/install/Crossfire_chase_object:/home/ctaylor71023/turtlebot3_ws/src/install/py_subpub:/home/ctaylor71023/turtlebot3_ws/src/install/Lab2:/home/ctaylor71023/turtlebot3_ws/src/install/Crossfire_object_follower:/home/ctaylor71023/turtlebot3_ws/src/install/Crossfire_navigate_to_goal:/home/ctaylor71023/turtlebot3_ws/src/install/Crossfire_lab6:/home/ctaylor71023/turtlebot3_ws/src/install/Crossfire_lab5:/home/ctaylor71023/turtlebot3_ws/src/install/Crossfire_chase_object:/opt/ros/humble /usr/bin/cmake --install /home/ctaylor71023/ros2_ws/src/ctaylor319_capstone/build/robot_control
[1.706s] Level 1:colcon.colcon_core.environment:checking '/home/ctaylor71023/ros2_ws/src/ctaylor319_capstone/install/robot_control' for CMake config files
[1.706s] Level 1:colcon.colcon_core.shell:create_environment_hook('robot_control', 'cmake_prefix_path')
[1.707s] INFO:colcon.colcon_core.shell:Creating environment hook '/home/ctaylor71023/ros2_ws/src/ctaylor319_capstone/install/robot_control/share/robot_control/hook/cmake_prefix_path.ps1'
[1.711s] INFO:colcon.colcon_core.shell:Creating environment descriptor '/home/ctaylor71023/ros2_ws/src/ctaylor319_capstone/install/robot_control/share/robot_control/hook/cmake_prefix_path.dsv'
[1.713s] INFO:colcon.colcon_core.shell:Creating environment hook '/home/ctaylor71023/ros2_ws/src/ctaylor319_capstone/install/robot_control/share/robot_control/hook/cmake_prefix_path.sh'
[1.714s] Level 1:colcon.colcon_core.environment:checking '/home/ctaylor71023/ros2_ws/src/ctaylor319_capstone/install/robot_control/bin'
[1.714s] Level 1:colcon.colcon_core.environment:checking '/home/ctaylor71023/ros2_ws/src/ctaylor319_capstone/install/robot_control/lib/pkgconfig/robot_control.pc'
[1.715s] Level 1:colcon.colcon_core.environment:checking '/home/ctaylor71023/ros2_ws/src/ctaylor319_capstone/install/robot_control/lib/python3.10/site-packages'
[1.715s] Level 1:colcon.colcon_core.environment:checking '/home/ctaylor71023/ros2_ws/src/ctaylor319_capstone/install/robot_control/bin'
[1.716s] INFO:colcon.colcon_core.shell:Creating package script '/home/ctaylor71023/ros2_ws/src/ctaylor319_capstone/install/robot_control/share/robot_control/package.ps1'
[1.718s] INFO:colcon.colcon_core.shell:Creating package descriptor '/home/ctaylor71023/ros2_ws/src/ctaylor319_capstone/install/robot_control/share/robot_control/package.dsv'
[1.719s] INFO:colcon.colcon_core.shell:Creating package script '/home/ctaylor71023/ros2_ws/src/ctaylor319_capstone/install/robot_control/share/robot_control/package.sh'
[1.720s] INFO:colcon.colcon_core.shell:Creating package script '/home/ctaylor71023/ros2_ws/src/ctaylor319_capstone/install/robot_control/share/robot_control/package.bash'
[1.721s] INFO:colcon.colcon_core.shell:Creating package script '/home/ctaylor71023/ros2_ws/src/ctaylor319_capstone/install/robot_control/share/robot_control/package.zsh'
[1.722s] Level 1:colcon.colcon_core.environment:create_file_with_runtime_dependencies(/home/ctaylor71023/ros2_ws/src/ctaylor319_capstone/install/robot_control/share/colcon-core/packages/robot_control)
[1.819s] Level 1:colcon.colcon_core.environment:create_environment_scripts_only(motion_planning)
[1.820s] Level 1:colcon.colcon_core.environment:checking '/home/ctaylor71023/ros2_ws/src/ctaylor319_capstone/install/motion_planning' for CMake module files
[1.822s] Level 1:colcon.colcon_core.environment:checking '/home/ctaylor71023/ros2_ws/src/ctaylor319_capstone/install/motion_planning' for CMake config files
[1.823s] Level 1:colcon.colcon_core.shell:create_environment_hook('motion_planning', 'cmake_prefix_path')
[1.823s] INFO:colcon.colcon_core.shell:Creating environment hook '/home/ctaylor71023/ros2_ws/src/ctaylor319_capstone/install/motion_planning/share/motion_planning/hook/cmake_prefix_path.ps1'
[1.824s] INFO:colcon.colcon_core.shell:Creating environment descriptor '/home/ctaylor71023/ros2_ws/src/ctaylor319_capstone/install/motion_planning/share/motion_planning/hook/cmake_prefix_path.dsv'
[1.824s] INFO:colcon.colcon_core.shell:Creating environment hook '/home/ctaylor71023/ros2_ws/src/ctaylor319_capstone/install/motion_planning/share/motion_planning/hook/cmake_prefix_path.sh'
[1.825s] Level 1:colcon.colcon_core.environment:checking '/home/ctaylor71023/ros2_ws/src/ctaylor319_capstone/install/motion_planning/bin'
[1.825s] Level 1:colcon.colcon_core.environment:checking '/home/ctaylor71023/ros2_ws/src/ctaylor319_capstone/install/motion_planning/lib/pkgconfig/motion_planning.pc'
[1.826s] Level 1:colcon.colcon_core.environment:checking '/home/ctaylor71023/ros2_ws/src/ctaylor319_capstone/install/motion_planning/lib/python3.10/site-packages'
[1.826s] Level 1:colcon.colcon_core.environment:checking '/home/ctaylor71023/ros2_ws/src/ctaylor319_capstone/install/motion_planning/bin'
[1.827s] INFO:colcon.colcon_core.shell:Creating package script '/home/ctaylor71023/ros2_ws/src/ctaylor319_capstone/install/motion_planning/share/motion_planning/package.ps1'
[1.828s] INFO:colcon.colcon_core.shell:Creating package descriptor '/home/ctaylor71023/ros2_ws/src/ctaylor319_capstone/install/motion_planning/share/motion_planning/package.dsv'
[1.828s] INFO:colcon.colcon_core.shell:Creating package script '/home/ctaylor71023/ros2_ws/src/ctaylor319_capstone/install/motion_planning/share/motion_planning/package.sh'
[1.829s] INFO:colcon.colcon_core.shell:Creating package script '/home/ctaylor71023/ros2_ws/src/ctaylor319_capstone/install/motion_planning/share/motion_planning/package.bash'
[1.830s] INFO:colcon.colcon_core.shell:Creating package script '/home/ctaylor71023/ros2_ws/src/ctaylor319_capstone/install/motion_planning/share/motion_planning/package.zsh'
[1.832s] Level 1:colcon.colcon_core.environment:create_file_with_runtime_dependencies(/home/ctaylor71023/ros2_ws/src/ctaylor319_capstone/install/motion_planning/share/colcon-core/packages/motion_planning)
[1.836s] Level 1:colcon.colcon_core.environment:create_environment_scripts_only(robot_control)
[1.837s] Level 1:colcon.colcon_core.environment:checking '/home/ctaylor71023/ros2_ws/src/ctaylor319_capstone/install/robot_control' for CMake module files
[1.838s] Level 1:colcon.colcon_core.environment:checking '/home/ctaylor71023/ros2_ws/src/ctaylor319_capstone/install/robot_control' for CMake config files
[1.839s] Level 1:colcon.colcon_core.shell:create_environment_hook('robot_control', 'cmake_prefix_path')
[1.840s] INFO:colcon.colcon_core.shell:Creating environment hook '/home/ctaylor71023/ros2_ws/src/ctaylor319_capstone/install/robot_control/share/robot_control/hook/cmake_prefix_path.ps1'
[1.840s] INFO:colcon.colcon_core.shell:Creating environment descriptor '/home/ctaylor71023/ros2_ws/src/ctaylor319_capstone/install/robot_control/share/robot_control/hook/cmake_prefix_path.dsv'
[1.841s] INFO:colcon.colcon_core.shell:Creating environment hook '/home/ctaylor71023/ros2_ws/src/ctaylor319_capstone/install/robot_control/share/robot_control/hook/cmake_prefix_path.sh'
[1.841s] Level 1:colcon.colcon_core.environment:checking '/home/ctaylor71023/ros2_ws/src/ctaylor319_capstone/install/robot_control/bin'
[1.841s] Level 1:colcon.colcon_core.environment:checking '/home/ctaylor71023/ros2_ws/src/ctaylor319_capstone/install/robot_control/lib/pkgconfig/robot_control.pc'
[1.842s] Level 1:colcon.colcon_core.environment:checking '/home/ctaylor71023/ros2_ws/src/ctaylor319_capstone/install/robot_control/lib/python3.10/site-packages'
[1.842s] Level 1:colcon.colcon_core.environment:checking '/home/ctaylor71023/ros2_ws/src/ctaylor319_capstone/install/robot_control/bin'
[1.843s] INFO:colcon.colcon_core.shell:Creating package script '/home/ctaylor71023/ros2_ws/src/ctaylor319_capstone/install/robot_control/share/robot_control/package.ps1'
[1.844s] INFO:colcon.colcon_core.shell:Creating package descriptor '/home/ctaylor71023/ros2_ws/src/ctaylor319_capstone/install/robot_control/share/robot_control/package.dsv'
[1.845s] INFO:colcon.colcon_core.shell:Creating package script '/home/ctaylor71023/ros2_ws/src/ctaylor319_capstone/install/robot_control/share/robot_control/package.sh'
[1.846s] INFO:colcon.colcon_core.shell:Creating package script '/home/ctaylor71023/ros2_ws/src/ctaylor319_capstone/install/robot_control/share/robot_control/package.bash'
[1.847s] INFO:colcon.colcon_core.shell:Creating package script '/home/ctaylor71023/ros2_ws/src/ctaylor319_capstone/install/robot_control/share/robot_control/package.zsh'
[1.848s] Level 1:colcon.colcon_core.environment:create_file_with_runtime_dependencies(/home/ctaylor71023/ros2_ws/src/ctaylor319_capstone/install/robot_control/share/colcon-core/packages/robot_control)
[16.092s] DEBUG:colcon.colcon_core.event_handler.log_command:Invoked command in '/home/ctaylor71023/ros2_ws/src/ctaylor319_capstone/build/env_construction' returned '2': CMAKE_PREFIX_PATH=${CMAKE_PREFIX_PATH}:/home/ctaylor71023/ws_moveit/install/moveit_configs_utils:/home/ctaylor71023/ws_moveit/install/launch_param_builder:/home/ctaylor71023/turtlebot3_ws/install/py_subpub:/home/ctaylor71023/turtlebot3_ws/install/Crossfire_object_follower:/home/ctaylor71023/turtlebot3_ws/install/Crossfire_navigate_to_goal:/home/ctaylor71023/turtlebot3_ws/install/Crossfire_lab6:/home/ctaylor71023/turtlebot3_ws/install/Crossfire_lab5:/home/ctaylor71023/turtlebot3_ws/install/Crossfire_chase_object:/home/ctaylor71023/turtlebot3_ws/src/install/py_subpub:/home/ctaylor71023/turtlebot3_ws/src/install/Lab2:/home/ctaylor71023/turtlebot3_ws/src/install/Crossfire_object_follower:/home/ctaylor71023/turtlebot3_ws/src/install/Crossfire_navigate_to_goal:/home/ctaylor71023/turtlebot3_ws/src/install/Crossfire_lab6:/home/ctaylor71023/turtlebot3_ws/src/install/Crossfire_lab5:/home/ctaylor71023/turtlebot3_ws/src/install/Crossfire_chase_object:/opt/ros/humble /usr/bin/cmake --build /home/ctaylor71023/ros2_ws/src/ctaylor319_capstone/build/env_construction -- -j8 -l8
[16.197s] Level 1:colcon.colcon_core.environment:create_environment_scripts_only(env_construction)
[16.197s] Level 1:colcon.colcon_core.environment:checking '/home/ctaylor71023/ros2_ws/src/ctaylor319_capstone/install/env_construction' for CMake module files
[16.198s] Level 1:colcon.colcon_core.environment:checking '/home/ctaylor71023/ros2_ws/src/ctaylor319_capstone/install/env_construction' for CMake config files
[16.199s] Level 1:colcon.colcon_core.shell:create_environment_hook('env_construction', 'cmake_prefix_path')
[16.200s] INFO:colcon.colcon_core.shell:Creating environment hook '/home/ctaylor71023/ros2_ws/src/ctaylor319_capstone/install/env_construction/share/env_construction/hook/cmake_prefix_path.ps1'
[16.202s] INFO:colcon.colcon_core.shell:Creating environment descriptor '/home/ctaylor71023/ros2_ws/src/ctaylor319_capstone/install/env_construction/share/env_construction/hook/cmake_prefix_path.dsv'
[16.203s] INFO:colcon.colcon_core.shell:Creating environment hook '/home/ctaylor71023/ros2_ws/src/ctaylor319_capstone/install/env_construction/share/env_construction/hook/cmake_prefix_path.sh'
[16.204s] Level 1:colcon.colcon_core.environment:checking '/home/ctaylor71023/ros2_ws/src/ctaylor319_capstone/install/env_construction/bin'
[16.204s] Level 1:colcon.colcon_core.environment:checking '/home/ctaylor71023/ros2_ws/src/ctaylor319_capstone/install/env_construction/lib/pkgconfig/env_construction.pc'
[16.205s] Level 1:colcon.colcon_core.environment:checking '/home/ctaylor71023/ros2_ws/src/ctaylor319_capstone/install/env_construction/lib/python3.10/site-packages'
[16.205s] Level 1:colcon.colcon_core.environment:checking '/home/ctaylor71023/ros2_ws/src/ctaylor319_capstone/install/env_construction/bin'
[16.206s] INFO:colcon.colcon_core.shell:Creating package script '/home/ctaylor71023/ros2_ws/src/ctaylor319_capstone/install/env_construction/share/env_construction/package.ps1'
[16.207s] INFO:colcon.colcon_core.shell:Creating package descriptor '/home/ctaylor71023/ros2_ws/src/ctaylor319_capstone/install/env_construction/share/env_construction/package.dsv'
[16.208s] INFO:colcon.colcon_core.shell:Creating package script '/home/ctaylor71023/ros2_ws/src/ctaylor319_capstone/install/env_construction/share/env_construction/package.sh'
[16.209s] INFO:colcon.colcon_core.shell:Creating package script '/home/ctaylor71023/ros2_ws/src/ctaylor319_capstone/install/env_construction/share/env_construction/package.bash'
[16.210s] INFO:colcon.colcon_core.shell:Creating package script '/home/ctaylor71023/ros2_ws/src/ctaylor319_capstone/install/env_construction/share/env_construction/package.zsh'
[16.211s] Level 1:colcon.colcon_core.environment:create_file_with_runtime_dependencies(/home/ctaylor71023/ros2_ws/src/ctaylor319_capstone/install/env_construction/share/colcon-core/packages/env_construction)
[16.221s] DEBUG:colcon.colcon_parallel_executor.executor.parallel:closing loop
[16.222s] DEBUG:colcon.colcon_parallel_executor.executor.parallel:loop closed
[16.222s] DEBUG:colcon.colcon_parallel_executor.executor.parallel:run_until_complete finished with '2'
[16.222s] DEBUG:colcon.colcon_core.event_reactor:joining thread
[16.237s] INFO:colcon.colcon_core.plugin_system:Skipping extension 'colcon_notification.desktop_notification.terminal_notifier': Not used on non-Darwin systems
[16.237s] INFO:colcon.colcon_core.plugin_system:Skipping extension 'colcon_notification.desktop_notification.win32': Not used on non-Windows systems
[16.237s] INFO:colcon.colcon_notification.desktop_notification:Sending desktop notification using 'notify2'
[16.260s] DEBUG:colcon.colcon_core.event_reactor:joined thread
[16.261s] INFO:colcon.colcon_core.shell:Creating prefix script '/home/ctaylor71023/ros2_ws/src/ctaylor319_capstone/install/local_setup.ps1'
[16.263s] INFO:colcon.colcon_core.shell:Creating prefix util module '/home/ctaylor71023/ros2_ws/src/ctaylor319_capstone/install/_local_setup_util_ps1.py'
[16.268s] INFO:colcon.colcon_core.shell:Creating prefix chain script '/home/ctaylor71023/ros2_ws/src/ctaylor319_capstone/install/setup.ps1'
[16.279s] INFO:colcon.colcon_core.shell:Creating prefix script '/home/ctaylor71023/ros2_ws/src/ctaylor319_capstone/install/local_setup.sh'
[16.280s] INFO:colcon.colcon_core.shell:Creating prefix util module '/home/ctaylor71023/ros2_ws/src/ctaylor319_capstone/install/_local_setup_util_sh.py'
[16.281s] INFO:colcon.colcon_core.shell:Creating prefix chain script '/home/ctaylor71023/ros2_ws/src/ctaylor319_capstone/install/setup.sh'
[16.291s] INFO:colcon.colcon_core.shell:Creating prefix script '/home/ctaylor71023/ros2_ws/src/ctaylor319_capstone/install/local_setup.bash'
[16.292s] INFO:colcon.colcon_core.shell:Creating prefix chain script '/home/ctaylor71023/ros2_ws/src/ctaylor319_capstone/install/setup.bash'
[16.301s] INFO:colcon.colcon_core.shell:Creating prefix script '/home/ctaylor71023/ros2_ws/src/ctaylor319_capstone/install/local_setup.zsh'
[16.303s] INFO:colcon.colcon_core.shell:Creating prefix chain script '/home/ctaylor71023/ros2_ws/src/ctaylor319_capstone/install/setup.zsh'
