[0.105s] Invoking command in '/home/ctaylor71023/ros2_ws/src/ctaylor319_capstone/build/env_construction': CMAKE_PREFIX_PATH=${CMAKE_PREFIX_PATH}:/home/ctaylor71023/ws_moveit/install/moveit_configs_utils:/home/ctaylor71023/ws_moveit/install/launch_param_builder:/home/ctaylor71023/turtlebot3_ws/install/py_subpub:/home/ctaylor71023/turtlebot3_ws/install/Crossfire_object_follower:/home/ctaylor71023/turtlebot3_ws/install/Crossfire_navigate_to_goal:/home/ctaylor71023/turtlebot3_ws/install/Crossfire_lab6:/home/ctaylor71023/turtlebot3_ws/install/Crossfire_lab5:/home/ctaylor71023/turtlebot3_ws/install/Crossfire_chase_object:/home/ctaylor71023/turtlebot3_ws/src/install/py_subpub:/home/ctaylor71023/turtlebot3_ws/src/install/Lab2:/home/ctaylor71023/turtlebot3_ws/src/install/Crossfire_object_follower:/home/ctaylor71023/turtlebot3_ws/src/install/Crossfire_navigate_to_goal:/home/ctaylor71023/turtlebot3_ws/src/install/Crossfire_lab6:/home/ctaylor71023/turtlebot3_ws/src/install/Crossfire_lab5:/home/ctaylor71023/turtlebot3_ws/src/install/Crossfire_chase_object:/opt/ros/humble /usr/bin/cmake --build /home/ctaylor71023/ros2_ws/src/ctaylor319_capstone/build/env_construction -- -j8 -l8
[0.208s] -- Found ament_cmake: 1.3.10 (/opt/ros/humble/share/ament_cmake/cmake)
[0.682s] -- Found rclcpp: 16.0.10 (/opt/ros/humble/share/rclcpp/cmake)
[0.765s] -- Found rosidl_generator_c: 3.1.5 (/opt/ros/humble/share/rosidl_generator_c/cmake)
[0.772s] -- Found rosidl_adapter: 3.1.5 (/opt/ros/humble/share/rosidl_adapter/cmake)
[0.787s] -- Found rosidl_generator_cpp: 3.1.5 (/opt/ros/humble/share/rosidl_generator_cpp/cmake)
[0.818s] -- Using all available rosidl_typesupport_c: rosidl_typesupport_fastrtps_c;rosidl_typesupport_introspection_c
[0.861s] -- Using all available rosidl_typesupport_cpp: rosidl_typesupport_fastrtps_cpp;rosidl_typesupport_introspection_cpp
[0.953s] -- Found rmw_implementation_cmake: 6.1.2 (/opt/ros/humble/share/rmw_implementation_cmake/cmake)
[0.964s] -- Found rmw_fastrtps_cpp: 6.2.7 (/opt/ros/humble/share/rmw_fastrtps_cpp/cmake)
[1.298s] -- Using RMW implementation 'rmw_fastrtps_cpp' as default
[1.427s] -- Found gazebo_ros: 3.7.0 (/opt/ros/humble/share/gazebo_ros/cmake)
[1.520s] -- Found DART: /usr/include (Required is at least version "6.6") found components: dart 
[1.606s] -- Found Protobuf: /usr/lib/x86_64-linux-gnu/libprotobuf.so (found version "3.12.4") 
[1.613s] -- Looking for ignition-math6 -- found version 6.15.1
[1.624s] -- Searching for dependencies of ignition-math6
[1.628s] -- Looking for OGRE...
[1.643s] -- Found Ogre Ghadamon (1.9.0)
[1.644s] -- Found OGRE: optimized;/usr/lib/x86_64-linux-gnu/libOgreMain.so;debug;/usr/lib/x86_64-linux-gnu/libOgreMain.so
[1.671s] -- Looking for OGRE_Paging...
[1.672s] -- Found OGRE_Paging: optimized;/usr/lib/x86_64-linux-gnu/libOgrePaging.so;debug;/usr/lib/x86_64-linux-gnu/libOgrePaging.so
[1.672s] -- Looking for OGRE_Terrain...
[1.673s] -- Found OGRE_Terrain: optimized;/usr/lib/x86_64-linux-gnu/libOgreTerrain.so;debug;/usr/lib/x86_64-linux-gnu/libOgreTerrain.so
[1.673s] -- Looking for OGRE_Property...
[1.673s] -- Found OGRE_Property: optimized;/usr/lib/x86_64-linux-gnu/libOgreProperty.so;debug;/usr/lib/x86_64-linux-gnu/libOgreProperty.so
[1.673s] -- Looking for OGRE_RTShaderSystem...
[1.673s] -- Found OGRE_RTShaderSystem: optimized;/usr/lib/x86_64-linux-gnu/libOgreRTShaderSystem.so;debug;/usr/lib/x86_64-linux-gnu/libOgreRTShaderSystem.so
[1.673s] -- Looking for OGRE_Volume...
[1.674s] -- Found OGRE_Volume: optimized;/usr/lib/x86_64-linux-gnu/libOgreVolume.so;debug;/usr/lib/x86_64-linux-gnu/libOgreVolume.so
[1.674s] -- Looking for OGRE_Overlay...
[1.674s] -- Found OGRE_Overlay: optimized;/usr/lib/x86_64-linux-gnu/libOgreOverlay.so;debug;/usr/lib/x86_64-linux-gnu/libOgreOverlay.so
[2.754s] -- Looking for ignition-math6 -- found version 6.15.1
[2.755s] -- Looking for ignition-transport8 -- found version 8.2.1
[2.756s] -- Searching for dependencies of ignition-transport8
[2.840s] -- Found Protobuf: /usr/lib/x86_64-linux-gnu/libprotobuf.so (found suitable version "3.12.4", minimum required is "3") 
[2.895s] -- Config-file not installed for ZeroMQ -- checking for pkg-config
[2.914s] -- Checking for module 'libzmq >= 4'
[2.983s] --   Found libzmq , version 4.3.4
[3.166s] -- Checking for module 'uuid'
[3.234s] --   Found uuid, version 2.37.2
[3.383s] -- Looking for ignition-msgs5 -- found version 5.8.1
[3.385s] -- Searching for dependencies of ignition-msgs5
[3.468s] -- Looking for ignition-math6 -- found version 6.15.1
[3.488s] -- Checking for module 'tinyxml2'
[3.560s] --   Found tinyxml2, version 9.0.0
[3.708s] -- Looking for ignition-msgs5 -- found version 5.8.1
[3.709s] -- Looking for ignition-common3 -- found version 3.14.0
[3.712s] -- Searching for dependencies of ignition-common3
[3.713s] -- Looking for dlfcn.h - found
[3.714s] -- Looking for libdl - found
[3.750s] -- Searching for <ignition-common3> component [graphics]
[3.752s] -- Looking for ignition-common3-graphics -- found version 3.14.0
[3.753s] -- Searching for dependencies of ignition-common3-graphics
[3.754s] -- Looking for ignition-math6 -- found version 6.15.1
[3.759s] -- Looking for ignition-fuel_tools4 -- found version 4.4.0
[3.760s] -- Searching for dependencies of ignition-fuel_tools4
[3.915s] -- Checking for module 'jsoncpp'
[3.976s] --   Found jsoncpp, version 1.9.5
[4.136s] -- Checking for module 'libzip'
[4.202s] --   Found libzip, version 1.7.3
[4.340s] -- Looking for ignition-common3 -- found version 3.14.0
[4.340s] -- Looking for ignition-math6 -- found version 6.15.1
[4.341s] -- Looking for ignition-msgs5 -- found version 5.8.1
[4.345s] -- Gazebo version: 11.10
[4.350s] -- Found gazebo_ros_pkgs: 3.7.0 (/opt/ros/humble/share/gazebo_ros_pkgs/cmake)
[4.351s] -- Found ros2_control: 2.43.0 (/opt/ros/humble/share/ros2_control/cmake)
[4.352s] -- Found ros2_controllers: 2.37.2 (/opt/ros/humble/share/ros2_controllers/cmake)
[4.352s] -- Found trajectory_msgs: 4.2.4 (/opt/ros/humble/share/trajectory_msgs/cmake)
[4.438s] -- Found mycobot_gazebo: 0.0.0 (/home/ctaylor71023/ros2_ws/install/mycobot_gazebo/share/mycobot_gazebo/cmake)
[4.439s] -- Found moveit: 2.5.5 (/home/ctaylor71023/ws_moveit/install/moveit/share/moveit/cmake)
[4.439s] -- Found moveit_core: 2.5.5 (/home/ctaylor71023/ws_moveit/install/moveit_core/share/moveit_core/cmake)
[4.465s] -- Found Boost: /usr/lib/x86_64-linux-gnu/cmake/Boost-1.74.0/BoostConfig.cmake (found version "1.74.0") found components: chrono date_time filesystem iostreams program_options regex serialization system thread 
[4.567s] -- Found parameter_traits: 0.3.8 (/opt/ros/humble/share/parameter_traits/cmake)
[4.590s] -- Found rclcpp_lifecycle: 16.0.10 (/opt/ros/humble/share/rclcpp_lifecycle/cmake)
[4.654s] -- Found Boost: /usr/lib/x86_64-linux-gnu/cmake/Boost-1.74.0/BoostConfig.cmake (found version "1.74.0") found components: filesystem 
[4.780s] -- library: /usr/lib/x86_64-linux-gnu/libcurl.so
[4.958s] -- Ensuring Eigen3 include directory is part of orocos-kdl CMake target
[5.560s] -- Found ament_lint_auto: 0.12.11 (/opt/ros/humble/share/ament_lint_auto/cmake)
[5.854s] -- Added test 'lint_cmake' to check CMake code style
[5.857s] -- Added test 'xmllint' to check XML markup files
[5.859s] -- Configuring done
[5.883s] -- Generating done
[5.891s] -- Build files have been written to: /home/ctaylor71023/ros2_ws/src/ctaylor319_capstone/build/env_construction
[6.016s] Invoked command in '/home/ctaylor71023/ros2_ws/src/ctaylor319_capstone/build/env_construction' returned '0': CMAKE_PREFIX_PATH=${CMAKE_PREFIX_PATH}:/home/ctaylor71023/ws_moveit/install/moveit_configs_utils:/home/ctaylor71023/ws_moveit/install/launch_param_builder:/home/ctaylor71023/turtlebot3_ws/install/py_subpub:/home/ctaylor71023/turtlebot3_ws/install/Crossfire_object_follower:/home/ctaylor71023/turtlebot3_ws/install/Crossfire_navigate_to_goal:/home/ctaylor71023/turtlebot3_ws/install/Crossfire_lab6:/home/ctaylor71023/turtlebot3_ws/install/Crossfire_lab5:/home/ctaylor71023/turtlebot3_ws/install/Crossfire_chase_object:/home/ctaylor71023/turtlebot3_ws/src/install/py_subpub:/home/ctaylor71023/turtlebot3_ws/src/install/Lab2:/home/ctaylor71023/turtlebot3_ws/src/install/Crossfire_object_follower:/home/ctaylor71023/turtlebot3_ws/src/install/Crossfire_navigate_to_goal:/home/ctaylor71023/turtlebot3_ws/src/install/Crossfire_lab6:/home/ctaylor71023/turtlebot3_ws/src/install/Crossfire_lab5:/home/ctaylor71023/turtlebot3_ws/src/install/Crossfire_chase_object:/opt/ros/humble /usr/bin/cmake --build /home/ctaylor71023/ros2_ws/src/ctaylor319_capstone/build/env_construction -- -j8 -l8
[6.187s] Invoking command in '/home/ctaylor71023/ros2_ws/src/ctaylor319_capstone/build/env_construction': CMAKE_PREFIX_PATH=${CMAKE_PREFIX_PATH}:/home/ctaylor71023/ws_moveit/install/moveit_configs_utils:/home/ctaylor71023/ws_moveit/install/launch_param_builder:/home/ctaylor71023/turtlebot3_ws/install/py_subpub:/home/ctaylor71023/turtlebot3_ws/install/Crossfire_object_follower:/home/ctaylor71023/turtlebot3_ws/install/Crossfire_navigate_to_goal:/home/ctaylor71023/turtlebot3_ws/install/Crossfire_lab6:/home/ctaylor71023/turtlebot3_ws/install/Crossfire_lab5:/home/ctaylor71023/turtlebot3_ws/install/Crossfire_chase_object:/home/ctaylor71023/turtlebot3_ws/src/install/py_subpub:/home/ctaylor71023/turtlebot3_ws/src/install/Lab2:/home/ctaylor71023/turtlebot3_ws/src/install/Crossfire_object_follower:/home/ctaylor71023/turtlebot3_ws/src/install/Crossfire_navigate_to_goal:/home/ctaylor71023/turtlebot3_ws/src/install/Crossfire_lab6:/home/ctaylor71023/turtlebot3_ws/src/install/Crossfire_lab5:/home/ctaylor71023/turtlebot3_ws/src/install/Crossfire_chase_object:/opt/ros/humble /usr/bin/cmake --install /home/ctaylor71023/ros2_ws/src/ctaylor319_capstone/build/env_construction
[6.236s] -- Install configuration: ""
[6.236s] -- Up-to-date: /home/ctaylor71023/ros2_ws/src/ctaylor319_capstone/install/env_construction/share/ament_index/resource_index/package_run_dependencies/env_construction
[6.237s] -- Up-to-date: /home/ctaylor71023/ros2_ws/src/ctaylor319_capstone/install/env_construction/share/ament_index/resource_index/parent_prefix_path/env_construction
[6.238s] -- Up-to-date: /home/ctaylor71023/ros2_ws/src/ctaylor319_capstone/install/env_construction/share/env_construction/environment/ament_prefix_path.sh
[6.238s] -- Installing: /home/ctaylor71023/ros2_ws/src/ctaylor319_capstone/install/env_construction/share/env_construction/environment/ament_prefix_path.dsv
[6.240s] -- Up-to-date: /home/ctaylor71023/ros2_ws/src/ctaylor319_capstone/install/env_construction/share/env_construction/environment/path.sh
[6.241s] -- Installing: /home/ctaylor71023/ros2_ws/src/ctaylor319_capstone/install/env_construction/share/env_construction/environment/path.dsv
[6.242s] -- Up-to-date: /home/ctaylor71023/ros2_ws/src/ctaylor319_capstone/install/env_construction/share/env_construction/local_setup.bash
[6.242s] -- Up-to-date: /home/ctaylor71023/ros2_ws/src/ctaylor319_capstone/install/env_construction/share/env_construction/local_setup.sh
[6.243s] -- Up-to-date: /home/ctaylor71023/ros2_ws/src/ctaylor319_capstone/install/env_construction/share/env_construction/local_setup.zsh
[6.243s] -- Installing: /home/ctaylor71023/ros2_ws/src/ctaylor319_capstone/install/env_construction/share/env_construction/local_setup.dsv
[6.244s] -- Installing: /home/ctaylor71023/ros2_ws/src/ctaylor319_capstone/install/env_construction/share/env_construction/package.dsv
[6.244s] -- Up-to-date: /home/ctaylor71023/ros2_ws/src/ctaylor319_capstone/install/env_construction/share/ament_index/resource_index/packages/env_construction
[6.244s] -- Up-to-date: /home/ctaylor71023/ros2_ws/src/ctaylor319_capstone/install/env_construction/share/env_construction/cmake/env_constructionConfig.cmake
[6.245s] -- Up-to-date: /home/ctaylor71023/ros2_ws/src/ctaylor319_capstone/install/env_construction/share/env_construction/cmake/env_constructionConfig-version.cmake
[6.245s] -- Up-to-date: /home/ctaylor71023/ros2_ws/src/ctaylor319_capstone/install/env_construction/share/env_construction/package.xml
[6.252s] Invoked command in '/home/ctaylor71023/ros2_ws/src/ctaylor319_capstone/build/env_construction' returned '0': CMAKE_PREFIX_PATH=${CMAKE_PREFIX_PATH}:/home/ctaylor71023/ws_moveit/install/moveit_configs_utils:/home/ctaylor71023/ws_moveit/install/launch_param_builder:/home/ctaylor71023/turtlebot3_ws/install/py_subpub:/home/ctaylor71023/turtlebot3_ws/install/Crossfire_object_follower:/home/ctaylor71023/turtlebot3_ws/install/Crossfire_navigate_to_goal:/home/ctaylor71023/turtlebot3_ws/install/Crossfire_lab6:/home/ctaylor71023/turtlebot3_ws/install/Crossfire_lab5:/home/ctaylor71023/turtlebot3_ws/install/Crossfire_chase_object:/home/ctaylor71023/turtlebot3_ws/src/install/py_subpub:/home/ctaylor71023/turtlebot3_ws/src/install/Lab2:/home/ctaylor71023/turtlebot3_ws/src/install/Crossfire_object_follower:/home/ctaylor71023/turtlebot3_ws/src/install/Crossfire_navigate_to_goal:/home/ctaylor71023/turtlebot3_ws/src/install/Crossfire_lab6:/home/ctaylor71023/turtlebot3_ws/src/install/Crossfire_lab5:/home/ctaylor71023/turtlebot3_ws/src/install/Crossfire_chase_object:/opt/ros/humble /usr/bin/cmake --install /home/ctaylor71023/ros2_ws/src/ctaylor319_capstone/build/env_construction
