[0.060s] Invoking command in '/home/ctaylor71023/ros2_ws/src/ctaylor319_capstone/build/env_construction': CMAKE_PREFIX_PATH=${CMAKE_PREFIX_PATH}:/home/ctaylor71023/ws_moveit/install/moveit_configs_utils:/home/ctaylor71023/ws_moveit/install/launch_param_builder:/home/ctaylor71023/turtlebot3_ws/install/py_subpub:/home/ctaylor71023/turtlebot3_ws/install/Crossfire_object_follower:/home/ctaylor71023/turtlebot3_ws/install/Crossfire_navigate_to_goal:/home/ctaylor71023/turtlebot3_ws/install/Crossfire_lab6:/home/ctaylor71023/turtlebot3_ws/install/Crossfire_lab5:/home/ctaylor71023/turtlebot3_ws/install/Crossfire_chase_object:/home/ctaylor71023/turtlebot3_ws/src/install/py_subpub:/home/ctaylor71023/turtlebot3_ws/src/install/Lab2:/home/ctaylor71023/turtlebot3_ws/src/install/Crossfire_object_follower:/home/ctaylor71023/turtlebot3_ws/src/install/Crossfire_navigate_to_goal:/home/ctaylor71023/turtlebot3_ws/src/install/Crossfire_lab6:/home/ctaylor71023/turtlebot3_ws/src/install/Crossfire_lab5:/home/ctaylor71023/turtlebot3_ws/src/install/Crossfire_chase_object:/opt/ros/humble /usr/bin/cmake /home/ctaylor71023/ros2_ws/src/ctaylor319_capstone/env_construction -DAMENT_CMAKE_SYMLINK_INSTALL=1 -DCMAKE_INSTALL_PREFIX=/home/ctaylor71023/ros2_ws/src/ctaylor319_capstone/install/env_construction
[0.105s] -- Found ament_cmake: 1.3.10 (/opt/ros/humble/share/ament_cmake/cmake)
[0.352s] -- Override CMake install command with custom implementation using symlinks instead of copying resources
[0.506s] -- Found rclcpp: 16.0.10 (/opt/ros/humble/share/rclcpp/cmake)
[1.326s] -- Found rosidl_generator_c: 3.1.5 (/opt/ros/humble/share/rosidl_generator_c/cmake)
[1.422s] -- Found rosidl_adapter: 3.1.5 (/opt/ros/humble/share/rosidl_adapter/cmake)
[1.454s] -- Found rosidl_generator_cpp: 3.1.5 (/opt/ros/humble/share/rosidl_generator_cpp/cmake)
[1.506s] -- Using all available rosidl_typesupport_c: rosidl_typesupport_fastrtps_c;rosidl_typesupport_introspection_c
[1.589s] -- Using all available rosidl_typesupport_cpp: rosidl_typesupport_fastrtps_cpp;rosidl_typesupport_introspection_cpp
[1.973s] -- Found rmw_implementation_cmake: 6.1.2 (/opt/ros/humble/share/rmw_implementation_cmake/cmake)
[1.994s] -- Found rmw_fastrtps_cpp: 6.2.7 (/opt/ros/humble/share/rmw_fastrtps_cpp/cmake)
[2.661s] -- Using RMW implementation 'rmw_fastrtps_cpp' as default
[2.957s] -- Found gazebo_ros: 3.7.0 (/opt/ros/humble/share/gazebo_ros/cmake)
[3.494s] -- Found DART: /usr/include (Required is at least version "6.6") found components: dart 
[3.775s] -- Found Boost: /usr/lib/x86_64-linux-gnu/cmake/Boost-1.74.0/BoostConfig.cmake (found suitable version "1.74.0", minimum required is "1.40.0") found components: thread system filesystem program_options regex iostreams date_time 
[4.122s] -- Found Protobuf: /usr/lib/x86_64-linux-gnu/libprotobuf.so (found version "3.12.4") 
[4.199s] -- Looking for ignition-math6 -- found version 6.15.1
[4.352s] -- Searching for dependencies of ignition-math6
[4.379s] -- Looking for OGRE...
[4.415s] -- Found Ogre Ghadamon (1.9.0)
[4.425s] -- Found OGRE: optimized;/usr/lib/x86_64-linux-gnu/libOgreMain.so;debug;/usr/lib/x86_64-linux-gnu/libOgreMain.so
[4.442s] -- Looking for OGRE_Paging...
[4.443s] -- Found OGRE_Paging: optimized;/usr/lib/x86_64-linux-gnu/libOgrePaging.so;debug;/usr/lib/x86_64-linux-gnu/libOgrePaging.so
[4.443s] -- Looking for OGRE_Terrain...
[4.444s] -- Found OGRE_Terrain: optimized;/usr/lib/x86_64-linux-gnu/libOgreTerrain.so;debug;/usr/lib/x86_64-linux-gnu/libOgreTerrain.so
[4.444s] -- Looking for OGRE_Property...
[4.445s] -- Found OGRE_Property: optimized;/usr/lib/x86_64-linux-gnu/libOgreProperty.so;debug;/usr/lib/x86_64-linux-gnu/libOgreProperty.so
[4.445s] -- Looking for OGRE_RTShaderSystem...
[4.445s] -- Found OGRE_RTShaderSystem: optimized;/usr/lib/x86_64-linux-gnu/libOgreRTShaderSystem.so;debug;/usr/lib/x86_64-linux-gnu/libOgreRTShaderSystem.so
[4.445s] -- Looking for OGRE_Volume...
[4.445s] -- Found OGRE_Volume: optimized;/usr/lib/x86_64-linux-gnu/libOgreVolume.so;debug;/usr/lib/x86_64-linux-gnu/libOgreVolume.so
[4.446s] -- Looking for OGRE_Overlay...
[4.446s] -- Found OGRE_Overlay: optimized;/usr/lib/x86_64-linux-gnu/libOgreOverlay.so;debug;/usr/lib/x86_64-linux-gnu/libOgreOverlay.so
[5.059s] -- Looking for ignition-math6 -- found version 6.15.1
[5.060s] -- Looking for ignition-transport8 -- found version 8.2.1
[5.060s] -- Searching for dependencies of ignition-transport8
[5.097s] -- Found Protobuf: /usr/lib/x86_64-linux-gnu/libprotobuf.so (found suitable version "3.12.4", minimum required is "3") 
[5.121s] -- Config-file not installed for ZeroMQ -- checking for pkg-config
[5.129s] -- Checking for module 'libzmq >= 4'
[5.169s] --   Found libzmq , version 4.3.4
[5.276s] -- Checking for module 'uuid'
[5.328s] --   Found uuid, version 2.37.2
[5.412s] -- Looking for ignition-msgs5 -- found version 5.8.1
[5.412s] -- Searching for dependencies of ignition-msgs5
[5.448s] -- Looking for ignition-math6 -- found version 6.15.1
[5.457s] -- Checking for module 'tinyxml2'
[5.508s] --   Found tinyxml2, version 9.0.0
[5.589s] -- Looking for ignition-msgs5 -- found version 5.8.1
[5.603s] -- Looking for ignition-common3 -- found version 3.14.0
[5.604s] -- Searching for dependencies of ignition-common3
[5.604s] -- Looking for dlfcn.h - found
[5.604s] -- Looking for libdl - found
[5.637s] -- Searching for <ignition-common3> component [graphics]
[5.675s] -- Looking for ignition-common3-graphics -- found version 3.14.0
[5.676s] -- Searching for dependencies of ignition-common3-graphics
[5.677s] -- Looking for ignition-math6 -- found version 6.15.1
[5.680s] -- Looking for ignition-fuel_tools4 -- found version 4.4.0
[5.680s] -- Searching for dependencies of ignition-fuel_tools4
[5.856s] -- Checking for module 'jsoncpp'
[5.894s] --   Found jsoncpp, version 1.9.5
[5.987s] -- Checking for module 'libzip'
[6.061s] --   Found libzip, version 1.7.3
[6.139s] -- Looking for ignition-common3 -- found version 3.14.0
[6.139s] -- Looking for ignition-math6 -- found version 6.15.1
[6.140s] -- Looking for ignition-msgs5 -- found version 5.8.1
[6.165s] -- Gazebo version: 11.10
[6.223s] -- Found gazebo_ros2_control: 0.4.9 (/opt/ros/humble/share/gazebo_ros2_control/cmake)
[7.284s] -- Found gazebo_ros_pkgs: 3.7.0 (/opt/ros/humble/share/gazebo_ros_pkgs/cmake)
[7.285s] -- Found ros2_control: 2.43.0 (/opt/ros/humble/share/ros2_control/cmake)
[7.285s] -- Found ros2_controllers: 2.37.2 (/opt/ros/humble/share/ros2_controllers/cmake)
[7.286s] -- Found mycobot_gazebo: 0.0.0 (/home/ctaylor71023/ros2_ws/install/mycobot_gazebo/share/mycobot_gazebo/cmake)
[7.346s] -- Found xacro: 2.0.8 (/opt/ros/humble/share/xacro/cmake)
[7.356s] -- Found moveit: 2.5.5 (/home/ctaylor71023/ws_moveit/install/moveit/share/moveit/cmake)
[7.356s] -- Found moveit_core: 2.5.5 (/home/ctaylor71023/ws_moveit/install/moveit_core/share/moveit_core/cmake)
[7.368s] -- Found Boost: /usr/lib/x86_64-linux-gnu/cmake/Boost-1.74.0/BoostConfig.cmake (found version "1.74.0") found components: chrono date_time filesystem iostreams program_options regex serialization system thread 
[7.405s] -- Found parameter_traits: 0.3.8 (/opt/ros/humble/share/parameter_traits/cmake)
[7.425s] -- Found Boost: /usr/lib/x86_64-linux-gnu/cmake/Boost-1.74.0/BoostConfig.cmake (found version "1.74.0") found components: filesystem 
[7.476s] -- library: /usr/lib/x86_64-linux-gnu/libcurl.so
[7.523s] -- Ensuring Eigen3 include directory is part of orocos-kdl CMake target
[8.766s] -- Found ament_lint_auto: 0.12.11 (/opt/ros/humble/share/ament_lint_auto/cmake)
[8.943s] -- Added test 'cppcheck' to perform static code analysis on C / C++ code
[8.944s] -- Configured cppcheck include dirs: /home/ctaylor71023/ros2_ws/src/ctaylor319_capstone/env_construction/dependencies;/home/ctaylor71023/ros2_ws/src/ctaylor319_capstone/env_construction/include/env_construction
[8.944s] -- Configured cppcheck exclude dirs and/or files: 
[8.945s] -- Added test 'lint_cmake' to check CMake code style
[8.946s] -- Added test 'uncrustify' to check C / C++ code style
[8.946s] -- Configured uncrustify additional arguments: 
[8.946s] -- Added test 'xmllint' to check XML markup files
[8.948s] -- Configuring done
[12.047s] -- Generating done
[12.052s] -- Build files have been written to: /home/ctaylor71023/ros2_ws/src/ctaylor319_capstone/build/env_construction
[12.070s] Invoked command in '/home/ctaylor71023/ros2_ws/src/ctaylor319_capstone/build/env_construction' returned '0': CMAKE_PREFIX_PATH=${CMAKE_PREFIX_PATH}:/home/ctaylor71023/ws_moveit/install/moveit_configs_utils:/home/ctaylor71023/ws_moveit/install/launch_param_builder:/home/ctaylor71023/turtlebot3_ws/install/py_subpub:/home/ctaylor71023/turtlebot3_ws/install/Crossfire_object_follower:/home/ctaylor71023/turtlebot3_ws/install/Crossfire_navigate_to_goal:/home/ctaylor71023/turtlebot3_ws/install/Crossfire_lab6:/home/ctaylor71023/turtlebot3_ws/install/Crossfire_lab5:/home/ctaylor71023/turtlebot3_ws/install/Crossfire_chase_object:/home/ctaylor71023/turtlebot3_ws/src/install/py_subpub:/home/ctaylor71023/turtlebot3_ws/src/install/Lab2:/home/ctaylor71023/turtlebot3_ws/src/install/Crossfire_object_follower:/home/ctaylor71023/turtlebot3_ws/src/install/Crossfire_navigate_to_goal:/home/ctaylor71023/turtlebot3_ws/src/install/Crossfire_lab6:/home/ctaylor71023/turtlebot3_ws/src/install/Crossfire_lab5:/home/ctaylor71023/turtlebot3_ws/src/install/Crossfire_chase_object:/opt/ros/humble /usr/bin/cmake /home/ctaylor71023/ros2_ws/src/ctaylor319_capstone/env_construction -DAMENT_CMAKE_SYMLINK_INSTALL=1 -DCMAKE_INSTALL_PREFIX=/home/ctaylor71023/ros2_ws/src/ctaylor319_capstone/install/env_construction
[12.073s] Invoking command in '/home/ctaylor71023/ros2_ws/src/ctaylor319_capstone/build/env_construction': CMAKE_PREFIX_PATH=${CMAKE_PREFIX_PATH}:/home/ctaylor71023/ws_moveit/install/moveit_configs_utils:/home/ctaylor71023/ws_moveit/install/launch_param_builder:/home/ctaylor71023/turtlebot3_ws/install/py_subpub:/home/ctaylor71023/turtlebot3_ws/install/Crossfire_object_follower:/home/ctaylor71023/turtlebot3_ws/install/Crossfire_navigate_to_goal:/home/ctaylor71023/turtlebot3_ws/install/Crossfire_lab6:/home/ctaylor71023/turtlebot3_ws/install/Crossfire_lab5:/home/ctaylor71023/turtlebot3_ws/install/Crossfire_chase_object:/home/ctaylor71023/turtlebot3_ws/src/install/py_subpub:/home/ctaylor71023/turtlebot3_ws/src/install/Lab2:/home/ctaylor71023/turtlebot3_ws/src/install/Crossfire_object_follower:/home/ctaylor71023/turtlebot3_ws/src/install/Crossfire_navigate_to_goal:/home/ctaylor71023/turtlebot3_ws/src/install/Crossfire_lab6:/home/ctaylor71023/turtlebot3_ws/src/install/Crossfire_lab5:/home/ctaylor71023/turtlebot3_ws/src/install/Crossfire_chase_object:/opt/ros/humble /usr/bin/cmake --build /home/ctaylor71023/ros2_ws/src/ctaylor319_capstone/build/env_construction -- -j8 -l8
[12.234s] [35m[1mConsolidate compiler generated dependencies of target raw_env_data_collect[0m
[12.269s] [100%] Built target raw_env_data_collect
[12.290s] Invoked command in '/home/ctaylor71023/ros2_ws/src/ctaylor319_capstone/build/env_construction' returned '0': CMAKE_PREFIX_PATH=${CMAKE_PREFIX_PATH}:/home/ctaylor71023/ws_moveit/install/moveit_configs_utils:/home/ctaylor71023/ws_moveit/install/launch_param_builder:/home/ctaylor71023/turtlebot3_ws/install/py_subpub:/home/ctaylor71023/turtlebot3_ws/install/Crossfire_object_follower:/home/ctaylor71023/turtlebot3_ws/install/Crossfire_navigate_to_goal:/home/ctaylor71023/turtlebot3_ws/install/Crossfire_lab6:/home/ctaylor71023/turtlebot3_ws/install/Crossfire_lab5:/home/ctaylor71023/turtlebot3_ws/install/Crossfire_chase_object:/home/ctaylor71023/turtlebot3_ws/src/install/py_subpub:/home/ctaylor71023/turtlebot3_ws/src/install/Lab2:/home/ctaylor71023/turtlebot3_ws/src/install/Crossfire_object_follower:/home/ctaylor71023/turtlebot3_ws/src/install/Crossfire_navigate_to_goal:/home/ctaylor71023/turtlebot3_ws/src/install/Crossfire_lab6:/home/ctaylor71023/turtlebot3_ws/src/install/Crossfire_lab5:/home/ctaylor71023/turtlebot3_ws/src/install/Crossfire_chase_object:/opt/ros/humble /usr/bin/cmake --build /home/ctaylor71023/ros2_ws/src/ctaylor319_capstone/build/env_construction -- -j8 -l8
[12.359s] Invoking command in '/home/ctaylor71023/ros2_ws/src/ctaylor319_capstone/build/env_construction': CMAKE_PREFIX_PATH=${CMAKE_PREFIX_PATH}:/home/ctaylor71023/ws_moveit/install/moveit_configs_utils:/home/ctaylor71023/ws_moveit/install/launch_param_builder:/home/ctaylor71023/turtlebot3_ws/install/py_subpub:/home/ctaylor71023/turtlebot3_ws/install/Crossfire_object_follower:/home/ctaylor71023/turtlebot3_ws/install/Crossfire_navigate_to_goal:/home/ctaylor71023/turtlebot3_ws/install/Crossfire_lab6:/home/ctaylor71023/turtlebot3_ws/install/Crossfire_lab5:/home/ctaylor71023/turtlebot3_ws/install/Crossfire_chase_object:/home/ctaylor71023/turtlebot3_ws/src/install/py_subpub:/home/ctaylor71023/turtlebot3_ws/src/install/Lab2:/home/ctaylor71023/turtlebot3_ws/src/install/Crossfire_object_follower:/home/ctaylor71023/turtlebot3_ws/src/install/Crossfire_navigate_to_goal:/home/ctaylor71023/turtlebot3_ws/src/install/Crossfire_lab6:/home/ctaylor71023/turtlebot3_ws/src/install/Crossfire_lab5:/home/ctaylor71023/turtlebot3_ws/src/install/Crossfire_chase_object:/opt/ros/humble /usr/bin/cmake --install /home/ctaylor71023/ros2_ws/src/ctaylor319_capstone/build/env_construction
[12.373s] -- Install configuration: ""
[12.374s] -- Execute custom install script
[12.374s] -- Symlinking: /home/ctaylor71023/ros2_ws/src/ctaylor319_capstone/install/env_construction/share/ament_index/resource_index/package_run_dependencies/env_construction
[12.411s] -- Symlinking: /home/ctaylor71023/ros2_ws/src/ctaylor319_capstone/install/env_construction/share/ament_index/resource_index/parent_prefix_path/env_construction
[12.451s] -- Symlinking: /home/ctaylor71023/ros2_ws/src/ctaylor319_capstone/install/env_construction/share/env_construction/environment/ament_prefix_path.sh
[12.470s] -- Symlinking: /home/ctaylor71023/ros2_ws/src/ctaylor319_capstone/install/env_construction/share/env_construction/environment/ament_prefix_path.dsv
[12.505s] -- Symlinking: /home/ctaylor71023/ros2_ws/src/ctaylor319_capstone/install/env_construction/share/env_construction/environment/path.sh
[12.522s] -- Symlinking: /home/ctaylor71023/ros2_ws/src/ctaylor319_capstone/install/env_construction/share/env_construction/environment/path.dsv
[12.539s] -- Symlinking: /home/ctaylor71023/ros2_ws/src/ctaylor319_capstone/install/env_construction/share/env_construction/local_setup.bash
[12.559s] -- Symlinking: /home/ctaylor71023/ros2_ws/src/ctaylor319_capstone/install/env_construction/share/env_construction/local_setup.sh
[12.575s] -- Symlinking: /home/ctaylor71023/ros2_ws/src/ctaylor319_capstone/install/env_construction/share/env_construction/local_setup.zsh
[12.590s] -- Symlinking: /home/ctaylor71023/ros2_ws/src/ctaylor319_capstone/install/env_construction/share/env_construction/local_setup.dsv
[12.606s] -- Symlinking: /home/ctaylor71023/ros2_ws/src/ctaylor319_capstone/install/env_construction/share/env_construction/package.dsv
[12.622s] -- Symlinking: /home/ctaylor71023/ros2_ws/src/ctaylor319_capstone/install/env_construction/share/ament_index/resource_index/packages/env_construction
[12.638s] -- Symlinking: /home/ctaylor71023/ros2_ws/src/ctaylor319_capstone/install/env_construction/share/env_construction/cmake/env_constructionConfig.cmake
[12.653s] -- Symlinking: /home/ctaylor71023/ros2_ws/src/ctaylor319_capstone/install/env_construction/share/env_construction/cmake/env_constructionConfig-version.cmake
[12.669s] -- Symlinking: /home/ctaylor71023/ros2_ws/src/ctaylor319_capstone/install/env_construction/share/env_construction/package.xml
[12.687s] Invoked command in '/home/ctaylor71023/ros2_ws/src/ctaylor319_capstone/build/env_construction' returned '0': CMAKE_PREFIX_PATH=${CMAKE_PREFIX_PATH}:/home/ctaylor71023/ws_moveit/install/moveit_configs_utils:/home/ctaylor71023/ws_moveit/install/launch_param_builder:/home/ctaylor71023/turtlebot3_ws/install/py_subpub:/home/ctaylor71023/turtlebot3_ws/install/Crossfire_object_follower:/home/ctaylor71023/turtlebot3_ws/install/Crossfire_navigate_to_goal:/home/ctaylor71023/turtlebot3_ws/install/Crossfire_lab6:/home/ctaylor71023/turtlebot3_ws/install/Crossfire_lab5:/home/ctaylor71023/turtlebot3_ws/install/Crossfire_chase_object:/home/ctaylor71023/turtlebot3_ws/src/install/py_subpub:/home/ctaylor71023/turtlebot3_ws/src/install/Lab2:/home/ctaylor71023/turtlebot3_ws/src/install/Crossfire_object_follower:/home/ctaylor71023/turtlebot3_ws/src/install/Crossfire_navigate_to_goal:/home/ctaylor71023/turtlebot3_ws/src/install/Crossfire_lab6:/home/ctaylor71023/turtlebot3_ws/src/install/Crossfire_lab5:/home/ctaylor71023/turtlebot3_ws/src/install/Crossfire_chase_object:/opt/ros/humble /usr/bin/cmake --install /home/ctaylor71023/ros2_ws/src/ctaylor319_capstone/build/env_construction
