[0.033s] Invoking command in '/home/ctaylor71023/ros2_ws/src/ctaylor319_capstone/build/robot_control': CMAKE_PREFIX_PATH=${CMAKE_PREFIX_PATH}:/home/ctaylor71023/ws_moveit/install/moveit_configs_utils:/home/ctaylor71023/ws_moveit/install/launch_param_builder:/home/ctaylor71023/turtlebot3_ws/install/py_subpub:/home/ctaylor71023/turtlebot3_ws/install/Crossfire_object_follower:/home/ctaylor71023/turtlebot3_ws/install/Crossfire_navigate_to_goal:/home/ctaylor71023/turtlebot3_ws/install/Crossfire_lab6:/home/ctaylor71023/turtlebot3_ws/install/Crossfire_lab5:/home/ctaylor71023/turtlebot3_ws/install/Crossfire_chase_object:/home/ctaylor71023/turtlebot3_ws/src/install/py_subpub:/home/ctaylor71023/turtlebot3_ws/src/install/Lab2:/home/ctaylor71023/turtlebot3_ws/src/install/Crossfire_object_follower:/home/ctaylor71023/turtlebot3_ws/src/install/Crossfire_navigate_to_goal:/home/ctaylor71023/turtlebot3_ws/src/install/Crossfire_lab6:/home/ctaylor71023/turtlebot3_ws/src/install/Crossfire_lab5:/home/ctaylor71023/turtlebot3_ws/src/install/Crossfire_chase_object:/opt/ros/humble /usr/bin/cmake --build /home/ctaylor71023/ros2_ws/src/ctaylor319_capstone/build/robot_control -- -j8 -l8
[0.076s] -- Found ament_cmake: 1.3.10 (/opt/ros/humble/share/ament_cmake/cmake)
[0.285s] -- Found rclcpp: 16.0.10 (/opt/ros/humble/share/rclcpp/cmake)
[0.321s] -- Found rosidl_generator_c: 3.1.5 (/opt/ros/humble/share/rosidl_generator_c/cmake)
[0.324s] -- Found rosidl_adapter: 3.1.5 (/opt/ros/humble/share/rosidl_adapter/cmake)
[0.330s] -- Found rosidl_generator_cpp: 3.1.5 (/opt/ros/humble/share/rosidl_generator_cpp/cmake)
[0.342s] -- Using all available rosidl_typesupport_c: rosidl_typesupport_fastrtps_c;rosidl_typesupport_introspection_c
[0.356s] -- Using all available rosidl_typesupport_cpp: rosidl_typesupport_fastrtps_cpp;rosidl_typesupport_introspection_cpp
[0.393s] -- Found rmw_implementation_cmake: 6.1.2 (/opt/ros/humble/share/rmw_implementation_cmake/cmake)
[0.398s] -- Found rmw_fastrtps_cpp: 6.2.7 (/opt/ros/humble/share/rmw_fastrtps_cpp/cmake)
[0.548s] -- Using RMW implementation 'rmw_fastrtps_cpp' as default
[0.599s] -- Found gazebo_ros: 3.7.0 (/opt/ros/humble/share/gazebo_ros/cmake)
[0.632s] -- Found DART: /usr/include (Required is at least version "6.6") found components: dart 
[0.650s] -- Found Boost: /usr/lib/x86_64-linux-gnu/cmake/Boost-1.74.0/BoostConfig.cmake (found suitable version "1.74.0", minimum required is "1.40.0") found components: thread system filesystem program_options regex iostreams date_time 
[0.660s] -- Found Protobuf: /usr/lib/x86_64-linux-gnu/libprotobuf.so (found version "3.12.4") 
[0.662s] -- Looking for ignition-math6 -- found version 6.15.1
[0.666s] -- Searching for dependencies of ignition-math6
[0.668s] -- Looking for OGRE...
[0.674s] -- Found Ogre Ghadamon (1.9.0)
[0.675s] -- Found OGRE: optimized;/usr/lib/x86_64-linux-gnu/libOgreMain.so;debug;/usr/lib/x86_64-linux-gnu/libOgreMain.so
[0.684s] -- Looking for OGRE_Paging...
[0.684s] -- Found OGRE_Paging: optimized;/usr/lib/x86_64-linux-gnu/libOgrePaging.so;debug;/usr/lib/x86_64-linux-gnu/libOgrePaging.so
[0.684s] -- Looking for OGRE_Terrain...
[0.684s] -- Found OGRE_Terrain: optimized;/usr/lib/x86_64-linux-gnu/libOgreTerrain.so;debug;/usr/lib/x86_64-linux-gnu/libOgreTerrain.so
[0.685s] -- Looking for OGRE_Property...
[0.685s] -- Found OGRE_Property: optimized;/usr/lib/x86_64-linux-gnu/libOgreProperty.so;debug;/usr/lib/x86_64-linux-gnu/libOgreProperty.so
[0.685s] -- Looking for OGRE_RTShaderSystem...
[0.685s] -- Found OGRE_RTShaderSystem: optimized;/usr/lib/x86_64-linux-gnu/libOgreRTShaderSystem.so;debug;/usr/lib/x86_64-linux-gnu/libOgreRTShaderSystem.so
[0.685s] -- Looking for OGRE_Volume...
[0.685s] -- Found OGRE_Volume: optimized;/usr/lib/x86_64-linux-gnu/libOgreVolume.so;debug;/usr/lib/x86_64-linux-gnu/libOgreVolume.so
[0.685s] -- Looking for OGRE_Overlay...
[0.686s] -- Found OGRE_Overlay: optimized;/usr/lib/x86_64-linux-gnu/libOgreOverlay.so;debug;/usr/lib/x86_64-linux-gnu/libOgreOverlay.so
[1.001s] -- Looking for ignition-math6 -- found version 6.15.1
[1.001s] -- Looking for ignition-transport8 -- found version 8.2.1
[1.002s] -- Searching for dependencies of ignition-transport8
[1.031s] -- Found Protobuf: /usr/lib/x86_64-linux-gnu/libprotobuf.so (found suitable version "3.12.4", minimum required is "3") 
[1.050s] -- Config-file not installed for ZeroMQ -- checking for pkg-config
[1.057s] -- Checking for module 'libzmq >= 4'
[1.079s] --   Found libzmq , version 4.3.4
[1.138s] -- Checking for module 'uuid'
[1.160s] --   Found uuid, version 2.37.2
[1.217s] -- Looking for ignition-msgs5 -- found version 5.8.1
[1.217s] -- Searching for dependencies of ignition-msgs5
[1.246s] -- Looking for ignition-math6 -- found version 6.15.1
[1.253s] -- Checking for module 'tinyxml2'
[1.275s] --   Found tinyxml2, version 9.0.0
[1.332s] -- Looking for ignition-msgs5 -- found version 5.8.1
[1.332s] -- Looking for ignition-common3 -- found version 3.14.0
[1.333s] -- Searching for dependencies of ignition-common3
[1.333s] -- Looking for dlfcn.h - found
[1.333s] -- Looking for libdl - found
[1.349s] -- Searching for <ignition-common3> component [graphics]
[1.349s] -- Looking for ignition-common3-graphics -- found version 3.14.0
[1.350s] -- Searching for dependencies of ignition-common3-graphics
[1.350s] -- Looking for ignition-math6 -- found version 6.15.1
[1.351s] -- Looking for ignition-fuel_tools4 -- found version 4.4.0
[1.352s] -- Searching for dependencies of ignition-fuel_tools4
[1.412s] -- Checking for module 'jsoncpp'
[1.435s] --   Found jsoncpp, version 1.9.5
[1.489s] -- Checking for module 'libzip'
[1.513s] --   Found libzip, version 1.7.3
[1.562s] -- Looking for ignition-common3 -- found version 3.14.0
[1.563s] -- Looking for ignition-math6 -- found version 6.15.1
[1.563s] -- Looking for ignition-msgs5 -- found version 5.8.1
[1.565s] -- Gazebo version: 11.10
[1.566s] -- Found gazebo_ros2_control: 0.4.9 (/opt/ros/humble/share/gazebo_ros2_control/cmake)
[1.747s] -- Found gazebo_ros_pkgs: 3.7.0 (/opt/ros/humble/share/gazebo_ros_pkgs/cmake)
[1.747s] -- Found ros2_control: 2.43.0 (/opt/ros/humble/share/ros2_control/cmake)
[1.747s] -- Found ros2_controllers: 2.37.2 (/opt/ros/humble/share/ros2_controllers/cmake)
[1.748s] -- Found mycobot_gazebo: 0.0.0 (/home/ctaylor71023/ros2_ws/install/mycobot_gazebo/share/mycobot_gazebo/cmake)
[1.748s] -- Found xacro: 2.0.8 (/opt/ros/humble/share/xacro/cmake)
[1.749s] -- Found moveit: 2.5.5 (/home/ctaylor71023/ws_moveit/install/moveit/share/moveit/cmake)
[1.749s] -- Found moveit_core: 2.5.5 (/home/ctaylor71023/ws_moveit/install/moveit_core/share/moveit_core/cmake)
[1.756s] -- Found Boost: /usr/lib/x86_64-linux-gnu/cmake/Boost-1.74.0/BoostConfig.cmake (found version "1.74.0") found components: chrono date_time filesystem iostreams program_options regex serialization system thread 
[1.786s] -- Found parameter_traits: 0.3.8 (/opt/ros/humble/share/parameter_traits/cmake)
[1.798s] -- Found Boost: /usr/lib/x86_64-linux-gnu/cmake/Boost-1.74.0/BoostConfig.cmake (found version "1.74.0") found components: filesystem 
[1.843s] -- library: /usr/lib/x86_64-linux-gnu/libcurl.so
[1.882s] -- Ensuring Eigen3 include directory is part of orocos-kdl CMake target
[2.023s] [31mCMake Error at CMakeLists.txt:46 (target_link_directories):
[2.023s]   Cannot specify link directories for target
[2.023s]   "/opt/ros/humble/lib/x86_64-linux-gnu/liboctomap.so" which is not built by
[2.023s]   this project.
[2.023s] 
[2.024s] [0m
[2.227s] -- Found ament_lint_auto: 0.12.11 (/opt/ros/humble/share/ament_lint_auto/cmake)
[2.306s] -- Added test 'cppcheck' to perform static code analysis on C / C++ code
[2.307s] -- Configured cppcheck include dirs: /home/ctaylor71023/ros2_ws/src/ctaylor319_capstone/robot_control/dependencies;/home/ctaylor71023/ros2_ws/src/ctaylor319_capstone/robot_control/include/robot_control
[2.307s] -- Configured cppcheck exclude dirs and/or files: 
[2.308s] -- Added test 'lint_cmake' to check CMake code style
[2.309s] -- Added test 'uncrustify' to check C / C++ code style
[2.309s] -- Configured uncrustify additional arguments: 
[2.310s] -- Added test 'xmllint' to check XML markup files
[2.310s] -- Configuring incomplete, errors occurred!
[2.311s] See also "/home/ctaylor71023/ros2_ws/src/ctaylor319_capstone/build/robot_control/CMakeFiles/CMakeOutput.log".
[2.324s] gmake: *** [Makefile:308: cmake_check_build_system] Error 1
[2.326s] Invoked command in '/home/ctaylor71023/ros2_ws/src/ctaylor319_capstone/build/robot_control' returned '2': CMAKE_PREFIX_PATH=${CMAKE_PREFIX_PATH}:/home/ctaylor71023/ws_moveit/install/moveit_configs_utils:/home/ctaylor71023/ws_moveit/install/launch_param_builder:/home/ctaylor71023/turtlebot3_ws/install/py_subpub:/home/ctaylor71023/turtlebot3_ws/install/Crossfire_object_follower:/home/ctaylor71023/turtlebot3_ws/install/Crossfire_navigate_to_goal:/home/ctaylor71023/turtlebot3_ws/install/Crossfire_lab6:/home/ctaylor71023/turtlebot3_ws/install/Crossfire_lab5:/home/ctaylor71023/turtlebot3_ws/install/Crossfire_chase_object:/home/ctaylor71023/turtlebot3_ws/src/install/py_subpub:/home/ctaylor71023/turtlebot3_ws/src/install/Lab2:/home/ctaylor71023/turtlebot3_ws/src/install/Crossfire_object_follower:/home/ctaylor71023/turtlebot3_ws/src/install/Crossfire_navigate_to_goal:/home/ctaylor71023/turtlebot3_ws/src/install/Crossfire_lab6:/home/ctaylor71023/turtlebot3_ws/src/install/Crossfire_lab5:/home/ctaylor71023/turtlebot3_ws/src/install/Crossfire_chase_object:/opt/ros/humble /usr/bin/cmake --build /home/ctaylor71023/ros2_ws/src/ctaylor319_capstone/build/robot_control -- -j8 -l8
