[0.073s] Invoking command in '/home/ctaylor71023/ros2_ws/src/ctaylor319_capstone/build/motion_planning': CMAKE_PREFIX_PATH=${CMAKE_PREFIX_PATH}:/home/ctaylor71023/ws_moveit/install/moveit_configs_utils:/home/ctaylor71023/ws_moveit/install/launch_param_builder:/home/ctaylor71023/turtlebot3_ws/install/py_subpub:/home/ctaylor71023/turtlebot3_ws/install/Crossfire_object_follower:/home/ctaylor71023/turtlebot3_ws/install/Crossfire_navigate_to_goal:/home/ctaylor71023/turtlebot3_ws/install/Crossfire_lab6:/home/ctaylor71023/turtlebot3_ws/install/Crossfire_lab5:/home/ctaylor71023/turtlebot3_ws/install/Crossfire_chase_object:/home/ctaylor71023/turtlebot3_ws/src/install/py_subpub:/home/ctaylor71023/turtlebot3_ws/src/install/Lab2:/home/ctaylor71023/turtlebot3_ws/src/install/Crossfire_object_follower:/home/ctaylor71023/turtlebot3_ws/src/install/Crossfire_navigate_to_goal:/home/ctaylor71023/turtlebot3_ws/src/install/Crossfire_lab6:/home/ctaylor71023/turtlebot3_ws/src/install/Crossfire_lab5:/home/ctaylor71023/turtlebot3_ws/src/install/Crossfire_chase_object:/opt/ros/humble /usr/bin/cmake /home/ctaylor71023/ros2_ws/src/ctaylor319_capstone/motion_planning -DCMAKE_INSTALL_PREFIX=/home/ctaylor71023/ros2_ws/src/ctaylor319_capstone/install/motion_planning
[0.249s] -- The C compiler identification is GNU 11.4.0
[0.422s] -- The CXX compiler identification is GNU 11.4.0
[0.440s] -- Detecting C compiler ABI info
[0.648s] -- Detecting C compiler ABI info - done
[0.674s] -- Check for working C compiler: /usr/bin/cc - skipped
[0.675s] -- Detecting C compile features
[0.676s] -- Detecting C compile features - done
[0.686s] -- Detecting CXX compiler ABI info
[0.928s] -- Detecting CXX compiler ABI info - done
[0.949s] -- Check for working CXX compiler: /usr/bin/c++ - skipped
[0.949s] -- Detecting CXX compile features
[0.950s] -- Detecting CXX compile features - done
[0.975s] -- Found ament_cmake: 1.3.10 (/opt/ros/humble/share/ament_cmake/cmake)
[1.590s] -- Found Python3: /usr/bin/python3 (found version "3.10.12") found components: Interpreter 
[2.137s] -- Found rclcpp: 16.0.10 (/opt/ros/humble/share/rclcpp/cmake)
[2.569s] -- Found rosidl_generator_c: 3.1.5 (/opt/ros/humble/share/rosidl_generator_c/cmake)
[2.643s] -- Found rosidl_adapter: 3.1.5 (/opt/ros/humble/share/rosidl_adapter/cmake)
[2.720s] -- Found rosidl_generator_cpp: 3.1.5 (/opt/ros/humble/share/rosidl_generator_cpp/cmake)
[2.833s] -- Using all available rosidl_typesupport_c: rosidl_typesupport_fastrtps_c;rosidl_typesupport_introspection_c
[2.975s] -- Using all available rosidl_typesupport_cpp: rosidl_typesupport_fastrtps_cpp;rosidl_typesupport_introspection_cpp
[3.401s] -- Found rmw_implementation_cmake: 6.1.2 (/opt/ros/humble/share/rmw_implementation_cmake/cmake)
[3.452s] -- Found rmw_fastrtps_cpp: 6.2.7 (/opt/ros/humble/share/rmw_fastrtps_cpp/cmake)
[3.940s] -- Found OpenSSL: /usr/lib/x86_64-linux-gnu/libcrypto.so (found version "3.0.2")  
[4.058s] -- Found FastRTPS: /opt/ros/humble/include  
[4.257s] -- Using RMW implementation 'rmw_fastrtps_cpp' as default
[4.372s] -- Looking for pthread.h
[4.690s] -- Looking for pthread.h - found
[4.692s] -- Performing Test CMAKE_HAVE_LIBC_PTHREAD
[4.998s] -- Performing Test CMAKE_HAVE_LIBC_PTHREAD - Success
[5.001s] -- Found Threads: TRUE  
[5.352s] -- Found gazebo_ros: 3.7.0 (/opt/ros/humble/share/gazebo_ros/cmake)
[5.447s] -- Found PkgConfig: /usr/bin/pkg-config (found version "0.29.2") 
[5.450s] -- Checking for module 'bullet>=2.82'
[5.525s] --   Found bullet, version 3.05
[6.167s] -- Found fcl: /usr/include (found suitable version "0.7.0", minimum required is "0.5.0") 
[6.419s] -- Found assimp: /usr/include (found version "5.2.0") 
[6.596s] -- Found DART: /usr/include (Required is at least version "6.6") found components: dart 
[6.868s] -- Found Boost: /usr/lib/x86_64-linux-gnu/cmake/Boost-1.74.0/BoostConfig.cmake (found suitable version "1.74.0", minimum required is "1.40.0") found components: thread system filesystem program_options regex iostreams date_time 
[6.959s] -- Found Protobuf: /usr/lib/x86_64-linux-gnu/libprotobuf.so (found version "3.12.4") 
[7.024s] -- Looking for ignition-math6 -- found version 6.15.1
[7.068s] -- Searching for dependencies of ignition-math6
[7.074s] -- Looking for OGRE...
[7.076s] -- OGRE_PREFIX_WATCH changed.
[7.095s] -- Checking for module 'OGRE'
[7.174s] --   Found OGRE, version 1.9.0
[7.334s] -- Found Ogre Ghadamon (1.9.0)
[7.386s] -- Found OGRE: optimized;/usr/lib/x86_64-linux-gnu/libOgreMain.so;debug;/usr/lib/x86_64-linux-gnu/libOgreMain.so
[7.417s] -- Looking for OGRE_Paging...
[7.474s] -- Found OGRE_Paging: optimized;/usr/lib/x86_64-linux-gnu/libOgrePaging.so;debug;/usr/lib/x86_64-linux-gnu/libOgrePaging.so
[7.475s] -- Looking for OGRE_Terrain...
[7.524s] -- Found OGRE_Terrain: optimized;/usr/lib/x86_64-linux-gnu/libOgreTerrain.so;debug;/usr/lib/x86_64-linux-gnu/libOgreTerrain.so
[7.524s] -- Looking for OGRE_Property...
[7.575s] -- Found OGRE_Property: optimized;/usr/lib/x86_64-linux-gnu/libOgreProperty.so;debug;/usr/lib/x86_64-linux-gnu/libOgreProperty.so
[7.576s] -- Looking for OGRE_RTShaderSystem...
[7.625s] -- Found OGRE_RTShaderSystem: optimized;/usr/lib/x86_64-linux-gnu/libOgreRTShaderSystem.so;debug;/usr/lib/x86_64-linux-gnu/libOgreRTShaderSystem.so
[7.626s] -- Looking for OGRE_Volume...
[7.675s] -- Found OGRE_Volume: optimized;/usr/lib/x86_64-linux-gnu/libOgreVolume.so;debug;/usr/lib/x86_64-linux-gnu/libOgreVolume.so
[7.676s] -- Looking for OGRE_Overlay...
[7.727s] -- Found OGRE_Overlay: optimized;/usr/lib/x86_64-linux-gnu/libOgreOverlay.so;debug;/usr/lib/x86_64-linux-gnu/libOgreOverlay.so
[8.945s] -- Looking for ignition-math6 -- found version 6.15.1
[8.979s] -- Looking for ignition-transport8 -- found version 8.2.1
[8.980s] -- Searching for dependencies of ignition-transport8
[9.067s] -- Found Protobuf: /usr/lib/x86_64-linux-gnu/libprotobuf.so (found suitable version "3.12.4", minimum required is "3") 
[9.125s] -- Config-file not installed for ZeroMQ -- checking for pkg-config
[9.146s] -- Checking for module 'libzmq >= 4'
[9.222s] --   Found libzmq , version 4.3.4
[9.408s] -- Found ZeroMQ: TRUE (Required is at least version "4") 
[9.431s] -- Checking for module 'uuid'
[9.514s] --   Found uuid, version 2.37.2
[9.673s] -- Found UUID: TRUE  
[9.707s] -- Looking for ignition-msgs5 -- found version 5.8.1
[9.708s] -- Searching for dependencies of ignition-msgs5
[9.802s] -- Looking for ignition-math6 -- found version 6.15.1
[9.825s] -- Checking for module 'tinyxml2'
[9.903s] --   Found tinyxml2, version 9.0.0
[10.065s] -- Looking for ignition-msgs5 -- found version 5.8.1
[10.099s] -- Looking for ignition-common3 -- found version 3.14.0
[10.101s] -- Searching for dependencies of ignition-common3
[10.103s] -- Looking for dlfcn.h - found
[10.108s] -- Looking for libdl - found
[10.114s] -- Found DL: TRUE  
[10.181s] -- Found tinyobjloader: /usr/lib/x86_64-linux-gnu/cmake/tinyobjloader/tinyobjloader-config.cmake (found version "2.0.0") 
[10.183s] -- Searching for <ignition-common3> component [graphics]
[10.215s] -- Looking for ignition-common3-graphics -- found version 3.14.0
[10.216s] -- Searching for dependencies of ignition-common3-graphics
[10.218s] -- Looking for ignition-math6 -- found version 6.15.1
[10.256s] -- Looking for ignition-fuel_tools4 -- found version 4.4.0
[10.257s] -- Searching for dependencies of ignition-fuel_tools4
[10.660s] -- Found CURL: /usr/lib/x86_64-linux-gnu/libcurl.so (found version "7.81.0")  
[10.728s] -- Checking for module 'jsoncpp'
[10.807s] --   Found jsoncpp, version 1.9.5
[10.970s] -- Found JSONCPP: TRUE  
[10.992s] -- Checking for module 'libzip'
[11.069s] --   Found libzip, version 1.7.3
[11.226s] -- Found ZIP: TRUE  
[11.228s] -- Looking for ignition-common3 -- found version 3.14.0
[11.232s] -- Looking for ignition-math6 -- found version 6.15.1
[11.232s] -- Looking for ignition-msgs5 -- found version 5.8.1
[11.270s] -- Gazebo version: 11.10
[11.271s] -- Checking for module 'tbb'
[11.346s] --   Found tbb, version 2021.5.0
[11.546s] -- Found gazebo_ros_pkgs: 3.7.0 (/opt/ros/humble/share/gazebo_ros_pkgs/cmake)
[11.587s] -- Found ros2_control: 2.43.0 (/opt/ros/humble/share/ros2_control/cmake)
[11.626s] -- Found ros2_controllers: 2.37.2 (/opt/ros/humble/share/ros2_controllers/cmake)
[11.667s] -- Found trajectory_msgs: 4.2.4 (/opt/ros/humble/share/trajectory_msgs/cmake)
[11.830s] -- Found moveit: 2.5.5 (/home/ctaylor71023/ws_moveit/install/moveit/share/moveit/cmake)
[11.848s] -- Found moveit_core: 2.5.5 (/home/ctaylor71023/ws_moveit/install/moveit_core/share/moveit_core/cmake)
[11.952s] -- Found Boost: /usr/lib/x86_64-linux-gnu/cmake/Boost-1.74.0/BoostConfig.cmake (found version "1.74.0") found components: chrono date_time filesystem iostreams program_options regex serialization system thread 
[12.384s] -- Found parameter_traits: 0.3.8 (/opt/ros/humble/share/parameter_traits/cmake)
[12.532s] -- Found Eigen3: TRUE (found version "3.4.0") 
[12.579s] -- Found rclcpp_lifecycle: 16.0.10 (/opt/ros/humble/share/rclcpp_lifecycle/cmake)
[12.778s] -- Found Boost: /usr/lib/x86_64-linux-gnu/cmake/Boost-1.74.0/BoostConfig.cmake (found version "1.74.0") found components: filesystem 
[13.189s] -- library: /usr/lib/x86_64-linux-gnu/libcurl.so
[13.719s] -- Ensuring Eigen3 include directory is part of orocos-kdl CMake target
[15.443s] -- Found ament_lint_auto: 0.12.11 (/opt/ros/humble/share/ament_lint_auto/cmake)
[15.946s] -- Added test 'lint_cmake' to check CMake code style
[15.954s] -- Added test 'xmllint' to check XML markup files
[15.968s] -- Configuring done
[15.993s] -- Generating done
[16.003s] -- Build files have been written to: /home/ctaylor71023/ros2_ws/src/ctaylor319_capstone/build/motion_planning
[16.064s] Invoked command in '/home/ctaylor71023/ros2_ws/src/ctaylor319_capstone/build/motion_planning' returned '0': CMAKE_PREFIX_PATH=${CMAKE_PREFIX_PATH}:/home/ctaylor71023/ws_moveit/install/moveit_configs_utils:/home/ctaylor71023/ws_moveit/install/launch_param_builder:/home/ctaylor71023/turtlebot3_ws/install/py_subpub:/home/ctaylor71023/turtlebot3_ws/install/Crossfire_object_follower:/home/ctaylor71023/turtlebot3_ws/install/Crossfire_navigate_to_goal:/home/ctaylor71023/turtlebot3_ws/install/Crossfire_lab6:/home/ctaylor71023/turtlebot3_ws/install/Crossfire_lab5:/home/ctaylor71023/turtlebot3_ws/install/Crossfire_chase_object:/home/ctaylor71023/turtlebot3_ws/src/install/py_subpub:/home/ctaylor71023/turtlebot3_ws/src/install/Lab2:/home/ctaylor71023/turtlebot3_ws/src/install/Crossfire_object_follower:/home/ctaylor71023/turtlebot3_ws/src/install/Crossfire_navigate_to_goal:/home/ctaylor71023/turtlebot3_ws/src/install/Crossfire_lab6:/home/ctaylor71023/turtlebot3_ws/src/install/Crossfire_lab5:/home/ctaylor71023/turtlebot3_ws/src/install/Crossfire_chase_object:/opt/ros/humble /usr/bin/cmake /home/ctaylor71023/ros2_ws/src/ctaylor319_capstone/motion_planning -DCMAKE_INSTALL_PREFIX=/home/ctaylor71023/ros2_ws/src/ctaylor319_capstone/install/motion_planning
[16.068s] Invoking command in '/home/ctaylor71023/ros2_ws/src/ctaylor319_capstone/build/motion_planning': CMAKE_PREFIX_PATH=${CMAKE_PREFIX_PATH}:/home/ctaylor71023/ws_moveit/install/moveit_configs_utils:/home/ctaylor71023/ws_moveit/install/launch_param_builder:/home/ctaylor71023/turtlebot3_ws/install/py_subpub:/home/ctaylor71023/turtlebot3_ws/install/Crossfire_object_follower:/home/ctaylor71023/turtlebot3_ws/install/Crossfire_navigate_to_goal:/home/ctaylor71023/turtlebot3_ws/install/Crossfire_lab6:/home/ctaylor71023/turtlebot3_ws/install/Crossfire_lab5:/home/ctaylor71023/turtlebot3_ws/install/Crossfire_chase_object:/home/ctaylor71023/turtlebot3_ws/src/install/py_subpub:/home/ctaylor71023/turtlebot3_ws/src/install/Lab2:/home/ctaylor71023/turtlebot3_ws/src/install/Crossfire_object_follower:/home/ctaylor71023/turtlebot3_ws/src/install/Crossfire_navigate_to_goal:/home/ctaylor71023/turtlebot3_ws/src/install/Crossfire_lab6:/home/ctaylor71023/turtlebot3_ws/src/install/Crossfire_lab5:/home/ctaylor71023/turtlebot3_ws/src/install/Crossfire_chase_object:/opt/ros/humble /usr/bin/cmake --build /home/ctaylor71023/ros2_ws/src/ctaylor319_capstone/build/motion_planning -- -j8 -l8
[16.242s] Invoked command in '/home/ctaylor71023/ros2_ws/src/ctaylor319_capstone/build/motion_planning' returned '0': CMAKE_PREFIX_PATH=${CMAKE_PREFIX_PATH}:/home/ctaylor71023/ws_moveit/install/moveit_configs_utils:/home/ctaylor71023/ws_moveit/install/launch_param_builder:/home/ctaylor71023/turtlebot3_ws/install/py_subpub:/home/ctaylor71023/turtlebot3_ws/install/Crossfire_object_follower:/home/ctaylor71023/turtlebot3_ws/install/Crossfire_navigate_to_goal:/home/ctaylor71023/turtlebot3_ws/install/Crossfire_lab6:/home/ctaylor71023/turtlebot3_ws/install/Crossfire_lab5:/home/ctaylor71023/turtlebot3_ws/install/Crossfire_chase_object:/home/ctaylor71023/turtlebot3_ws/src/install/py_subpub:/home/ctaylor71023/turtlebot3_ws/src/install/Lab2:/home/ctaylor71023/turtlebot3_ws/src/install/Crossfire_object_follower:/home/ctaylor71023/turtlebot3_ws/src/install/Crossfire_navigate_to_goal:/home/ctaylor71023/turtlebot3_ws/src/install/Crossfire_lab6:/home/ctaylor71023/turtlebot3_ws/src/install/Crossfire_lab5:/home/ctaylor71023/turtlebot3_ws/src/install/Crossfire_chase_object:/opt/ros/humble /usr/bin/cmake --build /home/ctaylor71023/ros2_ws/src/ctaylor319_capstone/build/motion_planning -- -j8 -l8
[16.357s] Invoking command in '/home/ctaylor71023/ros2_ws/src/ctaylor319_capstone/build/motion_planning': CMAKE_PREFIX_PATH=${CMAKE_PREFIX_PATH}:/home/ctaylor71023/ws_moveit/install/moveit_configs_utils:/home/ctaylor71023/ws_moveit/install/launch_param_builder:/home/ctaylor71023/turtlebot3_ws/install/py_subpub:/home/ctaylor71023/turtlebot3_ws/install/Crossfire_object_follower:/home/ctaylor71023/turtlebot3_ws/install/Crossfire_navigate_to_goal:/home/ctaylor71023/turtlebot3_ws/install/Crossfire_lab6:/home/ctaylor71023/turtlebot3_ws/install/Crossfire_lab5:/home/ctaylor71023/turtlebot3_ws/install/Crossfire_chase_object:/home/ctaylor71023/turtlebot3_ws/src/install/py_subpub:/home/ctaylor71023/turtlebot3_ws/src/install/Lab2:/home/ctaylor71023/turtlebot3_ws/src/install/Crossfire_object_follower:/home/ctaylor71023/turtlebot3_ws/src/install/Crossfire_navigate_to_goal:/home/ctaylor71023/turtlebot3_ws/src/install/Crossfire_lab6:/home/ctaylor71023/turtlebot3_ws/src/install/Crossfire_lab5:/home/ctaylor71023/turtlebot3_ws/src/install/Crossfire_chase_object:/opt/ros/humble /usr/bin/cmake --install /home/ctaylor71023/ros2_ws/src/ctaylor319_capstone/build/motion_planning
[16.386s] -- Install configuration: ""
[16.386s] -- Installing: /home/ctaylor71023/ros2_ws/src/ctaylor319_capstone/install/motion_planning/share/ament_index/resource_index/package_run_dependencies/motion_planning
[16.387s] -- Installing: /home/ctaylor71023/ros2_ws/src/ctaylor319_capstone/install/motion_planning/share/ament_index/resource_index/parent_prefix_path/motion_planning
[16.387s] -- Installing: /home/ctaylor71023/ros2_ws/src/ctaylor319_capstone/install/motion_planning/share/motion_planning/environment/ament_prefix_path.sh
[16.388s] -- Installing: /home/ctaylor71023/ros2_ws/src/ctaylor319_capstone/install/motion_planning/share/motion_planning/environment/ament_prefix_path.dsv
[16.388s] -- Installing: /home/ctaylor71023/ros2_ws/src/ctaylor319_capstone/install/motion_planning/share/motion_planning/environment/path.sh
[16.388s] -- Installing: /home/ctaylor71023/ros2_ws/src/ctaylor319_capstone/install/motion_planning/share/motion_planning/environment/path.dsv
[16.389s] -- Installing: /home/ctaylor71023/ros2_ws/src/ctaylor319_capstone/install/motion_planning/share/motion_planning/local_setup.bash
[16.389s] -- Installing: /home/ctaylor71023/ros2_ws/src/ctaylor319_capstone/install/motion_planning/share/motion_planning/local_setup.sh
[16.389s] -- Installing: /home/ctaylor71023/ros2_ws/src/ctaylor319_capstone/install/motion_planning/share/motion_planning/local_setup.zsh
[16.389s] -- Installing: /home/ctaylor71023/ros2_ws/src/ctaylor319_capstone/install/motion_planning/share/motion_planning/local_setup.dsv
[16.390s] -- Installing: /home/ctaylor71023/ros2_ws/src/ctaylor319_capstone/install/motion_planning/share/motion_planning/package.dsv
[16.390s] -- Installing: /home/ctaylor71023/ros2_ws/src/ctaylor319_capstone/install/motion_planning/share/ament_index/resource_index/packages/motion_planning
[16.391s] -- Installing: /home/ctaylor71023/ros2_ws/src/ctaylor319_capstone/install/motion_planning/share/motion_planning/cmake/motion_planningConfig.cmake
[16.391s] -- Installing: /home/ctaylor71023/ros2_ws/src/ctaylor319_capstone/install/motion_planning/share/motion_planning/cmake/motion_planningConfig-version.cmake
[16.391s] -- Installing: /home/ctaylor71023/ros2_ws/src/ctaylor319_capstone/install/motion_planning/share/motion_planning/package.xml
[16.398s] Invoked command in '/home/ctaylor71023/ros2_ws/src/ctaylor319_capstone/build/motion_planning' returned '0': CMAKE_PREFIX_PATH=${CMAKE_PREFIX_PATH}:/home/ctaylor71023/ws_moveit/install/moveit_configs_utils:/home/ctaylor71023/ws_moveit/install/launch_param_builder:/home/ctaylor71023/turtlebot3_ws/install/py_subpub:/home/ctaylor71023/turtlebot3_ws/install/Crossfire_object_follower:/home/ctaylor71023/turtlebot3_ws/install/Crossfire_navigate_to_goal:/home/ctaylor71023/turtlebot3_ws/install/Crossfire_lab6:/home/ctaylor71023/turtlebot3_ws/install/Crossfire_lab5:/home/ctaylor71023/turtlebot3_ws/install/Crossfire_chase_object:/home/ctaylor71023/turtlebot3_ws/src/install/py_subpub:/home/ctaylor71023/turtlebot3_ws/src/install/Lab2:/home/ctaylor71023/turtlebot3_ws/src/install/Crossfire_object_follower:/home/ctaylor71023/turtlebot3_ws/src/install/Crossfire_navigate_to_goal:/home/ctaylor71023/turtlebot3_ws/src/install/Crossfire_lab6:/home/ctaylor71023/turtlebot3_ws/src/install/Crossfire_lab5:/home/ctaylor71023/turtlebot3_ws/src/install/Crossfire_chase_object:/opt/ros/humble /usr/bin/cmake --install /home/ctaylor71023/ros2_ws/src/ctaylor319_capstone/build/motion_planning
