-- The C compiler identification is GNU 11.4.0
-- The CXX compiler identification is GNU 11.4.0
-- Detecting C compiler ABI info
-- Detecting C compiler ABI info - done
-- Check for working C compiler: /usr/bin/cc - skipped
-- Detecting C compile features
-- Detecting C compile features - done
-- Detecting CXX compiler ABI info
-- Detecting CXX compiler ABI info - done
-- Check for working CXX compiler: /usr/bin/c++ - skipped
-- Detecting CXX compile features
-- Detecting CXX compile features - done
-- Found ament_cmake: 1.3.10 (/opt/ros/humble/share/ament_cmake/cmake)
-- Found Python3: /usr/bin/python3 (found version "3.10.12") found components: Interpreter 
-- Override CMake install command with custom implementation using symlinks instead of copying resources
-- Found rosidl_default_generators: 1.2.0 (/opt/ros/humble/share/rosidl_default_generators/cmake)
-- Using all available rosidl_typesupport_c: rosidl_typesupport_fastrtps_c;rosidl_typesupport_introspection_c
-- Found rosidl_adapter: 3.1.5 (/opt/ros/humble/share/rosidl_adapter/cmake)
-- Using all available rosidl_typesupport_cpp: rosidl_typesupport_fastrtps_cpp;rosidl_typesupport_introspection_cpp
-- Found std_msgs: 4.2.4 (/opt/ros/humble/share/std_msgs/cmake)
-- Found geometry_msgs: 4.2.4 (/opt/ros/humble/share/geometry_msgs/cmake)
-- Found ament_cmake_ros: 0.10.0 (/opt/ros/humble/share/ament_cmake_ros/cmake)
-- Using all available rosidl_typesupport_c: rosidl_typesupport_fastrtps_c;rosidl_typesupport_introspection_c
-- Using all available rosidl_typesupport_cpp: rosidl_typesupport_fastrtps_cpp;rosidl_typesupport_introspection_cpp
-- Found PythonInterp: /usr/bin/python3 (found suitable version "3.10.12", minimum required is "3.6") 
-- Found python_cmake_module: 0.10.0 (/opt/ros/humble/share/python_cmake_module/cmake)
-- Found PythonLibs: /usr/lib/x86_64-linux-gnu/libpython3.10.so (found suitable version "3.10.12", minimum required is "3.5") 
-- Using PYTHON_EXECUTABLE: /usr/bin/python3
-- Using PYTHON_INCLUDE_DIRS: /usr/include/python3.10
-- Using PYTHON_LIBRARIES: /usr/lib/x86_64-linux-gnu/libpython3.10.so
-- Found PythonExtra: .so  
-- Configuring done
-- Generating done
-- Build files have been written to: /home/ctaylor71023/ros2_ws/src/ctaylor319_capstone/build/octomap_msgs
[  1%] [34m[1mGenerating C code for ROS interfaces[0m
[  3%] [34m[1mGenerating C++ code for ROS interfaces[0m
[  3%] Built target ament_cmake_python_symlink_octomap_msgs
running egg_info
creating octomap_msgs.egg-info
writing octomap_msgs.egg-info/PKG-INFO
writing dependency_links to octomap_msgs.egg-info/dependency_links.txt
writing top-level names to octomap_msgs.egg-info/top_level.txt
writing manifest file 'octomap_msgs.egg-info/SOURCES.txt'
reading manifest file 'octomap_msgs.egg-info/SOURCES.txt'
writing manifest file 'octomap_msgs.egg-info/SOURCES.txt'
[  3%] Built target ament_cmake_python_build_octomap_msgs_egg
[  3%] Built target octomap_msgs__cpp
[  5%] [32mBuilding C object CMakeFiles/octomap_msgs__rosidl_generator_c.dir/rosidl_generator_c/octomap_msgs/msg/detail/octomap_with_pose__functions.c.o[0m
[  7%] [32mBuilding C object CMakeFiles/octomap_msgs__rosidl_generator_c.dir/rosidl_generator_c/octomap_msgs/srv/detail/bounding_box_query__functions.c.o[0m
[  9%] [32mBuilding C object CMakeFiles/octomap_msgs__rosidl_generator_c.dir/rosidl_generator_c/octomap_msgs/srv/detail/get_octomap__functions.c.o[0m
[ 10%] [32mBuilding C object CMakeFiles/octomap_msgs__rosidl_generator_c.dir/rosidl_generator_c/octomap_msgs/msg/detail/octomap__functions.c.o[0m
[ 12%] [34m[1mGenerating C++ type support for eProsima Fast-RTPS[0m
[ 16%] [34m[1mGenerating C++ introspection for ROS interfaces[0m
[ 16%] [34m[1mGenerating C++ type support dispatch for ROS interfaces[0m
[ 18%] [32m[1mLinking C shared library liboctomap_msgs__rosidl_generator_c.so[0m
[ 18%] Built target octomap_msgs__rosidl_generator_c
[ 20%] [34m[1mGenerating C type support dispatch for ROS interfaces[0m
[ 21%] [34m[1mGenerating C type support for eProsima Fast-RTPS[0m
[ 23%] [34m[1mGenerating C introspection for ROS interfaces[0m
[ 25%] [32mBuilding CXX object CMakeFiles/octomap_msgs__rosidl_typesupport_fastrtps_cpp.dir/rosidl_typesupport_fastrtps_cpp/octomap_msgs/msg/detail/dds_fastrtps/octomap_with_pose__type_support.cpp.o[0m
[ 27%] [32mBuilding CXX object CMakeFiles/octomap_msgs__rosidl_typesupport_fastrtps_cpp.dir/rosidl_typesupport_fastrtps_cpp/octomap_msgs/srv/detail/dds_fastrtps/bounding_box_query__type_support.cpp.o[0m
[ 29%] [32mBuilding CXX object CMakeFiles/octomap_msgs__rosidl_typesupport_fastrtps_cpp.dir/rosidl_typesupport_fastrtps_cpp/octomap_msgs/msg/detail/dds_fastrtps/octomap__type_support.cpp.o[0m
[ 30%] [32mBuilding CXX object CMakeFiles/octomap_msgs__rosidl_typesupport_cpp.dir/rosidl_typesupport_cpp/octomap_msgs/msg/octomap__type_support.cpp.o[0m
[ 32%] [32mBuilding CXX object CMakeFiles/octomap_msgs__rosidl_typesupport_introspection_cpp.dir/rosidl_typesupport_introspection_cpp/octomap_msgs/msg/detail/octomap__type_support.cpp.o[0m
[ 34%] [32mBuilding CXX object CMakeFiles/octomap_msgs__rosidl_typesupport_c.dir/rosidl_typesupport_c/octomap_msgs/msg/octomap__type_support.cpp.o[0m
[ 36%] [32mBuilding CXX object CMakeFiles/octomap_msgs__rosidl_typesupport_fastrtps_c.dir/rosidl_typesupport_fastrtps_c/octomap_msgs/msg/detail/octomap__type_support_c.cpp.o[0m
[ 38%] [32mBuilding CXX object CMakeFiles/octomap_msgs__rosidl_typesupport_c.dir/rosidl_typesupport_c/octomap_msgs/msg/octomap_with_pose__type_support.cpp.o[0m
[ 40%] [32mBuilding CXX object CMakeFiles/octomap_msgs__rosidl_typesupport_cpp.dir/rosidl_typesupport_cpp/octomap_msgs/msg/octomap_with_pose__type_support.cpp.o[0m
[ 41%] [32mBuilding CXX object CMakeFiles/octomap_msgs__rosidl_typesupport_fastrtps_c.dir/rosidl_typesupport_fastrtps_c/octomap_msgs/msg/detail/octomap_with_pose__type_support_c.cpp.o[0m
[ 43%] [32mBuilding CXX object CMakeFiles/octomap_msgs__rosidl_typesupport_c.dir/rosidl_typesupport_c/octomap_msgs/srv/bounding_box_query__type_support.cpp.o[0m
[ 45%] [32mBuilding C object CMakeFiles/octomap_msgs__rosidl_typesupport_introspection_c.dir/rosidl_typesupport_introspection_c/octomap_msgs/msg/detail/octomap__type_support.c.o[0m
[ 49%] [32mBuilding CXX object CMakeFiles/octomap_msgs__rosidl_typesupport_c.dir/rosidl_typesupport_c/octomap_msgs/srv/get_octomap__type_support.cpp.o[0m
[ 49%] [32mBuilding CXX object CMakeFiles/octomap_msgs__rosidl_typesupport_fastrtps_c.dir/rosidl_typesupport_fastrtps_c/octomap_msgs/srv/detail/bounding_box_query__type_support_c.cpp.o[0m
[ 50%] [32mBuilding CXX object CMakeFiles/octomap_msgs__rosidl_typesupport_fastrtps_cpp.dir/rosidl_typesupport_fastrtps_cpp/octomap_msgs/srv/detail/dds_fastrtps/get_octomap__type_support.cpp.o[0m
[ 52%] [32m[1mLinking CXX shared library liboctomap_msgs__rosidl_typesupport_c.so[0m
[ 54%] [32mBuilding C object CMakeFiles/octomap_msgs__rosidl_typesupport_introspection_c.dir/rosidl_typesupport_introspection_c/octomap_msgs/msg/detail/octomap_with_pose__type_support.c.o[0m
[ 56%] [32mBuilding CXX object CMakeFiles/octomap_msgs__rosidl_typesupport_introspection_cpp.dir/rosidl_typesupport_introspection_cpp/octomap_msgs/msg/detail/octomap_with_pose__type_support.cpp.o[0m
[ 56%] Built target octomap_msgs__rosidl_typesupport_c
[ 58%] [32mBuilding CXX object CMakeFiles/octomap_msgs__rosidl_typesupport_cpp.dir/rosidl_typesupport_cpp/octomap_msgs/srv/bounding_box_query__type_support.cpp.o[0m
[ 60%] [32mBuilding C object CMakeFiles/octomap_msgs__rosidl_typesupport_introspection_c.dir/rosidl_typesupport_introspection_c/octomap_msgs/srv/detail/bounding_box_query__type_support.c.o[0m
[ 61%] [32mBuilding C object CMakeFiles/octomap_msgs__rosidl_typesupport_introspection_c.dir/rosidl_typesupport_introspection_c/octomap_msgs/srv/detail/get_octomap__type_support.c.o[0m
[ 63%] [32mBuilding CXX object CMakeFiles/octomap_msgs__rosidl_typesupport_fastrtps_c.dir/rosidl_typesupport_fastrtps_c/octomap_msgs/srv/detail/get_octomap__type_support_c.cpp.o[0m
[ 65%] [32m[1mLinking C shared library liboctomap_msgs__rosidl_typesupport_introspection_c.so[0m
[ 67%] [32mBuilding CXX object CMakeFiles/octomap_msgs__rosidl_typesupport_introspection_cpp.dir/rosidl_typesupport_introspection_cpp/octomap_msgs/srv/detail/bounding_box_query__type_support.cpp.o[0m
[ 67%] Built target octomap_msgs__rosidl_typesupport_introspection_c
[ 69%] [32mBuilding CXX object CMakeFiles/octomap_msgs__rosidl_typesupport_introspection_cpp.dir/rosidl_typesupport_introspection_cpp/octomap_msgs/srv/detail/get_octomap__type_support.cpp.o[0m
[ 70%] [32mBuilding CXX object CMakeFiles/octomap_msgs__rosidl_typesupport_cpp.dir/rosidl_typesupport_cpp/octomap_msgs/srv/get_octomap__type_support.cpp.o[0m
[ 72%] [32m[1mLinking CXX shared library liboctomap_msgs__rosidl_typesupport_fastrtps_cpp.so[0m
[ 74%] [32m[1mLinking CXX shared library liboctomap_msgs__rosidl_typesupport_fastrtps_c.so[0m
[ 74%] Built target octomap_msgs__rosidl_typesupport_fastrtps_cpp
[ 74%] Built target octomap_msgs__rosidl_typesupport_fastrtps_c
[ 76%] [32m[1mLinking CXX shared library liboctomap_msgs__rosidl_typesupport_cpp.so[0m
[ 78%] [32m[1mLinking CXX shared library liboctomap_msgs__rosidl_typesupport_introspection_cpp.so[0m
[ 78%] Built target octomap_msgs__rosidl_typesupport_cpp
[ 78%] Built target octomap_msgs__rosidl_typesupport_introspection_cpp
[ 78%] Built target octomap_msgs
[ 80%] [34m[1mGenerating Python code for ROS interfaces[0m
[ 80%] Built target octomap_msgs__py
[ 83%] [32mBuilding C object CMakeFiles/octomap_msgs__rosidl_generator_py.dir/rosidl_generator_py/octomap_msgs/msg/_octomap_s.c.o[0m
[ 83%] [32mBuilding C object CMakeFiles/octomap_msgs__rosidl_generator_py.dir/rosidl_generator_py/octomap_msgs/msg/_octomap_with_pose_s.c.o[0m
[ 85%] [32mBuilding C object CMakeFiles/octomap_msgs__rosidl_generator_py.dir/rosidl_generator_py/octomap_msgs/srv/_get_octomap_s.c.o[0m
[ 87%] [32mBuilding C object CMakeFiles/octomap_msgs__rosidl_generator_py.dir/rosidl_generator_py/octomap_msgs/srv/_bounding_box_query_s.c.o[0m
[ 89%] [32m[1mLinking C shared library rosidl_generator_py/octomap_msgs/liboctomap_msgs__rosidl_generator_py.so[0m
[ 89%] Built target octomap_msgs__rosidl_generator_py
[ 94%] [32mBuilding C object CMakeFiles/octomap_msgs__rosidl_typesupport_fastrtps_c__pyext.dir/rosidl_generator_py/octomap_msgs/_octomap_msgs_s.ep.rosidl_typesupport_fastrtps_c.c.o[0m
[ 94%] [32mBuilding C object CMakeFiles/octomap_msgs__rosidl_typesupport_c__pyext.dir/rosidl_generator_py/octomap_msgs/_octomap_msgs_s.ep.rosidl_typesupport_c.c.o[0m
[ 94%] [32mBuilding C object CMakeFiles/octomap_msgs__rosidl_typesupport_introspection_c__pyext.dir/rosidl_generator_py/octomap_msgs/_octomap_msgs_s.ep.rosidl_typesupport_introspection_c.c.o[0m
[100%] [32m[1mLinking C shared library rosidl_generator_py/octomap_msgs/octomap_msgs_s__rosidl_typesupport_c.cpython-310-x86_64-linux-gnu.so[0m
[100%] [32m[1mLinking C shared library rosidl_generator_py/octomap_msgs/octomap_msgs_s__rosidl_typesupport_introspection_c.cpython-310-x86_64-linux-gnu.so[0m
[100%] [32m[1mLinking C shared library rosidl_generator_py/octomap_msgs/octomap_msgs_s__rosidl_typesupport_fastrtps_c.cpython-310-x86_64-linux-gnu.so[0m
[100%] Built target octomap_msgs__rosidl_typesupport_fastrtps_c__pyext
[100%] Built target octomap_msgs__rosidl_typesupport_introspection_c__pyext
[100%] Built target octomap_msgs__rosidl_typesupport_c__pyext
-- Install configuration: ""
-- Execute custom install script
-- Symlinking: /home/ctaylor71023/ros2_ws/src/ctaylor319_capstone/install/octomap_msgs/share/ament_index/resource_index/rosidl_interfaces/octomap_msgs
-- Symlinking: /home/ctaylor71023/ros2_ws/src/ctaylor319_capstone/install/octomap_msgs/include/octomap_msgs/octomap_msgs/msg/detail/octomap__functions.h
-- Symlinking: /home/ctaylor71023/ros2_ws/src/ctaylor319_capstone/install/octomap_msgs/include/octomap_msgs/octomap_msgs/msg/detail/octomap__struct.h
-- Symlinking: /home/ctaylor71023/ros2_ws/src/ctaylor319_capstone/install/octomap_msgs/include/octomap_msgs/octomap_msgs/msg/detail/octomap__type_support.h
-- Symlinking: /home/ctaylor71023/ros2_ws/src/ctaylor319_capstone/install/octomap_msgs/include/octomap_msgs/octomap_msgs/msg/detail/octomap_with_pose__functions.h
-- Symlinking: /home/ctaylor71023/ros2_ws/src/ctaylor319_capstone/install/octomap_msgs/include/octomap_msgs/octomap_msgs/msg/detail/octomap_with_pose__struct.h
-- Symlinking: /home/ctaylor71023/ros2_ws/src/ctaylor319_capstone/install/octomap_msgs/include/octomap_msgs/octomap_msgs/msg/detail/octomap_with_pose__type_support.h
-- Symlinking: /home/ctaylor71023/ros2_ws/src/ctaylor319_capstone/install/octomap_msgs/include/octomap_msgs/octomap_msgs/msg/octomap.h
-- Symlinking: /home/ctaylor71023/ros2_ws/src/ctaylor319_capstone/install/octomap_msgs/include/octomap_msgs/octomap_msgs/msg/octomap_with_pose.h
-- Symlinking: /home/ctaylor71023/ros2_ws/src/ctaylor319_capstone/install/octomap_msgs/include/octomap_msgs/octomap_msgs/msg/rosidl_generator_c__visibility_control.h
-- Symlinking: /home/ctaylor71023/ros2_ws/src/ctaylor319_capstone/install/octomap_msgs/include/octomap_msgs/octomap_msgs/srv/bounding_box_query.h
-- Symlinking: /home/ctaylor71023/ros2_ws/src/ctaylor319_capstone/install/octomap_msgs/include/octomap_msgs/octomap_msgs/srv/detail/bounding_box_query__functions.h
-- Symlinking: /home/ctaylor71023/ros2_ws/src/ctaylor319_capstone/install/octomap_msgs/include/octomap_msgs/octomap_msgs/srv/detail/bounding_box_query__struct.h
-- Symlinking: /home/ctaylor71023/ros2_ws/src/ctaylor319_capstone/install/octomap_msgs/include/octomap_msgs/octomap_msgs/srv/detail/bounding_box_query__type_support.h
-- Symlinking: /home/ctaylor71023/ros2_ws/src/ctaylor319_capstone/install/octomap_msgs/include/octomap_msgs/octomap_msgs/srv/detail/get_octomap__functions.h
-- Symlinking: /home/ctaylor71023/ros2_ws/src/ctaylor319_capstone/install/octomap_msgs/include/octomap_msgs/octomap_msgs/srv/detail/get_octomap__struct.h
-- Symlinking: /home/ctaylor71023/ros2_ws/src/ctaylor319_capstone/install/octomap_msgs/include/octomap_msgs/octomap_msgs/srv/detail/get_octomap__type_support.h
-- Symlinking: /home/ctaylor71023/ros2_ws/src/ctaylor319_capstone/install/octomap_msgs/include/octomap_msgs/octomap_msgs/srv/get_octomap.h
-- Symlinking: /home/ctaylor71023/ros2_ws/src/ctaylor319_capstone/install/octomap_msgs/share/octomap_msgs/environment/library_path.sh
-- Symlinking: /home/ctaylor71023/ros2_ws/src/ctaylor319_capstone/install/octomap_msgs/share/octomap_msgs/environment/library_path.dsv
-- Symlinking: /home/ctaylor71023/ros2_ws/src/ctaylor319_capstone/install/octomap_msgs/include/octomap_msgs/octomap_msgs/msg/detail/octomap__rosidl_typesupport_fastrtps_c.h
-- Symlinking: /home/ctaylor71023/ros2_ws/src/ctaylor319_capstone/install/octomap_msgs/include/octomap_msgs/octomap_msgs/msg/detail/octomap_with_pose__rosidl_typesupport_fastrtps_c.h
-- Symlinking: /home/ctaylor71023/ros2_ws/src/ctaylor319_capstone/install/octomap_msgs/include/octomap_msgs/octomap_msgs/msg/rosidl_typesupport_fastrtps_c__visibility_control.h
-- Symlinking: /home/ctaylor71023/ros2_ws/src/ctaylor319_capstone/install/octomap_msgs/include/octomap_msgs/octomap_msgs/srv/detail/bounding_box_query__rosidl_typesupport_fastrtps_c.h
-- Symlinking: /home/ctaylor71023/ros2_ws/src/ctaylor319_capstone/install/octomap_msgs/include/octomap_msgs/octomap_msgs/srv/detail/get_octomap__rosidl_typesupport_fastrtps_c.h
-- Symlinking: /home/ctaylor71023/ros2_ws/src/ctaylor319_capstone/install/octomap_msgs/include/octomap_msgs/octomap_msgs/msg/detail/octomap__rosidl_typesupport_introspection_c.h
-- Symlinking: /home/ctaylor71023/ros2_ws/src/ctaylor319_capstone/install/octomap_msgs/include/octomap_msgs/octomap_msgs/msg/detail/octomap_with_pose__rosidl_typesupport_introspection_c.h
-- Symlinking: /home/ctaylor71023/ros2_ws/src/ctaylor319_capstone/install/octomap_msgs/include/octomap_msgs/octomap_msgs/msg/rosidl_typesupport_introspection_c__visibility_control.h
-- Symlinking: /home/ctaylor71023/ros2_ws/src/ctaylor319_capstone/install/octomap_msgs/include/octomap_msgs/octomap_msgs/srv/detail/bounding_box_query__rosidl_typesupport_introspection_c.h
-- Symlinking: /home/ctaylor71023/ros2_ws/src/ctaylor319_capstone/install/octomap_msgs/include/octomap_msgs/octomap_msgs/srv/detail/get_octomap__rosidl_typesupport_introspection_c.h
-- Symlinking: /home/ctaylor71023/ros2_ws/src/ctaylor319_capstone/install/octomap_msgs/include/octomap_msgs/octomap_msgs/msg/detail/octomap__builder.hpp
-- Symlinking: /home/ctaylor71023/ros2_ws/src/ctaylor319_capstone/install/octomap_msgs/include/octomap_msgs/octomap_msgs/msg/detail/octomap__struct.hpp
-- Symlinking: /home/ctaylor71023/ros2_ws/src/ctaylor319_capstone/install/octomap_msgs/include/octomap_msgs/octomap_msgs/msg/detail/octomap__traits.hpp
-- Symlinking: /home/ctaylor71023/ros2_ws/src/ctaylor319_capstone/install/octomap_msgs/include/octomap_msgs/octomap_msgs/msg/detail/octomap_with_pose__builder.hpp
-- Symlinking: /home/ctaylor71023/ros2_ws/src/ctaylor319_capstone/install/octomap_msgs/include/octomap_msgs/octomap_msgs/msg/detail/octomap_with_pose__struct.hpp
-- Symlinking: /home/ctaylor71023/ros2_ws/src/ctaylor319_capstone/install/octomap_msgs/include/octomap_msgs/octomap_msgs/msg/detail/octomap_with_pose__traits.hpp
-- Symlinking: /home/ctaylor71023/ros2_ws/src/ctaylor319_capstone/install/octomap_msgs/include/octomap_msgs/octomap_msgs/msg/octomap.hpp
-- Symlinking: /home/ctaylor71023/ros2_ws/src/ctaylor319_capstone/install/octomap_msgs/include/octomap_msgs/octomap_msgs/msg/octomap_with_pose.hpp
-- Symlinking: /home/ctaylor71023/ros2_ws/src/ctaylor319_capstone/install/octomap_msgs/include/octomap_msgs/octomap_msgs/srv/bounding_box_query.hpp
-- Symlinking: /home/ctaylor71023/ros2_ws/src/ctaylor319_capstone/install/octomap_msgs/include/octomap_msgs/octomap_msgs/srv/detail/bounding_box_query__builder.hpp
-- Symlinking: /home/ctaylor71023/ros2_ws/src/ctaylor319_capstone/install/octomap_msgs/include/octomap_msgs/octomap_msgs/srv/detail/bounding_box_query__struct.hpp
-- Symlinking: /home/ctaylor71023/ros2_ws/src/ctaylor319_capstone/install/octomap_msgs/include/octomap_msgs/octomap_msgs/srv/detail/bounding_box_query__traits.hpp
-- Symlinking: /home/ctaylor71023/ros2_ws/src/ctaylor319_capstone/install/octomap_msgs/include/octomap_msgs/octomap_msgs/srv/detail/get_octomap__builder.hpp
-- Symlinking: /home/ctaylor71023/ros2_ws/src/ctaylor319_capstone/install/octomap_msgs/include/octomap_msgs/octomap_msgs/srv/detail/get_octomap__struct.hpp
-- Symlinking: /home/ctaylor71023/ros2_ws/src/ctaylor319_capstone/install/octomap_msgs/include/octomap_msgs/octomap_msgs/srv/detail/get_octomap__traits.hpp
-- Symlinking: /home/ctaylor71023/ros2_ws/src/ctaylor319_capstone/install/octomap_msgs/include/octomap_msgs/octomap_msgs/srv/get_octomap.hpp
-- Symlinking: /home/ctaylor71023/ros2_ws/src/ctaylor319_capstone/install/octomap_msgs/include/octomap_msgs/octomap_msgs/msg/detail/octomap__rosidl_typesupport_fastrtps_cpp.hpp
-- Symlinking: /home/ctaylor71023/ros2_ws/src/ctaylor319_capstone/install/octomap_msgs/include/octomap_msgs/octomap_msgs/msg/detail/octomap_with_pose__rosidl_typesupport_fastrtps_cpp.hpp
-- Symlinking: /home/ctaylor71023/ros2_ws/src/ctaylor319_capstone/install/octomap_msgs/include/octomap_msgs/octomap_msgs/msg/rosidl_typesupport_fastrtps_cpp__visibility_control.h
-- Symlinking: /home/ctaylor71023/ros2_ws/src/ctaylor319_capstone/install/octomap_msgs/include/octomap_msgs/octomap_msgs/srv/detail/bounding_box_query__rosidl_typesupport_fastrtps_cpp.hpp
-- Symlinking: /home/ctaylor71023/ros2_ws/src/ctaylor319_capstone/install/octomap_msgs/include/octomap_msgs/octomap_msgs/srv/detail/get_octomap__rosidl_typesupport_fastrtps_cpp.hpp
-- Symlinking: /home/ctaylor71023/ros2_ws/src/ctaylor319_capstone/install/octomap_msgs/include/octomap_msgs/octomap_msgs/msg/detail/octomap__rosidl_typesupport_introspection_cpp.hpp
-- Symlinking: /home/ctaylor71023/ros2_ws/src/ctaylor319_capstone/install/octomap_msgs/include/octomap_msgs/octomap_msgs/msg/detail/octomap_with_pose__rosidl_typesupport_introspection_cpp.hpp
-- Symlinking: /home/ctaylor71023/ros2_ws/src/ctaylor319_capstone/install/octomap_msgs/include/octomap_msgs/octomap_msgs/srv/detail/bounding_box_query__rosidl_typesupport_introspection_cpp.hpp
-- Symlinking: /home/ctaylor71023/ros2_ws/src/ctaylor319_capstone/install/octomap_msgs/include/octomap_msgs/octomap_msgs/srv/detail/get_octomap__rosidl_typesupport_introspection_cpp.hpp
-- Symlinking: /home/ctaylor71023/ros2_ws/src/ctaylor319_capstone/install/octomap_msgs/share/octomap_msgs/environment/pythonpath.sh
-- Symlinking: /home/ctaylor71023/ros2_ws/src/ctaylor319_capstone/install/octomap_msgs/share/octomap_msgs/environment/pythonpath.dsv
-- Symlinking: /home/ctaylor71023/ros2_ws/src/ctaylor319_capstone/install/octomap_msgs/local/lib/python3.10/dist-packages/octomap_msgs-2.0.0-py3.10.egg-info/PKG-INFO
-- Symlinking: /home/ctaylor71023/ros2_ws/src/ctaylor319_capstone/install/octomap_msgs/local/lib/python3.10/dist-packages/octomap_msgs-2.0.0-py3.10.egg-info/SOURCES.txt
-- Symlinking: /home/ctaylor71023/ros2_ws/src/ctaylor319_capstone/install/octomap_msgs/local/lib/python3.10/dist-packages/octomap_msgs-2.0.0-py3.10.egg-info/dependency_links.txt
-- Symlinking: /home/ctaylor71023/ros2_ws/src/ctaylor319_capstone/install/octomap_msgs/local/lib/python3.10/dist-packages/octomap_msgs-2.0.0-py3.10.egg-info/top_level.txt
-- Symlinking: /home/ctaylor71023/ros2_ws/src/ctaylor319_capstone/install/octomap_msgs/local/lib/python3.10/dist-packages/octomap_msgs/__init__.py
-- Symlinking: /home/ctaylor71023/ros2_ws/src/ctaylor319_capstone/install/octomap_msgs/local/lib/python3.10/dist-packages/octomap_msgs/_octomap_msgs_s.ep.rosidl_typesupport_c.c
-- Symlinking: /home/ctaylor71023/ros2_ws/src/ctaylor319_capstone/install/octomap_msgs/local/lib/python3.10/dist-packages/octomap_msgs/_octomap_msgs_s.ep.rosidl_typesupport_fastrtps_c.c
-- Symlinking: /home/ctaylor71023/ros2_ws/src/ctaylor319_capstone/install/octomap_msgs/local/lib/python3.10/dist-packages/octomap_msgs/_octomap_msgs_s.ep.rosidl_typesupport_introspection_c.c
-- Symlinking: /home/ctaylor71023/ros2_ws/src/ctaylor319_capstone/install/octomap_msgs/local/lib/python3.10/dist-packages/octomap_msgs/liboctomap_msgs__rosidl_generator_py.so
-- Symlinking: /home/ctaylor71023/ros2_ws/src/ctaylor319_capstone/install/octomap_msgs/local/lib/python3.10/dist-packages/octomap_msgs/msg/__init__.py
-- Symlinking: /home/ctaylor71023/ros2_ws/src/ctaylor319_capstone/install/octomap_msgs/local/lib/python3.10/dist-packages/octomap_msgs/msg/_octomap.py
-- Symlinking: /home/ctaylor71023/ros2_ws/src/ctaylor319_capstone/install/octomap_msgs/local/lib/python3.10/dist-packages/octomap_msgs/msg/_octomap_s.c
-- Symlinking: /home/ctaylor71023/ros2_ws/src/ctaylor319_capstone/install/octomap_msgs/local/lib/python3.10/dist-packages/octomap_msgs/msg/_octomap_with_pose.py
-- Symlinking: /home/ctaylor71023/ros2_ws/src/ctaylor319_capstone/install/octomap_msgs/local/lib/python3.10/dist-packages/octomap_msgs/msg/_octomap_with_pose_s.c
-- Symlinking: /home/ctaylor71023/ros2_ws/src/ctaylor319_capstone/install/octomap_msgs/local/lib/python3.10/dist-packages/octomap_msgs/octomap_msgs_s__rosidl_typesupport_c.cpython-310-x86_64-linux-gnu.so
-- Symlinking: /home/ctaylor71023/ros2_ws/src/ctaylor319_capstone/install/octomap_msgs/local/lib/python3.10/dist-packages/octomap_msgs/octomap_msgs_s__rosidl_typesupport_fastrtps_c.cpython-310-x86_64-linux-gnu.so
-- Symlinking: /home/ctaylor71023/ros2_ws/src/ctaylor319_capstone/install/octomap_msgs/local/lib/python3.10/dist-packages/octomap_msgs/octomap_msgs_s__rosidl_typesupport_introspection_c.cpython-310-x86_64-linux-gnu.so
-- Symlinking: /home/ctaylor71023/ros2_ws/src/ctaylor319_capstone/install/octomap_msgs/local/lib/python3.10/dist-packages/octomap_msgs/srv/__init__.py
-- Symlinking: /home/ctaylor71023/ros2_ws/src/ctaylor319_capstone/install/octomap_msgs/local/lib/python3.10/dist-packages/octomap_msgs/srv/_bounding_box_query.py
-- Symlinking: /home/ctaylor71023/ros2_ws/src/ctaylor319_capstone/install/octomap_msgs/local/lib/python3.10/dist-packages/octomap_msgs/srv/_bounding_box_query_s.c
-- Symlinking: /home/ctaylor71023/ros2_ws/src/ctaylor319_capstone/install/octomap_msgs/local/lib/python3.10/dist-packages/octomap_msgs/srv/_get_octomap.py
-- Symlinking: /home/ctaylor71023/ros2_ws/src/ctaylor319_capstone/install/octomap_msgs/local/lib/python3.10/dist-packages/octomap_msgs/srv/_get_octomap_s.c
-- Up-to-date symlink: /home/ctaylor71023/ros2_ws/src/ctaylor319_capstone/install/octomap_msgs/local/lib/python3.10/dist-packages/octomap_msgs/octomap_msgs_s__rosidl_typesupport_fastrtps_c.cpython-310-x86_64-linux-gnu.so
-- Up-to-date symlink: /home/ctaylor71023/ros2_ws/src/ctaylor319_capstone/install/octomap_msgs/local/lib/python3.10/dist-packages/octomap_msgs/octomap_msgs_s__rosidl_typesupport_introspection_c.cpython-310-x86_64-linux-gnu.so
-- Up-to-date symlink: /home/ctaylor71023/ros2_ws/src/ctaylor319_capstone/install/octomap_msgs/local/lib/python3.10/dist-packages/octomap_msgs/octomap_msgs_s__rosidl_typesupport_c.cpython-310-x86_64-linux-gnu.so
-- Symlinking: /home/ctaylor71023/ros2_ws/src/ctaylor319_capstone/install/octomap_msgs/share/octomap_msgs/msg/Octomap.idl
-- Symlinking: /home/ctaylor71023/ros2_ws/src/ctaylor319_capstone/install/octomap_msgs/share/octomap_msgs/msg/OctomapWithPose.idl
-- Symlinking: /home/ctaylor71023/ros2_ws/src/ctaylor319_capstone/install/octomap_msgs/share/octomap_msgs/srv/BoundingBoxQuery.idl
-- Symlinking: /home/ctaylor71023/ros2_ws/src/ctaylor319_capstone/install/octomap_msgs/share/octomap_msgs/srv/GetOctomap.idl
-- Symlinking: /home/ctaylor71023/ros2_ws/src/ctaylor319_capstone/install/octomap_msgs/share/octomap_msgs/msg/Octomap.msg
-- Symlinking: /home/ctaylor71023/ros2_ws/src/ctaylor319_capstone/install/octomap_msgs/share/octomap_msgs/msg/OctomapWithPose.msg
-- Symlinking: /home/ctaylor71023/ros2_ws/src/ctaylor319_capstone/install/octomap_msgs/share/octomap_msgs/srv/BoundingBoxQuery.srv
-- Symlinking: /home/ctaylor71023/ros2_ws/src/ctaylor319_capstone/install/octomap_msgs/share/octomap_msgs/srv/BoundingBoxQuery_Request.msg
-- Symlinking: /home/ctaylor71023/ros2_ws/src/ctaylor319_capstone/install/octomap_msgs/share/octomap_msgs/srv/BoundingBoxQuery_Response.msg
-- Symlinking: /home/ctaylor71023/ros2_ws/src/ctaylor319_capstone/install/octomap_msgs/share/octomap_msgs/srv/GetOctomap.srv
-- Symlinking: /home/ctaylor71023/ros2_ws/src/ctaylor319_capstone/install/octomap_msgs/share/octomap_msgs/srv/GetOctomap_Request.msg
-- Symlinking: /home/ctaylor71023/ros2_ws/src/ctaylor319_capstone/install/octomap_msgs/share/octomap_msgs/srv/GetOctomap_Response.msg
-- Symlinking: /home/ctaylor71023/ros2_ws/src/ctaylor319_capstone/install/octomap_msgs/share/ament_index/resource_index/package_run_dependencies/octomap_msgs
-- Symlinking: /home/ctaylor71023/ros2_ws/src/ctaylor319_capstone/install/octomap_msgs/share/ament_index/resource_index/parent_prefix_path/octomap_msgs
-- Symlinking: /home/ctaylor71023/ros2_ws/src/ctaylor319_capstone/install/octomap_msgs/share/octomap_msgs/environment/ament_prefix_path.sh
-- Symlinking: /home/ctaylor71023/ros2_ws/src/ctaylor319_capstone/install/octomap_msgs/share/octomap_msgs/environment/ament_prefix_path.dsv
-- Symlinking: /home/ctaylor71023/ros2_ws/src/ctaylor319_capstone/install/octomap_msgs/share/octomap_msgs/environment/path.sh
-- Symlinking: /home/ctaylor71023/ros2_ws/src/ctaylor319_capstone/install/octomap_msgs/share/octomap_msgs/environment/path.dsv
-- Symlinking: /home/ctaylor71023/ros2_ws/src/ctaylor319_capstone/install/octomap_msgs/share/octomap_msgs/local_setup.bash
-- Symlinking: /home/ctaylor71023/ros2_ws/src/ctaylor319_capstone/install/octomap_msgs/share/octomap_msgs/local_setup.sh
-- Symlinking: /home/ctaylor71023/ros2_ws/src/ctaylor319_capstone/install/octomap_msgs/share/octomap_msgs/local_setup.zsh
-- Symlinking: /home/ctaylor71023/ros2_ws/src/ctaylor319_capstone/install/octomap_msgs/share/octomap_msgs/local_setup.dsv
-- Symlinking: /home/ctaylor71023/ros2_ws/src/ctaylor319_capstone/install/octomap_msgs/share/octomap_msgs/package.dsv
-- Symlinking: /home/ctaylor71023/ros2_ws/src/ctaylor319_capstone/install/octomap_msgs/share/ament_index/resource_index/packages/octomap_msgs
-- Symlinking: /home/ctaylor71023/ros2_ws/src/ctaylor319_capstone/install/octomap_msgs/share/octomap_msgs/cmake/rosidl_cmake-extras.cmake
-- Symlinking: /home/ctaylor71023/ros2_ws/src/ctaylor319_capstone/install/octomap_msgs/share/octomap_msgs/cmake/ament_cmake_export_dependencies-extras.cmake
-- Symlinking: /home/ctaylor71023/ros2_ws/src/ctaylor319_capstone/install/octomap_msgs/share/octomap_msgs/cmake/ament_cmake_export_include_directories-extras.cmake
-- Symlinking: /home/ctaylor71023/ros2_ws/src/ctaylor319_capstone/install/octomap_msgs/share/octomap_msgs/cmake/ament_cmake_export_libraries-extras.cmake
-- Symlinking: /home/ctaylor71023/ros2_ws/src/ctaylor319_capstone/install/octomap_msgs/share/octomap_msgs/cmake/ament_cmake_export_targets-extras.cmake
-- Symlinking: /home/ctaylor71023/ros2_ws/src/ctaylor319_capstone/install/octomap_msgs/share/octomap_msgs/cmake/rosidl_cmake_export_typesupport_targets-extras.cmake
-- Symlinking: /home/ctaylor71023/ros2_ws/src/ctaylor319_capstone/install/octomap_msgs/share/octomap_msgs/cmake/rosidl_cmake_export_typesupport_libraries-extras.cmake
-- Symlinking: /home/ctaylor71023/ros2_ws/src/ctaylor319_capstone/install/octomap_msgs/share/octomap_msgs/cmake/octomap_msgsConfig.cmake
-- Symlinking: /home/ctaylor71023/ros2_ws/src/ctaylor319_capstone/install/octomap_msgs/share/octomap_msgs/cmake/octomap_msgsConfig-version.cmake
-- Symlinking: /home/ctaylor71023/ros2_ws/src/ctaylor319_capstone/install/octomap_msgs/share/octomap_msgs/package.xml
-- Installing: /home/ctaylor71023/ros2_ws/src/ctaylor319_capstone/install/octomap_msgs/lib/liboctomap_msgs__rosidl_generator_c.so
-- Set runtime path of "/home/ctaylor71023/ros2_ws/src/ctaylor319_capstone/install/octomap_msgs/lib/liboctomap_msgs__rosidl_generator_c.so" to ""
-- Installing: /home/ctaylor71023/ros2_ws/src/ctaylor319_capstone/install/octomap_msgs/lib/liboctomap_msgs__rosidl_typesupport_fastrtps_c.so
-- Set runtime path of "/home/ctaylor71023/ros2_ws/src/ctaylor319_capstone/install/octomap_msgs/lib/liboctomap_msgs__rosidl_typesupport_fastrtps_c.so" to ""
-- Installing: /home/ctaylor71023/ros2_ws/src/ctaylor319_capstone/install/octomap_msgs/lib/liboctomap_msgs__rosidl_typesupport_introspection_c.so
-- Set runtime path of "/home/ctaylor71023/ros2_ws/src/ctaylor319_capstone/install/octomap_msgs/lib/liboctomap_msgs__rosidl_typesupport_introspection_c.so" to ""
-- Installing: /home/ctaylor71023/ros2_ws/src/ctaylor319_capstone/install/octomap_msgs/lib/liboctomap_msgs__rosidl_typesupport_c.so
-- Set runtime path of "/home/ctaylor71023/ros2_ws/src/ctaylor319_capstone/install/octomap_msgs/lib/liboctomap_msgs__rosidl_typesupport_c.so" to ""
-- Installing: /home/ctaylor71023/ros2_ws/src/ctaylor319_capstone/install/octomap_msgs/lib/liboctomap_msgs__rosidl_typesupport_fastrtps_cpp.so
-- Set runtime path of "/home/ctaylor71023/ros2_ws/src/ctaylor319_capstone/install/octomap_msgs/lib/liboctomap_msgs__rosidl_typesupport_fastrtps_cpp.so" to ""
-- Installing: /home/ctaylor71023/ros2_ws/src/ctaylor319_capstone/install/octomap_msgs/lib/liboctomap_msgs__rosidl_typesupport_introspection_cpp.so
-- Set runtime path of "/home/ctaylor71023/ros2_ws/src/ctaylor319_capstone/install/octomap_msgs/lib/liboctomap_msgs__rosidl_typesupport_introspection_cpp.so" to ""
-- Installing: /home/ctaylor71023/ros2_ws/src/ctaylor319_capstone/install/octomap_msgs/lib/liboctomap_msgs__rosidl_typesupport_cpp.so
-- Set runtime path of "/home/ctaylor71023/ros2_ws/src/ctaylor319_capstone/install/octomap_msgs/lib/liboctomap_msgs__rosidl_typesupport_cpp.so" to ""
Listing '/home/ctaylor71023/ros2_ws/src/ctaylor319_capstone/install/octomap_msgs/local/lib/python3.10/dist-packages/octomap_msgs'...
Compiling '/home/ctaylor71023/ros2_ws/src/ctaylor319_capstone/install/octomap_msgs/local/lib/python3.10/dist-packages/octomap_msgs/__init__.py'...
Listing '/home/ctaylor71023/ros2_ws/src/ctaylor319_capstone/install/octomap_msgs/local/lib/python3.10/dist-packages/octomap_msgs/msg'...
Compiling '/home/ctaylor71023/ros2_ws/src/ctaylor319_capstone/install/octomap_msgs/local/lib/python3.10/dist-packages/octomap_msgs/msg/__init__.py'...
Compiling '/home/ctaylor71023/ros2_ws/src/ctaylor319_capstone/install/octomap_msgs/local/lib/python3.10/dist-packages/octomap_msgs/msg/_octomap.py'...
Compiling '/home/ctaylor71023/ros2_ws/src/ctaylor319_capstone/install/octomap_msgs/local/lib/python3.10/dist-packages/octomap_msgs/msg/_octomap_with_pose.py'...
Listing '/home/ctaylor71023/ros2_ws/src/ctaylor319_capstone/install/octomap_msgs/local/lib/python3.10/dist-packages/octomap_msgs/srv'...
Compiling '/home/ctaylor71023/ros2_ws/src/ctaylor319_capstone/install/octomap_msgs/local/lib/python3.10/dist-packages/octomap_msgs/srv/__init__.py'...
Compiling '/home/ctaylor71023/ros2_ws/src/ctaylor319_capstone/install/octomap_msgs/local/lib/python3.10/dist-packages/octomap_msgs/srv/_bounding_box_query.py'...
Compiling '/home/ctaylor71023/ros2_ws/src/ctaylor319_capstone/install/octomap_msgs/local/lib/python3.10/dist-packages/octomap_msgs/srv/_get_octomap.py'...
-- Installing: /home/ctaylor71023/ros2_ws/src/ctaylor319_capstone/install/octomap_msgs/lib/liboctomap_msgs__rosidl_generator_py.so
-- Set runtime path of "/home/ctaylor71023/ros2_ws/src/ctaylor319_capstone/install/octomap_msgs/lib/liboctomap_msgs__rosidl_generator_py.so" to ""
-- Up-to-date: /home/ctaylor71023/ros2_ws/src/ctaylor319_capstone/install/octomap_msgs/include/octomap_msgs
-- Up-to-date: /home/ctaylor71023/ros2_ws/src/ctaylor319_capstone/install/octomap_msgs/include/octomap_msgs/octomap_msgs
-- Installing: /home/ctaylor71023/ros2_ws/src/ctaylor319_capstone/install/octomap_msgs/include/octomap_msgs/octomap_msgs/conversions.h
-- Installing: /home/ctaylor71023/ros2_ws/src/ctaylor319_capstone/install/octomap_msgs/share/octomap_msgs/cmake/export_octomap_msgs__rosidl_generator_cExport.cmake
-- Installing: /home/ctaylor71023/ros2_ws/src/ctaylor319_capstone/install/octomap_msgs/share/octomap_msgs/cmake/export_octomap_msgs__rosidl_generator_cExport-noconfig.cmake
-- Installing: /home/ctaylor71023/ros2_ws/src/ctaylor319_capstone/install/octomap_msgs/share/octomap_msgs/cmake/export_octomap_msgs__rosidl_typesupport_fastrtps_cExport.cmake
-- Installing: /home/ctaylor71023/ros2_ws/src/ctaylor319_capstone/install/octomap_msgs/share/octomap_msgs/cmake/export_octomap_msgs__rosidl_typesupport_fastrtps_cExport-noconfig.cmake
-- Installing: /home/ctaylor71023/ros2_ws/src/ctaylor319_capstone/install/octomap_msgs/share/octomap_msgs/cmake/octomap_msgs__rosidl_typesupport_introspection_cExport.cmake
-- Installing: /home/ctaylor71023/ros2_ws/src/ctaylor319_capstone/install/octomap_msgs/share/octomap_msgs/cmake/octomap_msgs__rosidl_typesupport_introspection_cExport-noconfig.cmake
-- Installing: /home/ctaylor71023/ros2_ws/src/ctaylor319_capstone/install/octomap_msgs/share/octomap_msgs/cmake/octomap_msgs__rosidl_typesupport_cExport.cmake
-- Installing: /home/ctaylor71023/ros2_ws/src/ctaylor319_capstone/install/octomap_msgs/share/octomap_msgs/cmake/octomap_msgs__rosidl_typesupport_cExport-noconfig.cmake
-- Installing: /home/ctaylor71023/ros2_ws/src/ctaylor319_capstone/install/octomap_msgs/share/octomap_msgs/cmake/export_octomap_msgs__rosidl_generator_cppExport.cmake
-- Installing: /home/ctaylor71023/ros2_ws/src/ctaylor319_capstone/install/octomap_msgs/share/octomap_msgs/cmake/export_octomap_msgs__rosidl_typesupport_fastrtps_cppExport.cmake
-- Installing: /home/ctaylor71023/ros2_ws/src/ctaylor319_capstone/install/octomap_msgs/share/octomap_msgs/cmake/export_octomap_msgs__rosidl_typesupport_fastrtps_cppExport-noconfig.cmake
-- Installing: /home/ctaylor71023/ros2_ws/src/ctaylor319_capstone/install/octomap_msgs/share/octomap_msgs/cmake/octomap_msgs__rosidl_typesupport_introspection_cppExport.cmake
-- Installing: /home/ctaylor71023/ros2_ws/src/ctaylor319_capstone/install/octomap_msgs/share/octomap_msgs/cmake/octomap_msgs__rosidl_typesupport_introspection_cppExport-noconfig.cmake
-- Installing: /home/ctaylor71023/ros2_ws/src/ctaylor319_capstone/install/octomap_msgs/share/octomap_msgs/cmake/octomap_msgs__rosidl_typesupport_cppExport.cmake
-- Installing: /home/ctaylor71023/ros2_ws/src/ctaylor319_capstone/install/octomap_msgs/share/octomap_msgs/cmake/octomap_msgs__rosidl_typesupport_cppExport-noconfig.cmake
-- Installing: /home/ctaylor71023/ros2_ws/src/ctaylor319_capstone/install/octomap_msgs/share/octomap_msgs/cmake/export_octomap_msgs__rosidl_generator_pyExport.cmake
-- Installing: /home/ctaylor71023/ros2_ws/src/ctaylor319_capstone/install/octomap_msgs/share/octomap_msgs/cmake/export_octomap_msgs__rosidl_generator_pyExport-noconfig.cmake
