[0.018s] Invoking command in '/home/ctaylor71023/ros2_ws/src/ctaylor319_capstone/build/octomap_msgs': CMAKE_PREFIX_PATH=${CMAKE_PREFIX_PATH}:/home/ctaylor71023/ws_moveit/install/moveit_configs_utils:/home/ctaylor71023/ws_moveit/install/launch_param_builder:/home/ctaylor71023/turtlebot3_ws/install/py_subpub:/home/ctaylor71023/turtlebot3_ws/install/Crossfire_object_follower:/home/ctaylor71023/turtlebot3_ws/install/Crossfire_navigate_to_goal:/home/ctaylor71023/turtlebot3_ws/install/Crossfire_lab6:/home/ctaylor71023/turtlebot3_ws/install/Crossfire_lab5:/home/ctaylor71023/turtlebot3_ws/install/Crossfire_chase_object:/home/ctaylor71023/turtlebot3_ws/src/install/py_subpub:/home/ctaylor71023/turtlebot3_ws/src/install/Lab2:/home/ctaylor71023/turtlebot3_ws/src/install/Crossfire_object_follower:/home/ctaylor71023/turtlebot3_ws/src/install/Crossfire_navigate_to_goal:/home/ctaylor71023/turtlebot3_ws/src/install/Crossfire_lab6:/home/ctaylor71023/turtlebot3_ws/src/install/Crossfire_lab5:/home/ctaylor71023/turtlebot3_ws/src/install/Crossfire_chase_object:/opt/ros/humble /usr/bin/cmake /home/ctaylor71023/ros2_ws/src/ctaylor319_capstone/octomap_msgs -DAMENT_CMAKE_SYMLINK_INSTALL=1 -DCMAKE_INSTALL_PREFIX=/home/ctaylor71023/ros2_ws/src/ctaylor319_capstone/install/octomap_msgs
[0.101s] -- The C compiler identification is GNU 11.4.0
[0.169s] -- The CXX compiler identification is GNU 11.4.0
[0.178s] -- Detecting C compiler ABI info
[0.278s] -- Detecting C compiler ABI info - done
[0.286s] -- Check for working C compiler: /usr/bin/cc - skipped
[0.286s] -- Detecting C compile features
[0.286s] -- Detecting C compile features - done
[0.289s] -- Detecting CXX compiler ABI info
[0.505s] -- Detecting CXX compiler ABI info - done
[0.513s] -- Check for working CXX compiler: /usr/bin/c++ - skipped
[0.513s] -- Detecting CXX compile features
[0.513s] -- Detecting CXX compile features - done
[0.525s] -- Found ament_cmake: 1.3.10 (/opt/ros/humble/share/ament_cmake/cmake)
[0.746s] -- Found Python3: /usr/bin/python3 (found version "3.10.12") found components: Interpreter 
[0.818s] -- Override CMake install command with custom implementation using symlinks instead of copying resources
[0.962s] -- Found rosidl_default_generators: 1.2.0 (/opt/ros/humble/share/rosidl_default_generators/cmake)
[0.986s] -- Using all available rosidl_typesupport_c: rosidl_typesupport_fastrtps_c;rosidl_typesupport_introspection_c
[1.016s] -- Found rosidl_adapter: 3.1.5 (/opt/ros/humble/share/rosidl_adapter/cmake)
[1.131s] -- Using all available rosidl_typesupport_cpp: rosidl_typesupport_fastrtps_cpp;rosidl_typesupport_introspection_cpp
[1.221s] -- Found std_msgs: 4.2.4 (/opt/ros/humble/share/std_msgs/cmake)
[1.275s] -- Found geometry_msgs: 4.2.4 (/opt/ros/humble/share/geometry_msgs/cmake)
[1.656s] -- Found ament_cmake_ros: 0.10.0 (/opt/ros/humble/share/ament_cmake_ros/cmake)
[1.988s] -- Using all available rosidl_typesupport_c: rosidl_typesupport_fastrtps_c;rosidl_typesupport_introspection_c
[2.406s] -- Using all available rosidl_typesupport_cpp: rosidl_typesupport_fastrtps_cpp;rosidl_typesupport_introspection_cpp
[2.444s] -- Found PythonInterp: /usr/bin/python3 (found suitable version "3.10.12", minimum required is "3.6") 
[2.455s] -- Found python_cmake_module: 0.10.0 (/opt/ros/humble/share/python_cmake_module/cmake)
[2.499s] -- Found PythonLibs: /usr/lib/x86_64-linux-gnu/libpython3.10.so (found suitable version "3.10.12", minimum required is "3.5") 
[2.499s] -- Using PYTHON_EXECUTABLE: /usr/bin/python3
[2.500s] -- Using PYTHON_INCLUDE_DIRS: /usr/include/python3.10
[2.500s] -- Using PYTHON_LIBRARIES: /usr/lib/x86_64-linux-gnu/libpython3.10.so
[2.532s] -- Found PythonExtra: .so  
[2.686s] -- Configuring done
[2.733s] -- Generating done
[2.736s] -- Build files have been written to: /home/ctaylor71023/ros2_ws/src/ctaylor319_capstone/build/octomap_msgs
[2.743s] Invoked command in '/home/ctaylor71023/ros2_ws/src/ctaylor319_capstone/build/octomap_msgs' returned '0': CMAKE_PREFIX_PATH=${CMAKE_PREFIX_PATH}:/home/ctaylor71023/ws_moveit/install/moveit_configs_utils:/home/ctaylor71023/ws_moveit/install/launch_param_builder:/home/ctaylor71023/turtlebot3_ws/install/py_subpub:/home/ctaylor71023/turtlebot3_ws/install/Crossfire_object_follower:/home/ctaylor71023/turtlebot3_ws/install/Crossfire_navigate_to_goal:/home/ctaylor71023/turtlebot3_ws/install/Crossfire_lab6:/home/ctaylor71023/turtlebot3_ws/install/Crossfire_lab5:/home/ctaylor71023/turtlebot3_ws/install/Crossfire_chase_object:/home/ctaylor71023/turtlebot3_ws/src/install/py_subpub:/home/ctaylor71023/turtlebot3_ws/src/install/Lab2:/home/ctaylor71023/turtlebot3_ws/src/install/Crossfire_object_follower:/home/ctaylor71023/turtlebot3_ws/src/install/Crossfire_navigate_to_goal:/home/ctaylor71023/turtlebot3_ws/src/install/Crossfire_lab6:/home/ctaylor71023/turtlebot3_ws/src/install/Crossfire_lab5:/home/ctaylor71023/turtlebot3_ws/src/install/Crossfire_chase_object:/opt/ros/humble /usr/bin/cmake /home/ctaylor71023/ros2_ws/src/ctaylor319_capstone/octomap_msgs -DAMENT_CMAKE_SYMLINK_INSTALL=1 -DCMAKE_INSTALL_PREFIX=/home/ctaylor71023/ros2_ws/src/ctaylor319_capstone/install/octomap_msgs
[2.746s] Invoking command in '/home/ctaylor71023/ros2_ws/src/ctaylor319_capstone/build/octomap_msgs': CMAKE_PREFIX_PATH=${CMAKE_PREFIX_PATH}:/home/ctaylor71023/ws_moveit/install/moveit_configs_utils:/home/ctaylor71023/ws_moveit/install/launch_param_builder:/home/ctaylor71023/turtlebot3_ws/install/py_subpub:/home/ctaylor71023/turtlebot3_ws/install/Crossfire_object_follower:/home/ctaylor71023/turtlebot3_ws/install/Crossfire_navigate_to_goal:/home/ctaylor71023/turtlebot3_ws/install/Crossfire_lab6:/home/ctaylor71023/turtlebot3_ws/install/Crossfire_lab5:/home/ctaylor71023/turtlebot3_ws/install/Crossfire_chase_object:/home/ctaylor71023/turtlebot3_ws/src/install/py_subpub:/home/ctaylor71023/turtlebot3_ws/src/install/Lab2:/home/ctaylor71023/turtlebot3_ws/src/install/Crossfire_object_follower:/home/ctaylor71023/turtlebot3_ws/src/install/Crossfire_navigate_to_goal:/home/ctaylor71023/turtlebot3_ws/src/install/Crossfire_lab6:/home/ctaylor71023/turtlebot3_ws/src/install/Crossfire_lab5:/home/ctaylor71023/turtlebot3_ws/src/install/Crossfire_chase_object:/opt/ros/humble /usr/bin/cmake --build /home/ctaylor71023/ros2_ws/src/ctaylor319_capstone/build/octomap_msgs -- -j8 -l8
[2.809s] [  1%] [34m[1mGenerating C code for ROS interfaces[0m
[2.829s] [  3%] [34m[1mGenerating C++ code for ROS interfaces[0m
[2.848s] [  3%] Built target ament_cmake_python_symlink_octomap_msgs
[3.207s] running egg_info
[3.207s] creating octomap_msgs.egg-info
[3.207s] writing octomap_msgs.egg-info/PKG-INFO
[3.208s] writing dependency_links to octomap_msgs.egg-info/dependency_links.txt
[3.208s] writing top-level names to octomap_msgs.egg-info/top_level.txt
[3.208s] writing manifest file 'octomap_msgs.egg-info/SOURCES.txt'
[3.211s] reading manifest file 'octomap_msgs.egg-info/SOURCES.txt'
[3.211s] writing manifest file 'octomap_msgs.egg-info/SOURCES.txt'
[3.245s] [  3%] Built target ament_cmake_python_build_octomap_msgs_egg
[3.531s] [  3%] Built target octomap_msgs__cpp
[3.543s] [  5%] [32mBuilding C object CMakeFiles/octomap_msgs__rosidl_generator_c.dir/rosidl_generator_c/octomap_msgs/msg/detail/octomap_with_pose__functions.c.o[0m
[3.543s] [  7%] [32mBuilding C object CMakeFiles/octomap_msgs__rosidl_generator_c.dir/rosidl_generator_c/octomap_msgs/srv/detail/bounding_box_query__functions.c.o[0m
[3.544s] [  9%] [32mBuilding C object CMakeFiles/octomap_msgs__rosidl_generator_c.dir/rosidl_generator_c/octomap_msgs/srv/detail/get_octomap__functions.c.o[0m
[3.548s] [ 10%] [32mBuilding C object CMakeFiles/octomap_msgs__rosidl_generator_c.dir/rosidl_generator_c/octomap_msgs/msg/detail/octomap__functions.c.o[0m
[3.562s] [ 12%] [34m[1mGenerating C++ type support for eProsima Fast-RTPS[0m
[3.563s] [ 16%] [34m[1mGenerating C++ introspection for ROS interfaces[0m
[3.563s] [ 16%] [34m[1mGenerating C++ type support dispatch for ROS interfaces[0m
[3.704s] [ 18%] [32m[1mLinking C shared library liboctomap_msgs__rosidl_generator_c.so[0m
[3.776s] [ 18%] Built target octomap_msgs__rosidl_generator_c
[3.799s] [ 20%] [34m[1mGenerating C type support dispatch for ROS interfaces[0m
[3.802s] [ 21%] [34m[1mGenerating C type support for eProsima Fast-RTPS[0m
[3.805s] [ 23%] [34m[1mGenerating C introspection for ROS interfaces[0m
[4.337s] [ 25%] [32mBuilding CXX object CMakeFiles/octomap_msgs__rosidl_typesupport_fastrtps_cpp.dir/rosidl_typesupport_fastrtps_cpp/octomap_msgs/msg/detail/dds_fastrtps/octomap_with_pose__type_support.cpp.o[0m
[4.338s] [ 27%] [32mBuilding CXX object CMakeFiles/octomap_msgs__rosidl_typesupport_fastrtps_cpp.dir/rosidl_typesupport_fastrtps_cpp/octomap_msgs/srv/detail/dds_fastrtps/bounding_box_query__type_support.cpp.o[0m
[4.340s] [ 29%] [32mBuilding CXX object CMakeFiles/octomap_msgs__rosidl_typesupport_fastrtps_cpp.dir/rosidl_typesupport_fastrtps_cpp/octomap_msgs/msg/detail/dds_fastrtps/octomap__type_support.cpp.o[0m
[4.466s] [ 30%] [32mBuilding CXX object CMakeFiles/octomap_msgs__rosidl_typesupport_cpp.dir/rosidl_typesupport_cpp/octomap_msgs/msg/octomap__type_support.cpp.o[0m
[4.558s] [ 32%] [32mBuilding CXX object CMakeFiles/octomap_msgs__rosidl_typesupport_introspection_cpp.dir/rosidl_typesupport_introspection_cpp/octomap_msgs/msg/detail/octomap__type_support.cpp.o[0m
[4.943s] [ 34%] [32mBuilding CXX object CMakeFiles/octomap_msgs__rosidl_typesupport_c.dir/rosidl_typesupport_c/octomap_msgs/msg/octomap__type_support.cpp.o[0m
[4.945s] [ 36%] [32mBuilding CXX object CMakeFiles/octomap_msgs__rosidl_typesupport_fastrtps_c.dir/rosidl_typesupport_fastrtps_c/octomap_msgs/msg/detail/octomap__type_support_c.cpp.o[0m
[5.023s] [ 38%] [32mBuilding CXX object CMakeFiles/octomap_msgs__rosidl_typesupport_c.dir/rosidl_typesupport_c/octomap_msgs/msg/octomap_with_pose__type_support.cpp.o[0m
[5.037s] [ 40%] [32mBuilding CXX object CMakeFiles/octomap_msgs__rosidl_typesupport_cpp.dir/rosidl_typesupport_cpp/octomap_msgs/msg/octomap_with_pose__type_support.cpp.o[0m
[5.096s] [ 41%] [32mBuilding CXX object CMakeFiles/octomap_msgs__rosidl_typesupport_fastrtps_c.dir/rosidl_typesupport_fastrtps_c/octomap_msgs/msg/detail/octomap_with_pose__type_support_c.cpp.o[0m
[5.099s] [ 43%] [32mBuilding CXX object CMakeFiles/octomap_msgs__rosidl_typesupport_c.dir/rosidl_typesupport_c/octomap_msgs/srv/bounding_box_query__type_support.cpp.o[0m
[5.175s] [ 45%] [32mBuilding C object CMakeFiles/octomap_msgs__rosidl_typesupport_introspection_c.dir/rosidl_typesupport_introspection_c/octomap_msgs/msg/detail/octomap__type_support.c.o[0m
[5.177s] [ 49%] [32mBuilding CXX object CMakeFiles/octomap_msgs__rosidl_typesupport_c.dir/rosidl_typesupport_c/octomap_msgs/srv/get_octomap__type_support.cpp.o[0m
[5.177s] [ 49%] [32mBuilding CXX object CMakeFiles/octomap_msgs__rosidl_typesupport_fastrtps_c.dir/rosidl_typesupport_fastrtps_c/octomap_msgs/srv/detail/bounding_box_query__type_support_c.cpp.o[0m
[5.238s] [ 50%] [32mBuilding CXX object CMakeFiles/octomap_msgs__rosidl_typesupport_fastrtps_cpp.dir/rosidl_typesupport_fastrtps_cpp/octomap_msgs/srv/detail/dds_fastrtps/get_octomap__type_support.cpp.o[0m
[5.256s] [ 52%] [32m[1mLinking CXX shared library liboctomap_msgs__rosidl_typesupport_c.so[0m
[5.311s] [ 54%] [32mBuilding C object CMakeFiles/octomap_msgs__rosidl_typesupport_introspection_c.dir/rosidl_typesupport_introspection_c/octomap_msgs/msg/detail/octomap_with_pose__type_support.c.o[0m
[5.361s] [ 56%] [32mBuilding CXX object CMakeFiles/octomap_msgs__rosidl_typesupport_introspection_cpp.dir/rosidl_typesupport_introspection_cpp/octomap_msgs/msg/detail/octomap_with_pose__type_support.cpp.o[0m
[5.361s] [ 56%] Built target octomap_msgs__rosidl_typesupport_c
[5.389s] [ 58%] [32mBuilding CXX object CMakeFiles/octomap_msgs__rosidl_typesupport_cpp.dir/rosidl_typesupport_cpp/octomap_msgs/srv/bounding_box_query__type_support.cpp.o[0m
[5.424s] [ 60%] [32mBuilding C object CMakeFiles/octomap_msgs__rosidl_typesupport_introspection_c.dir/rosidl_typesupport_introspection_c/octomap_msgs/srv/detail/bounding_box_query__type_support.c.o[0m
[5.535s] [ 61%] [32mBuilding C object CMakeFiles/octomap_msgs__rosidl_typesupport_introspection_c.dir/rosidl_typesupport_introspection_c/octomap_msgs/srv/detail/get_octomap__type_support.c.o[0m
[5.584s] [ 63%] [32mBuilding CXX object CMakeFiles/octomap_msgs__rosidl_typesupport_fastrtps_c.dir/rosidl_typesupport_fastrtps_c/octomap_msgs/srv/detail/get_octomap__type_support_c.cpp.o[0m
[5.629s] [ 65%] [32m[1mLinking C shared library liboctomap_msgs__rosidl_typesupport_introspection_c.so[0m
[5.634s] [ 67%] [32mBuilding CXX object CMakeFiles/octomap_msgs__rosidl_typesupport_introspection_cpp.dir/rosidl_typesupport_introspection_cpp/octomap_msgs/srv/detail/bounding_box_query__type_support.cpp.o[0m
[5.729s] [ 67%] Built target octomap_msgs__rosidl_typesupport_introspection_c
[5.754s] [ 69%] [32mBuilding CXX object CMakeFiles/octomap_msgs__rosidl_typesupport_introspection_cpp.dir/rosidl_typesupport_introspection_cpp/octomap_msgs/srv/detail/get_octomap__type_support.cpp.o[0m
[5.797s] [ 70%] [32mBuilding CXX object CMakeFiles/octomap_msgs__rosidl_typesupport_cpp.dir/rosidl_typesupport_cpp/octomap_msgs/srv/get_octomap__type_support.cpp.o[0m
[6.075s] [ 72%] [32m[1mLinking CXX shared library liboctomap_msgs__rosidl_typesupport_fastrtps_cpp.so[0m
[6.115s] [ 74%] [32m[1mLinking CXX shared library liboctomap_msgs__rosidl_typesupport_fastrtps_c.so[0m
[6.194s] [ 74%] Built target octomap_msgs__rosidl_typesupport_fastrtps_cpp
[6.234s] [ 74%] Built target octomap_msgs__rosidl_typesupport_fastrtps_c
[6.291s] [ 76%] [32m[1mLinking CXX shared library liboctomap_msgs__rosidl_typesupport_cpp.so[0m
[6.345s] [ 78%] [32m[1mLinking CXX shared library liboctomap_msgs__rosidl_typesupport_introspection_cpp.so[0m
[6.350s] [ 78%] Built target octomap_msgs__rosidl_typesupport_cpp
[6.431s] [ 78%] Built target octomap_msgs__rosidl_typesupport_introspection_cpp
[6.467s] [ 78%] Built target octomap_msgs
[6.505s] [ 80%] [34m[1mGenerating Python code for ROS interfaces[0m
[7.391s] [ 80%] Built target octomap_msgs__py
[7.427s] [ 83%] [32mBuilding C object CMakeFiles/octomap_msgs__rosidl_generator_py.dir/rosidl_generator_py/octomap_msgs/msg/_octomap_s.c.o[0m
[7.427s] [ 83%] [32mBuilding C object CMakeFiles/octomap_msgs__rosidl_generator_py.dir/rosidl_generator_py/octomap_msgs/msg/_octomap_with_pose_s.c.o[0m
[7.428s] [ 85%] [32mBuilding C object CMakeFiles/octomap_msgs__rosidl_generator_py.dir/rosidl_generator_py/octomap_msgs/srv/_get_octomap_s.c.o[0m
[7.428s] [ 87%] [32mBuilding C object CMakeFiles/octomap_msgs__rosidl_generator_py.dir/rosidl_generator_py/octomap_msgs/srv/_bounding_box_query_s.c.o[0m
[7.571s] [ 89%] [32m[1mLinking C shared library rosidl_generator_py/octomap_msgs/liboctomap_msgs__rosidl_generator_py.so[0m
[7.626s] [ 89%] Built target octomap_msgs__rosidl_generator_py
[7.666s] [ 94%] [32mBuilding C object CMakeFiles/octomap_msgs__rosidl_typesupport_fastrtps_c__pyext.dir/rosidl_generator_py/octomap_msgs/_octomap_msgs_s.ep.rosidl_typesupport_fastrtps_c.c.o[0m
[7.666s] [ 94%] [32mBuilding C object CMakeFiles/octomap_msgs__rosidl_typesupport_c__pyext.dir/rosidl_generator_py/octomap_msgs/_octomap_msgs_s.ep.rosidl_typesupport_c.c.o[0m
[7.666s] [ 94%] [32mBuilding C object CMakeFiles/octomap_msgs__rosidl_typesupport_introspection_c__pyext.dir/rosidl_generator_py/octomap_msgs/_octomap_msgs_s.ep.rosidl_typesupport_introspection_c.c.o[0m
[7.819s] [100%] [32m[1mLinking C shared library rosidl_generator_py/octomap_msgs/octomap_msgs_s__rosidl_typesupport_c.cpython-310-x86_64-linux-gnu.so[0m
[7.820s] [100%] [32m[1mLinking C shared library rosidl_generator_py/octomap_msgs/octomap_msgs_s__rosidl_typesupport_introspection_c.cpython-310-x86_64-linux-gnu.so[0m
[7.820s] [100%] [32m[1mLinking C shared library rosidl_generator_py/octomap_msgs/octomap_msgs_s__rosidl_typesupport_fastrtps_c.cpython-310-x86_64-linux-gnu.so[0m
[7.884s] [100%] Built target octomap_msgs__rosidl_typesupport_fastrtps_c__pyext
[7.884s] [100%] Built target octomap_msgs__rosidl_typesupport_introspection_c__pyext
[7.884s] [100%] Built target octomap_msgs__rosidl_typesupport_c__pyext
[7.901s] Invoked command in '/home/ctaylor71023/ros2_ws/src/ctaylor319_capstone/build/octomap_msgs' returned '0': CMAKE_PREFIX_PATH=${CMAKE_PREFIX_PATH}:/home/ctaylor71023/ws_moveit/install/moveit_configs_utils:/home/ctaylor71023/ws_moveit/install/launch_param_builder:/home/ctaylor71023/turtlebot3_ws/install/py_subpub:/home/ctaylor71023/turtlebot3_ws/install/Crossfire_object_follower:/home/ctaylor71023/turtlebot3_ws/install/Crossfire_navigate_to_goal:/home/ctaylor71023/turtlebot3_ws/install/Crossfire_lab6:/home/ctaylor71023/turtlebot3_ws/install/Crossfire_lab5:/home/ctaylor71023/turtlebot3_ws/install/Crossfire_chase_object:/home/ctaylor71023/turtlebot3_ws/src/install/py_subpub:/home/ctaylor71023/turtlebot3_ws/src/install/Lab2:/home/ctaylor71023/turtlebot3_ws/src/install/Crossfire_object_follower:/home/ctaylor71023/turtlebot3_ws/src/install/Crossfire_navigate_to_goal:/home/ctaylor71023/turtlebot3_ws/src/install/Crossfire_lab6:/home/ctaylor71023/turtlebot3_ws/src/install/Crossfire_lab5:/home/ctaylor71023/turtlebot3_ws/src/install/Crossfire_chase_object:/opt/ros/humble /usr/bin/cmake --build /home/ctaylor71023/ros2_ws/src/ctaylor319_capstone/build/octomap_msgs -- -j8 -l8
[8.200s] Invoking command in '/home/ctaylor71023/ros2_ws/src/ctaylor319_capstone/build/octomap_msgs': CMAKE_PREFIX_PATH=${CMAKE_PREFIX_PATH}:/home/ctaylor71023/ws_moveit/install/moveit_configs_utils:/home/ctaylor71023/ws_moveit/install/launch_param_builder:/home/ctaylor71023/turtlebot3_ws/install/py_subpub:/home/ctaylor71023/turtlebot3_ws/install/Crossfire_object_follower:/home/ctaylor71023/turtlebot3_ws/install/Crossfire_navigate_to_goal:/home/ctaylor71023/turtlebot3_ws/install/Crossfire_lab6:/home/ctaylor71023/turtlebot3_ws/install/Crossfire_lab5:/home/ctaylor71023/turtlebot3_ws/install/Crossfire_chase_object:/home/ctaylor71023/turtlebot3_ws/src/install/py_subpub:/home/ctaylor71023/turtlebot3_ws/src/install/Lab2:/home/ctaylor71023/turtlebot3_ws/src/install/Crossfire_object_follower:/home/ctaylor71023/turtlebot3_ws/src/install/Crossfire_navigate_to_goal:/home/ctaylor71023/turtlebot3_ws/src/install/Crossfire_lab6:/home/ctaylor71023/turtlebot3_ws/src/install/Crossfire_lab5:/home/ctaylor71023/turtlebot3_ws/src/install/Crossfire_chase_object:/opt/ros/humble /usr/bin/cmake --install /home/ctaylor71023/ros2_ws/src/ctaylor319_capstone/build/octomap_msgs
[8.215s] -- Install configuration: ""
[8.215s] -- Execute custom install script
[8.216s] -- Symlinking: /home/ctaylor71023/ros2_ws/src/ctaylor319_capstone/install/octomap_msgs/share/ament_index/resource_index/rosidl_interfaces/octomap_msgs
[8.233s] -- Symlinking: /home/ctaylor71023/ros2_ws/src/ctaylor319_capstone/install/octomap_msgs/include/octomap_msgs/octomap_msgs/msg/detail/octomap__functions.h
[8.249s] -- Symlinking: /home/ctaylor71023/ros2_ws/src/ctaylor319_capstone/install/octomap_msgs/include/octomap_msgs/octomap_msgs/msg/detail/octomap__struct.h
[8.263s] -- Symlinking: /home/ctaylor71023/ros2_ws/src/ctaylor319_capstone/install/octomap_msgs/include/octomap_msgs/octomap_msgs/msg/detail/octomap__type_support.h
[8.275s] -- Symlinking: /home/ctaylor71023/ros2_ws/src/ctaylor319_capstone/install/octomap_msgs/include/octomap_msgs/octomap_msgs/msg/detail/octomap_with_pose__functions.h
[8.288s] -- Symlinking: /home/ctaylor71023/ros2_ws/src/ctaylor319_capstone/install/octomap_msgs/include/octomap_msgs/octomap_msgs/msg/detail/octomap_with_pose__struct.h
[8.300s] -- Symlinking: /home/ctaylor71023/ros2_ws/src/ctaylor319_capstone/install/octomap_msgs/include/octomap_msgs/octomap_msgs/msg/detail/octomap_with_pose__type_support.h
[8.313s] -- Symlinking: /home/ctaylor71023/ros2_ws/src/ctaylor319_capstone/install/octomap_msgs/include/octomap_msgs/octomap_msgs/msg/octomap.h
[8.326s] -- Symlinking: /home/ctaylor71023/ros2_ws/src/ctaylor319_capstone/install/octomap_msgs/include/octomap_msgs/octomap_msgs/msg/octomap_with_pose.h
[8.339s] -- Symlinking: /home/ctaylor71023/ros2_ws/src/ctaylor319_capstone/install/octomap_msgs/include/octomap_msgs/octomap_msgs/msg/rosidl_generator_c__visibility_control.h
[8.352s] -- Symlinking: /home/ctaylor71023/ros2_ws/src/ctaylor319_capstone/install/octomap_msgs/include/octomap_msgs/octomap_msgs/srv/bounding_box_query.h
[8.366s] -- Symlinking: /home/ctaylor71023/ros2_ws/src/ctaylor319_capstone/install/octomap_msgs/include/octomap_msgs/octomap_msgs/srv/detail/bounding_box_query__functions.h
[8.379s] -- Symlinking: /home/ctaylor71023/ros2_ws/src/ctaylor319_capstone/install/octomap_msgs/include/octomap_msgs/octomap_msgs/srv/detail/bounding_box_query__struct.h
[8.391s] -- Symlinking: /home/ctaylor71023/ros2_ws/src/ctaylor319_capstone/install/octomap_msgs/include/octomap_msgs/octomap_msgs/srv/detail/bounding_box_query__type_support.h
[8.404s] -- Symlinking: /home/ctaylor71023/ros2_ws/src/ctaylor319_capstone/install/octomap_msgs/include/octomap_msgs/octomap_msgs/srv/detail/get_octomap__functions.h
[8.416s] -- Symlinking: /home/ctaylor71023/ros2_ws/src/ctaylor319_capstone/install/octomap_msgs/include/octomap_msgs/octomap_msgs/srv/detail/get_octomap__struct.h
[8.429s] -- Symlinking: /home/ctaylor71023/ros2_ws/src/ctaylor319_capstone/install/octomap_msgs/include/octomap_msgs/octomap_msgs/srv/detail/get_octomap__type_support.h
[8.442s] -- Symlinking: /home/ctaylor71023/ros2_ws/src/ctaylor319_capstone/install/octomap_msgs/include/octomap_msgs/octomap_msgs/srv/get_octomap.h
[8.455s] -- Symlinking: /home/ctaylor71023/ros2_ws/src/ctaylor319_capstone/install/octomap_msgs/share/octomap_msgs/environment/library_path.sh
[8.470s] -- Symlinking: /home/ctaylor71023/ros2_ws/src/ctaylor319_capstone/install/octomap_msgs/share/octomap_msgs/environment/library_path.dsv
[8.486s] -- Symlinking: /home/ctaylor71023/ros2_ws/src/ctaylor319_capstone/install/octomap_msgs/include/octomap_msgs/octomap_msgs/msg/detail/octomap__rosidl_typesupport_fastrtps_c.h
[8.499s] -- Symlinking: /home/ctaylor71023/ros2_ws/src/ctaylor319_capstone/install/octomap_msgs/include/octomap_msgs/octomap_msgs/msg/detail/octomap_with_pose__rosidl_typesupport_fastrtps_c.h
[8.511s] -- Symlinking: /home/ctaylor71023/ros2_ws/src/ctaylor319_capstone/install/octomap_msgs/include/octomap_msgs/octomap_msgs/msg/rosidl_typesupport_fastrtps_c__visibility_control.h
[8.524s] -- Symlinking: /home/ctaylor71023/ros2_ws/src/ctaylor319_capstone/install/octomap_msgs/include/octomap_msgs/octomap_msgs/srv/detail/bounding_box_query__rosidl_typesupport_fastrtps_c.h
[8.537s] -- Symlinking: /home/ctaylor71023/ros2_ws/src/ctaylor319_capstone/install/octomap_msgs/include/octomap_msgs/octomap_msgs/srv/detail/get_octomap__rosidl_typesupport_fastrtps_c.h
[8.549s] -- Symlinking: /home/ctaylor71023/ros2_ws/src/ctaylor319_capstone/install/octomap_msgs/include/octomap_msgs/octomap_msgs/msg/detail/octomap__rosidl_typesupport_introspection_c.h
[8.563s] -- Symlinking: /home/ctaylor71023/ros2_ws/src/ctaylor319_capstone/install/octomap_msgs/include/octomap_msgs/octomap_msgs/msg/detail/octomap_with_pose__rosidl_typesupport_introspection_c.h
[8.576s] -- Symlinking: /home/ctaylor71023/ros2_ws/src/ctaylor319_capstone/install/octomap_msgs/include/octomap_msgs/octomap_msgs/msg/rosidl_typesupport_introspection_c__visibility_control.h
[8.589s] -- Symlinking: /home/ctaylor71023/ros2_ws/src/ctaylor319_capstone/install/octomap_msgs/include/octomap_msgs/octomap_msgs/srv/detail/bounding_box_query__rosidl_typesupport_introspection_c.h
[8.601s] -- Symlinking: /home/ctaylor71023/ros2_ws/src/ctaylor319_capstone/install/octomap_msgs/include/octomap_msgs/octomap_msgs/srv/detail/get_octomap__rosidl_typesupport_introspection_c.h
[8.613s] -- Symlinking: /home/ctaylor71023/ros2_ws/src/ctaylor319_capstone/install/octomap_msgs/include/octomap_msgs/octomap_msgs/msg/detail/octomap__builder.hpp
[8.626s] -- Symlinking: /home/ctaylor71023/ros2_ws/src/ctaylor319_capstone/install/octomap_msgs/include/octomap_msgs/octomap_msgs/msg/detail/octomap__struct.hpp
[8.639s] -- Symlinking: /home/ctaylor71023/ros2_ws/src/ctaylor319_capstone/install/octomap_msgs/include/octomap_msgs/octomap_msgs/msg/detail/octomap__traits.hpp
[8.652s] -- Symlinking: /home/ctaylor71023/ros2_ws/src/ctaylor319_capstone/install/octomap_msgs/include/octomap_msgs/octomap_msgs/msg/detail/octomap_with_pose__builder.hpp
[8.666s] -- Symlinking: /home/ctaylor71023/ros2_ws/src/ctaylor319_capstone/install/octomap_msgs/include/octomap_msgs/octomap_msgs/msg/detail/octomap_with_pose__struct.hpp
[8.678s] -- Symlinking: /home/ctaylor71023/ros2_ws/src/ctaylor319_capstone/install/octomap_msgs/include/octomap_msgs/octomap_msgs/msg/detail/octomap_with_pose__traits.hpp
[8.691s] -- Symlinking: /home/ctaylor71023/ros2_ws/src/ctaylor319_capstone/install/octomap_msgs/include/octomap_msgs/octomap_msgs/msg/octomap.hpp
[8.704s] -- Symlinking: /home/ctaylor71023/ros2_ws/src/ctaylor319_capstone/install/octomap_msgs/include/octomap_msgs/octomap_msgs/msg/octomap_with_pose.hpp
[8.716s] -- Symlinking: /home/ctaylor71023/ros2_ws/src/ctaylor319_capstone/install/octomap_msgs/include/octomap_msgs/octomap_msgs/srv/bounding_box_query.hpp
[8.729s] -- Symlinking: /home/ctaylor71023/ros2_ws/src/ctaylor319_capstone/install/octomap_msgs/include/octomap_msgs/octomap_msgs/srv/detail/bounding_box_query__builder.hpp
[8.742s] -- Symlinking: /home/ctaylor71023/ros2_ws/src/ctaylor319_capstone/install/octomap_msgs/include/octomap_msgs/octomap_msgs/srv/detail/bounding_box_query__struct.hpp
[8.755s] -- Symlinking: /home/ctaylor71023/ros2_ws/src/ctaylor319_capstone/install/octomap_msgs/include/octomap_msgs/octomap_msgs/srv/detail/bounding_box_query__traits.hpp
[8.769s] -- Symlinking: /home/ctaylor71023/ros2_ws/src/ctaylor319_capstone/install/octomap_msgs/include/octomap_msgs/octomap_msgs/srv/detail/get_octomap__builder.hpp
[8.782s] -- Symlinking: /home/ctaylor71023/ros2_ws/src/ctaylor319_capstone/install/octomap_msgs/include/octomap_msgs/octomap_msgs/srv/detail/get_octomap__struct.hpp
[8.795s] -- Symlinking: /home/ctaylor71023/ros2_ws/src/ctaylor319_capstone/install/octomap_msgs/include/octomap_msgs/octomap_msgs/srv/detail/get_octomap__traits.hpp
[8.807s] -- Symlinking: /home/ctaylor71023/ros2_ws/src/ctaylor319_capstone/install/octomap_msgs/include/octomap_msgs/octomap_msgs/srv/get_octomap.hpp
[8.820s] -- Symlinking: /home/ctaylor71023/ros2_ws/src/ctaylor319_capstone/install/octomap_msgs/include/octomap_msgs/octomap_msgs/msg/detail/octomap__rosidl_typesupport_fastrtps_cpp.hpp
[8.832s] -- Symlinking: /home/ctaylor71023/ros2_ws/src/ctaylor319_capstone/install/octomap_msgs/include/octomap_msgs/octomap_msgs/msg/detail/octomap_with_pose__rosidl_typesupport_fastrtps_cpp.hpp
[8.845s] -- Symlinking: /home/ctaylor71023/ros2_ws/src/ctaylor319_capstone/install/octomap_msgs/include/octomap_msgs/octomap_msgs/msg/rosidl_typesupport_fastrtps_cpp__visibility_control.h
[8.859s] -- Symlinking: /home/ctaylor71023/ros2_ws/src/ctaylor319_capstone/install/octomap_msgs/include/octomap_msgs/octomap_msgs/srv/detail/bounding_box_query__rosidl_typesupport_fastrtps_cpp.hpp
[8.871s] -- Symlinking: /home/ctaylor71023/ros2_ws/src/ctaylor319_capstone/install/octomap_msgs/include/octomap_msgs/octomap_msgs/srv/detail/get_octomap__rosidl_typesupport_fastrtps_cpp.hpp
[8.884s] -- Symlinking: /home/ctaylor71023/ros2_ws/src/ctaylor319_capstone/install/octomap_msgs/include/octomap_msgs/octomap_msgs/msg/detail/octomap__rosidl_typesupport_introspection_cpp.hpp
[8.897s] -- Symlinking: /home/ctaylor71023/ros2_ws/src/ctaylor319_capstone/install/octomap_msgs/include/octomap_msgs/octomap_msgs/msg/detail/octomap_with_pose__rosidl_typesupport_introspection_cpp.hpp
[8.909s] -- Symlinking: /home/ctaylor71023/ros2_ws/src/ctaylor319_capstone/install/octomap_msgs/include/octomap_msgs/octomap_msgs/srv/detail/bounding_box_query__rosidl_typesupport_introspection_cpp.hpp
[8.922s] -- Symlinking: /home/ctaylor71023/ros2_ws/src/ctaylor319_capstone/install/octomap_msgs/include/octomap_msgs/octomap_msgs/srv/detail/get_octomap__rosidl_typesupport_introspection_cpp.hpp
[8.934s] -- Symlinking: /home/ctaylor71023/ros2_ws/src/ctaylor319_capstone/install/octomap_msgs/share/octomap_msgs/environment/pythonpath.sh
[8.946s] -- Symlinking: /home/ctaylor71023/ros2_ws/src/ctaylor319_capstone/install/octomap_msgs/share/octomap_msgs/environment/pythonpath.dsv
[8.960s] -- Symlinking: /home/ctaylor71023/ros2_ws/src/ctaylor319_capstone/install/octomap_msgs/local/lib/python3.10/dist-packages/octomap_msgs-2.0.0-py3.10.egg-info/PKG-INFO
[8.972s] -- Symlinking: /home/ctaylor71023/ros2_ws/src/ctaylor319_capstone/install/octomap_msgs/local/lib/python3.10/dist-packages/octomap_msgs-2.0.0-py3.10.egg-info/SOURCES.txt
[8.985s] -- Symlinking: /home/ctaylor71023/ros2_ws/src/ctaylor319_capstone/install/octomap_msgs/local/lib/python3.10/dist-packages/octomap_msgs-2.0.0-py3.10.egg-info/dependency_links.txt
[8.997s] -- Symlinking: /home/ctaylor71023/ros2_ws/src/ctaylor319_capstone/install/octomap_msgs/local/lib/python3.10/dist-packages/octomap_msgs-2.0.0-py3.10.egg-info/top_level.txt
[9.010s] -- Symlinking: /home/ctaylor71023/ros2_ws/src/ctaylor319_capstone/install/octomap_msgs/local/lib/python3.10/dist-packages/octomap_msgs/__init__.py
[9.023s] -- Symlinking: /home/ctaylor71023/ros2_ws/src/ctaylor319_capstone/install/octomap_msgs/local/lib/python3.10/dist-packages/octomap_msgs/_octomap_msgs_s.ep.rosidl_typesupport_c.c
[9.036s] -- Symlinking: /home/ctaylor71023/ros2_ws/src/ctaylor319_capstone/install/octomap_msgs/local/lib/python3.10/dist-packages/octomap_msgs/_octomap_msgs_s.ep.rosidl_typesupport_fastrtps_c.c
[9.048s] -- Symlinking: /home/ctaylor71023/ros2_ws/src/ctaylor319_capstone/install/octomap_msgs/local/lib/python3.10/dist-packages/octomap_msgs/_octomap_msgs_s.ep.rosidl_typesupport_introspection_c.c
[9.062s] -- Symlinking: /home/ctaylor71023/ros2_ws/src/ctaylor319_capstone/install/octomap_msgs/local/lib/python3.10/dist-packages/octomap_msgs/liboctomap_msgs__rosidl_generator_py.so
[9.074s] -- Symlinking: /home/ctaylor71023/ros2_ws/src/ctaylor319_capstone/install/octomap_msgs/local/lib/python3.10/dist-packages/octomap_msgs/msg/__init__.py
[9.087s] -- Symlinking: /home/ctaylor71023/ros2_ws/src/ctaylor319_capstone/install/octomap_msgs/local/lib/python3.10/dist-packages/octomap_msgs/msg/_octomap.py
[9.101s] -- Symlinking: /home/ctaylor71023/ros2_ws/src/ctaylor319_capstone/install/octomap_msgs/local/lib/python3.10/dist-packages/octomap_msgs/msg/_octomap_s.c
[9.113s] -- Symlinking: /home/ctaylor71023/ros2_ws/src/ctaylor319_capstone/install/octomap_msgs/local/lib/python3.10/dist-packages/octomap_msgs/msg/_octomap_with_pose.py
[9.126s] -- Symlinking: /home/ctaylor71023/ros2_ws/src/ctaylor319_capstone/install/octomap_msgs/local/lib/python3.10/dist-packages/octomap_msgs/msg/_octomap_with_pose_s.c
[9.139s] -- Symlinking: /home/ctaylor71023/ros2_ws/src/ctaylor319_capstone/install/octomap_msgs/local/lib/python3.10/dist-packages/octomap_msgs/octomap_msgs_s__rosidl_typesupport_c.cpython-310-x86_64-linux-gnu.so
[9.151s] -- Symlinking: /home/ctaylor71023/ros2_ws/src/ctaylor319_capstone/install/octomap_msgs/local/lib/python3.10/dist-packages/octomap_msgs/octomap_msgs_s__rosidl_typesupport_fastrtps_c.cpython-310-x86_64-linux-gnu.so
[9.164s] -- Symlinking: /home/ctaylor71023/ros2_ws/src/ctaylor319_capstone/install/octomap_msgs/local/lib/python3.10/dist-packages/octomap_msgs/octomap_msgs_s__rosidl_typesupport_introspection_c.cpython-310-x86_64-linux-gnu.so
[9.177s] -- Symlinking: /home/ctaylor71023/ros2_ws/src/ctaylor319_capstone/install/octomap_msgs/local/lib/python3.10/dist-packages/octomap_msgs/srv/__init__.py
[9.189s] -- Symlinking: /home/ctaylor71023/ros2_ws/src/ctaylor319_capstone/install/octomap_msgs/local/lib/python3.10/dist-packages/octomap_msgs/srv/_bounding_box_query.py
[9.202s] -- Symlinking: /home/ctaylor71023/ros2_ws/src/ctaylor319_capstone/install/octomap_msgs/local/lib/python3.10/dist-packages/octomap_msgs/srv/_bounding_box_query_s.c
[9.214s] -- Symlinking: /home/ctaylor71023/ros2_ws/src/ctaylor319_capstone/install/octomap_msgs/local/lib/python3.10/dist-packages/octomap_msgs/srv/_get_octomap.py
[9.226s] -- Symlinking: /home/ctaylor71023/ros2_ws/src/ctaylor319_capstone/install/octomap_msgs/local/lib/python3.10/dist-packages/octomap_msgs/srv/_get_octomap_s.c
[9.239s] -- Up-to-date symlink: /home/ctaylor71023/ros2_ws/src/ctaylor319_capstone/install/octomap_msgs/local/lib/python3.10/dist-packages/octomap_msgs/octomap_msgs_s__rosidl_typesupport_fastrtps_c.cpython-310-x86_64-linux-gnu.so
[9.239s] -- Up-to-date symlink: /home/ctaylor71023/ros2_ws/src/ctaylor319_capstone/install/octomap_msgs/local/lib/python3.10/dist-packages/octomap_msgs/octomap_msgs_s__rosidl_typesupport_introspection_c.cpython-310-x86_64-linux-gnu.so
[9.240s] -- Up-to-date symlink: /home/ctaylor71023/ros2_ws/src/ctaylor319_capstone/install/octomap_msgs/local/lib/python3.10/dist-packages/octomap_msgs/octomap_msgs_s__rosidl_typesupport_c.cpython-310-x86_64-linux-gnu.so
[9.240s] -- Symlinking: /home/ctaylor71023/ros2_ws/src/ctaylor319_capstone/install/octomap_msgs/share/octomap_msgs/msg/Octomap.idl
[9.253s] -- Symlinking: /home/ctaylor71023/ros2_ws/src/ctaylor319_capstone/install/octomap_msgs/share/octomap_msgs/msg/OctomapWithPose.idl
[9.267s] -- Symlinking: /home/ctaylor71023/ros2_ws/src/ctaylor319_capstone/install/octomap_msgs/share/octomap_msgs/srv/BoundingBoxQuery.idl
[9.279s] -- Symlinking: /home/ctaylor71023/ros2_ws/src/ctaylor319_capstone/install/octomap_msgs/share/octomap_msgs/srv/GetOctomap.idl
[9.292s] -- Symlinking: /home/ctaylor71023/ros2_ws/src/ctaylor319_capstone/install/octomap_msgs/share/octomap_msgs/msg/Octomap.msg
[9.304s] -- Symlinking: /home/ctaylor71023/ros2_ws/src/ctaylor319_capstone/install/octomap_msgs/share/octomap_msgs/msg/OctomapWithPose.msg
[9.317s] -- Symlinking: /home/ctaylor71023/ros2_ws/src/ctaylor319_capstone/install/octomap_msgs/share/octomap_msgs/srv/BoundingBoxQuery.srv
[9.329s] -- Symlinking: /home/ctaylor71023/ros2_ws/src/ctaylor319_capstone/install/octomap_msgs/share/octomap_msgs/srv/BoundingBoxQuery_Request.msg
[9.342s] -- Symlinking: /home/ctaylor71023/ros2_ws/src/ctaylor319_capstone/install/octomap_msgs/share/octomap_msgs/srv/BoundingBoxQuery_Response.msg
[9.355s] -- Symlinking: /home/ctaylor71023/ros2_ws/src/ctaylor319_capstone/install/octomap_msgs/share/octomap_msgs/srv/GetOctomap.srv
[9.369s] -- Symlinking: /home/ctaylor71023/ros2_ws/src/ctaylor319_capstone/install/octomap_msgs/share/octomap_msgs/srv/GetOctomap_Request.msg
[9.381s] -- Symlinking: /home/ctaylor71023/ros2_ws/src/ctaylor319_capstone/install/octomap_msgs/share/octomap_msgs/srv/GetOctomap_Response.msg
[9.394s] -- Symlinking: /home/ctaylor71023/ros2_ws/src/ctaylor319_capstone/install/octomap_msgs/share/ament_index/resource_index/package_run_dependencies/octomap_msgs
[9.406s] -- Symlinking: /home/ctaylor71023/ros2_ws/src/ctaylor319_capstone/install/octomap_msgs/share/ament_index/resource_index/parent_prefix_path/octomap_msgs
[9.419s] -- Symlinking: /home/ctaylor71023/ros2_ws/src/ctaylor319_capstone/install/octomap_msgs/share/octomap_msgs/environment/ament_prefix_path.sh
[9.431s] -- Symlinking: /home/ctaylor71023/ros2_ws/src/ctaylor319_capstone/install/octomap_msgs/share/octomap_msgs/environment/ament_prefix_path.dsv
[9.444s] -- Symlinking: /home/ctaylor71023/ros2_ws/src/ctaylor319_capstone/install/octomap_msgs/share/octomap_msgs/environment/path.sh
[9.457s] -- Symlinking: /home/ctaylor71023/ros2_ws/src/ctaylor319_capstone/install/octomap_msgs/share/octomap_msgs/environment/path.dsv
[9.470s] -- Symlinking: /home/ctaylor71023/ros2_ws/src/ctaylor319_capstone/install/octomap_msgs/share/octomap_msgs/local_setup.bash
[9.483s] -- Symlinking: /home/ctaylor71023/ros2_ws/src/ctaylor319_capstone/install/octomap_msgs/share/octomap_msgs/local_setup.sh
[9.495s] -- Symlinking: /home/ctaylor71023/ros2_ws/src/ctaylor319_capstone/install/octomap_msgs/share/octomap_msgs/local_setup.zsh
[9.508s] -- Symlinking: /home/ctaylor71023/ros2_ws/src/ctaylor319_capstone/install/octomap_msgs/share/octomap_msgs/local_setup.dsv
[9.521s] -- Symlinking: /home/ctaylor71023/ros2_ws/src/ctaylor319_capstone/install/octomap_msgs/share/octomap_msgs/package.dsv
[9.534s] -- Symlinking: /home/ctaylor71023/ros2_ws/src/ctaylor319_capstone/install/octomap_msgs/share/ament_index/resource_index/packages/octomap_msgs
[9.547s] -- Symlinking: /home/ctaylor71023/ros2_ws/src/ctaylor319_capstone/install/octomap_msgs/share/octomap_msgs/cmake/rosidl_cmake-extras.cmake
[9.561s] -- Symlinking: /home/ctaylor71023/ros2_ws/src/ctaylor319_capstone/install/octomap_msgs/share/octomap_msgs/cmake/ament_cmake_export_dependencies-extras.cmake
[9.575s] -- Symlinking: /home/ctaylor71023/ros2_ws/src/ctaylor319_capstone/install/octomap_msgs/share/octomap_msgs/cmake/ament_cmake_export_include_directories-extras.cmake
[9.588s] -- Symlinking: /home/ctaylor71023/ros2_ws/src/ctaylor319_capstone/install/octomap_msgs/share/octomap_msgs/cmake/ament_cmake_export_libraries-extras.cmake
[9.601s] -- Symlinking: /home/ctaylor71023/ros2_ws/src/ctaylor319_capstone/install/octomap_msgs/share/octomap_msgs/cmake/ament_cmake_export_targets-extras.cmake
[9.614s] -- Symlinking: /home/ctaylor71023/ros2_ws/src/ctaylor319_capstone/install/octomap_msgs/share/octomap_msgs/cmake/rosidl_cmake_export_typesupport_targets-extras.cmake
[9.627s] -- Symlinking: /home/ctaylor71023/ros2_ws/src/ctaylor319_capstone/install/octomap_msgs/share/octomap_msgs/cmake/rosidl_cmake_export_typesupport_libraries-extras.cmake
[9.639s] -- Symlinking: /home/ctaylor71023/ros2_ws/src/ctaylor319_capstone/install/octomap_msgs/share/octomap_msgs/cmake/octomap_msgsConfig.cmake
[9.653s] -- Symlinking: /home/ctaylor71023/ros2_ws/src/ctaylor319_capstone/install/octomap_msgs/share/octomap_msgs/cmake/octomap_msgsConfig-version.cmake
[9.666s] -- Symlinking: /home/ctaylor71023/ros2_ws/src/ctaylor319_capstone/install/octomap_msgs/share/octomap_msgs/package.xml
[9.679s] -- Installing: /home/ctaylor71023/ros2_ws/src/ctaylor319_capstone/install/octomap_msgs/lib/liboctomap_msgs__rosidl_generator_c.so
[9.679s] -- Set runtime path of "/home/ctaylor71023/ros2_ws/src/ctaylor319_capstone/install/octomap_msgs/lib/liboctomap_msgs__rosidl_generator_c.so" to ""
[9.679s] -- Installing: /home/ctaylor71023/ros2_ws/src/ctaylor319_capstone/install/octomap_msgs/lib/liboctomap_msgs__rosidl_typesupport_fastrtps_c.so
[9.680s] -- Set runtime path of "/home/ctaylor71023/ros2_ws/src/ctaylor319_capstone/install/octomap_msgs/lib/liboctomap_msgs__rosidl_typesupport_fastrtps_c.so" to ""
[9.680s] -- Installing: /home/ctaylor71023/ros2_ws/src/ctaylor319_capstone/install/octomap_msgs/lib/liboctomap_msgs__rosidl_typesupport_introspection_c.so
[9.680s] -- Set runtime path of "/home/ctaylor71023/ros2_ws/src/ctaylor319_capstone/install/octomap_msgs/lib/liboctomap_msgs__rosidl_typesupport_introspection_c.so" to ""
[9.681s] -- Installing: /home/ctaylor71023/ros2_ws/src/ctaylor319_capstone/install/octomap_msgs/lib/liboctomap_msgs__rosidl_typesupport_c.so
[9.681s] -- Set runtime path of "/home/ctaylor71023/ros2_ws/src/ctaylor319_capstone/install/octomap_msgs/lib/liboctomap_msgs__rosidl_typesupport_c.so" to ""
[9.681s] -- Installing: /home/ctaylor71023/ros2_ws/src/ctaylor319_capstone/install/octomap_msgs/lib/liboctomap_msgs__rosidl_typesupport_fastrtps_cpp.so
[9.682s] -- Set runtime path of "/home/ctaylor71023/ros2_ws/src/ctaylor319_capstone/install/octomap_msgs/lib/liboctomap_msgs__rosidl_typesupport_fastrtps_cpp.so" to ""
[9.682s] -- Installing: /home/ctaylor71023/ros2_ws/src/ctaylor319_capstone/install/octomap_msgs/lib/liboctomap_msgs__rosidl_typesupport_introspection_cpp.so
[9.682s] -- Set runtime path of "/home/ctaylor71023/ros2_ws/src/ctaylor319_capstone/install/octomap_msgs/lib/liboctomap_msgs__rosidl_typesupport_introspection_cpp.so" to ""
[9.683s] -- Installing: /home/ctaylor71023/ros2_ws/src/ctaylor319_capstone/install/octomap_msgs/lib/liboctomap_msgs__rosidl_typesupport_cpp.so
[9.683s] -- Set runtime path of "/home/ctaylor71023/ros2_ws/src/ctaylor319_capstone/install/octomap_msgs/lib/liboctomap_msgs__rosidl_typesupport_cpp.so" to ""
[9.732s] Listing '/home/ctaylor71023/ros2_ws/src/ctaylor319_capstone/install/octomap_msgs/local/lib/python3.10/dist-packages/octomap_msgs'...
[9.732s] Compiling '/home/ctaylor71023/ros2_ws/src/ctaylor319_capstone/install/octomap_msgs/local/lib/python3.10/dist-packages/octomap_msgs/__init__.py'...
[9.732s] Listing '/home/ctaylor71023/ros2_ws/src/ctaylor319_capstone/install/octomap_msgs/local/lib/python3.10/dist-packages/octomap_msgs/msg'...
[9.732s] Compiling '/home/ctaylor71023/ros2_ws/src/ctaylor319_capstone/install/octomap_msgs/local/lib/python3.10/dist-packages/octomap_msgs/msg/__init__.py'...
[9.733s] Compiling '/home/ctaylor71023/ros2_ws/src/ctaylor319_capstone/install/octomap_msgs/local/lib/python3.10/dist-packages/octomap_msgs/msg/_octomap.py'...
[9.733s] Compiling '/home/ctaylor71023/ros2_ws/src/ctaylor319_capstone/install/octomap_msgs/local/lib/python3.10/dist-packages/octomap_msgs/msg/_octomap_with_pose.py'...
[9.733s] Listing '/home/ctaylor71023/ros2_ws/src/ctaylor319_capstone/install/octomap_msgs/local/lib/python3.10/dist-packages/octomap_msgs/srv'...
[9.733s] Compiling '/home/ctaylor71023/ros2_ws/src/ctaylor319_capstone/install/octomap_msgs/local/lib/python3.10/dist-packages/octomap_msgs/srv/__init__.py'...
[9.733s] Compiling '/home/ctaylor71023/ros2_ws/src/ctaylor319_capstone/install/octomap_msgs/local/lib/python3.10/dist-packages/octomap_msgs/srv/_bounding_box_query.py'...
[9.733s] Compiling '/home/ctaylor71023/ros2_ws/src/ctaylor319_capstone/install/octomap_msgs/local/lib/python3.10/dist-packages/octomap_msgs/srv/_get_octomap.py'...
[9.737s] -- Installing: /home/ctaylor71023/ros2_ws/src/ctaylor319_capstone/install/octomap_msgs/lib/liboctomap_msgs__rosidl_generator_py.so
[9.738s] -- Set runtime path of "/home/ctaylor71023/ros2_ws/src/ctaylor319_capstone/install/octomap_msgs/lib/liboctomap_msgs__rosidl_generator_py.so" to ""
[9.738s] -- Up-to-date: /home/ctaylor71023/ros2_ws/src/ctaylor319_capstone/install/octomap_msgs/include/octomap_msgs
[9.738s] -- Up-to-date: /home/ctaylor71023/ros2_ws/src/ctaylor319_capstone/install/octomap_msgs/include/octomap_msgs/octomap_msgs
[9.738s] -- Installing: /home/ctaylor71023/ros2_ws/src/ctaylor319_capstone/install/octomap_msgs/include/octomap_msgs/octomap_msgs/conversions.h
[9.738s] -- Installing: /home/ctaylor71023/ros2_ws/src/ctaylor319_capstone/install/octomap_msgs/share/octomap_msgs/cmake/export_octomap_msgs__rosidl_generator_cExport.cmake
[9.738s] -- Installing: /home/ctaylor71023/ros2_ws/src/ctaylor319_capstone/install/octomap_msgs/share/octomap_msgs/cmake/export_octomap_msgs__rosidl_generator_cExport-noconfig.cmake
[9.738s] -- Installing: /home/ctaylor71023/ros2_ws/src/ctaylor319_capstone/install/octomap_msgs/share/octomap_msgs/cmake/export_octomap_msgs__rosidl_typesupport_fastrtps_cExport.cmake
[9.738s] -- Installing: /home/ctaylor71023/ros2_ws/src/ctaylor319_capstone/install/octomap_msgs/share/octomap_msgs/cmake/export_octomap_msgs__rosidl_typesupport_fastrtps_cExport-noconfig.cmake
[9.739s] -- Installing: /home/ctaylor71023/ros2_ws/src/ctaylor319_capstone/install/octomap_msgs/share/octomap_msgs/cmake/octomap_msgs__rosidl_typesupport_introspection_cExport.cmake
[9.739s] -- Installing: /home/ctaylor71023/ros2_ws/src/ctaylor319_capstone/install/octomap_msgs/share/octomap_msgs/cmake/octomap_msgs__rosidl_typesupport_introspection_cExport-noconfig.cmake
[9.739s] -- Installing: /home/ctaylor71023/ros2_ws/src/ctaylor319_capstone/install/octomap_msgs/share/octomap_msgs/cmake/octomap_msgs__rosidl_typesupport_cExport.cmake
[9.739s] -- Installing: /home/ctaylor71023/ros2_ws/src/ctaylor319_capstone/install/octomap_msgs/share/octomap_msgs/cmake/octomap_msgs__rosidl_typesupport_cExport-noconfig.cmake
[9.739s] -- Installing: /home/ctaylor71023/ros2_ws/src/ctaylor319_capstone/install/octomap_msgs/share/octomap_msgs/cmake/export_octomap_msgs__rosidl_generator_cppExport.cmake
[9.739s] -- Installing: /home/ctaylor71023/ros2_ws/src/ctaylor319_capstone/install/octomap_msgs/share/octomap_msgs/cmake/export_octomap_msgs__rosidl_typesupport_fastrtps_cppExport.cmake
[9.739s] -- Installing: /home/ctaylor71023/ros2_ws/src/ctaylor319_capstone/install/octomap_msgs/share/octomap_msgs/cmake/export_octomap_msgs__rosidl_typesupport_fastrtps_cppExport-noconfig.cmake
[9.740s] -- Installing: /home/ctaylor71023/ros2_ws/src/ctaylor319_capstone/install/octomap_msgs/share/octomap_msgs/cmake/octomap_msgs__rosidl_typesupport_introspection_cppExport.cmake
[9.740s] -- Installing: /home/ctaylor71023/ros2_ws/src/ctaylor319_capstone/install/octomap_msgs/share/octomap_msgs/cmake/octomap_msgs__rosidl_typesupport_introspection_cppExport-noconfig.cmake
[9.740s] -- Installing: /home/ctaylor71023/ros2_ws/src/ctaylor319_capstone/install/octomap_msgs/share/octomap_msgs/cmake/octomap_msgs__rosidl_typesupport_cppExport.cmake
[9.740s] -- Installing: /home/ctaylor71023/ros2_ws/src/ctaylor319_capstone/install/octomap_msgs/share/octomap_msgs/cmake/octomap_msgs__rosidl_typesupport_cppExport-noconfig.cmake
[9.740s] -- Installing: /home/ctaylor71023/ros2_ws/src/ctaylor319_capstone/install/octomap_msgs/share/octomap_msgs/cmake/export_octomap_msgs__rosidl_generator_pyExport.cmake
[9.740s] -- Installing: /home/ctaylor71023/ros2_ws/src/ctaylor319_capstone/install/octomap_msgs/share/octomap_msgs/cmake/export_octomap_msgs__rosidl_generator_pyExport-noconfig.cmake
[9.743s] Invoked command in '/home/ctaylor71023/ros2_ws/src/ctaylor319_capstone/build/octomap_msgs' returned '0': CMAKE_PREFIX_PATH=${CMAKE_PREFIX_PATH}:/home/ctaylor71023/ws_moveit/install/moveit_configs_utils:/home/ctaylor71023/ws_moveit/install/launch_param_builder:/home/ctaylor71023/turtlebot3_ws/install/py_subpub:/home/ctaylor71023/turtlebot3_ws/install/Crossfire_object_follower:/home/ctaylor71023/turtlebot3_ws/install/Crossfire_navigate_to_goal:/home/ctaylor71023/turtlebot3_ws/install/Crossfire_lab6:/home/ctaylor71023/turtlebot3_ws/install/Crossfire_lab5:/home/ctaylor71023/turtlebot3_ws/install/Crossfire_chase_object:/home/ctaylor71023/turtlebot3_ws/src/install/py_subpub:/home/ctaylor71023/turtlebot3_ws/src/install/Lab2:/home/ctaylor71023/turtlebot3_ws/src/install/Crossfire_object_follower:/home/ctaylor71023/turtlebot3_ws/src/install/Crossfire_navigate_to_goal:/home/ctaylor71023/turtlebot3_ws/src/install/Crossfire_lab6:/home/ctaylor71023/turtlebot3_ws/src/install/Crossfire_lab5:/home/ctaylor71023/turtlebot3_ws/src/install/Crossfire_chase_object:/opt/ros/humble /usr/bin/cmake --install /home/ctaylor71023/ros2_ws/src/ctaylor319_capstone/build/octomap_msgs
