[0.027s] Invoking command in '/home/ctaylor71023/ros2_ws/src/ctaylor319_capstone/build/pcl_ros': AMENT_PREFIX_PATH=/home/ctaylor71023/ros2_ws/src/ctaylor319_capstone/install/pcl_conversions:/home/ctaylor71023/ros2_ws/src/ctaylor319_capstone/install/pcl_msgs:${AMENT_PREFIX_PATH} CMAKE_PREFIX_PATH=/home/ctaylor71023/ros2_ws/src/ctaylor319_capstone/install/pcl_conversions:/home/ctaylor71023/ros2_ws/src/ctaylor319_capstone/install/pcl_msgs:/home/ctaylor71023/ws_moveit/install/pilz_industrial_motion_planner_testutils:/home/ctaylor71023/ws_moveit/install/moveit_runtime:/home/ctaylor71023/ws_moveit/install/moveit2_tutorials:/home/ctaylor71023/ws_moveit/install/moveit:/home/ctaylor71023/ws_moveit/install/moveit_planners:/home/ctaylor71023/ws_moveit/install/pilz_industrial_motion_planner:/home/ctaylor71023/ws_moveit/install/moveit_visual_tools:/home/ctaylor71023/ws_moveit/install/moveit_task_constructor_visualization:/home/ctaylor71023/ws_moveit/install/moveit_task_constructor_demo:/home/ctaylor71023/ws_moveit/install/moveit_task_constructor_capabilities:/home/ctaylor71023/ws_moveit/install/moveit_task_constructor_core:/home/ctaylor71023/ws_moveit/install/moveit_ros_control_interface:/home/ctaylor71023/ws_moveit/install/moveit_plugins:/home/ctaylor71023/ws_moveit/install/moveit_simple_controller_manager:/home/ctaylor71023/ws_moveit/install/moveit_setup_assistant:/home/ctaylor71023/ws_moveit/install/moveit_setup_srdf_plugins:/home/ctaylor71023/ws_moveit/install/moveit_setup_core_plugins:/home/ctaylor71023/ws_moveit/install/moveit_setup_controllers:/home/ctaylor71023/ws_moveit/install/moveit_setup_app_plugins:/home/ctaylor71023/ws_moveit/install/moveit_setup_framework:/home/ctaylor71023/ws_moveit/install/moveit_servo:/home/ctaylor71023/ws_moveit/install/moveit_ros:/home/ctaylor71023/ws_moveit/install/moveit_ros_visualization:/home/ctaylor71023/ws_moveit/install/moveit_hybrid_planning:/home/ctaylor71023/ws_moveit/install/moveit_ros_planning_interface:/home/ctaylor71023/ws_moveit/install/moveit_ros_benchmarks:/home/ctaylor71023/ws_moveit/install/moveit_ros_warehouse:/home/ctaylor71023/ws_moveit/install/moveit_ros_robot_interaction:/home/ctaylor71023/ws_moveit/install/moveit_ros_perception:/home/ctaylor71023/ws_moveit/install/moveit_resources_prbt_pg70_support:/home/ctaylor71023/ws_moveit/install/moveit_resources_prbt_moveit_config:/home/ctaylor71023/ws_moveit/install/moveit_ros_move_group:/home/ctaylor71023/ws_moveit/install/moveit_planners_ompl:/home/ctaylor71023/ws_moveit/install/moveit_ros_planning:/home/ctaylor71023/ws_moveit/install/moveit_ros_occupancy_map_monitor:/home/ctaylor71023/ws_moveit/install/moveit_resources_prbt_ikfast_manipulator_plugin:/home/ctaylor71023/ws_moveit/install/moveit_planners_chomp:/home/ctaylor71023/ws_moveit/install/moveit_kinematics:/home/ctaylor71023/ws_moveit/install/moveit_chomp_optimizer_adapter:/home/ctaylor71023/ws_moveit/install/chomp_motion_planner:/home/ctaylor71023/ws_moveit/install/moveit_core:/home/ctaylor71023/ws_moveit/install/srdfdom:/home/ctaylor71023/ws_moveit/install/rviz_marker_tools:/home/ctaylor71023/ws_moveit/install/rosparam_shortcuts:/home/ctaylor71023/ws_moveit/install/moveit_task_constructor_msgs:/home/ctaylor71023/ws_moveit/install/moveit_resources_prbt_support:/home/ctaylor71023/ws_moveit/install/moveit_resources:/home/ctaylor71023/ws_moveit/install/moveit_resources_pr2_description:/home/ctaylor71023/ws_moveit/install/moveit_resources_panda_moveit_config:/home/ctaylor71023/ws_moveit/install/moveit_resources_panda_description:/home/ctaylor71023/ws_moveit/install/moveit_resources_fanuc_moveit_config:/home/ctaylor71023/ws_moveit/install/moveit_resources_fanuc_description:/home/ctaylor71023/ws_moveit/install/moveit_common:/home/ctaylor71023/ros2_ws/install/mycobot_ros2:/home/ctaylor71023/ros2_ws/install/mycobot_gazebo:/home/ctaylor71023/ros2_ws/install/mycobot_description:/home/ctaylor71023/ros2_ws/install/chomp_motion_planner:/home/ctaylor71023/turtlebot3_ws/install/turtlebot3_simulations:/home/ctaylor71023/turtlebot3_ws/install/turtlebot3_gazebo:/home/ctaylor71023/turtlebot3_ws/install/turtlebot3_fake_node:/home/ctaylor71023/turtlebot3_ws/install/msg_types:/home/ctaylor71023/turtlebot3_ws/src/install/turtlebot3_simulations:/home/ctaylor71023/turtlebot3_ws/src/install/turtlebot3_gazebo:/home/ctaylor71023/turtlebot3_ws/src/install/turtlebot3_fake_node:/home/ctaylor71023/turtlebot3_ws/src/install/msg_types:/home/ctaylor71023/ws_moveit/install/moveit_configs_utils:/home/ctaylor71023/ws_moveit/install/launch_param_builder:/home/ctaylor71023/turtlebot3_ws/install/py_subpub:/home/ctaylor71023/turtlebot3_ws/install/Crossfire_object_follower:/home/ctaylor71023/turtlebot3_ws/install/Crossfire_navigate_to_goal:/home/ctaylor71023/turtlebot3_ws/install/Crossfire_lab6:/home/ctaylor71023/turtlebot3_ws/install/Crossfire_lab5:/home/ctaylor71023/turtlebot3_ws/install/Crossfire_chase_object:/home/ctaylor71023/turtlebot3_ws/src/install/py_subpub:/home/ctaylor71023/turtlebot3_ws/src/install/Lab2:/home/ctaylor71023/turtlebot3_ws/src/install/Crossfire_object_follower:/home/ctaylor71023/turtlebot3_ws/src/install/Crossfire_navigate_to_goal:/home/ctaylor71023/turtlebot3_ws/src/install/Crossfire_lab6:/home/ctaylor71023/turtlebot3_ws/src/install/Crossfire_lab5:/home/ctaylor71023/turtlebot3_ws/src/install/Crossfire_chase_object:/opt/ros/humble LD_LIBRARY_PATH=/home/ctaylor71023/ros2_ws/src/ctaylor319_capstone/install/pcl_msgs/lib:${LD_LIBRARY_PATH} PYTHONPATH=/home/ctaylor71023/ros2_ws/src/ctaylor319_capstone/install/pcl_msgs/local/lib/python3.10/dist-packages:${PYTHONPATH} /usr/bin/cmake /home/ctaylor71023/ros2_ws/src/ctaylor319_capstone/perception_pcl/pcl_ros -DCMAKE_INSTALL_PREFIX=/home/ctaylor71023/ros2_ws/src/ctaylor319_capstone/install/pcl_ros
[0.110s] -- The C compiler identification is GNU 11.4.0
[0.182s] -- The CXX compiler identification is GNU 11.4.0
[0.192s] -- Detecting C compiler ABI info
[0.303s] -- Detecting C compiler ABI info - done
[0.320s] -- Check for working C compiler: /usr/bin/cc - skipped
[0.321s] -- Detecting C compile features
[0.322s] -- Detecting C compile features - done
[0.327s] -- Detecting CXX compiler ABI info
[0.453s] -- Detecting CXX compiler ABI info - done
[0.462s] -- Check for working CXX compiler: /usr/bin/c++ - skipped
[0.463s] -- Detecting CXX compile features
[0.463s] -- Detecting CXX compile features - done
[0.518s] -- Checking for module 'eigen3'
[0.545s] --   Found eigen3, version 3.4.0
[0.606s] -- Found Eigen: /usr/include/eigen3 (Required is at least version "3.1") 
[0.606s] -- Eigen found (include: /usr/include/eigen3, version: 3.4.0)
[0.740s] -- Checking for module 'flann'
[0.768s] --   Found flann, version 1.9.1
[0.859s] -- Found FLANN: /usr/lib/x86_64-linux-gnu/libflann_cpp.so  
[0.859s] -- FLANN found (include: /usr/include, lib: /usr/lib/x86_64-linux-gnu/libflann_cpp.so)
[3.294s] -- Checking for module 'libusb-1.0'
[3.329s] --   Found libusb-1.0, version 1.0.25
[3.404s] -- Found libusb: /usr/lib/x86_64-linux-gnu/libusb-1.0.so  
[3.405s] -- OpenNI found (version: 1.5.4.0, include: /usr/include/ni, lib: /usr/lib/libOpenNI.so;libusb::libusb)
[3.526s] -- OpenNI2 found (version: 2.2.0.33, include: /usr/include/openni2, lib: /usr/lib/x86_64-linux-gnu/libOpenNI2.so;libusb::libusb)
[3.770s] -- Eigen found (include: /usr/include/eigen3, version: 3.4.0)
[3.784s] -- Found Qhull version 8.0.2
[3.988s] -- Found PCL_COMMON: /usr/lib/x86_64-linux-gnu/libpcl_common.so  
[3.989s] -- Found PCL_KDTREE: /usr/lib/x86_64-linux-gnu/libpcl_kdtree.so  
[3.990s] -- Found PCL_OCTREE: /usr/lib/x86_64-linux-gnu/libpcl_octree.so  
[3.991s] -- Found PCL_SEARCH: /usr/lib/x86_64-linux-gnu/libpcl_search.so  
[3.991s] -- Found PCL_2D: /usr/include/pcl-1.12  
[3.992s] -- Found PCL_FEATURES: /usr/lib/x86_64-linux-gnu/libpcl_features.so  
[3.993s] -- Found PCL_SAMPLE_CONSENSUS: /usr/lib/x86_64-linux-gnu/libpcl_sample_consensus.so  
[3.994s] -- Found PCL_FILTERS: /usr/lib/x86_64-linux-gnu/libpcl_filters.so  
[3.995s] -- Found PCL_IO: /usr/lib/x86_64-linux-gnu/libpcl_io.so  
[3.995s] -- Found PCL_GEOMETRY: /usr/include/pcl-1.12  
[3.996s] -- Found PCL_ML: /usr/lib/x86_64-linux-gnu/libpcl_ml.so  
[3.998s] -- Found PCL_SEGMENTATION: /usr/lib/x86_64-linux-gnu/libpcl_segmentation.so  
[3.999s] -- Found PCL_SURFACE: /usr/lib/x86_64-linux-gnu/libpcl_surface.so  
[4.011s] -- Found ament_cmake: 1.3.10 (/opt/ros/humble/share/ament_cmake/cmake)
[4.260s] -- Found Python3: /usr/bin/python3 (found version "3.10.12") found components: Interpreter 
[4.496s] -- Found pcl_conversions: 2.6.1 (/home/ctaylor71023/ros2_ws/src/ctaylor319_capstone/install/pcl_conversions/share/pcl_conversions/cmake)
[4.660s] -- Found rosidl_generator_c: 3.1.5 (/opt/ros/humble/share/rosidl_generator_c/cmake)
[4.683s] -- Found rosidl_adapter: 3.1.5 (/opt/ros/humble/share/rosidl_adapter/cmake)
[4.713s] -- Found rosidl_generator_cpp: 3.1.5 (/opt/ros/humble/share/rosidl_generator_cpp/cmake)
[4.748s] -- Using all available rosidl_typesupport_c: rosidl_typesupport_fastrtps_c;rosidl_typesupport_introspection_c
[4.796s] -- Using all available rosidl_typesupport_cpp: rosidl_typesupport_fastrtps_cpp;rosidl_typesupport_introspection_cpp
[4.936s] -- Found rmw_implementation_cmake: 6.1.2 (/opt/ros/humble/share/rmw_implementation_cmake/cmake)
[4.951s] -- Found rmw_fastrtps_cpp: 6.2.7 (/opt/ros/humble/share/rmw_fastrtps_cpp/cmake)
[5.150s] -- Found OpenSSL: /usr/lib/x86_64-linux-gnu/libcrypto.so (found version "3.0.2")  
[5.194s] -- Found FastRTPS: /opt/ros/humble/include  
[5.270s] -- Using RMW implementation 'rmw_fastrtps_cpp' as default
[5.308s] -- Found Threads: TRUE  
[5.488s] -- Found rclcpp_components: 16.0.10 (/opt/ros/humble/share/rclcpp_components/cmake)
[5.557s] -- Found tf2: 0.25.7 (/opt/ros/humble/share/tf2/cmake)
[5.570s] -- Found tf2_eigen: 0.25.7 (/opt/ros/humble/share/tf2_eigen/cmake)
[5.707s] -- Found tf2_geometry_msgs: 0.25.7 (/opt/ros/humble/share/tf2_geometry_msgs/cmake)
[5.744s] -- Found eigen3_cmake_module: 0.1.1 (/opt/ros/humble/share/eigen3_cmake_module/cmake)
[5.745s] -- Found Eigen3: TRUE (found version "3.4.0") 
[5.745s] -- Ensuring Eigen3 include directory is part of orocos-kdl CMake target
[5.946s] -- Checking to see if CXX compiler accepts flag -Wl,--version-script,"/home/ctaylor71023/ros2_ws/src/ctaylor319_capstone/build/pcl_ros/class_loader_hide_library_symbols__pcl_ros_filters.script"
[6.116s] -- Checking to see if CXX compiler accepts flag -Wl,--version-script,"/home/ctaylor71023/ros2_ws/src/ctaylor319_capstone/build/pcl_ros/class_loader_hide_library_symbols__pcl_ros_filters.script" - yes
[6.225s] -- Found ament_lint_auto: 0.12.11 (/opt/ros/humble/share/ament_lint_auto/cmake)
[14.603s] -- Added test 'cppcheck' to perform static code analysis on C / C++ code
[14.606s] -- Configured cppcheck include dirs: $<BUILD_INTERFACE:/home/ctaylor71023/ros2_ws/src/ctaylor319_capstone/perception_pcl/pcl_ros/include>
[14.606s] -- Configured cppcheck exclude dirs and/or files: 
[14.616s] -- Added test 'cpplint' to check C / C++ code against the Google style
[14.616s] -- Configured cpplint exclude dirs and/or files: 
[14.618s] -- Added test 'flake8' to check Python code syntax and style conventions
[14.622s] -- Added test 'lint_cmake' to check CMake code style
[14.625s] -- Added test 'pep257' to check Python code against some of the docstring style conventions in PEP 257
[14.635s] -- Added test 'uncrustify' to check C / C++ code style
[14.635s] -- Configured uncrustify additional arguments: 
[14.639s] -- Added test 'xmllint' to check XML markup files
[14.646s] -- Configuring done
[14.848s] -- Generating done
[14.852s] -- Build files have been written to: /home/ctaylor71023/ros2_ws/src/ctaylor319_capstone/build/pcl_ros
[14.872s] Invoked command in '/home/ctaylor71023/ros2_ws/src/ctaylor319_capstone/build/pcl_ros' returned '0': AMENT_PREFIX_PATH=/home/ctaylor71023/ros2_ws/src/ctaylor319_capstone/install/pcl_conversions:/home/ctaylor71023/ros2_ws/src/ctaylor319_capstone/install/pcl_msgs:${AMENT_PREFIX_PATH} CMAKE_PREFIX_PATH=/home/ctaylor71023/ros2_ws/src/ctaylor319_capstone/install/pcl_conversions:/home/ctaylor71023/ros2_ws/src/ctaylor319_capstone/install/pcl_msgs:/home/ctaylor71023/ws_moveit/install/pilz_industrial_motion_planner_testutils:/home/ctaylor71023/ws_moveit/install/moveit_runtime:/home/ctaylor71023/ws_moveit/install/moveit2_tutorials:/home/ctaylor71023/ws_moveit/install/moveit:/home/ctaylor71023/ws_moveit/install/moveit_planners:/home/ctaylor71023/ws_moveit/install/pilz_industrial_motion_planner:/home/ctaylor71023/ws_moveit/install/moveit_visual_tools:/home/ctaylor71023/ws_moveit/install/moveit_task_constructor_visualization:/home/ctaylor71023/ws_moveit/install/moveit_task_constructor_demo:/home/ctaylor71023/ws_moveit/install/moveit_task_constructor_capabilities:/home/ctaylor71023/ws_moveit/install/moveit_task_constructor_core:/home/ctaylor71023/ws_moveit/install/moveit_ros_control_interface:/home/ctaylor71023/ws_moveit/install/moveit_plugins:/home/ctaylor71023/ws_moveit/install/moveit_simple_controller_manager:/home/ctaylor71023/ws_moveit/install/moveit_setup_assistant:/home/ctaylor71023/ws_moveit/install/moveit_setup_srdf_plugins:/home/ctaylor71023/ws_moveit/install/moveit_setup_core_plugins:/home/ctaylor71023/ws_moveit/install/moveit_setup_controllers:/home/ctaylor71023/ws_moveit/install/moveit_setup_app_plugins:/home/ctaylor71023/ws_moveit/install/moveit_setup_framework:/home/ctaylor71023/ws_moveit/install/moveit_servo:/home/ctaylor71023/ws_moveit/install/moveit_ros:/home/ctaylor71023/ws_moveit/install/moveit_ros_visualization:/home/ctaylor71023/ws_moveit/install/moveit_hybrid_planning:/home/ctaylor71023/ws_moveit/install/moveit_ros_planning_interface:/home/ctaylor71023/ws_moveit/install/moveit_ros_benchmarks:/home/ctaylor71023/ws_moveit/install/moveit_ros_warehouse:/home/ctaylor71023/ws_moveit/install/moveit_ros_robot_interaction:/home/ctaylor71023/ws_moveit/install/moveit_ros_perception:/home/ctaylor71023/ws_moveit/install/moveit_resources_prbt_pg70_support:/home/ctaylor71023/ws_moveit/install/moveit_resources_prbt_moveit_config:/home/ctaylor71023/ws_moveit/install/moveit_ros_move_group:/home/ctaylor71023/ws_moveit/install/moveit_planners_ompl:/home/ctaylor71023/ws_moveit/install/moveit_ros_planning:/home/ctaylor71023/ws_moveit/install/moveit_ros_occupancy_map_monitor:/home/ctaylor71023/ws_moveit/install/moveit_resources_prbt_ikfast_manipulator_plugin:/home/ctaylor71023/ws_moveit/install/moveit_planners_chomp:/home/ctaylor71023/ws_moveit/install/moveit_kinematics:/home/ctaylor71023/ws_moveit/install/moveit_chomp_optimizer_adapter:/home/ctaylor71023/ws_moveit/install/chomp_motion_planner:/home/ctaylor71023/ws_moveit/install/moveit_core:/home/ctaylor71023/ws_moveit/install/srdfdom:/home/ctaylor71023/ws_moveit/install/rviz_marker_tools:/home/ctaylor71023/ws_moveit/install/rosparam_shortcuts:/home/ctaylor71023/ws_moveit/install/moveit_task_constructor_msgs:/home/ctaylor71023/ws_moveit/install/moveit_resources_prbt_support:/home/ctaylor71023/ws_moveit/install/moveit_resources:/home/ctaylor71023/ws_moveit/install/moveit_resources_pr2_description:/home/ctaylor71023/ws_moveit/install/moveit_resources_panda_moveit_config:/home/ctaylor71023/ws_moveit/install/moveit_resources_panda_description:/home/ctaylor71023/ws_moveit/install/moveit_resources_fanuc_moveit_config:/home/ctaylor71023/ws_moveit/install/moveit_resources_fanuc_description:/home/ctaylor71023/ws_moveit/install/moveit_common:/home/ctaylor71023/ros2_ws/install/mycobot_ros2:/home/ctaylor71023/ros2_ws/install/mycobot_gazebo:/home/ctaylor71023/ros2_ws/install/mycobot_description:/home/ctaylor71023/ros2_ws/install/chomp_motion_planner:/home/ctaylor71023/turtlebot3_ws/install/turtlebot3_simulations:/home/ctaylor71023/turtlebot3_ws/install/turtlebot3_gazebo:/home/ctaylor71023/turtlebot3_ws/install/turtlebot3_fake_node:/home/ctaylor71023/turtlebot3_ws/install/msg_types:/home/ctaylor71023/turtlebot3_ws/src/install/turtlebot3_simulations:/home/ctaylor71023/turtlebot3_ws/src/install/turtlebot3_gazebo:/home/ctaylor71023/turtlebot3_ws/src/install/turtlebot3_fake_node:/home/ctaylor71023/turtlebot3_ws/src/install/msg_types:/home/ctaylor71023/ws_moveit/install/moveit_configs_utils:/home/ctaylor71023/ws_moveit/install/launch_param_builder:/home/ctaylor71023/turtlebot3_ws/install/py_subpub:/home/ctaylor71023/turtlebot3_ws/install/Crossfire_object_follower:/home/ctaylor71023/turtlebot3_ws/install/Crossfire_navigate_to_goal:/home/ctaylor71023/turtlebot3_ws/install/Crossfire_lab6:/home/ctaylor71023/turtlebot3_ws/install/Crossfire_lab5:/home/ctaylor71023/turtlebot3_ws/install/Crossfire_chase_object:/home/ctaylor71023/turtlebot3_ws/src/install/py_subpub:/home/ctaylor71023/turtlebot3_ws/src/install/Lab2:/home/ctaylor71023/turtlebot3_ws/src/install/Crossfire_object_follower:/home/ctaylor71023/turtlebot3_ws/src/install/Crossfire_navigate_to_goal:/home/ctaylor71023/turtlebot3_ws/src/install/Crossfire_lab6:/home/ctaylor71023/turtlebot3_ws/src/install/Crossfire_lab5:/home/ctaylor71023/turtlebot3_ws/src/install/Crossfire_chase_object:/opt/ros/humble LD_LIBRARY_PATH=/home/ctaylor71023/ros2_ws/src/ctaylor319_capstone/install/pcl_msgs/lib:${LD_LIBRARY_PATH} PYTHONPATH=/home/ctaylor71023/ros2_ws/src/ctaylor319_capstone/install/pcl_msgs/local/lib/python3.10/dist-packages:${PYTHONPATH} /usr/bin/cmake /home/ctaylor71023/ros2_ws/src/ctaylor319_capstone/perception_pcl/pcl_ros -DCMAKE_INSTALL_PREFIX=/home/ctaylor71023/ros2_ws/src/ctaylor319_capstone/install/pcl_ros
[14.874s] Invoking command in '/home/ctaylor71023/ros2_ws/src/ctaylor319_capstone/build/pcl_ros': AMENT_PREFIX_PATH=/home/ctaylor71023/ros2_ws/src/ctaylor319_capstone/install/pcl_conversions:/home/ctaylor71023/ros2_ws/src/ctaylor319_capstone/install/pcl_msgs:${AMENT_PREFIX_PATH} CMAKE_PREFIX_PATH=/home/ctaylor71023/ros2_ws/src/ctaylor319_capstone/install/pcl_conversions:/home/ctaylor71023/ros2_ws/src/ctaylor319_capstone/install/pcl_msgs:/home/ctaylor71023/ws_moveit/install/pilz_industrial_motion_planner_testutils:/home/ctaylor71023/ws_moveit/install/moveit_runtime:/home/ctaylor71023/ws_moveit/install/moveit2_tutorials:/home/ctaylor71023/ws_moveit/install/moveit:/home/ctaylor71023/ws_moveit/install/moveit_planners:/home/ctaylor71023/ws_moveit/install/pilz_industrial_motion_planner:/home/ctaylor71023/ws_moveit/install/moveit_visual_tools:/home/ctaylor71023/ws_moveit/install/moveit_task_constructor_visualization:/home/ctaylor71023/ws_moveit/install/moveit_task_constructor_demo:/home/ctaylor71023/ws_moveit/install/moveit_task_constructor_capabilities:/home/ctaylor71023/ws_moveit/install/moveit_task_constructor_core:/home/ctaylor71023/ws_moveit/install/moveit_ros_control_interface:/home/ctaylor71023/ws_moveit/install/moveit_plugins:/home/ctaylor71023/ws_moveit/install/moveit_simple_controller_manager:/home/ctaylor71023/ws_moveit/install/moveit_setup_assistant:/home/ctaylor71023/ws_moveit/install/moveit_setup_srdf_plugins:/home/ctaylor71023/ws_moveit/install/moveit_setup_core_plugins:/home/ctaylor71023/ws_moveit/install/moveit_setup_controllers:/home/ctaylor71023/ws_moveit/install/moveit_setup_app_plugins:/home/ctaylor71023/ws_moveit/install/moveit_setup_framework:/home/ctaylor71023/ws_moveit/install/moveit_servo:/home/ctaylor71023/ws_moveit/install/moveit_ros:/home/ctaylor71023/ws_moveit/install/moveit_ros_visualization:/home/ctaylor71023/ws_moveit/install/moveit_hybrid_planning:/home/ctaylor71023/ws_moveit/install/moveit_ros_planning_interface:/home/ctaylor71023/ws_moveit/install/moveit_ros_benchmarks:/home/ctaylor71023/ws_moveit/install/moveit_ros_warehouse:/home/ctaylor71023/ws_moveit/install/moveit_ros_robot_interaction:/home/ctaylor71023/ws_moveit/install/moveit_ros_perception:/home/ctaylor71023/ws_moveit/install/moveit_resources_prbt_pg70_support:/home/ctaylor71023/ws_moveit/install/moveit_resources_prbt_moveit_config:/home/ctaylor71023/ws_moveit/install/moveit_ros_move_group:/home/ctaylor71023/ws_moveit/install/moveit_planners_ompl:/home/ctaylor71023/ws_moveit/install/moveit_ros_planning:/home/ctaylor71023/ws_moveit/install/moveit_ros_occupancy_map_monitor:/home/ctaylor71023/ws_moveit/install/moveit_resources_prbt_ikfast_manipulator_plugin:/home/ctaylor71023/ws_moveit/install/moveit_planners_chomp:/home/ctaylor71023/ws_moveit/install/moveit_kinematics:/home/ctaylor71023/ws_moveit/install/moveit_chomp_optimizer_adapter:/home/ctaylor71023/ws_moveit/install/chomp_motion_planner:/home/ctaylor71023/ws_moveit/install/moveit_core:/home/ctaylor71023/ws_moveit/install/srdfdom:/home/ctaylor71023/ws_moveit/install/rviz_marker_tools:/home/ctaylor71023/ws_moveit/install/rosparam_shortcuts:/home/ctaylor71023/ws_moveit/install/moveit_task_constructor_msgs:/home/ctaylor71023/ws_moveit/install/moveit_resources_prbt_support:/home/ctaylor71023/ws_moveit/install/moveit_resources:/home/ctaylor71023/ws_moveit/install/moveit_resources_pr2_description:/home/ctaylor71023/ws_moveit/install/moveit_resources_panda_moveit_config:/home/ctaylor71023/ws_moveit/install/moveit_resources_panda_description:/home/ctaylor71023/ws_moveit/install/moveit_resources_fanuc_moveit_config:/home/ctaylor71023/ws_moveit/install/moveit_resources_fanuc_description:/home/ctaylor71023/ws_moveit/install/moveit_common:/home/ctaylor71023/ros2_ws/install/mycobot_ros2:/home/ctaylor71023/ros2_ws/install/mycobot_gazebo:/home/ctaylor71023/ros2_ws/install/mycobot_description:/home/ctaylor71023/ros2_ws/install/chomp_motion_planner:/home/ctaylor71023/turtlebot3_ws/install/turtlebot3_simulations:/home/ctaylor71023/turtlebot3_ws/install/turtlebot3_gazebo:/home/ctaylor71023/turtlebot3_ws/install/turtlebot3_fake_node:/home/ctaylor71023/turtlebot3_ws/install/msg_types:/home/ctaylor71023/turtlebot3_ws/src/install/turtlebot3_simulations:/home/ctaylor71023/turtlebot3_ws/src/install/turtlebot3_gazebo:/home/ctaylor71023/turtlebot3_ws/src/install/turtlebot3_fake_node:/home/ctaylor71023/turtlebot3_ws/src/install/msg_types:/home/ctaylor71023/ws_moveit/install/moveit_configs_utils:/home/ctaylor71023/ws_moveit/install/launch_param_builder:/home/ctaylor71023/turtlebot3_ws/install/py_subpub:/home/ctaylor71023/turtlebot3_ws/install/Crossfire_object_follower:/home/ctaylor71023/turtlebot3_ws/install/Crossfire_navigate_to_goal:/home/ctaylor71023/turtlebot3_ws/install/Crossfire_lab6:/home/ctaylor71023/turtlebot3_ws/install/Crossfire_lab5:/home/ctaylor71023/turtlebot3_ws/install/Crossfire_chase_object:/home/ctaylor71023/turtlebot3_ws/src/install/py_subpub:/home/ctaylor71023/turtlebot3_ws/src/install/Lab2:/home/ctaylor71023/turtlebot3_ws/src/install/Crossfire_object_follower:/home/ctaylor71023/turtlebot3_ws/src/install/Crossfire_navigate_to_goal:/home/ctaylor71023/turtlebot3_ws/src/install/Crossfire_lab6:/home/ctaylor71023/turtlebot3_ws/src/install/Crossfire_lab5:/home/ctaylor71023/turtlebot3_ws/src/install/Crossfire_chase_object:/opt/ros/humble LD_LIBRARY_PATH=/home/ctaylor71023/ros2_ws/src/ctaylor319_capstone/install/pcl_msgs/lib:${LD_LIBRARY_PATH} PYTHONPATH=/home/ctaylor71023/ros2_ws/src/ctaylor319_capstone/install/pcl_msgs/local/lib/python3.10/dist-packages:${PYTHONPATH} /usr/bin/cmake --build /home/ctaylor71023/ros2_ws/src/ctaylor319_capstone/build/pcl_ros -- -j8 -l8
[14.983s] [  5%] [32mBuilding CXX object CMakeFiles/filter_passthrough_node.dir/rclcpp_components/node_main_filter_passthrough_node.cpp.o[0m
[14.983s] [  5%] [32mBuilding CXX object CMakeFiles/pcl_ros_tf.dir/src/transforms.cpp.o[0m
[14.983s] [  8%] [32mBuilding CXX object CMakeFiles/filter_extract_indices_node.dir/rclcpp_components/node_main_filter_extract_indices_node.cpp.o[0m
[14.985s] [ 11%] [32mBuilding CXX object CMakeFiles/filter_project_inliers_node.dir/rclcpp_components/node_main_filter_project_inliers_node.cpp.o[0m
[14.986s] [ 14%] [32mBuilding CXX object CMakeFiles/filter_statistical_outlier_removal_node.dir/rclcpp_components/node_main_filter_statistical_outlier_removal_node.cpp.o[0m
[14.986s] [ 17%] [32mBuilding CXX object CMakeFiles/filter_radius_outlier_removal_node.dir/rclcpp_components/node_main_filter_radius_outlier_removal_node.cpp.o[0m
[14.989s] [ 20%] [32mBuilding CXX object CMakeFiles/filter_voxel_grid_node.dir/rclcpp_components/node_main_filter_voxel_grid_node.cpp.o[0m
[14.994s] [ 22%] [32mBuilding CXX object CMakeFiles/filter_crop_box_node.dir/rclcpp_components/node_main_filter_crop_box_node.cpp.o[0m
[23.000s] [ 25%] [32m[1mLinking CXX executable filter_statistical_outlier_removal_node[0m
[23.001s] [ 28%] [32m[1mLinking CXX executable filter_radius_outlier_removal_node[0m
[23.075s] [ 31%] [32m[1mLinking CXX executable filter_extract_indices_node[0m
[23.146s] [ 34%] [32m[1mLinking CXX executable filter_crop_box_node[0m
[23.219s] [ 37%] [32m[1mLinking CXX executable filter_passthrough_node[0m
[23.231s] [ 40%] [32m[1mLinking CXX executable filter_project_inliers_node[0m
[23.268s] [ 42%] [32m[1mLinking CXX executable filter_voxel_grid_node[0m
[23.916s] [ 42%] Built target filter_statistical_outlier_removal_node
[23.916s] [ 42%] Built target filter_voxel_grid_node
[23.921s] [ 42%] Built target filter_extract_indices_node
[23.923s] [ 42%] Built target filter_project_inliers_node
[23.934s] [ 42%] Built target filter_passthrough_node
[23.937s] [ 42%] Built target filter_radius_outlier_removal_node
[23.955s] [ 42%] Built target filter_crop_box_node
[23.989s] [ 45%] [32mBuilding CXX object CMakeFiles/pcd_to_pointcloud.dir/rclcpp_components/node_main_pcd_to_pointcloud.cpp.o[0m
[23.991s] [ 48%] [32mBuilding CXX object CMakeFiles/pcd_to_pointcloud_lib.dir/tools/pcd_to_pointcloud.cpp.o[0m
[23.994s] [ 51%] [32mBuilding CXX object CMakeFiles/pointcloud_to_pcd_lib.dir/tools/pointcloud_to_pcd.cpp.o[0m
[24.003s] [ 54%] [32mBuilding CXX object CMakeFiles/pointcloud_to_pcd.dir/rclcpp_components/node_main_pointcloud_to_pcd.cpp.o[0m
[24.014s] [ 57%] [32mBuilding CXX object tests/filters/CMakeFiles/dummy_topics.dir/dummy_topics.cpp.o[0m
[31.599s] [ 60%] [32m[1mLinking CXX executable pcd_to_pointcloud[0m
[31.875s] [ 60%] Built target pcd_to_pointcloud
[32.574s] [ 62%] [32m[1mLinking CXX executable pointcloud_to_pcd[0m
[32.799s] [ 62%] Built target pointcloud_to_pcd
[35.152s] [ 65%] [32m[1mLinking CXX static library libpcl_ros_tf.a[0m
[35.346s] [ 65%] Built target pcl_ros_tf
[35.408s] [ 74%] [32mBuilding CXX object CMakeFiles/pcl_ros_filters.dir/src/pcl_ros/filters/extract_indices.cpp.o[0m
[35.408s] [ 74%] [32mBuilding CXX object CMakeFiles/pcl_ros_filters.dir/src/pcl_ros/filters/filter.cpp.o[0m
[35.409s] [ 74%] [32mBuilding CXX object CMakeFiles/pcl_ros_filters.dir/src/pcl_ros/filters/project_inliers.cpp.o[0m
[35.409s] [ 77%] [32mBuilding CXX object CMakeFiles/pcl_ros_filters.dir/src/pcl_ros/filters/radius_outlier_removal.cpp.o[0m
[35.410s] [ 80%] [32mBuilding CXX object CMakeFiles/pcl_ros_filters.dir/src/pcl_ros/filters/passthrough.cpp.o[0m
[40.905s] [ 82%] [32m[1mLinking CXX shared library libpcd_to_pointcloud_lib.so[0m
[41.820s] [ 85%] [32m[1mLinking CXX shared library libdummy_topics.so[0m
[42.738s] [ 85%] Built target pcd_to_pointcloud_lib
[42.773s] [ 88%] [32mBuilding CXX object CMakeFiles/pcl_ros_filters.dir/src/pcl_ros/filters/statistical_outlier_removal.cpp.o[0m
[43.154s] [ 88%] Built target dummy_topics
[43.186s] [ 91%] [32mBuilding CXX object CMakeFiles/pcl_ros_filters.dir/src/pcl_ros/filters/voxel_grid.cpp.o[0m
[62.121s] [ 94%] [32m[1mLinking CXX shared library libpointcloud_to_pcd_lib.so[0m
[68.132s] [ 94%] Built target pointcloud_to_pcd_lib
[68.172s] [ 97%] [32mBuilding CXX object CMakeFiles/pcl_ros_filters.dir/src/pcl_ros/filters/crop_box.cpp.o[0m
[91.154s] [100%] [32m[1mLinking CXX shared library libpcl_ros_filters.so[0m
[96.407s] [100%] Built target pcl_ros_filters
[96.537s] Invoked command in '/home/ctaylor71023/ros2_ws/src/ctaylor319_capstone/build/pcl_ros' returned '0': AMENT_PREFIX_PATH=/home/ctaylor71023/ros2_ws/src/ctaylor319_capstone/install/pcl_conversions:/home/ctaylor71023/ros2_ws/src/ctaylor319_capstone/install/pcl_msgs:${AMENT_PREFIX_PATH} CMAKE_PREFIX_PATH=/home/ctaylor71023/ros2_ws/src/ctaylor319_capstone/install/pcl_conversions:/home/ctaylor71023/ros2_ws/src/ctaylor319_capstone/install/pcl_msgs:/home/ctaylor71023/ws_moveit/install/pilz_industrial_motion_planner_testutils:/home/ctaylor71023/ws_moveit/install/moveit_runtime:/home/ctaylor71023/ws_moveit/install/moveit2_tutorials:/home/ctaylor71023/ws_moveit/install/moveit:/home/ctaylor71023/ws_moveit/install/moveit_planners:/home/ctaylor71023/ws_moveit/install/pilz_industrial_motion_planner:/home/ctaylor71023/ws_moveit/install/moveit_visual_tools:/home/ctaylor71023/ws_moveit/install/moveit_task_constructor_visualization:/home/ctaylor71023/ws_moveit/install/moveit_task_constructor_demo:/home/ctaylor71023/ws_moveit/install/moveit_task_constructor_capabilities:/home/ctaylor71023/ws_moveit/install/moveit_task_constructor_core:/home/ctaylor71023/ws_moveit/install/moveit_ros_control_interface:/home/ctaylor71023/ws_moveit/install/moveit_plugins:/home/ctaylor71023/ws_moveit/install/moveit_simple_controller_manager:/home/ctaylor71023/ws_moveit/install/moveit_setup_assistant:/home/ctaylor71023/ws_moveit/install/moveit_setup_srdf_plugins:/home/ctaylor71023/ws_moveit/install/moveit_setup_core_plugins:/home/ctaylor71023/ws_moveit/install/moveit_setup_controllers:/home/ctaylor71023/ws_moveit/install/moveit_setup_app_plugins:/home/ctaylor71023/ws_moveit/install/moveit_setup_framework:/home/ctaylor71023/ws_moveit/install/moveit_servo:/home/ctaylor71023/ws_moveit/install/moveit_ros:/home/ctaylor71023/ws_moveit/install/moveit_ros_visualization:/home/ctaylor71023/ws_moveit/install/moveit_hybrid_planning:/home/ctaylor71023/ws_moveit/install/moveit_ros_planning_interface:/home/ctaylor71023/ws_moveit/install/moveit_ros_benchmarks:/home/ctaylor71023/ws_moveit/install/moveit_ros_warehouse:/home/ctaylor71023/ws_moveit/install/moveit_ros_robot_interaction:/home/ctaylor71023/ws_moveit/install/moveit_ros_perception:/home/ctaylor71023/ws_moveit/install/moveit_resources_prbt_pg70_support:/home/ctaylor71023/ws_moveit/install/moveit_resources_prbt_moveit_config:/home/ctaylor71023/ws_moveit/install/moveit_ros_move_group:/home/ctaylor71023/ws_moveit/install/moveit_planners_ompl:/home/ctaylor71023/ws_moveit/install/moveit_ros_planning:/home/ctaylor71023/ws_moveit/install/moveit_ros_occupancy_map_monitor:/home/ctaylor71023/ws_moveit/install/moveit_resources_prbt_ikfast_manipulator_plugin:/home/ctaylor71023/ws_moveit/install/moveit_planners_chomp:/home/ctaylor71023/ws_moveit/install/moveit_kinematics:/home/ctaylor71023/ws_moveit/install/moveit_chomp_optimizer_adapter:/home/ctaylor71023/ws_moveit/install/chomp_motion_planner:/home/ctaylor71023/ws_moveit/install/moveit_core:/home/ctaylor71023/ws_moveit/install/srdfdom:/home/ctaylor71023/ws_moveit/install/rviz_marker_tools:/home/ctaylor71023/ws_moveit/install/rosparam_shortcuts:/home/ctaylor71023/ws_moveit/install/moveit_task_constructor_msgs:/home/ctaylor71023/ws_moveit/install/moveit_resources_prbt_support:/home/ctaylor71023/ws_moveit/install/moveit_resources:/home/ctaylor71023/ws_moveit/install/moveit_resources_pr2_description:/home/ctaylor71023/ws_moveit/install/moveit_resources_panda_moveit_config:/home/ctaylor71023/ws_moveit/install/moveit_resources_panda_description:/home/ctaylor71023/ws_moveit/install/moveit_resources_fanuc_moveit_config:/home/ctaylor71023/ws_moveit/install/moveit_resources_fanuc_description:/home/ctaylor71023/ws_moveit/install/moveit_common:/home/ctaylor71023/ros2_ws/install/mycobot_ros2:/home/ctaylor71023/ros2_ws/install/mycobot_gazebo:/home/ctaylor71023/ros2_ws/install/mycobot_description:/home/ctaylor71023/ros2_ws/install/chomp_motion_planner:/home/ctaylor71023/turtlebot3_ws/install/turtlebot3_simulations:/home/ctaylor71023/turtlebot3_ws/install/turtlebot3_gazebo:/home/ctaylor71023/turtlebot3_ws/install/turtlebot3_fake_node:/home/ctaylor71023/turtlebot3_ws/install/msg_types:/home/ctaylor71023/turtlebot3_ws/src/install/turtlebot3_simulations:/home/ctaylor71023/turtlebot3_ws/src/install/turtlebot3_gazebo:/home/ctaylor71023/turtlebot3_ws/src/install/turtlebot3_fake_node:/home/ctaylor71023/turtlebot3_ws/src/install/msg_types:/home/ctaylor71023/ws_moveit/install/moveit_configs_utils:/home/ctaylor71023/ws_moveit/install/launch_param_builder:/home/ctaylor71023/turtlebot3_ws/install/py_subpub:/home/ctaylor71023/turtlebot3_ws/install/Crossfire_object_follower:/home/ctaylor71023/turtlebot3_ws/install/Crossfire_navigate_to_goal:/home/ctaylor71023/turtlebot3_ws/install/Crossfire_lab6:/home/ctaylor71023/turtlebot3_ws/install/Crossfire_lab5:/home/ctaylor71023/turtlebot3_ws/install/Crossfire_chase_object:/home/ctaylor71023/turtlebot3_ws/src/install/py_subpub:/home/ctaylor71023/turtlebot3_ws/src/install/Lab2:/home/ctaylor71023/turtlebot3_ws/src/install/Crossfire_object_follower:/home/ctaylor71023/turtlebot3_ws/src/install/Crossfire_navigate_to_goal:/home/ctaylor71023/turtlebot3_ws/src/install/Crossfire_lab6:/home/ctaylor71023/turtlebot3_ws/src/install/Crossfire_lab5:/home/ctaylor71023/turtlebot3_ws/src/install/Crossfire_chase_object:/opt/ros/humble LD_LIBRARY_PATH=/home/ctaylor71023/ros2_ws/src/ctaylor319_capstone/install/pcl_msgs/lib:${LD_LIBRARY_PATH} PYTHONPATH=/home/ctaylor71023/ros2_ws/src/ctaylor319_capstone/install/pcl_msgs/local/lib/python3.10/dist-packages:${PYTHONPATH} /usr/bin/cmake --build /home/ctaylor71023/ros2_ws/src/ctaylor319_capstone/build/pcl_ros -- -j8 -l8
[97.250s] Invoking command in '/home/ctaylor71023/ros2_ws/src/ctaylor319_capstone/build/pcl_ros': AMENT_PREFIX_PATH=/home/ctaylor71023/ros2_ws/src/ctaylor319_capstone/install/pcl_conversions:/home/ctaylor71023/ros2_ws/src/ctaylor319_capstone/install/pcl_msgs:${AMENT_PREFIX_PATH} CMAKE_PREFIX_PATH=/home/ctaylor71023/ros2_ws/src/ctaylor319_capstone/install/pcl_conversions:/home/ctaylor71023/ros2_ws/src/ctaylor319_capstone/install/pcl_msgs:/home/ctaylor71023/ws_moveit/install/pilz_industrial_motion_planner_testutils:/home/ctaylor71023/ws_moveit/install/moveit_runtime:/home/ctaylor71023/ws_moveit/install/moveit2_tutorials:/home/ctaylor71023/ws_moveit/install/moveit:/home/ctaylor71023/ws_moveit/install/moveit_planners:/home/ctaylor71023/ws_moveit/install/pilz_industrial_motion_planner:/home/ctaylor71023/ws_moveit/install/moveit_visual_tools:/home/ctaylor71023/ws_moveit/install/moveit_task_constructor_visualization:/home/ctaylor71023/ws_moveit/install/moveit_task_constructor_demo:/home/ctaylor71023/ws_moveit/install/moveit_task_constructor_capabilities:/home/ctaylor71023/ws_moveit/install/moveit_task_constructor_core:/home/ctaylor71023/ws_moveit/install/moveit_ros_control_interface:/home/ctaylor71023/ws_moveit/install/moveit_plugins:/home/ctaylor71023/ws_moveit/install/moveit_simple_controller_manager:/home/ctaylor71023/ws_moveit/install/moveit_setup_assistant:/home/ctaylor71023/ws_moveit/install/moveit_setup_srdf_plugins:/home/ctaylor71023/ws_moveit/install/moveit_setup_core_plugins:/home/ctaylor71023/ws_moveit/install/moveit_setup_controllers:/home/ctaylor71023/ws_moveit/install/moveit_setup_app_plugins:/home/ctaylor71023/ws_moveit/install/moveit_setup_framework:/home/ctaylor71023/ws_moveit/install/moveit_servo:/home/ctaylor71023/ws_moveit/install/moveit_ros:/home/ctaylor71023/ws_moveit/install/moveit_ros_visualization:/home/ctaylor71023/ws_moveit/install/moveit_hybrid_planning:/home/ctaylor71023/ws_moveit/install/moveit_ros_planning_interface:/home/ctaylor71023/ws_moveit/install/moveit_ros_benchmarks:/home/ctaylor71023/ws_moveit/install/moveit_ros_warehouse:/home/ctaylor71023/ws_moveit/install/moveit_ros_robot_interaction:/home/ctaylor71023/ws_moveit/install/moveit_ros_perception:/home/ctaylor71023/ws_moveit/install/moveit_resources_prbt_pg70_support:/home/ctaylor71023/ws_moveit/install/moveit_resources_prbt_moveit_config:/home/ctaylor71023/ws_moveit/install/moveit_ros_move_group:/home/ctaylor71023/ws_moveit/install/moveit_planners_ompl:/home/ctaylor71023/ws_moveit/install/moveit_ros_planning:/home/ctaylor71023/ws_moveit/install/moveit_ros_occupancy_map_monitor:/home/ctaylor71023/ws_moveit/install/moveit_resources_prbt_ikfast_manipulator_plugin:/home/ctaylor71023/ws_moveit/install/moveit_planners_chomp:/home/ctaylor71023/ws_moveit/install/moveit_kinematics:/home/ctaylor71023/ws_moveit/install/moveit_chomp_optimizer_adapter:/home/ctaylor71023/ws_moveit/install/chomp_motion_planner:/home/ctaylor71023/ws_moveit/install/moveit_core:/home/ctaylor71023/ws_moveit/install/srdfdom:/home/ctaylor71023/ws_moveit/install/rviz_marker_tools:/home/ctaylor71023/ws_moveit/install/rosparam_shortcuts:/home/ctaylor71023/ws_moveit/install/moveit_task_constructor_msgs:/home/ctaylor71023/ws_moveit/install/moveit_resources_prbt_support:/home/ctaylor71023/ws_moveit/install/moveit_resources:/home/ctaylor71023/ws_moveit/install/moveit_resources_pr2_description:/home/ctaylor71023/ws_moveit/install/moveit_resources_panda_moveit_config:/home/ctaylor71023/ws_moveit/install/moveit_resources_panda_description:/home/ctaylor71023/ws_moveit/install/moveit_resources_fanuc_moveit_config:/home/ctaylor71023/ws_moveit/install/moveit_resources_fanuc_description:/home/ctaylor71023/ws_moveit/install/moveit_common:/home/ctaylor71023/ros2_ws/install/mycobot_ros2:/home/ctaylor71023/ros2_ws/install/mycobot_gazebo:/home/ctaylor71023/ros2_ws/install/mycobot_description:/home/ctaylor71023/ros2_ws/install/chomp_motion_planner:/home/ctaylor71023/turtlebot3_ws/install/turtlebot3_simulations:/home/ctaylor71023/turtlebot3_ws/install/turtlebot3_gazebo:/home/ctaylor71023/turtlebot3_ws/install/turtlebot3_fake_node:/home/ctaylor71023/turtlebot3_ws/install/msg_types:/home/ctaylor71023/turtlebot3_ws/src/install/turtlebot3_simulations:/home/ctaylor71023/turtlebot3_ws/src/install/turtlebot3_gazebo:/home/ctaylor71023/turtlebot3_ws/src/install/turtlebot3_fake_node:/home/ctaylor71023/turtlebot3_ws/src/install/msg_types:/home/ctaylor71023/ws_moveit/install/moveit_configs_utils:/home/ctaylor71023/ws_moveit/install/launch_param_builder:/home/ctaylor71023/turtlebot3_ws/install/py_subpub:/home/ctaylor71023/turtlebot3_ws/install/Crossfire_object_follower:/home/ctaylor71023/turtlebot3_ws/install/Crossfire_navigate_to_goal:/home/ctaylor71023/turtlebot3_ws/install/Crossfire_lab6:/home/ctaylor71023/turtlebot3_ws/install/Crossfire_lab5:/home/ctaylor71023/turtlebot3_ws/install/Crossfire_chase_object:/home/ctaylor71023/turtlebot3_ws/src/install/py_subpub:/home/ctaylor71023/turtlebot3_ws/src/install/Lab2:/home/ctaylor71023/turtlebot3_ws/src/install/Crossfire_object_follower:/home/ctaylor71023/turtlebot3_ws/src/install/Crossfire_navigate_to_goal:/home/ctaylor71023/turtlebot3_ws/src/install/Crossfire_lab6:/home/ctaylor71023/turtlebot3_ws/src/install/Crossfire_lab5:/home/ctaylor71023/turtlebot3_ws/src/install/Crossfire_chase_object:/opt/ros/humble LD_LIBRARY_PATH=/home/ctaylor71023/ros2_ws/src/ctaylor319_capstone/install/pcl_msgs/lib:${LD_LIBRARY_PATH} PYTHONPATH=/home/ctaylor71023/ros2_ws/src/ctaylor319_capstone/install/pcl_msgs/local/lib/python3.10/dist-packages:${PYTHONPATH} /usr/bin/cmake --install /home/ctaylor71023/ros2_ws/src/ctaylor319_capstone/build/pcl_ros
[97.356s] -- Install configuration: ""
[97.422s] -- Installing: /home/ctaylor71023/ros2_ws/src/ctaylor319_capstone/install/pcl_ros/lib/pcl_ros/filter_extract_indices_node
[97.425s] -- Set runtime path of "/home/ctaylor71023/ros2_ws/src/ctaylor319_capstone/install/pcl_ros/lib/pcl_ros/filter_extract_indices_node" to ""
[97.425s] -- Installing: /home/ctaylor71023/ros2_ws/src/ctaylor319_capstone/install/pcl_ros/lib/pcl_ros/filter_passthrough_node
[97.428s] -- Set runtime path of "/home/ctaylor71023/ros2_ws/src/ctaylor319_capstone/install/pcl_ros/lib/pcl_ros/filter_passthrough_node" to ""
[97.428s] -- Installing: /home/ctaylor71023/ros2_ws/src/ctaylor319_capstone/install/pcl_ros/lib/pcl_ros/filter_project_inliers_node
[97.431s] -- Set runtime path of "/home/ctaylor71023/ros2_ws/src/ctaylor319_capstone/install/pcl_ros/lib/pcl_ros/filter_project_inliers_node" to ""
[97.432s] -- Installing: /home/ctaylor71023/ros2_ws/src/ctaylor319_capstone/install/pcl_ros/lib/pcl_ros/filter_radius_outlier_removal_node
[97.434s] -- Set runtime path of "/home/ctaylor71023/ros2_ws/src/ctaylor319_capstone/install/pcl_ros/lib/pcl_ros/filter_radius_outlier_removal_node" to ""
[97.434s] -- Installing: /home/ctaylor71023/ros2_ws/src/ctaylor319_capstone/install/pcl_ros/lib/pcl_ros/filter_statistical_outlier_removal_node
[97.437s] -- Set runtime path of "/home/ctaylor71023/ros2_ws/src/ctaylor319_capstone/install/pcl_ros/lib/pcl_ros/filter_statistical_outlier_removal_node" to ""
[97.437s] -- Installing: /home/ctaylor71023/ros2_ws/src/ctaylor319_capstone/install/pcl_ros/lib/pcl_ros/filter_crop_box_node
[97.440s] -- Set runtime path of "/home/ctaylor71023/ros2_ws/src/ctaylor319_capstone/install/pcl_ros/lib/pcl_ros/filter_crop_box_node" to ""
[97.440s] -- Installing: /home/ctaylor71023/ros2_ws/src/ctaylor319_capstone/install/pcl_ros/lib/pcl_ros/filter_voxel_grid_node
[97.443s] -- Set runtime path of "/home/ctaylor71023/ros2_ws/src/ctaylor319_capstone/install/pcl_ros/lib/pcl_ros/filter_voxel_grid_node" to ""
[97.443s] -- Installing: /home/ctaylor71023/ros2_ws/src/ctaylor319_capstone/install/pcl_ros/lib/pcl_ros/pcd_to_pointcloud
[97.446s] -- Set runtime path of "/home/ctaylor71023/ros2_ws/src/ctaylor319_capstone/install/pcl_ros/lib/pcl_ros/pcd_to_pointcloud" to ""
[97.446s] -- Installing: /home/ctaylor71023/ros2_ws/src/ctaylor319_capstone/install/pcl_ros/lib/pcl_ros/pointcloud_to_pcd
[97.448s] -- Set runtime path of "/home/ctaylor71023/ros2_ws/src/ctaylor319_capstone/install/pcl_ros/lib/pcl_ros/pointcloud_to_pcd" to ""
[97.449s] -- Installing: /home/ctaylor71023/ros2_ws/src/ctaylor319_capstone/install/pcl_ros/include/pcl_ros
[97.481s] -- Installing: /home/ctaylor71023/ros2_ws/src/ctaylor319_capstone/install/pcl_ros/include/pcl_ros/pcl_ros
[97.482s] -- Installing: /home/ctaylor71023/ros2_ws/src/ctaylor319_capstone/install/pcl_ros/include/pcl_ros/pcl_ros/filters
[97.482s] -- Installing: /home/ctaylor71023/ros2_ws/src/ctaylor319_capstone/install/pcl_ros/include/pcl_ros/pcl_ros/filters/filter.hpp
[97.483s] -- Installing: /home/ctaylor71023/ros2_ws/src/ctaylor319_capstone/install/pcl_ros/include/pcl_ros/pcl_ros/filters/passthrough.hpp
[97.484s] -- Installing: /home/ctaylor71023/ros2_ws/src/ctaylor319_capstone/install/pcl_ros/include/pcl_ros/pcl_ros/filters/project_inliers.hpp
[97.484s] -- Installing: /home/ctaylor71023/ros2_ws/src/ctaylor319_capstone/install/pcl_ros/include/pcl_ros/pcl_ros/filters/radius_outlier_removal.hpp
[97.485s] -- Installing: /home/ctaylor71023/ros2_ws/src/ctaylor319_capstone/install/pcl_ros/include/pcl_ros/pcl_ros/filters/voxel_grid.hpp
[97.485s] -- Installing: /home/ctaylor71023/ros2_ws/src/ctaylor319_capstone/install/pcl_ros/include/pcl_ros/pcl_ros/filters/statistical_outlier_removal.hpp
[97.486s] -- Installing: /home/ctaylor71023/ros2_ws/src/ctaylor319_capstone/install/pcl_ros/include/pcl_ros/pcl_ros/filters/crop_box.hpp
[97.486s] -- Installing: /home/ctaylor71023/ros2_ws/src/ctaylor319_capstone/install/pcl_ros/include/pcl_ros/pcl_ros/filters/extract_indices.hpp
[97.487s] -- Installing: /home/ctaylor71023/ros2_ws/src/ctaylor319_capstone/install/pcl_ros/include/pcl_ros/pcl_ros/publisher.hpp
[97.488s] -- Installing: /home/ctaylor71023/ros2_ws/src/ctaylor319_capstone/install/pcl_ros/include/pcl_ros/pcl_ros/segmentation
[97.492s] -- Installing: /home/ctaylor71023/ros2_ws/src/ctaylor319_capstone/install/pcl_ros/include/pcl_ros/pcl_ros/segmentation/sac_segmentation.hpp
[97.492s] -- Installing: /home/ctaylor71023/ros2_ws/src/ctaylor319_capstone/install/pcl_ros/include/pcl_ros/pcl_ros/segmentation/segment_differences.hpp
[97.493s] -- Installing: /home/ctaylor71023/ros2_ws/src/ctaylor319_capstone/install/pcl_ros/include/pcl_ros/pcl_ros/segmentation/extract_polygonal_prism_data.hpp
[97.493s] -- Installing: /home/ctaylor71023/ros2_ws/src/ctaylor319_capstone/install/pcl_ros/include/pcl_ros/pcl_ros/segmentation/extract_clusters.hpp
[97.494s] -- Installing: /home/ctaylor71023/ros2_ws/src/ctaylor319_capstone/install/pcl_ros/include/pcl_ros/pcl_ros/impl
[97.503s] -- Installing: /home/ctaylor71023/ros2_ws/src/ctaylor319_capstone/install/pcl_ros/include/pcl_ros/pcl_ros/impl/transforms.hpp
[97.503s] -- Installing: /home/ctaylor71023/ros2_ws/src/ctaylor319_capstone/install/pcl_ros/include/pcl_ros/pcl_ros/features
[97.504s] -- Installing: /home/ctaylor71023/ros2_ws/src/ctaylor319_capstone/install/pcl_ros/include/pcl_ros/pcl_ros/features/pfh.hpp
[97.504s] -- Installing: /home/ctaylor71023/ros2_ws/src/ctaylor319_capstone/install/pcl_ros/include/pcl_ros/pcl_ros/features/boundary.hpp
[97.507s] -- Installing: /home/ctaylor71023/ros2_ws/src/ctaylor319_capstone/install/pcl_ros/include/pcl_ros/pcl_ros/features/normal_3d_omp.hpp
[97.507s] -- Installing: /home/ctaylor71023/ros2_ws/src/ctaylor319_capstone/install/pcl_ros/include/pcl_ros/pcl_ros/features/shot_omp.hpp
[97.508s] -- Installing: /home/ctaylor71023/ros2_ws/src/ctaylor319_capstone/install/pcl_ros/include/pcl_ros/pcl_ros/features/principal_curvatures.hpp
[97.508s] -- Installing: /home/ctaylor71023/ros2_ws/src/ctaylor319_capstone/install/pcl_ros/include/pcl_ros/pcl_ros/features/normal_3d_tbb.hpp
[97.508s] -- Installing: /home/ctaylor71023/ros2_ws/src/ctaylor319_capstone/install/pcl_ros/include/pcl_ros/pcl_ros/features/normal_3d.hpp
[97.518s] -- Installing: /home/ctaylor71023/ros2_ws/src/ctaylor319_capstone/install/pcl_ros/include/pcl_ros/pcl_ros/features/feature.hpp
[97.518s] -- Installing: /home/ctaylor71023/ros2_ws/src/ctaylor319_capstone/install/pcl_ros/include/pcl_ros/pcl_ros/features/shot.hpp
[97.519s] -- Installing: /home/ctaylor71023/ros2_ws/src/ctaylor319_capstone/install/pcl_ros/include/pcl_ros/pcl_ros/features/fpfh_omp.hpp
[97.519s] -- Installing: /home/ctaylor71023/ros2_ws/src/ctaylor319_capstone/install/pcl_ros/include/pcl_ros/pcl_ros/features/vfh.hpp
[97.519s] -- Installing: /home/ctaylor71023/ros2_ws/src/ctaylor319_capstone/install/pcl_ros/include/pcl_ros/pcl_ros/features/fpfh.hpp
[97.540s] -- Installing: /home/ctaylor71023/ros2_ws/src/ctaylor319_capstone/install/pcl_ros/include/pcl_ros/pcl_ros/features/moment_invariants.hpp
[97.540s] -- Installing: /home/ctaylor71023/ros2_ws/src/ctaylor319_capstone/install/pcl_ros/include/pcl_ros/pcl_ros/surface
[97.541s] -- Installing: /home/ctaylor71023/ros2_ws/src/ctaylor319_capstone/install/pcl_ros/include/pcl_ros/pcl_ros/surface/convex_hull.hpp
[97.541s] -- Installing: /home/ctaylor71023/ros2_ws/src/ctaylor319_capstone/install/pcl_ros/include/pcl_ros/pcl_ros/surface/moving_least_squares.hpp
[97.541s] -- Installing: /home/ctaylor71023/ros2_ws/src/ctaylor319_capstone/install/pcl_ros/include/pcl_ros/pcl_ros/io
[97.559s] -- Installing: /home/ctaylor71023/ros2_ws/src/ctaylor319_capstone/install/pcl_ros/include/pcl_ros/pcl_ros/io/concatenate_fields.hpp
[97.559s] -- Installing: /home/ctaylor71023/ros2_ws/src/ctaylor319_capstone/install/pcl_ros/include/pcl_ros/pcl_ros/io/bag_io.hpp
[97.560s] -- Installing: /home/ctaylor71023/ros2_ws/src/ctaylor319_capstone/install/pcl_ros/include/pcl_ros/pcl_ros/io/concatenate_data.hpp
[97.561s] -- Installing: /home/ctaylor71023/ros2_ws/src/ctaylor319_capstone/install/pcl_ros/include/pcl_ros/pcl_ros/io/pcd_io.hpp
[97.562s] -- Installing: /home/ctaylor71023/ros2_ws/src/ctaylor319_capstone/install/pcl_ros/include/pcl_ros/pcl_ros/pcl_node.hpp
[97.562s] -- Installing: /home/ctaylor71023/ros2_ws/src/ctaylor319_capstone/install/pcl_ros/include/pcl_ros/pcl_ros/transforms.hpp
[97.563s] -- Installing: /home/ctaylor71023/ros2_ws/src/ctaylor319_capstone/install/pcl_ros/include/pcl_ros/pcl_ros/point_cloud.hpp
[97.563s] -- Installing: /home/ctaylor71023/ros2_ws/src/ctaylor319_capstone/install/pcl_ros/lib/libpcl_ros_tf.a
[97.572s] -- Installing: /home/ctaylor71023/ros2_ws/src/ctaylor319_capstone/install/pcl_ros/lib/libpcd_to_pointcloud_lib.so
[97.580s] -- Set runtime path of "/home/ctaylor71023/ros2_ws/src/ctaylor319_capstone/install/pcl_ros/lib/libpcd_to_pointcloud_lib.so" to ""
[97.581s] -- Installing: /home/ctaylor71023/ros2_ws/src/ctaylor319_capstone/install/pcl_ros/lib/libpcl_ros_filters.so
[97.605s] -- Set runtime path of "/home/ctaylor71023/ros2_ws/src/ctaylor319_capstone/install/pcl_ros/lib/libpcl_ros_filters.so" to ""
[97.605s] -- Installing: /home/ctaylor71023/ros2_ws/src/ctaylor319_capstone/install/pcl_ros/lib/libpointcloud_to_pcd_lib.so
[97.614s] -- Set runtime path of "/home/ctaylor71023/ros2_ws/src/ctaylor319_capstone/install/pcl_ros/lib/libpointcloud_to_pcd_lib.so" to ""
[97.614s] -- Installing: /home/ctaylor71023/ros2_ws/src/ctaylor319_capstone/install/pcl_ros/share/pcl_ros/plugins
[97.614s] -- Installing: /home/ctaylor71023/ros2_ws/src/ctaylor319_capstone/install/pcl_ros/share/pcl_ros/plugins/nodelet
[97.614s] -- Installing: /home/ctaylor71023/ros2_ws/src/ctaylor319_capstone/install/pcl_ros/share/pcl_ros/plugins/nodelet/libpcl_ros_io.xml
[97.614s] -- Installing: /home/ctaylor71023/ros2_ws/src/ctaylor319_capstone/install/pcl_ros/share/pcl_ros/plugins/nodelet/libpcl_ros_features.xml
[97.614s] -- Installing: /home/ctaylor71023/ros2_ws/src/ctaylor319_capstone/install/pcl_ros/share/pcl_ros/plugins/nodelet/libpcl_ros_surface.xml
[97.614s] -- Installing: /home/ctaylor71023/ros2_ws/src/ctaylor319_capstone/install/pcl_ros/share/pcl_ros/plugins/nodelet/libpcl_ros_filters.xml
[97.615s] -- Installing: /home/ctaylor71023/ros2_ws/src/ctaylor319_capstone/install/pcl_ros/share/pcl_ros/plugins/nodelet/libpcl_ros_segmentation.xml
[97.615s] -- Installing: /home/ctaylor71023/ros2_ws/src/ctaylor319_capstone/install/pcl_ros/share/pcl_ros/samples
[97.625s] -- Installing: /home/ctaylor71023/ros2_ws/src/ctaylor319_capstone/install/pcl_ros/share/pcl_ros/samples/data
[97.636s] -- Installing: /home/ctaylor71023/ros2_ws/src/ctaylor319_capstone/install/pcl_ros/share/pcl_ros/samples/data/.gitignore
[97.636s] -- Installing: /home/ctaylor71023/ros2_ws/src/ctaylor319_capstone/install/pcl_ros/share/pcl_ros/samples/pcl_ros
[97.647s] -- Installing: /home/ctaylor71023/ros2_ws/src/ctaylor319_capstone/install/pcl_ros/share/pcl_ros/samples/pcl_ros/filters
[97.658s] -- Installing: /home/ctaylor71023/ros2_ws/src/ctaylor319_capstone/install/pcl_ros/share/pcl_ros/samples/pcl_ros/filters/config
[97.659s] -- Installing: /home/ctaylor71023/ros2_ws/src/ctaylor319_capstone/install/pcl_ros/share/pcl_ros/samples/pcl_ros/filters/config/voxel_grid.rviz
[97.659s] -- Installing: /home/ctaylor71023/ros2_ws/src/ctaylor319_capstone/install/pcl_ros/share/pcl_ros/samples/pcl_ros/filters/config/statistical_outlier_removal.rviz
[97.659s] -- Installing: /home/ctaylor71023/ros2_ws/src/ctaylor319_capstone/install/pcl_ros/share/pcl_ros/samples/pcl_ros/filters/sample_statistical_outlier_removal.launch
[97.659s] -- Installing: /home/ctaylor71023/ros2_ws/src/ctaylor319_capstone/install/pcl_ros/share/pcl_ros/samples/pcl_ros/filters/sample_voxel_grid.launch
[97.660s] -- Installing: /home/ctaylor71023/ros2_ws/src/ctaylor319_capstone/install/pcl_ros/share/pcl_ros/samples/pcl_ros/segmentation
[97.660s] -- Installing: /home/ctaylor71023/ros2_ws/src/ctaylor319_capstone/install/pcl_ros/share/pcl_ros/samples/pcl_ros/segmentation/sample_extract_clusters.launch
[97.660s] -- Installing: /home/ctaylor71023/ros2_ws/src/ctaylor319_capstone/install/pcl_ros/share/pcl_ros/samples/pcl_ros/features
[97.670s] -- Installing: /home/ctaylor71023/ros2_ws/src/ctaylor319_capstone/install/pcl_ros/share/pcl_ros/samples/pcl_ros/features/sample_normal_3d.launch
[97.671s] -- Installing: /home/ctaylor71023/ros2_ws/src/ctaylor319_capstone/install/pcl_ros/share/pcl_ros/samples/pcl_ros/surface
[97.672s] -- Installing: /home/ctaylor71023/ros2_ws/src/ctaylor319_capstone/install/pcl_ros/share/pcl_ros/samples/pcl_ros/surface/sample_convex_hull.launch
[97.672s] -- Installing: /home/ctaylor71023/ros2_ws/src/ctaylor319_capstone/install/pcl_ros/share/pcl_ros/samples/pcl_ros/io
[97.673s] -- Installing: /home/ctaylor71023/ros2_ws/src/ctaylor319_capstone/install/pcl_ros/share/pcl_ros/samples/pcl_ros/io/sample_concatenate_data.launch
[97.673s] -- Installing: /home/ctaylor71023/ros2_ws/src/ctaylor319_capstone/install/pcl_ros/share/pcl_ros/environment/library_path.sh
[97.702s] -- Installing: /home/ctaylor71023/ros2_ws/src/ctaylor319_capstone/install/pcl_ros/share/pcl_ros/environment/library_path.dsv
[97.722s] -- Installing: /home/ctaylor71023/ros2_ws/src/ctaylor319_capstone/install/pcl_ros/share/ament_index/resource_index/package_run_dependencies/pcl_ros
[97.745s] -- Installing: /home/ctaylor71023/ros2_ws/src/ctaylor319_capstone/install/pcl_ros/share/ament_index/resource_index/parent_prefix_path/pcl_ros
[97.746s] -- Installing: /home/ctaylor71023/ros2_ws/src/ctaylor319_capstone/install/pcl_ros/share/pcl_ros/environment/ament_prefix_path.sh
[97.769s] -- Installing: /home/ctaylor71023/ros2_ws/src/ctaylor319_capstone/install/pcl_ros/share/pcl_ros/environment/ament_prefix_path.dsv
[97.801s] -- Installing: /home/ctaylor71023/ros2_ws/src/ctaylor319_capstone/install/pcl_ros/share/pcl_ros/environment/path.sh
[97.802s] -- Installing: /home/ctaylor71023/ros2_ws/src/ctaylor319_capstone/install/pcl_ros/share/pcl_ros/environment/path.dsv
[97.809s] -- Installing: /home/ctaylor71023/ros2_ws/src/ctaylor319_capstone/install/pcl_ros/share/pcl_ros/local_setup.bash
[97.809s] -- Installing: /home/ctaylor71023/ros2_ws/src/ctaylor319_capstone/install/pcl_ros/share/pcl_ros/local_setup.sh
[97.818s] -- Installing: /home/ctaylor71023/ros2_ws/src/ctaylor319_capstone/install/pcl_ros/share/pcl_ros/local_setup.zsh
[97.818s] -- Installing: /home/ctaylor71023/ros2_ws/src/ctaylor319_capstone/install/pcl_ros/share/pcl_ros/local_setup.dsv
[97.819s] -- Installing: /home/ctaylor71023/ros2_ws/src/ctaylor319_capstone/install/pcl_ros/share/pcl_ros/package.dsv
[97.819s] -- Installing: /home/ctaylor71023/ros2_ws/src/ctaylor319_capstone/install/pcl_ros/share/ament_index/resource_index/packages/pcl_ros
[97.819s] -- Installing: /home/ctaylor71023/ros2_ws/src/ctaylor319_capstone/install/pcl_ros/share/ament_index/resource_index/rclcpp_components/pcl_ros
[97.819s] -- Installing: /home/ctaylor71023/ros2_ws/src/ctaylor319_capstone/install/pcl_ros/share/pcl_ros/cmake/export_pcl_rosExport.cmake
[97.822s] -- Installing: /home/ctaylor71023/ros2_ws/src/ctaylor319_capstone/install/pcl_ros/share/pcl_ros/cmake/export_pcl_rosExport-noconfig.cmake
[97.823s] -- Installing: /home/ctaylor71023/ros2_ws/src/ctaylor319_capstone/install/pcl_ros/share/pcl_ros/cmake/ament_cmake_export_include_directories-extras.cmake
[97.823s] -- Installing: /home/ctaylor71023/ros2_ws/src/ctaylor319_capstone/install/pcl_ros/share/pcl_ros/cmake/ament_cmake_export_libraries-extras.cmake
[97.825s] -- Installing: /home/ctaylor71023/ros2_ws/src/ctaylor319_capstone/install/pcl_ros/share/pcl_ros/cmake/ament_cmake_export_targets-extras.cmake
[97.825s] -- Installing: /home/ctaylor71023/ros2_ws/src/ctaylor319_capstone/install/pcl_ros/share/pcl_ros/cmake/ament_cmake_export_dependencies-extras.cmake
[97.825s] -- Installing: /home/ctaylor71023/ros2_ws/src/ctaylor319_capstone/install/pcl_ros/share/pcl_ros/cmake/pcl_rosConfig.cmake
[97.826s] -- Installing: /home/ctaylor71023/ros2_ws/src/ctaylor319_capstone/install/pcl_ros/share/pcl_ros/cmake/pcl_rosConfig-version.cmake
[97.829s] -- Installing: /home/ctaylor71023/ros2_ws/src/ctaylor319_capstone/install/pcl_ros/share/pcl_ros/package.xml
[97.837s] Invoked command in '/home/ctaylor71023/ros2_ws/src/ctaylor319_capstone/build/pcl_ros' returned '0': AMENT_PREFIX_PATH=/home/ctaylor71023/ros2_ws/src/ctaylor319_capstone/install/pcl_conversions:/home/ctaylor71023/ros2_ws/src/ctaylor319_capstone/install/pcl_msgs:${AMENT_PREFIX_PATH} CMAKE_PREFIX_PATH=/home/ctaylor71023/ros2_ws/src/ctaylor319_capstone/install/pcl_conversions:/home/ctaylor71023/ros2_ws/src/ctaylor319_capstone/install/pcl_msgs:/home/ctaylor71023/ws_moveit/install/pilz_industrial_motion_planner_testutils:/home/ctaylor71023/ws_moveit/install/moveit_runtime:/home/ctaylor71023/ws_moveit/install/moveit2_tutorials:/home/ctaylor71023/ws_moveit/install/moveit:/home/ctaylor71023/ws_moveit/install/moveit_planners:/home/ctaylor71023/ws_moveit/install/pilz_industrial_motion_planner:/home/ctaylor71023/ws_moveit/install/moveit_visual_tools:/home/ctaylor71023/ws_moveit/install/moveit_task_constructor_visualization:/home/ctaylor71023/ws_moveit/install/moveit_task_constructor_demo:/home/ctaylor71023/ws_moveit/install/moveit_task_constructor_capabilities:/home/ctaylor71023/ws_moveit/install/moveit_task_constructor_core:/home/ctaylor71023/ws_moveit/install/moveit_ros_control_interface:/home/ctaylor71023/ws_moveit/install/moveit_plugins:/home/ctaylor71023/ws_moveit/install/moveit_simple_controller_manager:/home/ctaylor71023/ws_moveit/install/moveit_setup_assistant:/home/ctaylor71023/ws_moveit/install/moveit_setup_srdf_plugins:/home/ctaylor71023/ws_moveit/install/moveit_setup_core_plugins:/home/ctaylor71023/ws_moveit/install/moveit_setup_controllers:/home/ctaylor71023/ws_moveit/install/moveit_setup_app_plugins:/home/ctaylor71023/ws_moveit/install/moveit_setup_framework:/home/ctaylor71023/ws_moveit/install/moveit_servo:/home/ctaylor71023/ws_moveit/install/moveit_ros:/home/ctaylor71023/ws_moveit/install/moveit_ros_visualization:/home/ctaylor71023/ws_moveit/install/moveit_hybrid_planning:/home/ctaylor71023/ws_moveit/install/moveit_ros_planning_interface:/home/ctaylor71023/ws_moveit/install/moveit_ros_benchmarks:/home/ctaylor71023/ws_moveit/install/moveit_ros_warehouse:/home/ctaylor71023/ws_moveit/install/moveit_ros_robot_interaction:/home/ctaylor71023/ws_moveit/install/moveit_ros_perception:/home/ctaylor71023/ws_moveit/install/moveit_resources_prbt_pg70_support:/home/ctaylor71023/ws_moveit/install/moveit_resources_prbt_moveit_config:/home/ctaylor71023/ws_moveit/install/moveit_ros_move_group:/home/ctaylor71023/ws_moveit/install/moveit_planners_ompl:/home/ctaylor71023/ws_moveit/install/moveit_ros_planning:/home/ctaylor71023/ws_moveit/install/moveit_ros_occupancy_map_monitor:/home/ctaylor71023/ws_moveit/install/moveit_resources_prbt_ikfast_manipulator_plugin:/home/ctaylor71023/ws_moveit/install/moveit_planners_chomp:/home/ctaylor71023/ws_moveit/install/moveit_kinematics:/home/ctaylor71023/ws_moveit/install/moveit_chomp_optimizer_adapter:/home/ctaylor71023/ws_moveit/install/chomp_motion_planner:/home/ctaylor71023/ws_moveit/install/moveit_core:/home/ctaylor71023/ws_moveit/install/srdfdom:/home/ctaylor71023/ws_moveit/install/rviz_marker_tools:/home/ctaylor71023/ws_moveit/install/rosparam_shortcuts:/home/ctaylor71023/ws_moveit/install/moveit_task_constructor_msgs:/home/ctaylor71023/ws_moveit/install/moveit_resources_prbt_support:/home/ctaylor71023/ws_moveit/install/moveit_resources:/home/ctaylor71023/ws_moveit/install/moveit_resources_pr2_description:/home/ctaylor71023/ws_moveit/install/moveit_resources_panda_moveit_config:/home/ctaylor71023/ws_moveit/install/moveit_resources_panda_description:/home/ctaylor71023/ws_moveit/install/moveit_resources_fanuc_moveit_config:/home/ctaylor71023/ws_moveit/install/moveit_resources_fanuc_description:/home/ctaylor71023/ws_moveit/install/moveit_common:/home/ctaylor71023/ros2_ws/install/mycobot_ros2:/home/ctaylor71023/ros2_ws/install/mycobot_gazebo:/home/ctaylor71023/ros2_ws/install/mycobot_description:/home/ctaylor71023/ros2_ws/install/chomp_motion_planner:/home/ctaylor71023/turtlebot3_ws/install/turtlebot3_simulations:/home/ctaylor71023/turtlebot3_ws/install/turtlebot3_gazebo:/home/ctaylor71023/turtlebot3_ws/install/turtlebot3_fake_node:/home/ctaylor71023/turtlebot3_ws/install/msg_types:/home/ctaylor71023/turtlebot3_ws/src/install/turtlebot3_simulations:/home/ctaylor71023/turtlebot3_ws/src/install/turtlebot3_gazebo:/home/ctaylor71023/turtlebot3_ws/src/install/turtlebot3_fake_node:/home/ctaylor71023/turtlebot3_ws/src/install/msg_types:/home/ctaylor71023/ws_moveit/install/moveit_configs_utils:/home/ctaylor71023/ws_moveit/install/launch_param_builder:/home/ctaylor71023/turtlebot3_ws/install/py_subpub:/home/ctaylor71023/turtlebot3_ws/install/Crossfire_object_follower:/home/ctaylor71023/turtlebot3_ws/install/Crossfire_navigate_to_goal:/home/ctaylor71023/turtlebot3_ws/install/Crossfire_lab6:/home/ctaylor71023/turtlebot3_ws/install/Crossfire_lab5:/home/ctaylor71023/turtlebot3_ws/install/Crossfire_chase_object:/home/ctaylor71023/turtlebot3_ws/src/install/py_subpub:/home/ctaylor71023/turtlebot3_ws/src/install/Lab2:/home/ctaylor71023/turtlebot3_ws/src/install/Crossfire_object_follower:/home/ctaylor71023/turtlebot3_ws/src/install/Crossfire_navigate_to_goal:/home/ctaylor71023/turtlebot3_ws/src/install/Crossfire_lab6:/home/ctaylor71023/turtlebot3_ws/src/install/Crossfire_lab5:/home/ctaylor71023/turtlebot3_ws/src/install/Crossfire_chase_object:/opt/ros/humble LD_LIBRARY_PATH=/home/ctaylor71023/ros2_ws/src/ctaylor319_capstone/install/pcl_msgs/lib:${LD_LIBRARY_PATH} PYTHONPATH=/home/ctaylor71023/ros2_ws/src/ctaylor319_capstone/install/pcl_msgs/local/lib/python3.10/dist-packages:${PYTHONPATH} /usr/bin/cmake --install /home/ctaylor71023/ros2_ws/src/ctaylor319_capstone/build/pcl_ros
