-- The C compiler identification is GNU 11.4.0
-- The CXX compiler identification is GNU 11.4.0
-- Detecting C compiler ABI info
-- Detecting C compiler ABI info - done
-- Check for working C compiler: /usr/bin/cc - skipped
-- Detecting C compile features
-- Detecting C compile features - done
-- Detecting CXX compiler ABI info
-- Detecting CXX compiler ABI info - done
-- Check for working CXX compiler: /usr/bin/c++ - skipped
-- Detecting CXX compile features
-- Detecting CXX compile features - done
-- Found ament_cmake: 1.3.10 (/opt/ros/humble/share/ament_cmake/cmake)
-- Found Python3: /usr/bin/python3 (found version "3.10.12") found components: Interpreter 
-- Configuring done
-- Generating done
-- Build files have been written to: /home/ctaylor71023/ros2_ws/src/ctaylor319_capstone/build/grid_map
-- Install configuration: ""
-- Installing: /home/ctaylor71023/ros2_ws/src/ctaylor319_capstone/install/grid_map/share/ament_index/resource_index/package_run_dependencies/grid_map
-- Installing: /home/ctaylor71023/ros2_ws/src/ctaylor319_capstone/install/grid_map/share/ament_index/resource_index/parent_prefix_path/grid_map
-- Installing: /home/ctaylor71023/ros2_ws/src/ctaylor319_capstone/install/grid_map/share/grid_map/environment/ament_prefix_path.sh
-- Installing: /home/ctaylor71023/ros2_ws/src/ctaylor319_capstone/install/grid_map/share/grid_map/environment/ament_prefix_path.dsv
-- Installing: /home/ctaylor71023/ros2_ws/src/ctaylor319_capstone/install/grid_map/share/grid_map/environment/path.sh
-- Installing: /home/ctaylor71023/ros2_ws/src/ctaylor319_capstone/install/grid_map/share/grid_map/environment/path.dsv
-- Installing: /home/ctaylor71023/ros2_ws/src/ctaylor319_capstone/install/grid_map/share/grid_map/local_setup.bash
-- Installing: /home/ctaylor71023/ros2_ws/src/ctaylor319_capstone/install/grid_map/share/grid_map/local_setup.sh
-- Installing: /home/ctaylor71023/ros2_ws/src/ctaylor319_capstone/install/grid_map/share/grid_map/local_setup.zsh
-- Installing: /home/ctaylor71023/ros2_ws/src/ctaylor319_capstone/install/grid_map/share/grid_map/local_setup.dsv
-- Installing: /home/ctaylor71023/ros2_ws/src/ctaylor319_capstone/install/grid_map/share/grid_map/package.dsv
-- Installing: /home/ctaylor71023/ros2_ws/src/ctaylor319_capstone/install/grid_map/share/ament_index/resource_index/packages/grid_map
-- Installing: /home/ctaylor71023/ros2_ws/src/ctaylor319_capstone/install/grid_map/share/grid_map/cmake/grid_mapConfig.cmake
-- Installing: /home/ctaylor71023/ros2_ws/src/ctaylor319_capstone/install/grid_map/share/grid_map/cmake/grid_mapConfig-version.cmake
-- Installing: /home/ctaylor71023/ros2_ws/src/ctaylor319_capstone/install/grid_map/share/grid_map/package.xml
