[0.032s] Invoking command in '/home/ctaylor71023/ros2_ws/src/ctaylor319_capstone/build/robot_control': CMAKE_PREFIX_PATH=${CMAKE_PREFIX_PATH}:/home/ctaylor71023/ws_moveit/install/moveit_configs_utils:/home/ctaylor71023/ws_moveit/install/launch_param_builder:/home/ctaylor71023/turtlebot3_ws/install/py_subpub:/home/ctaylor71023/turtlebot3_ws/install/Crossfire_object_follower:/home/ctaylor71023/turtlebot3_ws/install/Crossfire_navigate_to_goal:/home/ctaylor71023/turtlebot3_ws/install/Crossfire_lab6:/home/ctaylor71023/turtlebot3_ws/install/Crossfire_lab5:/home/ctaylor71023/turtlebot3_ws/install/Crossfire_chase_object:/home/ctaylor71023/turtlebot3_ws/src/install/py_subpub:/home/ctaylor71023/turtlebot3_ws/src/install/Lab2:/home/ctaylor71023/turtlebot3_ws/src/install/Crossfire_object_follower:/home/ctaylor71023/turtlebot3_ws/src/install/Crossfire_navigate_to_goal:/home/ctaylor71023/turtlebot3_ws/src/install/Crossfire_lab6:/home/ctaylor71023/turtlebot3_ws/src/install/Crossfire_lab5:/home/ctaylor71023/turtlebot3_ws/src/install/Crossfire_chase_object:/opt/ros/humble /usr/bin/cmake --build /home/ctaylor71023/ros2_ws/src/ctaylor319_capstone/build/robot_control -- -j8 -l8
[0.076s] -- Found ament_cmake: 1.3.10 (/opt/ros/humble/share/ament_cmake/cmake)
[0.281s] -- Found rclcpp: 16.0.10 (/opt/ros/humble/share/rclcpp/cmake)
[0.322s] -- Found rosidl_generator_c: 3.1.5 (/opt/ros/humble/share/rosidl_generator_c/cmake)
[0.325s] -- Found rosidl_adapter: 3.1.5 (/opt/ros/humble/share/rosidl_adapter/cmake)
[0.333s] -- Found rosidl_generator_cpp: 3.1.5 (/opt/ros/humble/share/rosidl_generator_cpp/cmake)
[0.346s] -- Using all available rosidl_typesupport_c: rosidl_typesupport_fastrtps_c;rosidl_typesupport_introspection_c
[0.360s] -- Using all available rosidl_typesupport_cpp: rosidl_typesupport_fastrtps_cpp;rosidl_typesupport_introspection_cpp
[0.396s] -- Found rmw_implementation_cmake: 6.1.2 (/opt/ros/humble/share/rmw_implementation_cmake/cmake)
[0.400s] -- Found rmw_fastrtps_cpp: 6.2.7 (/opt/ros/humble/share/rmw_fastrtps_cpp/cmake)
[0.548s] -- Using RMW implementation 'rmw_fastrtps_cpp' as default
[0.595s] -- Found gazebo_ros: 3.7.0 (/opt/ros/humble/share/gazebo_ros/cmake)
[0.630s] -- Found DART: /usr/include (Required is at least version "6.6") found components: dart 
[0.651s] -- Found Boost: /usr/lib/x86_64-linux-gnu/cmake/Boost-1.74.0/BoostConfig.cmake (found suitable version "1.74.0", minimum required is "1.40.0") found components: thread system filesystem program_options regex iostreams date_time 
[0.661s] -- Found Protobuf: /usr/lib/x86_64-linux-gnu/libprotobuf.so (found version "3.12.4") 
[0.663s] -- Looking for ignition-math6 -- found version 6.15.1
[0.667s] -- Searching for dependencies of ignition-math6
[0.668s] -- Looking for OGRE...
[0.675s] -- Found Ogre Ghadamon (1.9.0)
[0.675s] -- Found OGRE: optimized;/usr/lib/x86_64-linux-gnu/libOgreMain.so;debug;/usr/lib/x86_64-linux-gnu/libOgreMain.so
[0.684s] -- Looking for OGRE_Paging...
[0.684s] -- Found OGRE_Paging: optimized;/usr/lib/x86_64-linux-gnu/libOgrePaging.so;debug;/usr/lib/x86_64-linux-gnu/libOgrePaging.so
[0.685s] -- Looking for OGRE_Terrain...
[0.685s] -- Found OGRE_Terrain: optimized;/usr/lib/x86_64-linux-gnu/libOgreTerrain.so;debug;/usr/lib/x86_64-linux-gnu/libOgreTerrain.so
[0.685s] -- Looking for OGRE_Property...
[0.685s] -- Found OGRE_Property: optimized;/usr/lib/x86_64-linux-gnu/libOgreProperty.so;debug;/usr/lib/x86_64-linux-gnu/libOgreProperty.so
[0.685s] -- Looking for OGRE_RTShaderSystem...
[0.685s] -- Found OGRE_RTShaderSystem: optimized;/usr/lib/x86_64-linux-gnu/libOgreRTShaderSystem.so;debug;/usr/lib/x86_64-linux-gnu/libOgreRTShaderSystem.so
[0.685s] -- Looking for OGRE_Volume...
[0.685s] -- Found OGRE_Volume: optimized;/usr/lib/x86_64-linux-gnu/libOgreVolume.so;debug;/usr/lib/x86_64-linux-gnu/libOgreVolume.so
[0.685s] -- Looking for OGRE_Overlay...
[0.685s] -- Found OGRE_Overlay: optimized;/usr/lib/x86_64-linux-gnu/libOgreOverlay.so;debug;/usr/lib/x86_64-linux-gnu/libOgreOverlay.so
[1.002s] -- Looking for ignition-math6 -- found version 6.15.1
[1.002s] -- Looking for ignition-transport8 -- found version 8.2.1
[1.003s] -- Searching for dependencies of ignition-transport8
[1.032s] -- Found Protobuf: /usr/lib/x86_64-linux-gnu/libprotobuf.so (found suitable version "3.12.4", minimum required is "3") 
[1.052s] -- Config-file not installed for ZeroMQ -- checking for pkg-config
[1.058s] -- Checking for module 'libzmq >= 4'
[1.082s] --   Found libzmq , version 4.3.4
[1.150s] -- Checking for module 'uuid'
[1.174s] --   Found uuid, version 2.37.2
[1.229s] -- Looking for ignition-msgs5 -- found version 5.8.1
[1.230s] -- Searching for dependencies of ignition-msgs5
[1.263s] -- Looking for ignition-math6 -- found version 6.15.1
[1.270s] -- Checking for module 'tinyxml2'
[1.298s] --   Found tinyxml2, version 9.0.0
[1.364s] -- Looking for ignition-msgs5 -- found version 5.8.1
[1.365s] -- Looking for ignition-common3 -- found version 3.14.0
[1.365s] -- Searching for dependencies of ignition-common3
[1.365s] -- Looking for dlfcn.h - found
[1.365s] -- Looking for libdl - found
[1.382s] -- Searching for <ignition-common3> component [graphics]
[1.383s] -- Looking for ignition-common3-graphics -- found version 3.14.0
[1.383s] -- Searching for dependencies of ignition-common3-graphics
[1.384s] -- Looking for ignition-math6 -- found version 6.15.1
[1.385s] -- Looking for ignition-fuel_tools4 -- found version 4.4.0
[1.385s] -- Searching for dependencies of ignition-fuel_tools4
[1.447s] -- Checking for module 'jsoncpp'
[1.475s] --   Found jsoncpp, version 1.9.5
[1.544s] -- Checking for module 'libzip'
[1.573s] --   Found libzip, version 1.7.3
[1.634s] -- Looking for ignition-common3 -- found version 3.14.0
[1.634s] -- Looking for ignition-math6 -- found version 6.15.1
[1.634s] -- Looking for ignition-msgs5 -- found version 5.8.1
[1.636s] -- Gazebo version: 11.10
[1.637s] -- Found gazebo_ros2_control: 0.4.9 (/opt/ros/humble/share/gazebo_ros2_control/cmake)
[1.824s] -- Found gazebo_ros_pkgs: 3.7.0 (/opt/ros/humble/share/gazebo_ros_pkgs/cmake)
[1.825s] -- Found ros2_control: 2.43.0 (/opt/ros/humble/share/ros2_control/cmake)
[1.825s] -- Found ros2_controllers: 2.37.2 (/opt/ros/humble/share/ros2_controllers/cmake)
[1.825s] -- Found mycobot_gazebo: 0.0.0 (/home/ctaylor71023/ros2_ws/install/mycobot_gazebo/share/mycobot_gazebo/cmake)
[1.826s] -- Found xacro: 2.0.8 (/opt/ros/humble/share/xacro/cmake)
[1.826s] -- Found moveit: 2.5.5 (/home/ctaylor71023/ws_moveit/install/moveit/share/moveit/cmake)
[1.826s] -- Found moveit_core: 2.5.5 (/home/ctaylor71023/ws_moveit/install/moveit_core/share/moveit_core/cmake)
[1.834s] -- Found Boost: /usr/lib/x86_64-linux-gnu/cmake/Boost-1.74.0/BoostConfig.cmake (found version "1.74.0") found components: chrono date_time filesystem iostreams program_options regex serialization system thread 
[1.862s] -- Found parameter_traits: 0.3.8 (/opt/ros/humble/share/parameter_traits/cmake)
[1.874s] -- Found Boost: /usr/lib/x86_64-linux-gnu/cmake/Boost-1.74.0/BoostConfig.cmake (found version "1.74.0") found components: filesystem 
[1.921s] -- library: /usr/lib/x86_64-linux-gnu/libcurl.so
[1.962s] -- Ensuring Eigen3 include directory is part of orocos-kdl CMake target
[2.310s] -- Found ament_lint_auto: 0.12.11 (/opt/ros/humble/share/ament_lint_auto/cmake)
[2.389s] -- Added test 'cppcheck' to perform static code analysis on C / C++ code
[2.390s] -- Configured cppcheck include dirs: /home/ctaylor71023/ros2_ws/src/ctaylor319_capstone/robot_control/dependencies;/home/ctaylor71023/ros2_ws/src/ctaylor319_capstone/robot_control/include/robot_control
[2.390s] -- Configured cppcheck exclude dirs and/or files: 
[2.391s] -- Added test 'lint_cmake' to check CMake code style
[2.392s] -- Added test 'uncrustify' to check C / C++ code style
[2.392s] -- Configured uncrustify additional arguments: 
[2.392s] -- Added test 'xmllint' to check XML markup files
[2.393s] -- Configuring done
[2.502s] -- Generating done
[2.506s] -- Build files have been written to: /home/ctaylor71023/ros2_ws/src/ctaylor319_capstone/build/robot_control
[2.553s] [35m[1mConsolidate compiler generated dependencies of target publish_final_trajectory[0m
[2.554s] [35m[1mConsolidate compiler generated dependencies of target add_time_parameterization[0m
[2.587s] [100%] Built target add_time_parameterization
[2.587s] [100%] Built target publish_final_trajectory
[2.604s] Invoked command in '/home/ctaylor71023/ros2_ws/src/ctaylor319_capstone/build/robot_control' returned '0': CMAKE_PREFIX_PATH=${CMAKE_PREFIX_PATH}:/home/ctaylor71023/ws_moveit/install/moveit_configs_utils:/home/ctaylor71023/ws_moveit/install/launch_param_builder:/home/ctaylor71023/turtlebot3_ws/install/py_subpub:/home/ctaylor71023/turtlebot3_ws/install/Crossfire_object_follower:/home/ctaylor71023/turtlebot3_ws/install/Crossfire_navigate_to_goal:/home/ctaylor71023/turtlebot3_ws/install/Crossfire_lab6:/home/ctaylor71023/turtlebot3_ws/install/Crossfire_lab5:/home/ctaylor71023/turtlebot3_ws/install/Crossfire_chase_object:/home/ctaylor71023/turtlebot3_ws/src/install/py_subpub:/home/ctaylor71023/turtlebot3_ws/src/install/Lab2:/home/ctaylor71023/turtlebot3_ws/src/install/Crossfire_object_follower:/home/ctaylor71023/turtlebot3_ws/src/install/Crossfire_navigate_to_goal:/home/ctaylor71023/turtlebot3_ws/src/install/Crossfire_lab6:/home/ctaylor71023/turtlebot3_ws/src/install/Crossfire_lab5:/home/ctaylor71023/turtlebot3_ws/src/install/Crossfire_chase_object:/opt/ros/humble /usr/bin/cmake --build /home/ctaylor71023/ros2_ws/src/ctaylor319_capstone/build/robot_control -- -j8 -l8
[2.674s] Invoking command in '/home/ctaylor71023/ros2_ws/src/ctaylor319_capstone/build/robot_control': CMAKE_PREFIX_PATH=${CMAKE_PREFIX_PATH}:/home/ctaylor71023/ws_moveit/install/moveit_configs_utils:/home/ctaylor71023/ws_moveit/install/launch_param_builder:/home/ctaylor71023/turtlebot3_ws/install/py_subpub:/home/ctaylor71023/turtlebot3_ws/install/Crossfire_object_follower:/home/ctaylor71023/turtlebot3_ws/install/Crossfire_navigate_to_goal:/home/ctaylor71023/turtlebot3_ws/install/Crossfire_lab6:/home/ctaylor71023/turtlebot3_ws/install/Crossfire_lab5:/home/ctaylor71023/turtlebot3_ws/install/Crossfire_chase_object:/home/ctaylor71023/turtlebot3_ws/src/install/py_subpub:/home/ctaylor71023/turtlebot3_ws/src/install/Lab2:/home/ctaylor71023/turtlebot3_ws/src/install/Crossfire_object_follower:/home/ctaylor71023/turtlebot3_ws/src/install/Crossfire_navigate_to_goal:/home/ctaylor71023/turtlebot3_ws/src/install/Crossfire_lab6:/home/ctaylor71023/turtlebot3_ws/src/install/Crossfire_lab5:/home/ctaylor71023/turtlebot3_ws/src/install/Crossfire_chase_object:/opt/ros/humble /usr/bin/cmake --install /home/ctaylor71023/ros2_ws/src/ctaylor319_capstone/build/robot_control
[2.687s] -- Install configuration: ""
[2.687s] -- Up-to-date: /home/ctaylor71023/ros2_ws/src/ctaylor319_capstone/install/robot_control/share/ament_index/resource_index/package_run_dependencies/robot_control
[2.687s] -- Up-to-date: /home/ctaylor71023/ros2_ws/src/ctaylor319_capstone/install/robot_control/share/ament_index/resource_index/parent_prefix_path/robot_control
[2.687s] -- Up-to-date: /home/ctaylor71023/ros2_ws/src/ctaylor319_capstone/install/robot_control/share/robot_control/environment/ament_prefix_path.sh
[2.687s] -- Installing: /home/ctaylor71023/ros2_ws/src/ctaylor319_capstone/install/robot_control/share/robot_control/environment/ament_prefix_path.dsv
[2.687s] -- Up-to-date: /home/ctaylor71023/ros2_ws/src/ctaylor319_capstone/install/robot_control/share/robot_control/environment/path.sh
[2.688s] -- Installing: /home/ctaylor71023/ros2_ws/src/ctaylor319_capstone/install/robot_control/share/robot_control/environment/path.dsv
[2.688s] -- Up-to-date: /home/ctaylor71023/ros2_ws/src/ctaylor319_capstone/install/robot_control/share/robot_control/local_setup.bash
[2.688s] -- Up-to-date: /home/ctaylor71023/ros2_ws/src/ctaylor319_capstone/install/robot_control/share/robot_control/local_setup.sh
[2.688s] -- Up-to-date: /home/ctaylor71023/ros2_ws/src/ctaylor319_capstone/install/robot_control/share/robot_control/local_setup.zsh
[2.688s] -- Installing: /home/ctaylor71023/ros2_ws/src/ctaylor319_capstone/install/robot_control/share/robot_control/local_setup.dsv
[2.688s] -- Installing: /home/ctaylor71023/ros2_ws/src/ctaylor319_capstone/install/robot_control/share/robot_control/package.dsv
[2.688s] -- Up-to-date: /home/ctaylor71023/ros2_ws/src/ctaylor319_capstone/install/robot_control/share/ament_index/resource_index/packages/robot_control
[2.688s] -- Up-to-date: /home/ctaylor71023/ros2_ws/src/ctaylor319_capstone/install/robot_control/share/robot_control/cmake/robot_controlConfig.cmake
[2.688s] -- Up-to-date: /home/ctaylor71023/ros2_ws/src/ctaylor319_capstone/install/robot_control/share/robot_control/cmake/robot_controlConfig-version.cmake
[2.688s] -- Up-to-date: /home/ctaylor71023/ros2_ws/src/ctaylor319_capstone/install/robot_control/share/robot_control/package.xml
[2.691s] Invoked command in '/home/ctaylor71023/ros2_ws/src/ctaylor319_capstone/build/robot_control' returned '0': CMAKE_PREFIX_PATH=${CMAKE_PREFIX_PATH}:/home/ctaylor71023/ws_moveit/install/moveit_configs_utils:/home/ctaylor71023/ws_moveit/install/launch_param_builder:/home/ctaylor71023/turtlebot3_ws/install/py_subpub:/home/ctaylor71023/turtlebot3_ws/install/Crossfire_object_follower:/home/ctaylor71023/turtlebot3_ws/install/Crossfire_navigate_to_goal:/home/ctaylor71023/turtlebot3_ws/install/Crossfire_lab6:/home/ctaylor71023/turtlebot3_ws/install/Crossfire_lab5:/home/ctaylor71023/turtlebot3_ws/install/Crossfire_chase_object:/home/ctaylor71023/turtlebot3_ws/src/install/py_subpub:/home/ctaylor71023/turtlebot3_ws/src/install/Lab2:/home/ctaylor71023/turtlebot3_ws/src/install/Crossfire_object_follower:/home/ctaylor71023/turtlebot3_ws/src/install/Crossfire_navigate_to_goal:/home/ctaylor71023/turtlebot3_ws/src/install/Crossfire_lab6:/home/ctaylor71023/turtlebot3_ws/src/install/Crossfire_lab5:/home/ctaylor71023/turtlebot3_ws/src/install/Crossfire_chase_object:/opt/ros/humble /usr/bin/cmake --install /home/ctaylor71023/ros2_ws/src/ctaylor319_capstone/build/robot_control
