[0.035s] Invoking command in '/home/ctaylor71023/ros2_ws/src/ctaylor319_capstone/build/robot_control': CMAKE_PREFIX_PATH=${CMAKE_PREFIX_PATH}:/home/ctaylor71023/ws_moveit/install/moveit_configs_utils:/home/ctaylor71023/ws_moveit/install/launch_param_builder:/home/ctaylor71023/turtlebot3_ws/install/py_subpub:/home/ctaylor71023/turtlebot3_ws/install/Crossfire_object_follower:/home/ctaylor71023/turtlebot3_ws/install/Crossfire_navigate_to_goal:/home/ctaylor71023/turtlebot3_ws/install/Crossfire_lab6:/home/ctaylor71023/turtlebot3_ws/install/Crossfire_lab5:/home/ctaylor71023/turtlebot3_ws/install/Crossfire_chase_object:/home/ctaylor71023/turtlebot3_ws/src/install/py_subpub:/home/ctaylor71023/turtlebot3_ws/src/install/Lab2:/home/ctaylor71023/turtlebot3_ws/src/install/Crossfire_object_follower:/home/ctaylor71023/turtlebot3_ws/src/install/Crossfire_navigate_to_goal:/home/ctaylor71023/turtlebot3_ws/src/install/Crossfire_lab6:/home/ctaylor71023/turtlebot3_ws/src/install/Crossfire_lab5:/home/ctaylor71023/turtlebot3_ws/src/install/Crossfire_chase_object:/opt/ros/humble /usr/bin/cmake --build /home/ctaylor71023/ros2_ws/src/ctaylor319_capstone/build/robot_control -- -j8 -l8
[0.081s] -- Found ament_cmake: 1.3.10 (/opt/ros/humble/share/ament_cmake/cmake)
[0.285s] -- Found rclcpp: 16.0.10 (/opt/ros/humble/share/rclcpp/cmake)
[0.322s] -- Found rosidl_generator_c: 3.1.5 (/opt/ros/humble/share/rosidl_generator_c/cmake)
[0.325s] -- Found rosidl_adapter: 3.1.5 (/opt/ros/humble/share/rosidl_adapter/cmake)
[0.331s] -- Found rosidl_generator_cpp: 3.1.5 (/opt/ros/humble/share/rosidl_generator_cpp/cmake)
[0.344s] -- Using all available rosidl_typesupport_c: rosidl_typesupport_fastrtps_c;rosidl_typesupport_introspection_c
[0.360s] -- Using all available rosidl_typesupport_cpp: rosidl_typesupport_fastrtps_cpp;rosidl_typesupport_introspection_cpp
[0.397s] -- Found rmw_implementation_cmake: 6.1.2 (/opt/ros/humble/share/rmw_implementation_cmake/cmake)
[0.402s] -- Found rmw_fastrtps_cpp: 6.2.7 (/opt/ros/humble/share/rmw_fastrtps_cpp/cmake)
[0.557s] -- Using RMW implementation 'rmw_fastrtps_cpp' as default
[0.606s] -- Found gazebo_ros: 3.7.0 (/opt/ros/humble/share/gazebo_ros/cmake)
[0.642s] -- Found DART: /usr/include (Required is at least version "6.6") found components: dart 
[0.663s] -- Found Boost: /usr/lib/x86_64-linux-gnu/cmake/Boost-1.74.0/BoostConfig.cmake (found suitable version "1.74.0", minimum required is "1.40.0") found components: thread system filesystem program_options regex iostreams date_time 
[0.673s] -- Found Protobuf: /usr/lib/x86_64-linux-gnu/libprotobuf.so (found version "3.12.4") 
[0.676s] -- Looking for ignition-math6 -- found version 6.15.1
[0.680s] -- Searching for dependencies of ignition-math6
[0.682s] -- Looking for OGRE...
[0.690s] -- Found Ogre Ghadamon (1.9.0)
[0.690s] -- Found OGRE: optimized;/usr/lib/x86_64-linux-gnu/libOgreMain.so;debug;/usr/lib/x86_64-linux-gnu/libOgreMain.so
[0.700s] -- Looking for OGRE_Paging...
[0.700s] -- Found OGRE_Paging: optimized;/usr/lib/x86_64-linux-gnu/libOgrePaging.so;debug;/usr/lib/x86_64-linux-gnu/libOgrePaging.so
[0.700s] -- Looking for OGRE_Terrain...
[0.700s] -- Found OGRE_Terrain: optimized;/usr/lib/x86_64-linux-gnu/libOgreTerrain.so;debug;/usr/lib/x86_64-linux-gnu/libOgreTerrain.so
[0.700s] -- Looking for OGRE_Property...
[0.700s] -- Found OGRE_Property: optimized;/usr/lib/x86_64-linux-gnu/libOgreProperty.so;debug;/usr/lib/x86_64-linux-gnu/libOgreProperty.so
[0.701s] -- Looking for OGRE_RTShaderSystem...
[0.701s] -- Found OGRE_RTShaderSystem: optimized;/usr/lib/x86_64-linux-gnu/libOgreRTShaderSystem.so;debug;/usr/lib/x86_64-linux-gnu/libOgreRTShaderSystem.so
[0.701s] -- Looking for OGRE_Volume...
[0.701s] -- Found OGRE_Volume: optimized;/usr/lib/x86_64-linux-gnu/libOgreVolume.so;debug;/usr/lib/x86_64-linux-gnu/libOgreVolume.so
[0.701s] -- Looking for OGRE_Overlay...
[0.701s] -- Found OGRE_Overlay: optimized;/usr/lib/x86_64-linux-gnu/libOgreOverlay.so;debug;/usr/lib/x86_64-linux-gnu/libOgreOverlay.so
[1.057s] -- Looking for ignition-math6 -- found version 6.15.1
[1.057s] -- Looking for ignition-transport8 -- found version 8.2.1
[1.058s] -- Searching for dependencies of ignition-transport8
[1.087s] -- Found Protobuf: /usr/lib/x86_64-linux-gnu/libprotobuf.so (found suitable version "3.12.4", minimum required is "3") 
[1.109s] -- Config-file not installed for ZeroMQ -- checking for pkg-config
[1.117s] -- Checking for module 'libzmq >= 4'
[1.143s] --   Found libzmq , version 4.3.4
[1.216s] -- Checking for module 'uuid'
[1.243s] --   Found uuid, version 2.37.2
[1.300s] -- Looking for ignition-msgs5 -- found version 5.8.1
[1.300s] -- Searching for dependencies of ignition-msgs5
[1.337s] -- Looking for ignition-math6 -- found version 6.15.1
[1.344s] -- Checking for module 'tinyxml2'
[1.370s] --   Found tinyxml2, version 9.0.0
[1.431s] -- Looking for ignition-msgs5 -- found version 5.8.1
[1.431s] -- Looking for ignition-common3 -- found version 3.14.0
[1.432s] -- Searching for dependencies of ignition-common3
[1.432s] -- Looking for dlfcn.h - found
[1.433s] -- Looking for libdl - found
[1.451s] -- Searching for <ignition-common3> component [graphics]
[1.452s] -- Looking for ignition-common3-graphics -- found version 3.14.0
[1.453s] -- Searching for dependencies of ignition-common3-graphics
[1.453s] -- Looking for ignition-math6 -- found version 6.15.1
[1.455s] -- Looking for ignition-fuel_tools4 -- found version 4.4.0
[1.455s] -- Searching for dependencies of ignition-fuel_tools4
[1.526s] -- Checking for module 'jsoncpp'
[1.558s] --   Found jsoncpp, version 1.9.5
[1.636s] -- Checking for module 'libzip'
[1.668s] --   Found libzip, version 1.7.3
[1.737s] -- Looking for ignition-common3 -- found version 3.14.0
[1.737s] -- Looking for ignition-math6 -- found version 6.15.1
[1.738s] -- Looking for ignition-msgs5 -- found version 5.8.1
[1.740s] -- Gazebo version: 11.10
[1.756s] -- Found gazebo_ros2_control: 0.4.9 (/opt/ros/humble/share/gazebo_ros2_control/cmake)
[2.084s] -- Found gazebo_ros_pkgs: 3.7.0 (/opt/ros/humble/share/gazebo_ros_pkgs/cmake)
[2.084s] -- Found ros2_control: 2.43.0 (/opt/ros/humble/share/ros2_control/cmake)
[2.085s] -- Found ros2_controllers: 2.37.2 (/opt/ros/humble/share/ros2_controllers/cmake)
[2.092s] -- Found mycobot_gazebo: 0.0.0 (/home/ctaylor71023/ros2_ws/install/mycobot_gazebo/share/mycobot_gazebo/cmake)
[2.104s] -- Found xacro: 2.0.8 (/opt/ros/humble/share/xacro/cmake)
[2.105s] -- Found moveit: 2.5.5 (/home/ctaylor71023/ws_moveit/install/moveit/share/moveit/cmake)
[2.105s] -- Found moveit_core: 2.5.5 (/home/ctaylor71023/ws_moveit/install/moveit_core/share/moveit_core/cmake)
[2.115s] -- Found Boost: /usr/lib/x86_64-linux-gnu/cmake/Boost-1.74.0/BoostConfig.cmake (found version "1.74.0") found components: chrono date_time filesystem iostreams program_options regex serialization system thread 
[2.151s] -- Found parameter_traits: 0.3.8 (/opt/ros/humble/share/parameter_traits/cmake)
[2.166s] -- Found Boost: /usr/lib/x86_64-linux-gnu/cmake/Boost-1.74.0/BoostConfig.cmake (found version "1.74.0") found components: filesystem 
[2.219s] -- library: /usr/lib/x86_64-linux-gnu/libcurl.so
[2.267s] -- Ensuring Eigen3 include directory is part of orocos-kdl CMake target
[2.656s] -- Found ament_lint_auto: 0.12.11 (/opt/ros/humble/share/ament_lint_auto/cmake)
[2.736s] [31mCMake Error at /opt/ros/humble/share/ament_cmake_core/cmake/core/ament_package_xml.cmake:53 (message):
[2.736s]   ament_package_xml() package name 'robot_control' in '/package.xml' does not
[2.736s]   match current PROJECT_NAME 'env_construction'.  You must call project()
[2.736s]   with the same package name before.
[2.736s] Call Stack (most recent call first):
[2.736s]   /opt/ros/humble/share/ament_lint_auto/cmake/ament_lint_auto_find_test_dependencies.cmake:31 (ament_package_xml)
[2.736s]   CMakeLists.txt:60 (ament_lint_auto_find_test_dependencies)
[2.736s] 
[2.736s] [0m
[2.736s] -- Configuring incomplete, errors occurred!
[2.736s] See also "/home/ctaylor71023/ros2_ws/src/ctaylor319_capstone/build/robot_control/CMakeFiles/CMakeOutput.log".
[2.754s] gmake: *** [Makefile:226: cmake_check_build_system] Error 1
[2.756s] Invoked command in '/home/ctaylor71023/ros2_ws/src/ctaylor319_capstone/build/robot_control' returned '2': CMAKE_PREFIX_PATH=${CMAKE_PREFIX_PATH}:/home/ctaylor71023/ws_moveit/install/moveit_configs_utils:/home/ctaylor71023/ws_moveit/install/launch_param_builder:/home/ctaylor71023/turtlebot3_ws/install/py_subpub:/home/ctaylor71023/turtlebot3_ws/install/Crossfire_object_follower:/home/ctaylor71023/turtlebot3_ws/install/Crossfire_navigate_to_goal:/home/ctaylor71023/turtlebot3_ws/install/Crossfire_lab6:/home/ctaylor71023/turtlebot3_ws/install/Crossfire_lab5:/home/ctaylor71023/turtlebot3_ws/install/Crossfire_chase_object:/home/ctaylor71023/turtlebot3_ws/src/install/py_subpub:/home/ctaylor71023/turtlebot3_ws/src/install/Lab2:/home/ctaylor71023/turtlebot3_ws/src/install/Crossfire_object_follower:/home/ctaylor71023/turtlebot3_ws/src/install/Crossfire_navigate_to_goal:/home/ctaylor71023/turtlebot3_ws/src/install/Crossfire_lab6:/home/ctaylor71023/turtlebot3_ws/src/install/Crossfire_lab5:/home/ctaylor71023/turtlebot3_ws/src/install/Crossfire_chase_object:/opt/ros/humble /usr/bin/cmake --build /home/ctaylor71023/ros2_ws/src/ctaylor319_capstone/build/robot_control -- -j8 -l8
