-- Found ament_cmake: 1.3.10 (/opt/ros/humble/share/ament_cmake/cmake)
-- Override CMake install command with custom implementation using symlinks instead of copying resources
-- Configuring done
-- Generating done
-- Build files have been written to: /home/ctaylor71023/ros2_ws/src/ctaylor319_capstone/build/perception_pcl
-- Install configuration: ""
-- Execute custom install script
-- Up-to-date symlink: /home/ctaylor71023/ros2_ws/src/ctaylor319_capstone/install/perception_pcl/share/ament_index/resource_index/package_run_dependencies/perception_pcl
-- Up-to-date symlink: /home/ctaylor71023/ros2_ws/src/ctaylor319_capstone/install/perception_pcl/share/ament_index/resource_index/parent_prefix_path/perception_pcl
-- Up-to-date symlink: /home/ctaylor71023/ros2_ws/src/ctaylor319_capstone/install/perception_pcl/share/perception_pcl/environment/ament_prefix_path.sh
-- Up-to-date symlink: /home/ctaylor71023/ros2_ws/src/ctaylor319_capstone/install/perception_pcl/share/perception_pcl/environment/ament_prefix_path.dsv
-- Up-to-date symlink: /home/ctaylor71023/ros2_ws/src/ctaylor319_capstone/install/perception_pcl/share/perception_pcl/environment/path.sh
-- Up-to-date symlink: /home/ctaylor71023/ros2_ws/src/ctaylor319_capstone/install/perception_pcl/share/perception_pcl/environment/path.dsv
-- Up-to-date symlink: /home/ctaylor71023/ros2_ws/src/ctaylor319_capstone/install/perception_pcl/share/perception_pcl/local_setup.bash
-- Up-to-date symlink: /home/ctaylor71023/ros2_ws/src/ctaylor319_capstone/install/perception_pcl/share/perception_pcl/local_setup.sh
-- Up-to-date symlink: /home/ctaylor71023/ros2_ws/src/ctaylor319_capstone/install/perception_pcl/share/perception_pcl/local_setup.zsh
-- Up-to-date symlink: /home/ctaylor71023/ros2_ws/src/ctaylor319_capstone/install/perception_pcl/share/perception_pcl/local_setup.dsv
-- Symlinking: /home/ctaylor71023/ros2_ws/src/ctaylor319_capstone/install/perception_pcl/share/perception_pcl/package.dsv
-- Up-to-date symlink: /home/ctaylor71023/ros2_ws/src/ctaylor319_capstone/install/perception_pcl/share/ament_index/resource_index/packages/perception_pcl
-- Up-to-date symlink: /home/ctaylor71023/ros2_ws/src/ctaylor319_capstone/install/perception_pcl/share/perception_pcl/cmake/perception_pclConfig.cmake
-- Up-to-date symlink: /home/ctaylor71023/ros2_ws/src/ctaylor319_capstone/install/perception_pcl/share/perception_pcl/cmake/perception_pclConfig-version.cmake
-- Up-to-date symlink: /home/ctaylor71023/ros2_ws/src/ctaylor319_capstone/install/perception_pcl/share/perception_pcl/package.xml
