[0.028s] Invoking command in '/home/ctaylor71023/ros2_ws/src/ctaylor319_capstone/build/robot_control': CMAKE_PREFIX_PATH=${CMAKE_PREFIX_PATH}:/home/ctaylor71023/ws_moveit/install/moveit_configs_utils:/home/ctaylor71023/ws_moveit/install/launch_param_builder:/home/ctaylor71023/turtlebot3_ws/install/py_subpub:/home/ctaylor71023/turtlebot3_ws/install/Crossfire_object_follower:/home/ctaylor71023/turtlebot3_ws/install/Crossfire_navigate_to_goal:/home/ctaylor71023/turtlebot3_ws/install/Crossfire_lab6:/home/ctaylor71023/turtlebot3_ws/install/Crossfire_lab5:/home/ctaylor71023/turtlebot3_ws/install/Crossfire_chase_object:/home/ctaylor71023/turtlebot3_ws/src/install/py_subpub:/home/ctaylor71023/turtlebot3_ws/src/install/Lab2:/home/ctaylor71023/turtlebot3_ws/src/install/Crossfire_object_follower:/home/ctaylor71023/turtlebot3_ws/src/install/Crossfire_navigate_to_goal:/home/ctaylor71023/turtlebot3_ws/src/install/Crossfire_lab6:/home/ctaylor71023/turtlebot3_ws/src/install/Crossfire_lab5:/home/ctaylor71023/turtlebot3_ws/src/install/Crossfire_chase_object:/opt/ros/humble /usr/bin/cmake --build /home/ctaylor71023/ros2_ws/src/ctaylor319_capstone/build/robot_control -- -j8 -l8
[0.072s] -- Found ament_cmake: 1.3.10 (/opt/ros/humble/share/ament_cmake/cmake)
[0.273s] -- Found rclcpp: 16.0.10 (/opt/ros/humble/share/rclcpp/cmake)
[0.309s] -- Found rosidl_generator_c: 3.1.5 (/opt/ros/humble/share/rosidl_generator_c/cmake)
[0.312s] -- Found rosidl_adapter: 3.1.5 (/opt/ros/humble/share/rosidl_adapter/cmake)
[0.320s] -- Found rosidl_generator_cpp: 3.1.5 (/opt/ros/humble/share/rosidl_generator_cpp/cmake)
[0.332s] -- Using all available rosidl_typesupport_c: rosidl_typesupport_fastrtps_c;rosidl_typesupport_introspection_c
[0.351s] -- Using all available rosidl_typesupport_cpp: rosidl_typesupport_fastrtps_cpp;rosidl_typesupport_introspection_cpp
[0.388s] -- Found rmw_implementation_cmake: 6.1.2 (/opt/ros/humble/share/rmw_implementation_cmake/cmake)
[0.392s] -- Found rmw_fastrtps_cpp: 6.2.7 (/opt/ros/humble/share/rmw_fastrtps_cpp/cmake)
[0.540s] -- Using RMW implementation 'rmw_fastrtps_cpp' as default
[0.586s] -- Found gazebo_ros: 3.7.0 (/opt/ros/humble/share/gazebo_ros/cmake)
[0.621s] -- Found DART: /usr/include (Required is at least version "6.6") found components: dart 
[0.639s] -- Found Boost: /usr/lib/x86_64-linux-gnu/cmake/Boost-1.74.0/BoostConfig.cmake (found suitable version "1.74.0", minimum required is "1.40.0") found components: thread system filesystem program_options regex iostreams date_time 
[0.649s] -- Found Protobuf: /usr/lib/x86_64-linux-gnu/libprotobuf.so (found version "3.12.4") 
[0.651s] -- Looking for ignition-math6 -- found version 6.15.1
[0.655s] -- Searching for dependencies of ignition-math6
[0.656s] -- Looking for OGRE...
[0.663s] -- Found Ogre Ghadamon (1.9.0)
[0.663s] -- Found OGRE: optimized;/usr/lib/x86_64-linux-gnu/libOgreMain.so;debug;/usr/lib/x86_64-linux-gnu/libOgreMain.so
[0.672s] -- Looking for OGRE_Paging...
[0.672s] -- Found OGRE_Paging: optimized;/usr/lib/x86_64-linux-gnu/libOgrePaging.so;debug;/usr/lib/x86_64-linux-gnu/libOgrePaging.so
[0.672s] -- Looking for OGRE_Terrain...
[0.672s] -- Found OGRE_Terrain: optimized;/usr/lib/x86_64-linux-gnu/libOgreTerrain.so;debug;/usr/lib/x86_64-linux-gnu/libOgreTerrain.so
[0.672s] -- Looking for OGRE_Property...
[0.672s] -- Found OGRE_Property: optimized;/usr/lib/x86_64-linux-gnu/libOgreProperty.so;debug;/usr/lib/x86_64-linux-gnu/libOgreProperty.so
[0.673s] -- Looking for OGRE_RTShaderSystem...
[0.673s] -- Found OGRE_RTShaderSystem: optimized;/usr/lib/x86_64-linux-gnu/libOgreRTShaderSystem.so;debug;/usr/lib/x86_64-linux-gnu/libOgreRTShaderSystem.so
[0.673s] -- Looking for OGRE_Volume...
[0.673s] -- Found OGRE_Volume: optimized;/usr/lib/x86_64-linux-gnu/libOgreVolume.so;debug;/usr/lib/x86_64-linux-gnu/libOgreVolume.so
[0.673s] -- Looking for OGRE_Overlay...
[0.673s] -- Found OGRE_Overlay: optimized;/usr/lib/x86_64-linux-gnu/libOgreOverlay.so;debug;/usr/lib/x86_64-linux-gnu/libOgreOverlay.so
[0.988s] -- Looking for ignition-math6 -- found version 6.15.1
[0.988s] -- Looking for ignition-transport8 -- found version 8.2.1
[0.989s] -- Searching for dependencies of ignition-transport8
[1.018s] -- Found Protobuf: /usr/lib/x86_64-linux-gnu/libprotobuf.so (found suitable version "3.12.4", minimum required is "3") 
[1.038s] -- Config-file not installed for ZeroMQ -- checking for pkg-config
[1.044s] -- Checking for module 'libzmq >= 4'
[1.066s] --   Found libzmq , version 4.3.4
[1.129s] -- Checking for module 'uuid'
[1.155s] --   Found uuid, version 2.37.2
[1.215s] -- Looking for ignition-msgs5 -- found version 5.8.1
[1.216s] -- Searching for dependencies of ignition-msgs5
[1.249s] -- Looking for ignition-math6 -- found version 6.15.1
[1.255s] -- Checking for module 'tinyxml2'
[1.277s] --   Found tinyxml2, version 9.0.0
[1.327s] -- Looking for ignition-msgs5 -- found version 5.8.1
[1.328s] -- Looking for ignition-common3 -- found version 3.14.0
[1.328s] -- Searching for dependencies of ignition-common3
[1.329s] -- Looking for dlfcn.h - found
[1.329s] -- Looking for libdl - found
[1.341s] -- Searching for <ignition-common3> component [graphics]
[1.342s] -- Looking for ignition-common3-graphics -- found version 3.14.0
[1.342s] -- Searching for dependencies of ignition-common3-graphics
[1.343s] -- Looking for ignition-math6 -- found version 6.15.1
[1.344s] -- Looking for ignition-fuel_tools4 -- found version 4.4.0
[1.344s] -- Searching for dependencies of ignition-fuel_tools4
[1.400s] -- Checking for module 'jsoncpp'
[1.425s] --   Found jsoncpp, version 1.9.5
[1.480s] -- Checking for module 'libzip'
[1.505s] --   Found libzip, version 1.7.3
[1.562s] -- Looking for ignition-common3 -- found version 3.14.0
[1.562s] -- Looking for ignition-math6 -- found version 6.15.1
[1.563s] -- Looking for ignition-msgs5 -- found version 5.8.1
[1.564s] -- Gazebo version: 11.10
[1.565s] -- Found gazebo_ros2_control: 0.4.9 (/opt/ros/humble/share/gazebo_ros2_control/cmake)
[1.751s] -- Found gazebo_ros_pkgs: 3.7.0 (/opt/ros/humble/share/gazebo_ros_pkgs/cmake)
[1.751s] -- Found ros2_control: 2.43.0 (/opt/ros/humble/share/ros2_control/cmake)
[1.751s] -- Found ros2_controllers: 2.37.2 (/opt/ros/humble/share/ros2_controllers/cmake)
[1.752s] -- Found mycobot_gazebo: 0.0.0 (/home/ctaylor71023/ros2_ws/install/mycobot_gazebo/share/mycobot_gazebo/cmake)
[1.752s] -- Found xacro: 2.0.8 (/opt/ros/humble/share/xacro/cmake)
[1.753s] -- Found moveit: 2.5.5 (/home/ctaylor71023/ws_moveit/install/moveit/share/moveit/cmake)
[1.753s] -- Found moveit_core: 2.5.5 (/home/ctaylor71023/ws_moveit/install/moveit_core/share/moveit_core/cmake)
[1.761s] -- Found Boost: /usr/lib/x86_64-linux-gnu/cmake/Boost-1.74.0/BoostConfig.cmake (found version "1.74.0") found components: chrono date_time filesystem iostreams program_options regex serialization system thread 
[1.788s] -- Found parameter_traits: 0.3.8 (/opt/ros/humble/share/parameter_traits/cmake)
[1.802s] -- Found Boost: /usr/lib/x86_64-linux-gnu/cmake/Boost-1.74.0/BoostConfig.cmake (found version "1.74.0") found components: filesystem 
[1.846s] -- library: /usr/lib/x86_64-linux-gnu/libcurl.so
[1.886s] -- Ensuring Eigen3 include directory is part of orocos-kdl CMake target
[2.050s] [31mCMake Error at CMakeLists.txt:22 (find_package):
[2.050s]   By not providing "Findoctomap_server.cmake" in CMAKE_MODULE_PATH this
[2.050s]   project has asked CMake to find a package configuration file provided by
[2.050s]   "octomap_server", but CMake did not find one.
[2.050s] 
[2.050s]   Could not find a package configuration file provided by "octomap_server"
[2.050s]   with any of the following names:
[2.050s] 
[2.050s]     octomap_serverConfig.cmake
[2.050s]     octomap_server-config.cmake
[2.050s] 
[2.050s]   Add the installation prefix of "octomap_server" to CMAKE_PREFIX_PATH or set
[2.050s]   "octomap_server_DIR" to a directory containing one of the above files.  If
[2.051s]   "octomap_server" provides a separate development package or SDK, be sure it
[2.051s]   has been installed.
[2.051s] 
[2.051s] [0m
[2.051s] -- Configuring incomplete, errors occurred!
[2.051s] See also "/home/ctaylor71023/ros2_ws/src/ctaylor319_capstone/build/robot_control/CMakeFiles/CMakeOutput.log".
[2.067s] gmake: *** [Makefile:308: cmake_check_build_system] Error 1
[2.069s] Invoked command in '/home/ctaylor71023/ros2_ws/src/ctaylor319_capstone/build/robot_control' returned '2': CMAKE_PREFIX_PATH=${CMAKE_PREFIX_PATH}:/home/ctaylor71023/ws_moveit/install/moveit_configs_utils:/home/ctaylor71023/ws_moveit/install/launch_param_builder:/home/ctaylor71023/turtlebot3_ws/install/py_subpub:/home/ctaylor71023/turtlebot3_ws/install/Crossfire_object_follower:/home/ctaylor71023/turtlebot3_ws/install/Crossfire_navigate_to_goal:/home/ctaylor71023/turtlebot3_ws/install/Crossfire_lab6:/home/ctaylor71023/turtlebot3_ws/install/Crossfire_lab5:/home/ctaylor71023/turtlebot3_ws/install/Crossfire_chase_object:/home/ctaylor71023/turtlebot3_ws/src/install/py_subpub:/home/ctaylor71023/turtlebot3_ws/src/install/Lab2:/home/ctaylor71023/turtlebot3_ws/src/install/Crossfire_object_follower:/home/ctaylor71023/turtlebot3_ws/src/install/Crossfire_navigate_to_goal:/home/ctaylor71023/turtlebot3_ws/src/install/Crossfire_lab6:/home/ctaylor71023/turtlebot3_ws/src/install/Crossfire_lab5:/home/ctaylor71023/turtlebot3_ws/src/install/Crossfire_chase_object:/opt/ros/humble /usr/bin/cmake --build /home/ctaylor71023/ros2_ws/src/ctaylor319_capstone/build/robot_control -- -j8 -l8
