[0.065s] Invoking command in '/home/ctaylor71023/ros2_ws/src/ctaylor319_capstone/build/pcl_msgs': CMAKE_PREFIX_PATH=${CMAKE_PREFIX_PATH}:/home/ctaylor71023/ws_moveit/install/moveit_configs_utils:/home/ctaylor71023/ws_moveit/install/launch_param_builder:/home/ctaylor71023/turtlebot3_ws/install/py_subpub:/home/ctaylor71023/turtlebot3_ws/install/Crossfire_object_follower:/home/ctaylor71023/turtlebot3_ws/install/Crossfire_navigate_to_goal:/home/ctaylor71023/turtlebot3_ws/install/Crossfire_lab6:/home/ctaylor71023/turtlebot3_ws/install/Crossfire_lab5:/home/ctaylor71023/turtlebot3_ws/install/Crossfire_chase_object:/home/ctaylor71023/turtlebot3_ws/src/install/py_subpub:/home/ctaylor71023/turtlebot3_ws/src/install/Lab2:/home/ctaylor71023/turtlebot3_ws/src/install/Crossfire_object_follower:/home/ctaylor71023/turtlebot3_ws/src/install/Crossfire_navigate_to_goal:/home/ctaylor71023/turtlebot3_ws/src/install/Crossfire_lab6:/home/ctaylor71023/turtlebot3_ws/src/install/Crossfire_lab5:/home/ctaylor71023/turtlebot3_ws/src/install/Crossfire_chase_object:/opt/ros/humble /usr/bin/cmake /home/ctaylor71023/ros2_ws/src/ctaylor319_capstone/pcl_msgs -DCMAKE_INSTALL_PREFIX=/home/ctaylor71023/ros2_ws/src/ctaylor319_capstone/install/pcl_msgs
[0.180s] -- The C compiler identification is GNU 11.4.0
[0.292s] -- The CXX compiler identification is GNU 11.4.0
[0.303s] -- Detecting C compiler ABI info
[0.443s] -- Detecting C compiler ABI info - done
[0.455s] -- Check for working C compiler: /usr/bin/cc - skipped
[0.456s] -- Detecting C compile features
[0.456s] -- Detecting C compile features - done
[0.460s] -- Detecting CXX compiler ABI info
[0.588s] -- Detecting CXX compiler ABI info - done
[0.602s] -- Check for working CXX compiler: /usr/bin/c++ - skipped
[0.603s] -- Detecting CXX compile features
[0.604s] -- Detecting CXX compile features - done
[0.619s] -- Found ament_cmake: 1.3.10 (/opt/ros/humble/share/ament_cmake/cmake)
[0.874s] -- Found Python3: /usr/bin/python3 (found version "3.10.12") found components: Interpreter 
[1.116s] -- Found rosidl_default_generators: 1.2.0 (/opt/ros/humble/share/rosidl_default_generators/cmake)
[1.144s] -- Using all available rosidl_typesupport_c: rosidl_typesupport_fastrtps_c;rosidl_typesupport_introspection_c
[1.177s] -- Found rosidl_adapter: 3.1.5 (/opt/ros/humble/share/rosidl_adapter/cmake)
[1.303s] -- Using all available rosidl_typesupport_cpp: rosidl_typesupport_fastrtps_cpp;rosidl_typesupport_introspection_cpp
[1.400s] -- Found sensor_msgs: 4.2.4 (/opt/ros/humble/share/sensor_msgs/cmake)
[1.920s] -- Found ament_cmake_cppcheck: 0.12.11 (/opt/ros/humble/share/ament_cmake_cppcheck/cmake)
[1.935s] -- Found ament_cmake_cpplint: 0.12.11 (/opt/ros/humble/share/ament_cmake_cpplint/cmake)
[1.953s] -- Found ament_cmake_uncrustify: 0.12.11 (/opt/ros/humble/share/ament_cmake_uncrustify/cmake)
[1.966s] -- Found ament_cmake_ros: 0.10.0 (/opt/ros/humble/share/ament_cmake_ros/cmake)
[2.485s] -- Using all available rosidl_typesupport_c: rosidl_typesupport_fastrtps_c;rosidl_typesupport_introspection_c
[3.044s] -- Using all available rosidl_typesupport_cpp: rosidl_typesupport_fastrtps_cpp;rosidl_typesupport_introspection_cpp
[3.088s] -- Found PythonInterp: /usr/bin/python3 (found suitable version "3.10.12", minimum required is "3.6") 
[3.101s] -- Found python_cmake_module: 0.10.0 (/opt/ros/humble/share/python_cmake_module/cmake)
[3.152s] -- Found PythonLibs: /usr/lib/x86_64-linux-gnu/libpython3.10.so (found suitable version "3.10.12", minimum required is "3.5") 
[3.153s] -- Using PYTHON_EXECUTABLE: /usr/bin/python3
[3.153s] -- Using PYTHON_INCLUDE_DIRS: /usr/include/python3.10
[3.153s] -- Using PYTHON_LIBRARIES: /usr/lib/x86_64-linux-gnu/libpython3.10.so
[3.192s] -- Found PythonExtra: .so  
[3.398s] -- Found ament_cmake_flake8: 0.12.11 (/opt/ros/humble/share/ament_cmake_flake8/cmake)
[3.412s] -- Found ament_cmake_pep257: 0.12.11 (/opt/ros/humble/share/ament_cmake_pep257/cmake)
[3.421s] -- Configuring done
[3.470s] -- Generating done
[3.473s] -- Build files have been written to: /home/ctaylor71023/ros2_ws/src/ctaylor319_capstone/build/pcl_msgs
[3.483s] Invoked command in '/home/ctaylor71023/ros2_ws/src/ctaylor319_capstone/build/pcl_msgs' returned '0': CMAKE_PREFIX_PATH=${CMAKE_PREFIX_PATH}:/home/ctaylor71023/ws_moveit/install/moveit_configs_utils:/home/ctaylor71023/ws_moveit/install/launch_param_builder:/home/ctaylor71023/turtlebot3_ws/install/py_subpub:/home/ctaylor71023/turtlebot3_ws/install/Crossfire_object_follower:/home/ctaylor71023/turtlebot3_ws/install/Crossfire_navigate_to_goal:/home/ctaylor71023/turtlebot3_ws/install/Crossfire_lab6:/home/ctaylor71023/turtlebot3_ws/install/Crossfire_lab5:/home/ctaylor71023/turtlebot3_ws/install/Crossfire_chase_object:/home/ctaylor71023/turtlebot3_ws/src/install/py_subpub:/home/ctaylor71023/turtlebot3_ws/src/install/Lab2:/home/ctaylor71023/turtlebot3_ws/src/install/Crossfire_object_follower:/home/ctaylor71023/turtlebot3_ws/src/install/Crossfire_navigate_to_goal:/home/ctaylor71023/turtlebot3_ws/src/install/Crossfire_lab6:/home/ctaylor71023/turtlebot3_ws/src/install/Crossfire_lab5:/home/ctaylor71023/turtlebot3_ws/src/install/Crossfire_chase_object:/opt/ros/humble /usr/bin/cmake /home/ctaylor71023/ros2_ws/src/ctaylor319_capstone/pcl_msgs -DCMAKE_INSTALL_PREFIX=/home/ctaylor71023/ros2_ws/src/ctaylor319_capstone/install/pcl_msgs
[3.485s] Invoking command in '/home/ctaylor71023/ros2_ws/src/ctaylor319_capstone/build/pcl_msgs': CMAKE_PREFIX_PATH=${CMAKE_PREFIX_PATH}:/home/ctaylor71023/ws_moveit/install/moveit_configs_utils:/home/ctaylor71023/ws_moveit/install/launch_param_builder:/home/ctaylor71023/turtlebot3_ws/install/py_subpub:/home/ctaylor71023/turtlebot3_ws/install/Crossfire_object_follower:/home/ctaylor71023/turtlebot3_ws/install/Crossfire_navigate_to_goal:/home/ctaylor71023/turtlebot3_ws/install/Crossfire_lab6:/home/ctaylor71023/turtlebot3_ws/install/Crossfire_lab5:/home/ctaylor71023/turtlebot3_ws/install/Crossfire_chase_object:/home/ctaylor71023/turtlebot3_ws/src/install/py_subpub:/home/ctaylor71023/turtlebot3_ws/src/install/Lab2:/home/ctaylor71023/turtlebot3_ws/src/install/Crossfire_object_follower:/home/ctaylor71023/turtlebot3_ws/src/install/Crossfire_navigate_to_goal:/home/ctaylor71023/turtlebot3_ws/src/install/Crossfire_lab6:/home/ctaylor71023/turtlebot3_ws/src/install/Crossfire_lab5:/home/ctaylor71023/turtlebot3_ws/src/install/Crossfire_chase_object:/opt/ros/humble /usr/bin/cmake --build /home/ctaylor71023/ros2_ws/src/ctaylor319_capstone/build/pcl_msgs -- -j8 -l8
[3.553s] [  1%] [34m[1mGenerating C code for ROS interfaces[0m
[3.573s] [  3%] [34m[1mGenerating C++ code for ROS interfaces[0m
[3.587s] [  3%] Built target ament_cmake_python_copy_pcl_msgs
[3.952s] running egg_info
[3.953s] creating pcl_msgs.egg-info
[3.954s] writing pcl_msgs.egg-info/PKG-INFO
[3.954s] writing dependency_links to pcl_msgs.egg-info/dependency_links.txt
[3.954s] writing top-level names to pcl_msgs.egg-info/top_level.txt
[3.955s] writing manifest file 'pcl_msgs.egg-info/SOURCES.txt'
[3.957s] reading manifest file 'pcl_msgs.egg-info/SOURCES.txt'
[3.958s] writing manifest file 'pcl_msgs.egg-info/SOURCES.txt'
[3.991s] [  3%] Built target ament_cmake_python_build_pcl_msgs_egg
[4.190s] [  3%] Built target pcl_msgs__cpp
[4.219s] [  7%] [34m[1mGenerating C++ introspection for ROS interfaces[0m
[4.219s] [  7%] [34m[1mGenerating C++ type support dispatch for ROS interfaces[0m
[4.220s] [  7%] [34m[1mGenerating C++ type support for eProsima Fast-RTPS[0m
[4.259s] [ 11%] [32mBuilding C object CMakeFiles/pcl_msgs__rosidl_generator_c.dir/rosidl_generator_c/pcl_msgs/msg/detail/vertices__functions.c.o[0m
[4.260s] [ 11%] [32mBuilding C object CMakeFiles/pcl_msgs__rosidl_generator_c.dir/rosidl_generator_c/pcl_msgs/msg/detail/point_indices__functions.c.o[0m
[4.260s] [ 12%] [32mBuilding C object CMakeFiles/pcl_msgs__rosidl_generator_c.dir/rosidl_generator_c/pcl_msgs/srv/detail/update_filename__functions.c.o[0m
[4.260s] [ 14%] [32mBuilding C object CMakeFiles/pcl_msgs__rosidl_generator_c.dir/rosidl_generator_c/pcl_msgs/msg/detail/polygon_mesh__functions.c.o[0m
[4.260s] [ 15%] [32mBuilding C object CMakeFiles/pcl_msgs__rosidl_generator_c.dir/rosidl_generator_c/pcl_msgs/msg/detail/model_coefficients__functions.c.o[0m
[4.388s] [ 17%] [32m[1mLinking C shared library libpcl_msgs__rosidl_generator_c.so[0m
[4.456s] [ 17%] Built target pcl_msgs__rosidl_generator_c
[4.482s] [ 19%] [34m[1mGenerating C type support for eProsima Fast-RTPS[0m
[4.487s] [ 20%] [34m[1mGenerating C type support dispatch for ROS interfaces[0m
[4.487s] [ 22%] [34m[1mGenerating C introspection for ROS interfaces[0m
[4.788s] [ 25%] [32mBuilding CXX object CMakeFiles/pcl_msgs__rosidl_typesupport_cpp.dir/rosidl_typesupport_cpp/pcl_msgs/msg/model_coefficients__type_support.cpp.o[0m
[4.790s] [ 25%] [32mBuilding CXX object CMakeFiles/pcl_msgs__rosidl_typesupport_cpp.dir/rosidl_typesupport_cpp/pcl_msgs/msg/polygon_mesh__type_support.cpp.o[0m
[4.824s] [ 26%] [32mBuilding CXX object CMakeFiles/pcl_msgs__rosidl_typesupport_cpp.dir/rosidl_typesupport_cpp/pcl_msgs/msg/point_indices__type_support.cpp.o[0m
[5.386s] [ 28%] [32mBuilding CXX object CMakeFiles/pcl_msgs__rosidl_typesupport_c.dir/rosidl_typesupport_c/pcl_msgs/msg/model_coefficients__type_support.cpp.o[0m
[5.402s] [ 30%] [32mBuilding CXX object CMakeFiles/pcl_msgs__rosidl_typesupport_introspection_cpp.dir/rosidl_typesupport_introspection_cpp/pcl_msgs/msg/detail/model_coefficients__type_support.cpp.o[0m
[5.489s] [ 31%] [32mBuilding CXX object CMakeFiles/pcl_msgs__rosidl_typesupport_c.dir/rosidl_typesupport_c/pcl_msgs/msg/point_indices__type_support.cpp.o[0m
[5.512s] [ 33%] [32mBuilding CXX object CMakeFiles/pcl_msgs__rosidl_typesupport_c.dir/rosidl_typesupport_c/pcl_msgs/msg/polygon_mesh__type_support.cpp.o[0m
[5.547s] [ 34%] [32mBuilding CXX object CMakeFiles/pcl_msgs__rosidl_typesupport_introspection_cpp.dir/rosidl_typesupport_introspection_cpp/pcl_msgs/msg/detail/point_indices__type_support.cpp.o[0m
[5.564s] [ 36%] [32mBuilding CXX object CMakeFiles/pcl_msgs__rosidl_typesupport_cpp.dir/rosidl_typesupport_cpp/pcl_msgs/msg/vertices__type_support.cpp.o[0m
[5.600s] [ 38%] [32mBuilding CXX object CMakeFiles/pcl_msgs__rosidl_typesupport_c.dir/rosidl_typesupport_c/pcl_msgs/msg/vertices__type_support.cpp.o[0m
[5.629s] [ 39%] [32mBuilding CXX object CMakeFiles/pcl_msgs__rosidl_typesupport_fastrtps_cpp.dir/rosidl_typesupport_fastrtps_cpp/pcl_msgs/msg/detail/dds_fastrtps/model_coefficients__type_support.cpp.o[0m
[5.632s] [ 41%] [32mBuilding CXX object CMakeFiles/pcl_msgs__rosidl_typesupport_c.dir/rosidl_typesupport_c/pcl_msgs/srv/update_filename__type_support.cpp.o[0m
[5.706s] [ 42%] [32mBuilding CXX object CMakeFiles/pcl_msgs__rosidl_typesupport_introspection_cpp.dir/rosidl_typesupport_introspection_cpp/pcl_msgs/msg/detail/polygon_mesh__type_support.cpp.o[0m
[5.734s] [ 44%] [32m[1mLinking CXX shared library libpcl_msgs__rosidl_typesupport_c.so[0m
[5.873s] [ 44%] Built target pcl_msgs__rosidl_typesupport_c
[5.913s] [ 46%] [32mBuilding CXX object CMakeFiles/pcl_msgs__rosidl_typesupport_cpp.dir/rosidl_typesupport_cpp/pcl_msgs/srv/update_filename__type_support.cpp.o[0m
[5.999s] [ 47%] [32mBuilding C object CMakeFiles/pcl_msgs__rosidl_typesupport_introspection_c.dir/rosidl_typesupport_introspection_c/pcl_msgs/msg/detail/model_coefficients__type_support.c.o[0m
[6.120s] [ 49%] [32mBuilding C object CMakeFiles/pcl_msgs__rosidl_typesupport_introspection_c.dir/rosidl_typesupport_introspection_c/pcl_msgs/msg/detail/point_indices__type_support.c.o[0m
[6.161s] [ 50%] [32mBuilding CXX object CMakeFiles/pcl_msgs__rosidl_typesupport_fastrtps_c.dir/rosidl_typesupport_fastrtps_c/pcl_msgs/msg/detail/model_coefficients__type_support_c.cpp.o[0m
[6.241s] [ 52%] [32mBuilding C object CMakeFiles/pcl_msgs__rosidl_typesupport_introspection_c.dir/rosidl_typesupport_introspection_c/pcl_msgs/msg/detail/polygon_mesh__type_support.c.o[0m
[6.325s] [ 53%] [32mBuilding CXX object CMakeFiles/pcl_msgs__rosidl_typesupport_introspection_cpp.dir/rosidl_typesupport_introspection_cpp/pcl_msgs/msg/detail/vertices__type_support.cpp.o[0m
[6.548s] [ 55%] [32mBuilding C object CMakeFiles/pcl_msgs__rosidl_typesupport_introspection_c.dir/rosidl_typesupport_introspection_c/pcl_msgs/msg/detail/vertices__type_support.c.o[0m
[6.593s] [ 57%] [32mBuilding CXX object CMakeFiles/pcl_msgs__rosidl_typesupport_fastrtps_cpp.dir/rosidl_typesupport_fastrtps_cpp/pcl_msgs/msg/detail/dds_fastrtps/point_indices__type_support.cpp.o[0m
[6.670s] [ 58%] [32mBuilding C object CMakeFiles/pcl_msgs__rosidl_typesupport_introspection_c.dir/rosidl_typesupport_introspection_c/pcl_msgs/srv/detail/update_filename__type_support.c.o[0m
[6.673s] [ 60%] [32m[1mLinking CXX shared library libpcl_msgs__rosidl_typesupport_cpp.so[0m
[6.698s] [ 61%] [32mBuilding CXX object CMakeFiles/pcl_msgs__rosidl_typesupport_fastrtps_c.dir/rosidl_typesupport_fastrtps_c/pcl_msgs/msg/detail/point_indices__type_support_c.cpp.o[0m
[6.781s] [ 63%] [32m[1mLinking C shared library libpcl_msgs__rosidl_typesupport_introspection_c.so[0m
[6.809s] [ 63%] Built target pcl_msgs__rosidl_typesupport_cpp
[6.842s] [ 65%] [32mBuilding CXX object CMakeFiles/pcl_msgs__rosidl_typesupport_fastrtps_c.dir/rosidl_typesupport_fastrtps_c/pcl_msgs/msg/detail/polygon_mesh__type_support_c.cpp.o[0m
[6.851s] [ 66%] [32mBuilding CXX object CMakeFiles/pcl_msgs__rosidl_typesupport_introspection_cpp.dir/rosidl_typesupport_introspection_cpp/pcl_msgs/srv/detail/update_filename__type_support.cpp.o[0m
[6.903s] [ 66%] Built target pcl_msgs__rosidl_typesupport_introspection_c
[6.941s] [ 68%] [32mBuilding CXX object CMakeFiles/pcl_msgs__rosidl_typesupport_fastrtps_c.dir/rosidl_typesupport_fastrtps_c/pcl_msgs/msg/detail/vertices__type_support_c.cpp.o[0m
[7.006s] [ 69%] [32mBuilding CXX object CMakeFiles/pcl_msgs__rosidl_typesupport_fastrtps_c.dir/rosidl_typesupport_fastrtps_c/pcl_msgs/srv/detail/update_filename__type_support_c.cpp.o[0m
[7.097s] [ 71%] [32mBuilding CXX object CMakeFiles/pcl_msgs__rosidl_typesupport_fastrtps_cpp.dir/rosidl_typesupport_fastrtps_cpp/pcl_msgs/msg/detail/dds_fastrtps/polygon_mesh__type_support.cpp.o[0m
[7.431s] [ 73%] [32mBuilding CXX object CMakeFiles/pcl_msgs__rosidl_typesupport_fastrtps_cpp.dir/rosidl_typesupport_fastrtps_cpp/pcl_msgs/msg/detail/dds_fastrtps/vertices__type_support.cpp.o[0m
[7.654s] [ 74%] [32mBuilding CXX object CMakeFiles/pcl_msgs__rosidl_typesupport_fastrtps_cpp.dir/rosidl_typesupport_fastrtps_cpp/pcl_msgs/srv/detail/dds_fastrtps/update_filename__type_support.cpp.o[0m
[7.867s] [ 76%] [32m[1mLinking CXX shared library libpcl_msgs__rosidl_typesupport_introspection_cpp.so[0m
[7.946s] [ 77%] [32m[1mLinking CXX shared library libpcl_msgs__rosidl_typesupport_fastrtps_c.so[0m
[8.039s] [ 77%] Built target pcl_msgs__rosidl_typesupport_introspection_cpp
[8.125s] [ 77%] Built target pcl_msgs__rosidl_typesupport_fastrtps_c
[8.356s] [ 79%] [32m[1mLinking CXX shared library libpcl_msgs__rosidl_typesupport_fastrtps_cpp.so[0m
[8.470s] [ 79%] Built target pcl_msgs__rosidl_typesupport_fastrtps_cpp
[8.510s] [ 79%] Built target pcl_msgs
[8.551s] [ 80%] [34m[1mGenerating Python code for ROS interfaces[0m
[9.367s] [ 80%] Built target pcl_msgs__py
[9.407s] [ 82%] [32mBuilding C object CMakeFiles/pcl_msgs__rosidl_generator_py.dir/rosidl_generator_py/pcl_msgs/msg/_model_coefficients_s.c.o[0m
[9.407s] [ 84%] [32mBuilding C object CMakeFiles/pcl_msgs__rosidl_generator_py.dir/rosidl_generator_py/pcl_msgs/msg/_vertices_s.c.o[0m
[9.408s] [ 85%] [32mBuilding C object CMakeFiles/pcl_msgs__rosidl_generator_py.dir/rosidl_generator_py/pcl_msgs/srv/_update_filename_s.c.o[0m
[9.412s] [ 87%] [32mBuilding C object CMakeFiles/pcl_msgs__rosidl_generator_py.dir/rosidl_generator_py/pcl_msgs/msg/_point_indices_s.c.o[0m
[9.414s] [ 88%] [32mBuilding C object CMakeFiles/pcl_msgs__rosidl_generator_py.dir/rosidl_generator_py/pcl_msgs/msg/_polygon_mesh_s.c.o[0m
[9.628s] [ 90%] [32m[1mLinking C shared library rosidl_generator_py/pcl_msgs/libpcl_msgs__rosidl_generator_py.so[0m
[9.700s] [ 90%] Built target pcl_msgs__rosidl_generator_py
[9.740s] [ 95%] [32mBuilding C object CMakeFiles/pcl_msgs__rosidl_typesupport_c__pyext.dir/rosidl_generator_py/pcl_msgs/_pcl_msgs_s.ep.rosidl_typesupport_c.c.o[0m
[9.740s] [ 95%] [32mBuilding C object CMakeFiles/pcl_msgs__rosidl_typesupport_introspection_c__pyext.dir/rosidl_generator_py/pcl_msgs/_pcl_msgs_s.ep.rosidl_typesupport_introspection_c.c.o[0m
[9.740s] [ 95%] [32mBuilding C object CMakeFiles/pcl_msgs__rosidl_typesupport_fastrtps_c__pyext.dir/rosidl_generator_py/pcl_msgs/_pcl_msgs_s.ep.rosidl_typesupport_fastrtps_c.c.o[0m
[9.903s] [ 98%] [32m[1mLinking C shared library rosidl_generator_py/pcl_msgs/pcl_msgs_s__rosidl_typesupport_fastrtps_c.cpython-310-x86_64-linux-gnu.so[0m
[9.903s] [ 98%] [32m[1mLinking C shared library rosidl_generator_py/pcl_msgs/pcl_msgs_s__rosidl_typesupport_c.cpython-310-x86_64-linux-gnu.so[0m
[9.904s] [100%] [32m[1mLinking C shared library rosidl_generator_py/pcl_msgs/pcl_msgs_s__rosidl_typesupport_introspection_c.cpython-310-x86_64-linux-gnu.so[0m
[9.978s] [100%] Built target pcl_msgs__rosidl_typesupport_c__pyext
[9.978s] [100%] Built target pcl_msgs__rosidl_typesupport_introspection_c__pyext
[9.979s] [100%] Built target pcl_msgs__rosidl_typesupport_fastrtps_c__pyext
[10.000s] Invoked command in '/home/ctaylor71023/ros2_ws/src/ctaylor319_capstone/build/pcl_msgs' returned '0': CMAKE_PREFIX_PATH=${CMAKE_PREFIX_PATH}:/home/ctaylor71023/ws_moveit/install/moveit_configs_utils:/home/ctaylor71023/ws_moveit/install/launch_param_builder:/home/ctaylor71023/turtlebot3_ws/install/py_subpub:/home/ctaylor71023/turtlebot3_ws/install/Crossfire_object_follower:/home/ctaylor71023/turtlebot3_ws/install/Crossfire_navigate_to_goal:/home/ctaylor71023/turtlebot3_ws/install/Crossfire_lab6:/home/ctaylor71023/turtlebot3_ws/install/Crossfire_lab5:/home/ctaylor71023/turtlebot3_ws/install/Crossfire_chase_object:/home/ctaylor71023/turtlebot3_ws/src/install/py_subpub:/home/ctaylor71023/turtlebot3_ws/src/install/Lab2:/home/ctaylor71023/turtlebot3_ws/src/install/Crossfire_object_follower:/home/ctaylor71023/turtlebot3_ws/src/install/Crossfire_navigate_to_goal:/home/ctaylor71023/turtlebot3_ws/src/install/Crossfire_lab6:/home/ctaylor71023/turtlebot3_ws/src/install/Crossfire_lab5:/home/ctaylor71023/turtlebot3_ws/src/install/Crossfire_chase_object:/opt/ros/humble /usr/bin/cmake --build /home/ctaylor71023/ros2_ws/src/ctaylor319_capstone/build/pcl_msgs -- -j8 -l8
[10.414s] Invoking command in '/home/ctaylor71023/ros2_ws/src/ctaylor319_capstone/build/pcl_msgs': CMAKE_PREFIX_PATH=${CMAKE_PREFIX_PATH}:/home/ctaylor71023/ws_moveit/install/moveit_configs_utils:/home/ctaylor71023/ws_moveit/install/launch_param_builder:/home/ctaylor71023/turtlebot3_ws/install/py_subpub:/home/ctaylor71023/turtlebot3_ws/install/Crossfire_object_follower:/home/ctaylor71023/turtlebot3_ws/install/Crossfire_navigate_to_goal:/home/ctaylor71023/turtlebot3_ws/install/Crossfire_lab6:/home/ctaylor71023/turtlebot3_ws/install/Crossfire_lab5:/home/ctaylor71023/turtlebot3_ws/install/Crossfire_chase_object:/home/ctaylor71023/turtlebot3_ws/src/install/py_subpub:/home/ctaylor71023/turtlebot3_ws/src/install/Lab2:/home/ctaylor71023/turtlebot3_ws/src/install/Crossfire_object_follower:/home/ctaylor71023/turtlebot3_ws/src/install/Crossfire_navigate_to_goal:/home/ctaylor71023/turtlebot3_ws/src/install/Crossfire_lab6:/home/ctaylor71023/turtlebot3_ws/src/install/Crossfire_lab5:/home/ctaylor71023/turtlebot3_ws/src/install/Crossfire_chase_object:/opt/ros/humble /usr/bin/cmake --install /home/ctaylor71023/ros2_ws/src/ctaylor319_capstone/build/pcl_msgs
[10.427s] -- Install configuration: ""
[10.428s] -- Installing: /home/ctaylor71023/ros2_ws/src/ctaylor319_capstone/install/pcl_msgs/share/ament_index/resource_index/rosidl_interfaces/pcl_msgs
[10.428s] -- Installing: /home/ctaylor71023/ros2_ws/src/ctaylor319_capstone/install/pcl_msgs/include/pcl_msgs/pcl_msgs
[10.428s] -- Installing: /home/ctaylor71023/ros2_ws/src/ctaylor319_capstone/install/pcl_msgs/include/pcl_msgs/pcl_msgs/msg
[10.428s] -- Installing: /home/ctaylor71023/ros2_ws/src/ctaylor319_capstone/install/pcl_msgs/include/pcl_msgs/pcl_msgs/msg/rosidl_generator_c__visibility_control.h
[10.428s] -- Installing: /home/ctaylor71023/ros2_ws/src/ctaylor319_capstone/install/pcl_msgs/include/pcl_msgs/pcl_msgs/msg/model_coefficients.h
[10.428s] -- Installing: /home/ctaylor71023/ros2_ws/src/ctaylor319_capstone/install/pcl_msgs/include/pcl_msgs/pcl_msgs/msg/polygon_mesh.h
[10.428s] -- Installing: /home/ctaylor71023/ros2_ws/src/ctaylor319_capstone/install/pcl_msgs/include/pcl_msgs/pcl_msgs/msg/vertices.h
[10.429s] -- Installing: /home/ctaylor71023/ros2_ws/src/ctaylor319_capstone/install/pcl_msgs/include/pcl_msgs/pcl_msgs/msg/point_indices.h
[10.429s] -- Installing: /home/ctaylor71023/ros2_ws/src/ctaylor319_capstone/install/pcl_msgs/include/pcl_msgs/pcl_msgs/msg/detail
[10.429s] -- Installing: /home/ctaylor71023/ros2_ws/src/ctaylor319_capstone/install/pcl_msgs/include/pcl_msgs/pcl_msgs/msg/detail/vertices__struct.h
[10.429s] -- Installing: /home/ctaylor71023/ros2_ws/src/ctaylor319_capstone/install/pcl_msgs/include/pcl_msgs/pcl_msgs/msg/detail/polygon_mesh__type_support.h
[10.429s] -- Installing: /home/ctaylor71023/ros2_ws/src/ctaylor319_capstone/install/pcl_msgs/include/pcl_msgs/pcl_msgs/msg/detail/point_indices__struct.h
[10.429s] -- Installing: /home/ctaylor71023/ros2_ws/src/ctaylor319_capstone/install/pcl_msgs/include/pcl_msgs/pcl_msgs/msg/detail/polygon_mesh__functions.c
[10.429s] -- Installing: /home/ctaylor71023/ros2_ws/src/ctaylor319_capstone/install/pcl_msgs/include/pcl_msgs/pcl_msgs/msg/detail/model_coefficients__functions.c
[10.430s] -- Installing: /home/ctaylor71023/ros2_ws/src/ctaylor319_capstone/install/pcl_msgs/include/pcl_msgs/pcl_msgs/msg/detail/vertices__functions.c
[10.430s] -- Installing: /home/ctaylor71023/ros2_ws/src/ctaylor319_capstone/install/pcl_msgs/include/pcl_msgs/pcl_msgs/msg/detail/model_coefficients__functions.h
[10.430s] -- Installing: /home/ctaylor71023/ros2_ws/src/ctaylor319_capstone/install/pcl_msgs/include/pcl_msgs/pcl_msgs/msg/detail/model_coefficients__struct.h
[10.430s] -- Installing: /home/ctaylor71023/ros2_ws/src/ctaylor319_capstone/install/pcl_msgs/include/pcl_msgs/pcl_msgs/msg/detail/point_indices__functions.h
[10.430s] -- Installing: /home/ctaylor71023/ros2_ws/src/ctaylor319_capstone/install/pcl_msgs/include/pcl_msgs/pcl_msgs/msg/detail/vertices__type_support.h
[10.430s] -- Installing: /home/ctaylor71023/ros2_ws/src/ctaylor319_capstone/install/pcl_msgs/include/pcl_msgs/pcl_msgs/msg/detail/polygon_mesh__struct.h
[10.430s] -- Installing: /home/ctaylor71023/ros2_ws/src/ctaylor319_capstone/install/pcl_msgs/include/pcl_msgs/pcl_msgs/msg/detail/model_coefficients__type_support.h
[10.431s] -- Installing: /home/ctaylor71023/ros2_ws/src/ctaylor319_capstone/install/pcl_msgs/include/pcl_msgs/pcl_msgs/msg/detail/vertices__functions.h
[10.431s] -- Installing: /home/ctaylor71023/ros2_ws/src/ctaylor319_capstone/install/pcl_msgs/include/pcl_msgs/pcl_msgs/msg/detail/point_indices__type_support.h
[10.431s] -- Installing: /home/ctaylor71023/ros2_ws/src/ctaylor319_capstone/install/pcl_msgs/include/pcl_msgs/pcl_msgs/msg/detail/point_indices__functions.c
[10.431s] -- Installing: /home/ctaylor71023/ros2_ws/src/ctaylor319_capstone/install/pcl_msgs/include/pcl_msgs/pcl_msgs/msg/detail/polygon_mesh__functions.h
[10.431s] -- Installing: /home/ctaylor71023/ros2_ws/src/ctaylor319_capstone/install/pcl_msgs/include/pcl_msgs/pcl_msgs/srv
[10.431s] -- Installing: /home/ctaylor71023/ros2_ws/src/ctaylor319_capstone/install/pcl_msgs/include/pcl_msgs/pcl_msgs/srv/update_filename.h
[10.431s] -- Installing: /home/ctaylor71023/ros2_ws/src/ctaylor319_capstone/install/pcl_msgs/include/pcl_msgs/pcl_msgs/srv/detail
[10.431s] -- Installing: /home/ctaylor71023/ros2_ws/src/ctaylor319_capstone/install/pcl_msgs/include/pcl_msgs/pcl_msgs/srv/detail/update_filename__functions.c
[10.432s] -- Installing: /home/ctaylor71023/ros2_ws/src/ctaylor319_capstone/install/pcl_msgs/include/pcl_msgs/pcl_msgs/srv/detail/update_filename__struct.h
[10.432s] -- Installing: /home/ctaylor71023/ros2_ws/src/ctaylor319_capstone/install/pcl_msgs/include/pcl_msgs/pcl_msgs/srv/detail/update_filename__functions.h
[10.432s] -- Installing: /home/ctaylor71023/ros2_ws/src/ctaylor319_capstone/install/pcl_msgs/include/pcl_msgs/pcl_msgs/srv/detail/update_filename__type_support.h
[10.432s] -- Installing: /home/ctaylor71023/ros2_ws/src/ctaylor319_capstone/install/pcl_msgs/share/pcl_msgs/environment/library_path.sh
[10.432s] -- Installing: /home/ctaylor71023/ros2_ws/src/ctaylor319_capstone/install/pcl_msgs/share/pcl_msgs/environment/library_path.dsv
[10.433s] -- Installing: /home/ctaylor71023/ros2_ws/src/ctaylor319_capstone/install/pcl_msgs/lib/libpcl_msgs__rosidl_generator_c.so
[10.433s] -- Set runtime path of "/home/ctaylor71023/ros2_ws/src/ctaylor319_capstone/install/pcl_msgs/lib/libpcl_msgs__rosidl_generator_c.so" to ""
[10.433s] -- Up-to-date: /home/ctaylor71023/ros2_ws/src/ctaylor319_capstone/install/pcl_msgs/include/pcl_msgs/pcl_msgs
[10.434s] -- Up-to-date: /home/ctaylor71023/ros2_ws/src/ctaylor319_capstone/install/pcl_msgs/include/pcl_msgs/pcl_msgs/msg
[10.434s] -- Up-to-date: /home/ctaylor71023/ros2_ws/src/ctaylor319_capstone/install/pcl_msgs/include/pcl_msgs/pcl_msgs/msg/detail
[10.434s] -- Installing: /home/ctaylor71023/ros2_ws/src/ctaylor319_capstone/install/pcl_msgs/include/pcl_msgs/pcl_msgs/msg/detail/point_indices__rosidl_typesupport_fastrtps_c.h
[10.434s] -- Installing: /home/ctaylor71023/ros2_ws/src/ctaylor319_capstone/install/pcl_msgs/include/pcl_msgs/pcl_msgs/msg/detail/vertices__rosidl_typesupport_fastrtps_c.h
[10.434s] -- Installing: /home/ctaylor71023/ros2_ws/src/ctaylor319_capstone/install/pcl_msgs/include/pcl_msgs/pcl_msgs/msg/detail/polygon_mesh__rosidl_typesupport_fastrtps_c.h
[10.434s] -- Installing: /home/ctaylor71023/ros2_ws/src/ctaylor319_capstone/install/pcl_msgs/include/pcl_msgs/pcl_msgs/msg/detail/model_coefficients__rosidl_typesupport_fastrtps_c.h
[10.434s] -- Installing: /home/ctaylor71023/ros2_ws/src/ctaylor319_capstone/install/pcl_msgs/include/pcl_msgs/pcl_msgs/msg/rosidl_typesupport_fastrtps_c__visibility_control.h
[10.434s] -- Up-to-date: /home/ctaylor71023/ros2_ws/src/ctaylor319_capstone/install/pcl_msgs/include/pcl_msgs/pcl_msgs/srv
[10.434s] -- Up-to-date: /home/ctaylor71023/ros2_ws/src/ctaylor319_capstone/install/pcl_msgs/include/pcl_msgs/pcl_msgs/srv/detail
[10.434s] -- Installing: /home/ctaylor71023/ros2_ws/src/ctaylor319_capstone/install/pcl_msgs/include/pcl_msgs/pcl_msgs/srv/detail/update_filename__rosidl_typesupport_fastrtps_c.h
[10.434s] -- Installing: /home/ctaylor71023/ros2_ws/src/ctaylor319_capstone/install/pcl_msgs/lib/libpcl_msgs__rosidl_typesupport_fastrtps_c.so
[10.435s] -- Set runtime path of "/home/ctaylor71023/ros2_ws/src/ctaylor319_capstone/install/pcl_msgs/lib/libpcl_msgs__rosidl_typesupport_fastrtps_c.so" to ""
[10.435s] -- Up-to-date: /home/ctaylor71023/ros2_ws/src/ctaylor319_capstone/install/pcl_msgs/include/pcl_msgs/pcl_msgs
[10.435s] -- Up-to-date: /home/ctaylor71023/ros2_ws/src/ctaylor319_capstone/install/pcl_msgs/include/pcl_msgs/pcl_msgs/msg
[10.435s] -- Installing: /home/ctaylor71023/ros2_ws/src/ctaylor319_capstone/install/pcl_msgs/include/pcl_msgs/pcl_msgs/msg/rosidl_typesupport_introspection_c__visibility_control.h
[10.435s] -- Up-to-date: /home/ctaylor71023/ros2_ws/src/ctaylor319_capstone/install/pcl_msgs/include/pcl_msgs/pcl_msgs/msg/detail
[10.435s] -- Installing: /home/ctaylor71023/ros2_ws/src/ctaylor319_capstone/install/pcl_msgs/include/pcl_msgs/pcl_msgs/msg/detail/polygon_mesh__rosidl_typesupport_introspection_c.h
[10.435s] -- Installing: /home/ctaylor71023/ros2_ws/src/ctaylor319_capstone/install/pcl_msgs/include/pcl_msgs/pcl_msgs/msg/detail/model_coefficients__rosidl_typesupport_introspection_c.h
[10.435s] -- Installing: /home/ctaylor71023/ros2_ws/src/ctaylor319_capstone/install/pcl_msgs/include/pcl_msgs/pcl_msgs/msg/detail/vertices__rosidl_typesupport_introspection_c.h
[10.436s] -- Installing: /home/ctaylor71023/ros2_ws/src/ctaylor319_capstone/install/pcl_msgs/include/pcl_msgs/pcl_msgs/msg/detail/vertices__type_support.c
[10.436s] -- Installing: /home/ctaylor71023/ros2_ws/src/ctaylor319_capstone/install/pcl_msgs/include/pcl_msgs/pcl_msgs/msg/detail/polygon_mesh__type_support.c
[10.436s] -- Installing: /home/ctaylor71023/ros2_ws/src/ctaylor319_capstone/install/pcl_msgs/include/pcl_msgs/pcl_msgs/msg/detail/model_coefficients__type_support.c
[10.436s] -- Installing: /home/ctaylor71023/ros2_ws/src/ctaylor319_capstone/install/pcl_msgs/include/pcl_msgs/pcl_msgs/msg/detail/point_indices__type_support.c
[10.436s] -- Installing: /home/ctaylor71023/ros2_ws/src/ctaylor319_capstone/install/pcl_msgs/include/pcl_msgs/pcl_msgs/msg/detail/point_indices__rosidl_typesupport_introspection_c.h
[10.437s] -- Up-to-date: /home/ctaylor71023/ros2_ws/src/ctaylor319_capstone/install/pcl_msgs/include/pcl_msgs/pcl_msgs/srv
[10.437s] -- Up-to-date: /home/ctaylor71023/ros2_ws/src/ctaylor319_capstone/install/pcl_msgs/include/pcl_msgs/pcl_msgs/srv/detail
[10.437s] -- Installing: /home/ctaylor71023/ros2_ws/src/ctaylor319_capstone/install/pcl_msgs/include/pcl_msgs/pcl_msgs/srv/detail/update_filename__rosidl_typesupport_introspection_c.h
[10.437s] -- Installing: /home/ctaylor71023/ros2_ws/src/ctaylor319_capstone/install/pcl_msgs/include/pcl_msgs/pcl_msgs/srv/detail/update_filename__type_support.c
[10.437s] -- Installing: /home/ctaylor71023/ros2_ws/src/ctaylor319_capstone/install/pcl_msgs/lib/libpcl_msgs__rosidl_typesupport_introspection_c.so
[10.437s] -- Set runtime path of "/home/ctaylor71023/ros2_ws/src/ctaylor319_capstone/install/pcl_msgs/lib/libpcl_msgs__rosidl_typesupport_introspection_c.so" to ""
[10.437s] -- Installing: /home/ctaylor71023/ros2_ws/src/ctaylor319_capstone/install/pcl_msgs/lib/libpcl_msgs__rosidl_typesupport_c.so
[10.438s] -- Set runtime path of "/home/ctaylor71023/ros2_ws/src/ctaylor319_capstone/install/pcl_msgs/lib/libpcl_msgs__rosidl_typesupport_c.so" to ""
[10.438s] -- Up-to-date: /home/ctaylor71023/ros2_ws/src/ctaylor319_capstone/install/pcl_msgs/include/pcl_msgs/pcl_msgs
[10.438s] -- Up-to-date: /home/ctaylor71023/ros2_ws/src/ctaylor319_capstone/install/pcl_msgs/include/pcl_msgs/pcl_msgs/msg
[10.438s] -- Installing: /home/ctaylor71023/ros2_ws/src/ctaylor319_capstone/install/pcl_msgs/include/pcl_msgs/pcl_msgs/msg/model_coefficients.hpp
[10.438s] -- Installing: /home/ctaylor71023/ros2_ws/src/ctaylor319_capstone/install/pcl_msgs/include/pcl_msgs/pcl_msgs/msg/vertices.hpp
[10.438s] -- Installing: /home/ctaylor71023/ros2_ws/src/ctaylor319_capstone/install/pcl_msgs/include/pcl_msgs/pcl_msgs/msg/point_indices.hpp
[10.439s] -- Installing: /home/ctaylor71023/ros2_ws/src/ctaylor319_capstone/install/pcl_msgs/include/pcl_msgs/pcl_msgs/msg/polygon_mesh.hpp
[10.439s] -- Up-to-date: /home/ctaylor71023/ros2_ws/src/ctaylor319_capstone/install/pcl_msgs/include/pcl_msgs/pcl_msgs/msg/detail
[10.439s] -- Installing: /home/ctaylor71023/ros2_ws/src/ctaylor319_capstone/install/pcl_msgs/include/pcl_msgs/pcl_msgs/msg/detail/vertices__struct.hpp
[10.439s] -- Installing: /home/ctaylor71023/ros2_ws/src/ctaylor319_capstone/install/pcl_msgs/include/pcl_msgs/pcl_msgs/msg/detail/polygon_mesh__struct.hpp
[10.439s] -- Installing: /home/ctaylor71023/ros2_ws/src/ctaylor319_capstone/install/pcl_msgs/include/pcl_msgs/pcl_msgs/msg/detail/model_coefficients__builder.hpp
[10.439s] -- Installing: /home/ctaylor71023/ros2_ws/src/ctaylor319_capstone/install/pcl_msgs/include/pcl_msgs/pcl_msgs/msg/detail/vertices__builder.hpp
[10.439s] -- Installing: /home/ctaylor71023/ros2_ws/src/ctaylor319_capstone/install/pcl_msgs/include/pcl_msgs/pcl_msgs/msg/detail/polygon_mesh__traits.hpp
[10.440s] -- Installing: /home/ctaylor71023/ros2_ws/src/ctaylor319_capstone/install/pcl_msgs/include/pcl_msgs/pcl_msgs/msg/detail/polygon_mesh__builder.hpp
[10.440s] -- Installing: /home/ctaylor71023/ros2_ws/src/ctaylor319_capstone/install/pcl_msgs/include/pcl_msgs/pcl_msgs/msg/detail/point_indices__traits.hpp
[10.440s] -- Installing: /home/ctaylor71023/ros2_ws/src/ctaylor319_capstone/install/pcl_msgs/include/pcl_msgs/pcl_msgs/msg/detail/vertices__traits.hpp
[10.440s] -- Installing: /home/ctaylor71023/ros2_ws/src/ctaylor319_capstone/install/pcl_msgs/include/pcl_msgs/pcl_msgs/msg/detail/model_coefficients__traits.hpp
[10.440s] -- Installing: /home/ctaylor71023/ros2_ws/src/ctaylor319_capstone/install/pcl_msgs/include/pcl_msgs/pcl_msgs/msg/detail/point_indices__builder.hpp
[10.440s] -- Installing: /home/ctaylor71023/ros2_ws/src/ctaylor319_capstone/install/pcl_msgs/include/pcl_msgs/pcl_msgs/msg/detail/point_indices__struct.hpp
[10.441s] -- Installing: /home/ctaylor71023/ros2_ws/src/ctaylor319_capstone/install/pcl_msgs/include/pcl_msgs/pcl_msgs/msg/detail/model_coefficients__struct.hpp
[10.441s] -- Up-to-date: /home/ctaylor71023/ros2_ws/src/ctaylor319_capstone/install/pcl_msgs/include/pcl_msgs/pcl_msgs/srv
[10.441s] -- Installing: /home/ctaylor71023/ros2_ws/src/ctaylor319_capstone/install/pcl_msgs/include/pcl_msgs/pcl_msgs/srv/update_filename.hpp
[10.441s] -- Up-to-date: /home/ctaylor71023/ros2_ws/src/ctaylor319_capstone/install/pcl_msgs/include/pcl_msgs/pcl_msgs/srv/detail
[10.441s] -- Installing: /home/ctaylor71023/ros2_ws/src/ctaylor319_capstone/install/pcl_msgs/include/pcl_msgs/pcl_msgs/srv/detail/update_filename__traits.hpp
[10.441s] -- Installing: /home/ctaylor71023/ros2_ws/src/ctaylor319_capstone/install/pcl_msgs/include/pcl_msgs/pcl_msgs/srv/detail/update_filename__builder.hpp
[10.441s] -- Installing: /home/ctaylor71023/ros2_ws/src/ctaylor319_capstone/install/pcl_msgs/include/pcl_msgs/pcl_msgs/srv/detail/update_filename__struct.hpp
[10.441s] -- Up-to-date: /home/ctaylor71023/ros2_ws/src/ctaylor319_capstone/install/pcl_msgs/include/pcl_msgs/pcl_msgs
[10.442s] -- Up-to-date: /home/ctaylor71023/ros2_ws/src/ctaylor319_capstone/install/pcl_msgs/include/pcl_msgs/pcl_msgs/msg
[10.442s] -- Installing: /home/ctaylor71023/ros2_ws/src/ctaylor319_capstone/install/pcl_msgs/include/pcl_msgs/pcl_msgs/msg/rosidl_typesupport_fastrtps_cpp__visibility_control.h
[10.442s] -- Up-to-date: /home/ctaylor71023/ros2_ws/src/ctaylor319_capstone/install/pcl_msgs/include/pcl_msgs/pcl_msgs/msg/detail
[10.442s] -- Installing: /home/ctaylor71023/ros2_ws/src/ctaylor319_capstone/install/pcl_msgs/include/pcl_msgs/pcl_msgs/msg/detail/point_indices__rosidl_typesupport_fastrtps_cpp.hpp
[10.442s] -- Installing: /home/ctaylor71023/ros2_ws/src/ctaylor319_capstone/install/pcl_msgs/include/pcl_msgs/pcl_msgs/msg/detail/polygon_mesh__rosidl_typesupport_fastrtps_cpp.hpp
[10.442s] -- Installing: /home/ctaylor71023/ros2_ws/src/ctaylor319_capstone/install/pcl_msgs/include/pcl_msgs/pcl_msgs/msg/detail/dds_fastrtps
[10.442s] -- Installing: /home/ctaylor71023/ros2_ws/src/ctaylor319_capstone/install/pcl_msgs/include/pcl_msgs/pcl_msgs/msg/detail/vertices__rosidl_typesupport_fastrtps_cpp.hpp
[10.442s] -- Installing: /home/ctaylor71023/ros2_ws/src/ctaylor319_capstone/install/pcl_msgs/include/pcl_msgs/pcl_msgs/msg/detail/model_coefficients__rosidl_typesupport_fastrtps_cpp.hpp
[10.442s] -- Up-to-date: /home/ctaylor71023/ros2_ws/src/ctaylor319_capstone/install/pcl_msgs/include/pcl_msgs/pcl_msgs/srv
[10.443s] -- Up-to-date: /home/ctaylor71023/ros2_ws/src/ctaylor319_capstone/install/pcl_msgs/include/pcl_msgs/pcl_msgs/srv/detail
[10.443s] -- Installing: /home/ctaylor71023/ros2_ws/src/ctaylor319_capstone/install/pcl_msgs/include/pcl_msgs/pcl_msgs/srv/detail/update_filename__rosidl_typesupport_fastrtps_cpp.hpp
[10.443s] -- Installing: /home/ctaylor71023/ros2_ws/src/ctaylor319_capstone/install/pcl_msgs/include/pcl_msgs/pcl_msgs/srv/detail/dds_fastrtps
[10.443s] -- Installing: /home/ctaylor71023/ros2_ws/src/ctaylor319_capstone/install/pcl_msgs/lib/libpcl_msgs__rosidl_typesupport_fastrtps_cpp.so
[10.444s] -- Set runtime path of "/home/ctaylor71023/ros2_ws/src/ctaylor319_capstone/install/pcl_msgs/lib/libpcl_msgs__rosidl_typesupport_fastrtps_cpp.so" to ""
[10.444s] -- Up-to-date: /home/ctaylor71023/ros2_ws/src/ctaylor319_capstone/install/pcl_msgs/include/pcl_msgs/pcl_msgs
[10.444s] -- Up-to-date: /home/ctaylor71023/ros2_ws/src/ctaylor319_capstone/install/pcl_msgs/include/pcl_msgs/pcl_msgs/msg
[10.444s] -- Up-to-date: /home/ctaylor71023/ros2_ws/src/ctaylor319_capstone/install/pcl_msgs/include/pcl_msgs/pcl_msgs/msg/detail
[10.444s] -- Installing: /home/ctaylor71023/ros2_ws/src/ctaylor319_capstone/install/pcl_msgs/include/pcl_msgs/pcl_msgs/msg/detail/model_coefficients__type_support.cpp
[10.444s] -- Installing: /home/ctaylor71023/ros2_ws/src/ctaylor319_capstone/install/pcl_msgs/include/pcl_msgs/pcl_msgs/msg/detail/polygon_mesh__type_support.cpp
[10.444s] -- Installing: /home/ctaylor71023/ros2_ws/src/ctaylor319_capstone/install/pcl_msgs/include/pcl_msgs/pcl_msgs/msg/detail/polygon_mesh__rosidl_typesupport_introspection_cpp.hpp
[10.445s] -- Installing: /home/ctaylor71023/ros2_ws/src/ctaylor319_capstone/install/pcl_msgs/include/pcl_msgs/pcl_msgs/msg/detail/vertices__rosidl_typesupport_introspection_cpp.hpp
[10.445s] -- Installing: /home/ctaylor71023/ros2_ws/src/ctaylor319_capstone/install/pcl_msgs/include/pcl_msgs/pcl_msgs/msg/detail/vertices__type_support.cpp
[10.445s] -- Installing: /home/ctaylor71023/ros2_ws/src/ctaylor319_capstone/install/pcl_msgs/include/pcl_msgs/pcl_msgs/msg/detail/point_indices__type_support.cpp
[10.445s] -- Installing: /home/ctaylor71023/ros2_ws/src/ctaylor319_capstone/install/pcl_msgs/include/pcl_msgs/pcl_msgs/msg/detail/model_coefficients__rosidl_typesupport_introspection_cpp.hpp
[10.445s] -- Installing: /home/ctaylor71023/ros2_ws/src/ctaylor319_capstone/install/pcl_msgs/include/pcl_msgs/pcl_msgs/msg/detail/point_indices__rosidl_typesupport_introspection_cpp.hpp
[10.445s] -- Up-to-date: /home/ctaylor71023/ros2_ws/src/ctaylor319_capstone/install/pcl_msgs/include/pcl_msgs/pcl_msgs/srv
[10.445s] -- Up-to-date: /home/ctaylor71023/ros2_ws/src/ctaylor319_capstone/install/pcl_msgs/include/pcl_msgs/pcl_msgs/srv/detail
[10.445s] -- Installing: /home/ctaylor71023/ros2_ws/src/ctaylor319_capstone/install/pcl_msgs/include/pcl_msgs/pcl_msgs/srv/detail/update_filename__type_support.cpp
[10.445s] -- Installing: /home/ctaylor71023/ros2_ws/src/ctaylor319_capstone/install/pcl_msgs/include/pcl_msgs/pcl_msgs/srv/detail/update_filename__rosidl_typesupport_introspection_cpp.hpp
[10.445s] -- Installing: /home/ctaylor71023/ros2_ws/src/ctaylor319_capstone/install/pcl_msgs/lib/libpcl_msgs__rosidl_typesupport_introspection_cpp.so
[10.446s] -- Set runtime path of "/home/ctaylor71023/ros2_ws/src/ctaylor319_capstone/install/pcl_msgs/lib/libpcl_msgs__rosidl_typesupport_introspection_cpp.so" to ""
[10.446s] -- Installing: /home/ctaylor71023/ros2_ws/src/ctaylor319_capstone/install/pcl_msgs/lib/libpcl_msgs__rosidl_typesupport_cpp.so
[10.447s] -- Set runtime path of "/home/ctaylor71023/ros2_ws/src/ctaylor319_capstone/install/pcl_msgs/lib/libpcl_msgs__rosidl_typesupport_cpp.so" to ""
[10.447s] -- Installing: /home/ctaylor71023/ros2_ws/src/ctaylor319_capstone/install/pcl_msgs/share/pcl_msgs/environment/pythonpath.sh
[10.447s] -- Installing: /home/ctaylor71023/ros2_ws/src/ctaylor319_capstone/install/pcl_msgs/share/pcl_msgs/environment/pythonpath.dsv
[10.447s] -- Installing: /home/ctaylor71023/ros2_ws/src/ctaylor319_capstone/install/pcl_msgs/local/lib/python3.10/dist-packages/pcl_msgs-1.0.0-py3.10.egg-info
[10.447s] -- Installing: /home/ctaylor71023/ros2_ws/src/ctaylor319_capstone/install/pcl_msgs/local/lib/python3.10/dist-packages/pcl_msgs-1.0.0-py3.10.egg-info/SOURCES.txt
[10.448s] -- Installing: /home/ctaylor71023/ros2_ws/src/ctaylor319_capstone/install/pcl_msgs/local/lib/python3.10/dist-packages/pcl_msgs-1.0.0-py3.10.egg-info/top_level.txt
[10.448s] -- Installing: /home/ctaylor71023/ros2_ws/src/ctaylor319_capstone/install/pcl_msgs/local/lib/python3.10/dist-packages/pcl_msgs-1.0.0-py3.10.egg-info/PKG-INFO
[10.448s] -- Installing: /home/ctaylor71023/ros2_ws/src/ctaylor319_capstone/install/pcl_msgs/local/lib/python3.10/dist-packages/pcl_msgs-1.0.0-py3.10.egg-info/dependency_links.txt
[10.448s] -- Installing: /home/ctaylor71023/ros2_ws/src/ctaylor319_capstone/install/pcl_msgs/local/lib/python3.10/dist-packages/pcl_msgs
[10.448s] -- Installing: /home/ctaylor71023/ros2_ws/src/ctaylor319_capstone/install/pcl_msgs/local/lib/python3.10/dist-packages/pcl_msgs/msg
[10.448s] -- Installing: /home/ctaylor71023/ros2_ws/src/ctaylor319_capstone/install/pcl_msgs/local/lib/python3.10/dist-packages/pcl_msgs/msg/_model_coefficients_s.c
[10.448s] -- Installing: /home/ctaylor71023/ros2_ws/src/ctaylor319_capstone/install/pcl_msgs/local/lib/python3.10/dist-packages/pcl_msgs/msg/_polygon_mesh_s.c
[10.449s] -- Installing: /home/ctaylor71023/ros2_ws/src/ctaylor319_capstone/install/pcl_msgs/local/lib/python3.10/dist-packages/pcl_msgs/msg/__init__.py
[10.449s] -- Installing: /home/ctaylor71023/ros2_ws/src/ctaylor319_capstone/install/pcl_msgs/local/lib/python3.10/dist-packages/pcl_msgs/msg/_vertices.py
[10.449s] -- Installing: /home/ctaylor71023/ros2_ws/src/ctaylor319_capstone/install/pcl_msgs/local/lib/python3.10/dist-packages/pcl_msgs/msg/_point_indices.py
[10.449s] -- Installing: /home/ctaylor71023/ros2_ws/src/ctaylor319_capstone/install/pcl_msgs/local/lib/python3.10/dist-packages/pcl_msgs/msg/_vertices_s.c
[10.449s] -- Installing: /home/ctaylor71023/ros2_ws/src/ctaylor319_capstone/install/pcl_msgs/local/lib/python3.10/dist-packages/pcl_msgs/msg/_point_indices_s.c
[10.449s] -- Installing: /home/ctaylor71023/ros2_ws/src/ctaylor319_capstone/install/pcl_msgs/local/lib/python3.10/dist-packages/pcl_msgs/msg/_model_coefficients.py
[10.449s] -- Installing: /home/ctaylor71023/ros2_ws/src/ctaylor319_capstone/install/pcl_msgs/local/lib/python3.10/dist-packages/pcl_msgs/msg/_polygon_mesh.py
[10.450s] -- Installing: /home/ctaylor71023/ros2_ws/src/ctaylor319_capstone/install/pcl_msgs/local/lib/python3.10/dist-packages/pcl_msgs/_pcl_msgs_s.ep.rosidl_typesupport_c.c
[10.450s] -- Installing: /home/ctaylor71023/ros2_ws/src/ctaylor319_capstone/install/pcl_msgs/local/lib/python3.10/dist-packages/pcl_msgs/pcl_msgs_s__rosidl_typesupport_c.cpython-310-x86_64-linux-gnu.so
[10.450s] -- Installing: /home/ctaylor71023/ros2_ws/src/ctaylor319_capstone/install/pcl_msgs/local/lib/python3.10/dist-packages/pcl_msgs/_pcl_msgs_s.ep.rosidl_typesupport_fastrtps_c.c
[10.450s] -- Installing: /home/ctaylor71023/ros2_ws/src/ctaylor319_capstone/install/pcl_msgs/local/lib/python3.10/dist-packages/pcl_msgs/pcl_msgs_s__rosidl_typesupport_introspection_c.cpython-310-x86_64-linux-gnu.so
[10.450s] -- Installing: /home/ctaylor71023/ros2_ws/src/ctaylor319_capstone/install/pcl_msgs/local/lib/python3.10/dist-packages/pcl_msgs/__init__.py
[10.451s] -- Installing: /home/ctaylor71023/ros2_ws/src/ctaylor319_capstone/install/pcl_msgs/local/lib/python3.10/dist-packages/pcl_msgs/pcl_msgs_s__rosidl_typesupport_fastrtps_c.cpython-310-x86_64-linux-gnu.so
[10.451s] -- Installing: /home/ctaylor71023/ros2_ws/src/ctaylor319_capstone/install/pcl_msgs/local/lib/python3.10/dist-packages/pcl_msgs/srv
[10.451s] -- Installing: /home/ctaylor71023/ros2_ws/src/ctaylor319_capstone/install/pcl_msgs/local/lib/python3.10/dist-packages/pcl_msgs/srv/__init__.py
[10.451s] -- Installing: /home/ctaylor71023/ros2_ws/src/ctaylor319_capstone/install/pcl_msgs/local/lib/python3.10/dist-packages/pcl_msgs/srv/_update_filename.py
[10.451s] -- Installing: /home/ctaylor71023/ros2_ws/src/ctaylor319_capstone/install/pcl_msgs/local/lib/python3.10/dist-packages/pcl_msgs/srv/_update_filename_s.c
[10.451s] -- Installing: /home/ctaylor71023/ros2_ws/src/ctaylor319_capstone/install/pcl_msgs/local/lib/python3.10/dist-packages/pcl_msgs/libpcl_msgs__rosidl_generator_py.so
[10.451s] -- Installing: /home/ctaylor71023/ros2_ws/src/ctaylor319_capstone/install/pcl_msgs/local/lib/python3.10/dist-packages/pcl_msgs/_pcl_msgs_s.ep.rosidl_typesupport_introspection_c.c
[10.507s] Listing '/home/ctaylor71023/ros2_ws/src/ctaylor319_capstone/install/pcl_msgs/local/lib/python3.10/dist-packages/pcl_msgs'...
[10.507s] Compiling '/home/ctaylor71023/ros2_ws/src/ctaylor319_capstone/install/pcl_msgs/local/lib/python3.10/dist-packages/pcl_msgs/__init__.py'...
[10.507s] Listing '/home/ctaylor71023/ros2_ws/src/ctaylor319_capstone/install/pcl_msgs/local/lib/python3.10/dist-packages/pcl_msgs/msg'...
[10.508s] Compiling '/home/ctaylor71023/ros2_ws/src/ctaylor319_capstone/install/pcl_msgs/local/lib/python3.10/dist-packages/pcl_msgs/msg/__init__.py'...
[10.508s] Compiling '/home/ctaylor71023/ros2_ws/src/ctaylor319_capstone/install/pcl_msgs/local/lib/python3.10/dist-packages/pcl_msgs/msg/_model_coefficients.py'...
[10.508s] Compiling '/home/ctaylor71023/ros2_ws/src/ctaylor319_capstone/install/pcl_msgs/local/lib/python3.10/dist-packages/pcl_msgs/msg/_point_indices.py'...
[10.508s] Compiling '/home/ctaylor71023/ros2_ws/src/ctaylor319_capstone/install/pcl_msgs/local/lib/python3.10/dist-packages/pcl_msgs/msg/_polygon_mesh.py'...
[10.508s] Compiling '/home/ctaylor71023/ros2_ws/src/ctaylor319_capstone/install/pcl_msgs/local/lib/python3.10/dist-packages/pcl_msgs/msg/_vertices.py'...
[10.508s] Listing '/home/ctaylor71023/ros2_ws/src/ctaylor319_capstone/install/pcl_msgs/local/lib/python3.10/dist-packages/pcl_msgs/srv'...
[10.508s] Compiling '/home/ctaylor71023/ros2_ws/src/ctaylor319_capstone/install/pcl_msgs/local/lib/python3.10/dist-packages/pcl_msgs/srv/__init__.py'...
[10.508s] Compiling '/home/ctaylor71023/ros2_ws/src/ctaylor319_capstone/install/pcl_msgs/local/lib/python3.10/dist-packages/pcl_msgs/srv/_update_filename.py'...
[10.512s] -- Installing: /home/ctaylor71023/ros2_ws/src/ctaylor319_capstone/install/pcl_msgs/local/lib/python3.10/dist-packages/pcl_msgs/pcl_msgs_s__rosidl_typesupport_fastrtps_c.cpython-310-x86_64-linux-gnu.so
[10.513s] -- Set runtime path of "/home/ctaylor71023/ros2_ws/src/ctaylor319_capstone/install/pcl_msgs/local/lib/python3.10/dist-packages/pcl_msgs/pcl_msgs_s__rosidl_typesupport_fastrtps_c.cpython-310-x86_64-linux-gnu.so" to ""
[10.513s] -- Installing: /home/ctaylor71023/ros2_ws/src/ctaylor319_capstone/install/pcl_msgs/local/lib/python3.10/dist-packages/pcl_msgs/pcl_msgs_s__rosidl_typesupport_introspection_c.cpython-310-x86_64-linux-gnu.so
[10.513s] -- Set runtime path of "/home/ctaylor71023/ros2_ws/src/ctaylor319_capstone/install/pcl_msgs/local/lib/python3.10/dist-packages/pcl_msgs/pcl_msgs_s__rosidl_typesupport_introspection_c.cpython-310-x86_64-linux-gnu.so" to ""
[10.514s] -- Installing: /home/ctaylor71023/ros2_ws/src/ctaylor319_capstone/install/pcl_msgs/local/lib/python3.10/dist-packages/pcl_msgs/pcl_msgs_s__rosidl_typesupport_c.cpython-310-x86_64-linux-gnu.so
[10.514s] -- Set runtime path of "/home/ctaylor71023/ros2_ws/src/ctaylor319_capstone/install/pcl_msgs/local/lib/python3.10/dist-packages/pcl_msgs/pcl_msgs_s__rosidl_typesupport_c.cpython-310-x86_64-linux-gnu.so" to ""
[10.514s] -- Installing: /home/ctaylor71023/ros2_ws/src/ctaylor319_capstone/install/pcl_msgs/lib/libpcl_msgs__rosidl_generator_py.so
[10.515s] -- Set runtime path of "/home/ctaylor71023/ros2_ws/src/ctaylor319_capstone/install/pcl_msgs/lib/libpcl_msgs__rosidl_generator_py.so" to ""
[10.515s] -- Installing: /home/ctaylor71023/ros2_ws/src/ctaylor319_capstone/install/pcl_msgs/share/pcl_msgs/msg/ModelCoefficients.idl
[10.515s] -- Installing: /home/ctaylor71023/ros2_ws/src/ctaylor319_capstone/install/pcl_msgs/share/pcl_msgs/msg/PointIndices.idl
[10.515s] -- Installing: /home/ctaylor71023/ros2_ws/src/ctaylor319_capstone/install/pcl_msgs/share/pcl_msgs/msg/PolygonMesh.idl
[10.515s] -- Installing: /home/ctaylor71023/ros2_ws/src/ctaylor319_capstone/install/pcl_msgs/share/pcl_msgs/msg/Vertices.idl
[10.515s] -- Installing: /home/ctaylor71023/ros2_ws/src/ctaylor319_capstone/install/pcl_msgs/share/pcl_msgs/srv/UpdateFilename.idl
[10.516s] -- Installing: /home/ctaylor71023/ros2_ws/src/ctaylor319_capstone/install/pcl_msgs/share/pcl_msgs/msg/ModelCoefficients.msg
[10.516s] -- Installing: /home/ctaylor71023/ros2_ws/src/ctaylor319_capstone/install/pcl_msgs/share/pcl_msgs/msg/PointIndices.msg
[10.516s] -- Installing: /home/ctaylor71023/ros2_ws/src/ctaylor319_capstone/install/pcl_msgs/share/pcl_msgs/msg/PolygonMesh.msg
[10.516s] -- Installing: /home/ctaylor71023/ros2_ws/src/ctaylor319_capstone/install/pcl_msgs/share/pcl_msgs/msg/Vertices.msg
[10.516s] -- Installing: /home/ctaylor71023/ros2_ws/src/ctaylor319_capstone/install/pcl_msgs/share/pcl_msgs/srv/UpdateFilename.srv
[10.516s] -- Installing: /home/ctaylor71023/ros2_ws/src/ctaylor319_capstone/install/pcl_msgs/share/pcl_msgs/srv/UpdateFilename_Request.msg
[10.516s] -- Installing: /home/ctaylor71023/ros2_ws/src/ctaylor319_capstone/install/pcl_msgs/share/pcl_msgs/srv/UpdateFilename_Response.msg
[10.517s] -- Installing: /home/ctaylor71023/ros2_ws/src/ctaylor319_capstone/install/pcl_msgs/share/ament_index/resource_index/package_run_dependencies/pcl_msgs
[10.517s] -- Installing: /home/ctaylor71023/ros2_ws/src/ctaylor319_capstone/install/pcl_msgs/share/ament_index/resource_index/parent_prefix_path/pcl_msgs
[10.517s] -- Installing: /home/ctaylor71023/ros2_ws/src/ctaylor319_capstone/install/pcl_msgs/share/pcl_msgs/environment/ament_prefix_path.sh
[10.517s] -- Installing: /home/ctaylor71023/ros2_ws/src/ctaylor319_capstone/install/pcl_msgs/share/pcl_msgs/environment/ament_prefix_path.dsv
[10.517s] -- Installing: /home/ctaylor71023/ros2_ws/src/ctaylor319_capstone/install/pcl_msgs/share/pcl_msgs/environment/path.sh
[10.517s] -- Installing: /home/ctaylor71023/ros2_ws/src/ctaylor319_capstone/install/pcl_msgs/share/pcl_msgs/environment/path.dsv
[10.517s] -- Installing: /home/ctaylor71023/ros2_ws/src/ctaylor319_capstone/install/pcl_msgs/share/pcl_msgs/local_setup.bash
[10.518s] -- Installing: /home/ctaylor71023/ros2_ws/src/ctaylor319_capstone/install/pcl_msgs/share/pcl_msgs/local_setup.sh
[10.518s] -- Installing: /home/ctaylor71023/ros2_ws/src/ctaylor319_capstone/install/pcl_msgs/share/pcl_msgs/local_setup.zsh
[10.518s] -- Installing: /home/ctaylor71023/ros2_ws/src/ctaylor319_capstone/install/pcl_msgs/share/pcl_msgs/local_setup.dsv
[10.518s] -- Installing: /home/ctaylor71023/ros2_ws/src/ctaylor319_capstone/install/pcl_msgs/share/pcl_msgs/package.dsv
[10.518s] -- Installing: /home/ctaylor71023/ros2_ws/src/ctaylor319_capstone/install/pcl_msgs/share/ament_index/resource_index/packages/pcl_msgs
[10.518s] -- Installing: /home/ctaylor71023/ros2_ws/src/ctaylor319_capstone/install/pcl_msgs/share/pcl_msgs/cmake/export_pcl_msgs__rosidl_generator_cExport.cmake
[10.519s] -- Installing: /home/ctaylor71023/ros2_ws/src/ctaylor319_capstone/install/pcl_msgs/share/pcl_msgs/cmake/export_pcl_msgs__rosidl_generator_cExport-noconfig.cmake
[10.519s] -- Installing: /home/ctaylor71023/ros2_ws/src/ctaylor319_capstone/install/pcl_msgs/share/pcl_msgs/cmake/export_pcl_msgs__rosidl_typesupport_fastrtps_cExport.cmake
[10.519s] -- Installing: /home/ctaylor71023/ros2_ws/src/ctaylor319_capstone/install/pcl_msgs/share/pcl_msgs/cmake/export_pcl_msgs__rosidl_typesupport_fastrtps_cExport-noconfig.cmake
[10.519s] -- Installing: /home/ctaylor71023/ros2_ws/src/ctaylor319_capstone/install/pcl_msgs/share/pcl_msgs/cmake/pcl_msgs__rosidl_typesupport_introspection_cExport.cmake
[10.519s] -- Installing: /home/ctaylor71023/ros2_ws/src/ctaylor319_capstone/install/pcl_msgs/share/pcl_msgs/cmake/pcl_msgs__rosidl_typesupport_introspection_cExport-noconfig.cmake
[10.519s] -- Installing: /home/ctaylor71023/ros2_ws/src/ctaylor319_capstone/install/pcl_msgs/share/pcl_msgs/cmake/pcl_msgs__rosidl_typesupport_cExport.cmake
[10.520s] -- Installing: /home/ctaylor71023/ros2_ws/src/ctaylor319_capstone/install/pcl_msgs/share/pcl_msgs/cmake/pcl_msgs__rosidl_typesupport_cExport-noconfig.cmake
[10.520s] -- Installing: /home/ctaylor71023/ros2_ws/src/ctaylor319_capstone/install/pcl_msgs/share/pcl_msgs/cmake/export_pcl_msgs__rosidl_generator_cppExport.cmake
[10.520s] -- Installing: /home/ctaylor71023/ros2_ws/src/ctaylor319_capstone/install/pcl_msgs/share/pcl_msgs/cmake/export_pcl_msgs__rosidl_typesupport_fastrtps_cppExport.cmake
[10.520s] -- Installing: /home/ctaylor71023/ros2_ws/src/ctaylor319_capstone/install/pcl_msgs/share/pcl_msgs/cmake/export_pcl_msgs__rosidl_typesupport_fastrtps_cppExport-noconfig.cmake
[10.520s] -- Installing: /home/ctaylor71023/ros2_ws/src/ctaylor319_capstone/install/pcl_msgs/share/pcl_msgs/cmake/pcl_msgs__rosidl_typesupport_introspection_cppExport.cmake
[10.520s] -- Installing: /home/ctaylor71023/ros2_ws/src/ctaylor319_capstone/install/pcl_msgs/share/pcl_msgs/cmake/pcl_msgs__rosidl_typesupport_introspection_cppExport-noconfig.cmake
[10.521s] -- Installing: /home/ctaylor71023/ros2_ws/src/ctaylor319_capstone/install/pcl_msgs/share/pcl_msgs/cmake/pcl_msgs__rosidl_typesupport_cppExport.cmake
[10.521s] -- Installing: /home/ctaylor71023/ros2_ws/src/ctaylor319_capstone/install/pcl_msgs/share/pcl_msgs/cmake/pcl_msgs__rosidl_typesupport_cppExport-noconfig.cmake
[10.521s] -- Installing: /home/ctaylor71023/ros2_ws/src/ctaylor319_capstone/install/pcl_msgs/share/pcl_msgs/cmake/export_pcl_msgs__rosidl_generator_pyExport.cmake
[10.521s] -- Installing: /home/ctaylor71023/ros2_ws/src/ctaylor319_capstone/install/pcl_msgs/share/pcl_msgs/cmake/export_pcl_msgs__rosidl_generator_pyExport-noconfig.cmake
[10.521s] -- Installing: /home/ctaylor71023/ros2_ws/src/ctaylor319_capstone/install/pcl_msgs/share/pcl_msgs/cmake/rosidl_cmake-extras.cmake
[10.521s] -- Installing: /home/ctaylor71023/ros2_ws/src/ctaylor319_capstone/install/pcl_msgs/share/pcl_msgs/cmake/ament_cmake_export_dependencies-extras.cmake
[10.521s] -- Installing: /home/ctaylor71023/ros2_ws/src/ctaylor319_capstone/install/pcl_msgs/share/pcl_msgs/cmake/ament_cmake_export_include_directories-extras.cmake
[10.522s] -- Installing: /home/ctaylor71023/ros2_ws/src/ctaylor319_capstone/install/pcl_msgs/share/pcl_msgs/cmake/ament_cmake_export_libraries-extras.cmake
[10.522s] -- Installing: /home/ctaylor71023/ros2_ws/src/ctaylor319_capstone/install/pcl_msgs/share/pcl_msgs/cmake/ament_cmake_export_targets-extras.cmake
[10.522s] -- Installing: /home/ctaylor71023/ros2_ws/src/ctaylor319_capstone/install/pcl_msgs/share/pcl_msgs/cmake/rosidl_cmake_export_typesupport_targets-extras.cmake
[10.522s] -- Installing: /home/ctaylor71023/ros2_ws/src/ctaylor319_capstone/install/pcl_msgs/share/pcl_msgs/cmake/rosidl_cmake_export_typesupport_libraries-extras.cmake
[10.522s] -- Installing: /home/ctaylor71023/ros2_ws/src/ctaylor319_capstone/install/pcl_msgs/share/pcl_msgs/cmake/pcl_msgsConfig.cmake
[10.522s] -- Installing: /home/ctaylor71023/ros2_ws/src/ctaylor319_capstone/install/pcl_msgs/share/pcl_msgs/cmake/pcl_msgsConfig-version.cmake
[10.523s] -- Installing: /home/ctaylor71023/ros2_ws/src/ctaylor319_capstone/install/pcl_msgs/share/pcl_msgs/package.xml
[10.526s] Invoked command in '/home/ctaylor71023/ros2_ws/src/ctaylor319_capstone/build/pcl_msgs' returned '0': CMAKE_PREFIX_PATH=${CMAKE_PREFIX_PATH}:/home/ctaylor71023/ws_moveit/install/moveit_configs_utils:/home/ctaylor71023/ws_moveit/install/launch_param_builder:/home/ctaylor71023/turtlebot3_ws/install/py_subpub:/home/ctaylor71023/turtlebot3_ws/install/Crossfire_object_follower:/home/ctaylor71023/turtlebot3_ws/install/Crossfire_navigate_to_goal:/home/ctaylor71023/turtlebot3_ws/install/Crossfire_lab6:/home/ctaylor71023/turtlebot3_ws/install/Crossfire_lab5:/home/ctaylor71023/turtlebot3_ws/install/Crossfire_chase_object:/home/ctaylor71023/turtlebot3_ws/src/install/py_subpub:/home/ctaylor71023/turtlebot3_ws/src/install/Lab2:/home/ctaylor71023/turtlebot3_ws/src/install/Crossfire_object_follower:/home/ctaylor71023/turtlebot3_ws/src/install/Crossfire_navigate_to_goal:/home/ctaylor71023/turtlebot3_ws/src/install/Crossfire_lab6:/home/ctaylor71023/turtlebot3_ws/src/install/Crossfire_lab5:/home/ctaylor71023/turtlebot3_ws/src/install/Crossfire_chase_object:/opt/ros/humble /usr/bin/cmake --install /home/ctaylor71023/ros2_ws/src/ctaylor319_capstone/build/pcl_msgs
