[0.318s] DEBUG:colcon:Command line arguments: ['/usr/bin/colcon', 'build']
[0.318s] DEBUG:colcon:Parsed command line arguments: Namespace(log_base=None, log_level=None, verb_name='build', build_base='build', install_base='install', merge_install=False, symlink_install=False, test_result_base=None, continue_on_error=False, executor='parallel', parallel_workers=8, event_handlers=None, ignore_user_meta=False, metas=['./colcon.meta'], base_paths=['.'], packages_ignore=None, packages_ignore_regex=None, paths=None, packages_up_to=None, packages_up_to_regex=None, packages_above=None, packages_above_and_dependencies=None, packages_above_depth=None, packages_select_by_dep=None, packages_skip_by_dep=None, packages_skip_up_to=None, packages_select_build_failed=False, packages_skip_build_finished=False, packages_select_test_failures=False, packages_skip_test_passed=False, packages_select=None, packages_skip=None, packages_select_regex=None, packages_skip_regex=None, packages_start=None, packages_end=None, allow_overriding=[], cmake_args=None, cmake_target=None, cmake_target_skip_unavailable=False, cmake_clean_cache=False, cmake_clean_first=False, cmake_force_configure=False, ament_cmake_args=None, catkin_cmake_args=None, catkin_skip_building_tests=False, mixin_files=None, mixin=None, verb_parser=<colcon_mixin.mixin.mixin_argument.MixinArgumentDecorator object at 0x7289f6a5e770>, verb_extension=<colcon_core.verb.build.BuildVerb object at 0x7289f6a5e0b0>, main=<bound method BuildVerb.main of <colcon_core.verb.build.BuildVerb object at 0x7289f6a5e0b0>>, mixin_verb=('build',))
[0.777s] Level 1:colcon.colcon_core.package_discovery:discover_packages(colcon_meta) check parameters
[0.777s] Level 1:colcon.colcon_core.package_discovery:discover_packages(recursive) check parameters
[0.777s] Level 1:colcon.colcon_core.package_discovery:discover_packages(ignore) check parameters
[0.777s] Level 1:colcon.colcon_core.package_discovery:discover_packages(path) check parameters
[0.777s] Level 1:colcon.colcon_core.package_discovery:discover_packages(colcon_meta) discover
[0.777s] Level 1:colcon.colcon_core.package_discovery:discover_packages(recursive) discover
[0.777s] INFO:colcon.colcon_core.package_discovery:Crawling recursively for packages in '/home/ctaylor71023/ros2_ws/src/ctaylor319_capstone'
[0.778s] Level 1:colcon.colcon_core.package_identification:_identify(.) by extensions ['ignore', 'ignore_ament_install']
[0.778s] Level 1:colcon.colcon_core.package_identification:_identify(.) by extension 'ignore'
[0.778s] Level 1:colcon.colcon_core.package_identification:_identify(.) by extension 'ignore_ament_install'
[0.778s] Level 1:colcon.colcon_core.package_identification:_identify(.) by extensions ['colcon_pkg']
[0.778s] Level 1:colcon.colcon_core.package_identification:_identify(.) by extension 'colcon_pkg'
[0.778s] Level 1:colcon.colcon_core.package_identification:_identify(.) by extensions ['colcon_meta']
[0.778s] Level 1:colcon.colcon_core.package_identification:_identify(.) by extension 'colcon_meta'
[0.779s] Level 1:colcon.colcon_core.package_identification:_identify(.) by extensions ['ros']
[0.779s] Level 1:colcon.colcon_core.package_identification:_identify(.) by extension 'ros'
[0.802s] Level 1:colcon.colcon_core.package_identification:_identify(.) by extensions ['cmake', 'python']
[0.803s] Level 1:colcon.colcon_core.package_identification:_identify(.) by extension 'cmake'
[0.803s] Level 1:colcon.colcon_core.package_identification:_identify(.) by extension 'python'
[0.803s] Level 1:colcon.colcon_core.package_identification:_identify(.) by extensions ['python_setup_py']
[0.803s] Level 1:colcon.colcon_core.package_identification:_identify(.) by extension 'python_setup_py'
[0.803s] Level 1:colcon.colcon_core.package_identification:_identify(build) by extensions ['ignore', 'ignore_ament_install']
[0.803s] Level 1:colcon.colcon_core.package_identification:_identify(build) by extension 'ignore'
[0.804s] Level 1:colcon.colcon_core.package_identification:_identify(build) ignored
[0.804s] Level 1:colcon.colcon_core.package_identification:_identify(env_construction) by extensions ['ignore', 'ignore_ament_install']
[0.804s] Level 1:colcon.colcon_core.package_identification:_identify(env_construction) by extension 'ignore'
[0.804s] Level 1:colcon.colcon_core.package_identification:_identify(env_construction) by extension 'ignore_ament_install'
[0.804s] Level 1:colcon.colcon_core.package_identification:_identify(env_construction) by extensions ['colcon_pkg']
[0.805s] Level 1:colcon.colcon_core.package_identification:_identify(env_construction) by extension 'colcon_pkg'
[0.805s] Level 1:colcon.colcon_core.package_identification:_identify(env_construction) by extensions ['colcon_meta']
[0.805s] Level 1:colcon.colcon_core.package_identification:_identify(env_construction) by extension 'colcon_meta'
[0.805s] Level 1:colcon.colcon_core.package_identification:_identify(env_construction) by extensions ['ros']
[0.805s] Level 1:colcon.colcon_core.package_identification:_identify(env_construction) by extension 'ros'
[0.811s] DEBUG:colcon.colcon_core.package_identification:Package 'env_construction' with type 'ros.ament_cmake' and name 'env_construction'
[0.811s] Level 1:colcon.colcon_core.package_identification:_identify(install) by extensions ['ignore', 'ignore_ament_install']
[0.811s] Level 1:colcon.colcon_core.package_identification:_identify(install) by extension 'ignore'
[0.812s] Level 1:colcon.colcon_core.package_identification:_identify(install) ignored
[0.812s] Level 1:colcon.colcon_core.package_identification:_identify(log) by extensions ['ignore', 'ignore_ament_install']
[0.812s] Level 1:colcon.colcon_core.package_identification:_identify(log) by extension 'ignore'
[0.812s] Level 1:colcon.colcon_core.package_identification:_identify(log) ignored
[0.812s] Level 1:colcon.colcon_core.package_identification:_identify(motion_planning) by extensions ['ignore', 'ignore_ament_install']
[0.813s] Level 1:colcon.colcon_core.package_identification:_identify(motion_planning) by extension 'ignore'
[0.813s] Level 1:colcon.colcon_core.package_identification:_identify(motion_planning) by extension 'ignore_ament_install'
[0.813s] Level 1:colcon.colcon_core.package_identification:_identify(motion_planning) by extensions ['colcon_pkg']
[0.813s] Level 1:colcon.colcon_core.package_identification:_identify(motion_planning) by extension 'colcon_pkg'
[0.813s] Level 1:colcon.colcon_core.package_identification:_identify(motion_planning) by extensions ['colcon_meta']
[0.813s] Level 1:colcon.colcon_core.package_identification:_identify(motion_planning) by extension 'colcon_meta'
[0.813s] Level 1:colcon.colcon_core.package_identification:_identify(motion_planning) by extensions ['ros']
[0.813s] Level 1:colcon.colcon_core.package_identification:_identify(motion_planning) by extension 'ros'
[0.815s] DEBUG:colcon.colcon_core.package_identification:Package 'motion_planning' with type 'ros.ament_cmake' and name 'motion_planning'
[0.815s] Level 1:colcon.colcon_core.package_identification:_identify(robot_control) by extensions ['ignore', 'ignore_ament_install']
[0.815s] Level 1:colcon.colcon_core.package_identification:_identify(robot_control) by extension 'ignore'
[0.815s] Level 1:colcon.colcon_core.package_identification:_identify(robot_control) by extension 'ignore_ament_install'
[0.815s] Level 1:colcon.colcon_core.package_identification:_identify(robot_control) by extensions ['colcon_pkg']
[0.815s] Level 1:colcon.colcon_core.package_identification:_identify(robot_control) by extension 'colcon_pkg'
[0.815s] Level 1:colcon.colcon_core.package_identification:_identify(robot_control) by extensions ['colcon_meta']
[0.816s] Level 1:colcon.colcon_core.package_identification:_identify(robot_control) by extension 'colcon_meta'
[0.816s] Level 1:colcon.colcon_core.package_identification:_identify(robot_control) by extensions ['ros']
[0.816s] Level 1:colcon.colcon_core.package_identification:_identify(robot_control) by extension 'ros'
[0.819s] DEBUG:colcon.colcon_core.package_identification:Package 'robot_control' with type 'ros.ament_cmake' and name 'robot_control'
[0.819s] Level 1:colcon.colcon_core.package_discovery:discover_packages(recursive) using defaults
[0.819s] Level 1:colcon.colcon_core.package_discovery:discover_packages(ignore) discover
[0.819s] Level 1:colcon.colcon_core.package_discovery:discover_packages(ignore) using defaults
[0.819s] Level 1:colcon.colcon_core.package_discovery:discover_packages(path) discover
[0.819s] Level 1:colcon.colcon_core.package_discovery:discover_packages(path) using defaults
[0.884s] Level 1:colcon.colcon_core.package_discovery:discover_packages(prefix_path) check parameters
[0.884s] Level 1:colcon.colcon_core.package_discovery:discover_packages(prefix_path) discover
[0.894s] DEBUG:colcon.colcon_installed_package_information.package_discovery:Found 4 installed packages in /home/ctaylor71023/ros2_ws/install
[0.897s] DEBUG:colcon.colcon_installed_package_information.package_discovery:Found 55 installed packages in /home/ctaylor71023/ws_moveit/install
[0.899s] DEBUG:colcon.colcon_installed_package_information.package_discovery:Found 10 installed packages in /home/ctaylor71023/turtlebot3_ws/install
[0.900s] DEBUG:colcon.colcon_installed_package_information.package_discovery:Found 11 installed packages in /home/ctaylor71023/turtlebot3_ws/src/install
[0.906s] DEBUG:colcon.colcon_installed_package_information.package_discovery:Found 433 installed packages in /opt/ros/humble
[0.910s] Level 1:colcon.colcon_core.package_discovery:discover_packages(prefix_path) using defaults
[1.040s] Level 5:colcon.colcon_core.verb:set package 'env_construction' build argument 'cmake_args' from command line to 'None'
[1.040s] Level 5:colcon.colcon_core.verb:set package 'env_construction' build argument 'cmake_target' from command line to 'None'
[1.040s] Level 5:colcon.colcon_core.verb:set package 'env_construction' build argument 'cmake_target_skip_unavailable' from command line to 'False'
[1.040s] Level 5:colcon.colcon_core.verb:set package 'env_construction' build argument 'cmake_clean_cache' from command line to 'False'
[1.040s] Level 5:colcon.colcon_core.verb:set package 'env_construction' build argument 'cmake_clean_first' from command line to 'False'
[1.040s] Level 5:colcon.colcon_core.verb:set package 'env_construction' build argument 'cmake_force_configure' from command line to 'False'
[1.040s] Level 5:colcon.colcon_core.verb:set package 'env_construction' build argument 'ament_cmake_args' from command line to 'None'
[1.040s] Level 5:colcon.colcon_core.verb:set package 'env_construction' build argument 'catkin_cmake_args' from command line to 'None'
[1.040s] Level 5:colcon.colcon_core.verb:set package 'env_construction' build argument 'catkin_skip_building_tests' from command line to 'False'
[1.040s] DEBUG:colcon.colcon_core.verb:Building package 'env_construction' with the following arguments: {'ament_cmake_args': None, 'build_base': '/home/ctaylor71023/ros2_ws/src/ctaylor319_capstone/build/env_construction', 'catkin_cmake_args': None, 'catkin_skip_building_tests': False, 'cmake_args': None, 'cmake_clean_cache': False, 'cmake_clean_first': False, 'cmake_force_configure': False, 'cmake_target': None, 'cmake_target_skip_unavailable': False, 'install_base': '/home/ctaylor71023/ros2_ws/src/ctaylor319_capstone/install/env_construction', 'merge_install': False, 'path': '/home/ctaylor71023/ros2_ws/src/ctaylor319_capstone/env_construction', 'symlink_install': False, 'test_result_base': None}
[1.041s] Level 5:colcon.colcon_core.verb:set package 'motion_planning' build argument 'cmake_args' from command line to 'None'
[1.041s] Level 5:colcon.colcon_core.verb:set package 'motion_planning' build argument 'cmake_target' from command line to 'None'
[1.041s] Level 5:colcon.colcon_core.verb:set package 'motion_planning' build argument 'cmake_target_skip_unavailable' from command line to 'False'
[1.041s] Level 5:colcon.colcon_core.verb:set package 'motion_planning' build argument 'cmake_clean_cache' from command line to 'False'
[1.041s] Level 5:colcon.colcon_core.verb:set package 'motion_planning' build argument 'cmake_clean_first' from command line to 'False'
[1.041s] Level 5:colcon.colcon_core.verb:set package 'motion_planning' build argument 'cmake_force_configure' from command line to 'False'
[1.042s] Level 5:colcon.colcon_core.verb:set package 'motion_planning' build argument 'ament_cmake_args' from command line to 'None'
[1.042s] Level 5:colcon.colcon_core.verb:set package 'motion_planning' build argument 'catkin_cmake_args' from command line to 'None'
[1.042s] Level 5:colcon.colcon_core.verb:set package 'motion_planning' build argument 'catkin_skip_building_tests' from command line to 'False'
[1.042s] DEBUG:colcon.colcon_core.verb:Building package 'motion_planning' with the following arguments: {'ament_cmake_args': None, 'build_base': '/home/ctaylor71023/ros2_ws/src/ctaylor319_capstone/build/motion_planning', 'catkin_cmake_args': None, 'catkin_skip_building_tests': False, 'cmake_args': None, 'cmake_clean_cache': False, 'cmake_clean_first': False, 'cmake_force_configure': False, 'cmake_target': None, 'cmake_target_skip_unavailable': False, 'install_base': '/home/ctaylor71023/ros2_ws/src/ctaylor319_capstone/install/motion_planning', 'merge_install': False, 'path': '/home/ctaylor71023/ros2_ws/src/ctaylor319_capstone/motion_planning', 'symlink_install': False, 'test_result_base': None}
[1.042s] Level 5:colcon.colcon_core.verb:set package 'robot_control' build argument 'cmake_args' from command line to 'None'
[1.043s] Level 5:colcon.colcon_core.verb:set package 'robot_control' build argument 'cmake_target' from command line to 'None'
[1.043s] Level 5:colcon.colcon_core.verb:set package 'robot_control' build argument 'cmake_target_skip_unavailable' from command line to 'False'
[1.043s] Level 5:colcon.colcon_core.verb:set package 'robot_control' build argument 'cmake_clean_cache' from command line to 'False'
[1.043s] Level 5:colcon.colcon_core.verb:set package 'robot_control' build argument 'cmake_clean_first' from command line to 'False'
[1.043s] Level 5:colcon.colcon_core.verb:set package 'robot_control' build argument 'cmake_force_configure' from command line to 'False'
[1.043s] Level 5:colcon.colcon_core.verb:set package 'robot_control' build argument 'ament_cmake_args' from command line to 'None'
[1.043s] Level 5:colcon.colcon_core.verb:set package 'robot_control' build argument 'catkin_cmake_args' from command line to 'None'
[1.043s] Level 5:colcon.colcon_core.verb:set package 'robot_control' build argument 'catkin_skip_building_tests' from command line to 'False'
[1.043s] DEBUG:colcon.colcon_core.verb:Building package 'robot_control' with the following arguments: {'ament_cmake_args': None, 'build_base': '/home/ctaylor71023/ros2_ws/src/ctaylor319_capstone/build/robot_control', 'catkin_cmake_args': None, 'catkin_skip_building_tests': False, 'cmake_args': None, 'cmake_clean_cache': False, 'cmake_clean_first': False, 'cmake_force_configure': False, 'cmake_target': None, 'cmake_target_skip_unavailable': False, 'install_base': '/home/ctaylor71023/ros2_ws/src/ctaylor319_capstone/install/robot_control', 'merge_install': False, 'path': '/home/ctaylor71023/ros2_ws/src/ctaylor319_capstone/robot_control', 'symlink_install': False, 'test_result_base': None}
[1.043s] INFO:colcon.colcon_core.executor:Executing jobs using 'parallel' executor
[1.045s] DEBUG:colcon.colcon_parallel_executor.executor.parallel:run_until_complete
[1.048s] INFO:colcon.colcon_ros.task.ament_cmake.build:Building ROS package in '/home/ctaylor71023/ros2_ws/src/ctaylor319_capstone/env_construction' with build type 'ament_cmake'
[1.049s] INFO:colcon.colcon_cmake.task.cmake.build:Building CMake package in '/home/ctaylor71023/ros2_ws/src/ctaylor319_capstone/env_construction'
[1.053s] INFO:colcon.colcon_core.plugin_system:Skipping extension 'colcon_core.shell.bat': Not used on non-Windows systems
[1.053s] INFO:colcon.colcon_core.shell:Skip shell extension 'powershell' for command environment: Not usable outside of PowerShell
[1.053s] DEBUG:colcon.colcon_core.shell:Skip shell extension 'dsv' for command environment
[1.075s] INFO:colcon.colcon_ros.task.ament_cmake.build:Building ROS package in '/home/ctaylor71023/ros2_ws/src/ctaylor319_capstone/motion_planning' with build type 'ament_cmake'
[1.076s] INFO:colcon.colcon_cmake.task.cmake.build:Building CMake package in '/home/ctaylor71023/ros2_ws/src/ctaylor319_capstone/motion_planning'
[1.077s] INFO:colcon.colcon_core.shell:Skip shell extension 'powershell' for command environment: Not usable outside of PowerShell
[1.077s] DEBUG:colcon.colcon_core.shell:Skip shell extension 'dsv' for command environment
[1.100s] INFO:colcon.colcon_ros.task.ament_cmake.build:Building ROS package in '/home/ctaylor71023/ros2_ws/src/ctaylor319_capstone/robot_control' with build type 'ament_cmake'
[1.100s] INFO:colcon.colcon_cmake.task.cmake.build:Building CMake package in '/home/ctaylor71023/ros2_ws/src/ctaylor319_capstone/robot_control'
[1.101s] INFO:colcon.colcon_core.shell:Skip shell extension 'powershell' for command environment: Not usable outside of PowerShell
[1.101s] DEBUG:colcon.colcon_core.shell:Skip shell extension 'dsv' for command environment
[1.134s] DEBUG:colcon.colcon_core.event_handler.log_command:Invoking command in '/home/ctaylor71023/ros2_ws/src/ctaylor319_capstone/build/env_construction': CMAKE_PREFIX_PATH=${CMAKE_PREFIX_PATH}:/home/ctaylor71023/ws_moveit/install/moveit_configs_utils:/home/ctaylor71023/ws_moveit/install/launch_param_builder:/home/ctaylor71023/turtlebot3_ws/install/py_subpub:/home/ctaylor71023/turtlebot3_ws/install/Crossfire_object_follower:/home/ctaylor71023/turtlebot3_ws/install/Crossfire_navigate_to_goal:/home/ctaylor71023/turtlebot3_ws/install/Crossfire_lab6:/home/ctaylor71023/turtlebot3_ws/install/Crossfire_lab5:/home/ctaylor71023/turtlebot3_ws/install/Crossfire_chase_object:/home/ctaylor71023/turtlebot3_ws/src/install/py_subpub:/home/ctaylor71023/turtlebot3_ws/src/install/Lab2:/home/ctaylor71023/turtlebot3_ws/src/install/Crossfire_object_follower:/home/ctaylor71023/turtlebot3_ws/src/install/Crossfire_navigate_to_goal:/home/ctaylor71023/turtlebot3_ws/src/install/Crossfire_lab6:/home/ctaylor71023/turtlebot3_ws/src/install/Crossfire_lab5:/home/ctaylor71023/turtlebot3_ws/src/install/Crossfire_chase_object:/opt/ros/humble /usr/bin/cmake --build /home/ctaylor71023/ros2_ws/src/ctaylor319_capstone/build/env_construction -- -j8 -l8
[1.150s] DEBUG:colcon.colcon_core.event_handler.log_command:Invoking command in '/home/ctaylor71023/ros2_ws/src/ctaylor319_capstone/build/motion_planning': CMAKE_PREFIX_PATH=${CMAKE_PREFIX_PATH}:/home/ctaylor71023/ws_moveit/install/moveit_configs_utils:/home/ctaylor71023/ws_moveit/install/launch_param_builder:/home/ctaylor71023/turtlebot3_ws/install/py_subpub:/home/ctaylor71023/turtlebot3_ws/install/Crossfire_object_follower:/home/ctaylor71023/turtlebot3_ws/install/Crossfire_navigate_to_goal:/home/ctaylor71023/turtlebot3_ws/install/Crossfire_lab6:/home/ctaylor71023/turtlebot3_ws/install/Crossfire_lab5:/home/ctaylor71023/turtlebot3_ws/install/Crossfire_chase_object:/home/ctaylor71023/turtlebot3_ws/src/install/py_subpub:/home/ctaylor71023/turtlebot3_ws/src/install/Lab2:/home/ctaylor71023/turtlebot3_ws/src/install/Crossfire_object_follower:/home/ctaylor71023/turtlebot3_ws/src/install/Crossfire_navigate_to_goal:/home/ctaylor71023/turtlebot3_ws/src/install/Crossfire_lab6:/home/ctaylor71023/turtlebot3_ws/src/install/Crossfire_lab5:/home/ctaylor71023/turtlebot3_ws/src/install/Crossfire_chase_object:/opt/ros/humble /usr/bin/cmake --build /home/ctaylor71023/ros2_ws/src/ctaylor319_capstone/build/motion_planning -- -j8 -l8
[1.165s] DEBUG:colcon.colcon_core.event_handler.log_command:Invoking command in '/home/ctaylor71023/ros2_ws/src/ctaylor319_capstone/build/robot_control': CMAKE_PREFIX_PATH=${CMAKE_PREFIX_PATH}:/home/ctaylor71023/ws_moveit/install/moveit_configs_utils:/home/ctaylor71023/ws_moveit/install/launch_param_builder:/home/ctaylor71023/turtlebot3_ws/install/py_subpub:/home/ctaylor71023/turtlebot3_ws/install/Crossfire_object_follower:/home/ctaylor71023/turtlebot3_ws/install/Crossfire_navigate_to_goal:/home/ctaylor71023/turtlebot3_ws/install/Crossfire_lab6:/home/ctaylor71023/turtlebot3_ws/install/Crossfire_lab5:/home/ctaylor71023/turtlebot3_ws/install/Crossfire_chase_object:/home/ctaylor71023/turtlebot3_ws/src/install/py_subpub:/home/ctaylor71023/turtlebot3_ws/src/install/Lab2:/home/ctaylor71023/turtlebot3_ws/src/install/Crossfire_object_follower:/home/ctaylor71023/turtlebot3_ws/src/install/Crossfire_navigate_to_goal:/home/ctaylor71023/turtlebot3_ws/src/install/Crossfire_lab6:/home/ctaylor71023/turtlebot3_ws/src/install/Crossfire_lab5:/home/ctaylor71023/turtlebot3_ws/src/install/Crossfire_chase_object:/opt/ros/humble /usr/bin/cmake --build /home/ctaylor71023/ros2_ws/src/ctaylor319_capstone/build/robot_control -- -j8 -l8
[1.291s] DEBUG:colcon.colcon_core.event_handler.log_command:Invoked command in '/home/ctaylor71023/ros2_ws/src/ctaylor319_capstone/build/motion_planning' returned '0': CMAKE_PREFIX_PATH=${CMAKE_PREFIX_PATH}:/home/ctaylor71023/ws_moveit/install/moveit_configs_utils:/home/ctaylor71023/ws_moveit/install/launch_param_builder:/home/ctaylor71023/turtlebot3_ws/install/py_subpub:/home/ctaylor71023/turtlebot3_ws/install/Crossfire_object_follower:/home/ctaylor71023/turtlebot3_ws/install/Crossfire_navigate_to_goal:/home/ctaylor71023/turtlebot3_ws/install/Crossfire_lab6:/home/ctaylor71023/turtlebot3_ws/install/Crossfire_lab5:/home/ctaylor71023/turtlebot3_ws/install/Crossfire_chase_object:/home/ctaylor71023/turtlebot3_ws/src/install/py_subpub:/home/ctaylor71023/turtlebot3_ws/src/install/Lab2:/home/ctaylor71023/turtlebot3_ws/src/install/Crossfire_object_follower:/home/ctaylor71023/turtlebot3_ws/src/install/Crossfire_navigate_to_goal:/home/ctaylor71023/turtlebot3_ws/src/install/Crossfire_lab6:/home/ctaylor71023/turtlebot3_ws/src/install/Crossfire_lab5:/home/ctaylor71023/turtlebot3_ws/src/install/Crossfire_chase_object:/opt/ros/humble /usr/bin/cmake --build /home/ctaylor71023/ros2_ws/src/ctaylor319_capstone/build/motion_planning -- -j8 -l8
[1.313s] DEBUG:colcon.colcon_core.event_handler.log_command:Invoked command in '/home/ctaylor71023/ros2_ws/src/ctaylor319_capstone/build/robot_control' returned '0': CMAKE_PREFIX_PATH=${CMAKE_PREFIX_PATH}:/home/ctaylor71023/ws_moveit/install/moveit_configs_utils:/home/ctaylor71023/ws_moveit/install/launch_param_builder:/home/ctaylor71023/turtlebot3_ws/install/py_subpub:/home/ctaylor71023/turtlebot3_ws/install/Crossfire_object_follower:/home/ctaylor71023/turtlebot3_ws/install/Crossfire_navigate_to_goal:/home/ctaylor71023/turtlebot3_ws/install/Crossfire_lab6:/home/ctaylor71023/turtlebot3_ws/install/Crossfire_lab5:/home/ctaylor71023/turtlebot3_ws/install/Crossfire_chase_object:/home/ctaylor71023/turtlebot3_ws/src/install/py_subpub:/home/ctaylor71023/turtlebot3_ws/src/install/Lab2:/home/ctaylor71023/turtlebot3_ws/src/install/Crossfire_object_follower:/home/ctaylor71023/turtlebot3_ws/src/install/Crossfire_navigate_to_goal:/home/ctaylor71023/turtlebot3_ws/src/install/Crossfire_lab6:/home/ctaylor71023/turtlebot3_ws/src/install/Crossfire_lab5:/home/ctaylor71023/turtlebot3_ws/src/install/Crossfire_chase_object:/opt/ros/humble /usr/bin/cmake --build /home/ctaylor71023/ros2_ws/src/ctaylor319_capstone/build/robot_control -- -j8 -l8
[1.413s] DEBUG:colcon.colcon_core.event_handler.log_command:Invoking command in '/home/ctaylor71023/ros2_ws/src/ctaylor319_capstone/build/motion_planning': CMAKE_PREFIX_PATH=${CMAKE_PREFIX_PATH}:/home/ctaylor71023/ws_moveit/install/moveit_configs_utils:/home/ctaylor71023/ws_moveit/install/launch_param_builder:/home/ctaylor71023/turtlebot3_ws/install/py_subpub:/home/ctaylor71023/turtlebot3_ws/install/Crossfire_object_follower:/home/ctaylor71023/turtlebot3_ws/install/Crossfire_navigate_to_goal:/home/ctaylor71023/turtlebot3_ws/install/Crossfire_lab6:/home/ctaylor71023/turtlebot3_ws/install/Crossfire_lab5:/home/ctaylor71023/turtlebot3_ws/install/Crossfire_chase_object:/home/ctaylor71023/turtlebot3_ws/src/install/py_subpub:/home/ctaylor71023/turtlebot3_ws/src/install/Lab2:/home/ctaylor71023/turtlebot3_ws/src/install/Crossfire_object_follower:/home/ctaylor71023/turtlebot3_ws/src/install/Crossfire_navigate_to_goal:/home/ctaylor71023/turtlebot3_ws/src/install/Crossfire_lab6:/home/ctaylor71023/turtlebot3_ws/src/install/Crossfire_lab5:/home/ctaylor71023/turtlebot3_ws/src/install/Crossfire_chase_object:/opt/ros/humble /usr/bin/cmake --install /home/ctaylor71023/ros2_ws/src/ctaylor319_capstone/build/motion_planning
[1.421s] DEBUG:colcon.colcon_core.event_handler.log_command:Invoking command in '/home/ctaylor71023/ros2_ws/src/ctaylor319_capstone/build/robot_control': CMAKE_PREFIX_PATH=${CMAKE_PREFIX_PATH}:/home/ctaylor71023/ws_moveit/install/moveit_configs_utils:/home/ctaylor71023/ws_moveit/install/launch_param_builder:/home/ctaylor71023/turtlebot3_ws/install/py_subpub:/home/ctaylor71023/turtlebot3_ws/install/Crossfire_object_follower:/home/ctaylor71023/turtlebot3_ws/install/Crossfire_navigate_to_goal:/home/ctaylor71023/turtlebot3_ws/install/Crossfire_lab6:/home/ctaylor71023/turtlebot3_ws/install/Crossfire_lab5:/home/ctaylor71023/turtlebot3_ws/install/Crossfire_chase_object:/home/ctaylor71023/turtlebot3_ws/src/install/py_subpub:/home/ctaylor71023/turtlebot3_ws/src/install/Lab2:/home/ctaylor71023/turtlebot3_ws/src/install/Crossfire_object_follower:/home/ctaylor71023/turtlebot3_ws/src/install/Crossfire_navigate_to_goal:/home/ctaylor71023/turtlebot3_ws/src/install/Crossfire_lab6:/home/ctaylor71023/turtlebot3_ws/src/install/Crossfire_lab5:/home/ctaylor71023/turtlebot3_ws/src/install/Crossfire_chase_object:/opt/ros/humble /usr/bin/cmake --install /home/ctaylor71023/ros2_ws/src/ctaylor319_capstone/build/robot_control
[1.442s] Level 1:colcon.colcon_core.environment:create_environment_scripts_only(motion_planning)
[1.443s] DEBUG:colcon.colcon_core.event_handler.log_command:Invoked command in '/home/ctaylor71023/ros2_ws/src/ctaylor319_capstone/build/motion_planning' returned '0': CMAKE_PREFIX_PATH=${CMAKE_PREFIX_PATH}:/home/ctaylor71023/ws_moveit/install/moveit_configs_utils:/home/ctaylor71023/ws_moveit/install/launch_param_builder:/home/ctaylor71023/turtlebot3_ws/install/py_subpub:/home/ctaylor71023/turtlebot3_ws/install/Crossfire_object_follower:/home/ctaylor71023/turtlebot3_ws/install/Crossfire_navigate_to_goal:/home/ctaylor71023/turtlebot3_ws/install/Crossfire_lab6:/home/ctaylor71023/turtlebot3_ws/install/Crossfire_lab5:/home/ctaylor71023/turtlebot3_ws/install/Crossfire_chase_object:/home/ctaylor71023/turtlebot3_ws/src/install/py_subpub:/home/ctaylor71023/turtlebot3_ws/src/install/Lab2:/home/ctaylor71023/turtlebot3_ws/src/install/Crossfire_object_follower:/home/ctaylor71023/turtlebot3_ws/src/install/Crossfire_navigate_to_goal:/home/ctaylor71023/turtlebot3_ws/src/install/Crossfire_lab6:/home/ctaylor71023/turtlebot3_ws/src/install/Crossfire_lab5:/home/ctaylor71023/turtlebot3_ws/src/install/Crossfire_chase_object:/opt/ros/humble /usr/bin/cmake --install /home/ctaylor71023/ros2_ws/src/ctaylor319_capstone/build/motion_planning
[1.456s] Level 1:colcon.colcon_core.environment:checking '/home/ctaylor71023/ros2_ws/src/ctaylor319_capstone/install/motion_planning' for CMake module files
[1.457s] Level 1:colcon.colcon_core.environment:checking '/home/ctaylor71023/ros2_ws/src/ctaylor319_capstone/install/motion_planning' for CMake config files
[1.457s] Level 1:colcon.colcon_core.shell:create_environment_hook('motion_planning', 'cmake_prefix_path')
[1.458s] INFO:colcon.colcon_core.shell:Creating environment hook '/home/ctaylor71023/ros2_ws/src/ctaylor319_capstone/install/motion_planning/share/motion_planning/hook/cmake_prefix_path.ps1'
[1.459s] INFO:colcon.colcon_core.shell:Creating environment descriptor '/home/ctaylor71023/ros2_ws/src/ctaylor319_capstone/install/motion_planning/share/motion_planning/hook/cmake_prefix_path.dsv'
[1.461s] INFO:colcon.colcon_core.shell:Creating environment hook '/home/ctaylor71023/ros2_ws/src/ctaylor319_capstone/install/motion_planning/share/motion_planning/hook/cmake_prefix_path.sh'
[1.464s] Level 1:colcon.colcon_core.environment:checking '/home/ctaylor71023/ros2_ws/src/ctaylor319_capstone/install/motion_planning/bin'
[1.464s] Level 1:colcon.colcon_core.environment:checking '/home/ctaylor71023/ros2_ws/src/ctaylor319_capstone/install/motion_planning/lib/pkgconfig/motion_planning.pc'
[1.466s] Level 1:colcon.colcon_core.environment:checking '/home/ctaylor71023/ros2_ws/src/ctaylor319_capstone/install/motion_planning/lib/python3.10/site-packages'
[1.466s] Level 1:colcon.colcon_core.environment:checking '/home/ctaylor71023/ros2_ws/src/ctaylor319_capstone/install/motion_planning/bin'
[1.468s] INFO:colcon.colcon_core.shell:Creating package script '/home/ctaylor71023/ros2_ws/src/ctaylor319_capstone/install/motion_planning/share/motion_planning/package.ps1'
[1.470s] INFO:colcon.colcon_core.shell:Creating package descriptor '/home/ctaylor71023/ros2_ws/src/ctaylor319_capstone/install/motion_planning/share/motion_planning/package.dsv'
[1.470s] INFO:colcon.colcon_core.shell:Creating package script '/home/ctaylor71023/ros2_ws/src/ctaylor319_capstone/install/motion_planning/share/motion_planning/package.sh'
[1.472s] INFO:colcon.colcon_core.shell:Creating package script '/home/ctaylor71023/ros2_ws/src/ctaylor319_capstone/install/motion_planning/share/motion_planning/package.bash'
[1.474s] INFO:colcon.colcon_core.shell:Creating package script '/home/ctaylor71023/ros2_ws/src/ctaylor319_capstone/install/motion_planning/share/motion_planning/package.zsh'
[1.475s] Level 1:colcon.colcon_core.environment:create_file_with_runtime_dependencies(/home/ctaylor71023/ros2_ws/src/ctaylor319_capstone/install/motion_planning/share/colcon-core/packages/motion_planning)
[1.481s] Level 1:colcon.colcon_core.environment:create_environment_scripts_only(robot_control)
[1.482s] Level 1:colcon.colcon_core.environment:checking '/home/ctaylor71023/ros2_ws/src/ctaylor319_capstone/install/robot_control' for CMake module files
[1.483s] DEBUG:colcon.colcon_core.event_handler.log_command:Invoked command in '/home/ctaylor71023/ros2_ws/src/ctaylor319_capstone/build/robot_control' returned '0': CMAKE_PREFIX_PATH=${CMAKE_PREFIX_PATH}:/home/ctaylor71023/ws_moveit/install/moveit_configs_utils:/home/ctaylor71023/ws_moveit/install/launch_param_builder:/home/ctaylor71023/turtlebot3_ws/install/py_subpub:/home/ctaylor71023/turtlebot3_ws/install/Crossfire_object_follower:/home/ctaylor71023/turtlebot3_ws/install/Crossfire_navigate_to_goal:/home/ctaylor71023/turtlebot3_ws/install/Crossfire_lab6:/home/ctaylor71023/turtlebot3_ws/install/Crossfire_lab5:/home/ctaylor71023/turtlebot3_ws/install/Crossfire_chase_object:/home/ctaylor71023/turtlebot3_ws/src/install/py_subpub:/home/ctaylor71023/turtlebot3_ws/src/install/Lab2:/home/ctaylor71023/turtlebot3_ws/src/install/Crossfire_object_follower:/home/ctaylor71023/turtlebot3_ws/src/install/Crossfire_navigate_to_goal:/home/ctaylor71023/turtlebot3_ws/src/install/Crossfire_lab6:/home/ctaylor71023/turtlebot3_ws/src/install/Crossfire_lab5:/home/ctaylor71023/turtlebot3_ws/src/install/Crossfire_chase_object:/opt/ros/humble /usr/bin/cmake --install /home/ctaylor71023/ros2_ws/src/ctaylor319_capstone/build/robot_control
[1.484s] Level 1:colcon.colcon_core.environment:checking '/home/ctaylor71023/ros2_ws/src/ctaylor319_capstone/install/robot_control' for CMake config files
[1.484s] Level 1:colcon.colcon_core.shell:create_environment_hook('robot_control', 'cmake_prefix_path')
[1.484s] INFO:colcon.colcon_core.shell:Creating environment hook '/home/ctaylor71023/ros2_ws/src/ctaylor319_capstone/install/robot_control/share/robot_control/hook/cmake_prefix_path.ps1'
[1.485s] INFO:colcon.colcon_core.shell:Creating environment descriptor '/home/ctaylor71023/ros2_ws/src/ctaylor319_capstone/install/robot_control/share/robot_control/hook/cmake_prefix_path.dsv'
[1.486s] INFO:colcon.colcon_core.shell:Creating environment hook '/home/ctaylor71023/ros2_ws/src/ctaylor319_capstone/install/robot_control/share/robot_control/hook/cmake_prefix_path.sh'
[1.486s] Level 1:colcon.colcon_core.environment:checking '/home/ctaylor71023/ros2_ws/src/ctaylor319_capstone/install/robot_control/bin'
[1.487s] Level 1:colcon.colcon_core.environment:checking '/home/ctaylor71023/ros2_ws/src/ctaylor319_capstone/install/robot_control/lib/pkgconfig/robot_control.pc'
[1.487s] Level 1:colcon.colcon_core.environment:checking '/home/ctaylor71023/ros2_ws/src/ctaylor319_capstone/install/robot_control/lib/python3.10/site-packages'
[1.487s] Level 1:colcon.colcon_core.environment:checking '/home/ctaylor71023/ros2_ws/src/ctaylor319_capstone/install/robot_control/bin'
[1.488s] INFO:colcon.colcon_core.shell:Creating package script '/home/ctaylor71023/ros2_ws/src/ctaylor319_capstone/install/robot_control/share/robot_control/package.ps1'
[1.489s] INFO:colcon.colcon_core.shell:Creating package descriptor '/home/ctaylor71023/ros2_ws/src/ctaylor319_capstone/install/robot_control/share/robot_control/package.dsv'
[1.490s] INFO:colcon.colcon_core.shell:Creating package script '/home/ctaylor71023/ros2_ws/src/ctaylor319_capstone/install/robot_control/share/robot_control/package.sh'
[1.491s] INFO:colcon.colcon_core.shell:Creating package script '/home/ctaylor71023/ros2_ws/src/ctaylor319_capstone/install/robot_control/share/robot_control/package.bash'
[1.492s] INFO:colcon.colcon_core.shell:Creating package script '/home/ctaylor71023/ros2_ws/src/ctaylor319_capstone/install/robot_control/share/robot_control/package.zsh'
[1.493s] Level 1:colcon.colcon_core.environment:create_file_with_runtime_dependencies(/home/ctaylor71023/ros2_ws/src/ctaylor319_capstone/install/robot_control/share/colcon-core/packages/robot_control)
[1.566s] Level 1:colcon.colcon_core.environment:create_environment_scripts_only(motion_planning)
[1.567s] Level 1:colcon.colcon_core.environment:checking '/home/ctaylor71023/ros2_ws/src/ctaylor319_capstone/install/motion_planning' for CMake module files
[1.568s] Level 1:colcon.colcon_core.environment:checking '/home/ctaylor71023/ros2_ws/src/ctaylor319_capstone/install/motion_planning' for CMake config files
[1.569s] Level 1:colcon.colcon_core.shell:create_environment_hook('motion_planning', 'cmake_prefix_path')
[1.569s] INFO:colcon.colcon_core.shell:Creating environment hook '/home/ctaylor71023/ros2_ws/src/ctaylor319_capstone/install/motion_planning/share/motion_planning/hook/cmake_prefix_path.ps1'
[1.570s] INFO:colcon.colcon_core.shell:Creating environment descriptor '/home/ctaylor71023/ros2_ws/src/ctaylor319_capstone/install/motion_planning/share/motion_planning/hook/cmake_prefix_path.dsv'
[1.570s] INFO:colcon.colcon_core.shell:Creating environment hook '/home/ctaylor71023/ros2_ws/src/ctaylor319_capstone/install/motion_planning/share/motion_planning/hook/cmake_prefix_path.sh'
[1.571s] Level 1:colcon.colcon_core.environment:checking '/home/ctaylor71023/ros2_ws/src/ctaylor319_capstone/install/motion_planning/bin'
[1.571s] Level 1:colcon.colcon_core.environment:checking '/home/ctaylor71023/ros2_ws/src/ctaylor319_capstone/install/motion_planning/lib/pkgconfig/motion_planning.pc'
[1.571s] Level 1:colcon.colcon_core.environment:checking '/home/ctaylor71023/ros2_ws/src/ctaylor319_capstone/install/motion_planning/lib/python3.10/site-packages'
[1.572s] Level 1:colcon.colcon_core.environment:checking '/home/ctaylor71023/ros2_ws/src/ctaylor319_capstone/install/motion_planning/bin'
[1.572s] INFO:colcon.colcon_core.shell:Creating package script '/home/ctaylor71023/ros2_ws/src/ctaylor319_capstone/install/motion_planning/share/motion_planning/package.ps1'
[1.574s] INFO:colcon.colcon_core.shell:Creating package descriptor '/home/ctaylor71023/ros2_ws/src/ctaylor319_capstone/install/motion_planning/share/motion_planning/package.dsv'
[1.575s] INFO:colcon.colcon_core.shell:Creating package script '/home/ctaylor71023/ros2_ws/src/ctaylor319_capstone/install/motion_planning/share/motion_planning/package.sh'
[1.578s] INFO:colcon.colcon_core.shell:Creating package script '/home/ctaylor71023/ros2_ws/src/ctaylor319_capstone/install/motion_planning/share/motion_planning/package.bash'
[1.579s] INFO:colcon.colcon_core.shell:Creating package script '/home/ctaylor71023/ros2_ws/src/ctaylor319_capstone/install/motion_planning/share/motion_planning/package.zsh'
[1.580s] Level 1:colcon.colcon_core.environment:create_file_with_runtime_dependencies(/home/ctaylor71023/ros2_ws/src/ctaylor319_capstone/install/motion_planning/share/colcon-core/packages/motion_planning)
[1.582s] Level 1:colcon.colcon_core.environment:create_environment_scripts_only(robot_control)
[1.583s] Level 1:colcon.colcon_core.environment:checking '/home/ctaylor71023/ros2_ws/src/ctaylor319_capstone/install/robot_control' for CMake module files
[1.584s] Level 1:colcon.colcon_core.environment:checking '/home/ctaylor71023/ros2_ws/src/ctaylor319_capstone/install/robot_control' for CMake config files
[1.584s] Level 1:colcon.colcon_core.shell:create_environment_hook('robot_control', 'cmake_prefix_path')
[1.584s] INFO:colcon.colcon_core.shell:Creating environment hook '/home/ctaylor71023/ros2_ws/src/ctaylor319_capstone/install/robot_control/share/robot_control/hook/cmake_prefix_path.ps1'
[1.585s] INFO:colcon.colcon_core.shell:Creating environment descriptor '/home/ctaylor71023/ros2_ws/src/ctaylor319_capstone/install/robot_control/share/robot_control/hook/cmake_prefix_path.dsv'
[1.585s] INFO:colcon.colcon_core.shell:Creating environment hook '/home/ctaylor71023/ros2_ws/src/ctaylor319_capstone/install/robot_control/share/robot_control/hook/cmake_prefix_path.sh'
[1.586s] Level 1:colcon.colcon_core.environment:checking '/home/ctaylor71023/ros2_ws/src/ctaylor319_capstone/install/robot_control/bin'
[1.587s] Level 1:colcon.colcon_core.environment:checking '/home/ctaylor71023/ros2_ws/src/ctaylor319_capstone/install/robot_control/lib/pkgconfig/robot_control.pc'
[1.587s] Level 1:colcon.colcon_core.environment:checking '/home/ctaylor71023/ros2_ws/src/ctaylor319_capstone/install/robot_control/lib/python3.10/site-packages'
[1.588s] Level 1:colcon.colcon_core.environment:checking '/home/ctaylor71023/ros2_ws/src/ctaylor319_capstone/install/robot_control/bin'
[1.589s] INFO:colcon.colcon_core.shell:Creating package script '/home/ctaylor71023/ros2_ws/src/ctaylor319_capstone/install/robot_control/share/robot_control/package.ps1'
[1.591s] INFO:colcon.colcon_core.shell:Creating package descriptor '/home/ctaylor71023/ros2_ws/src/ctaylor319_capstone/install/robot_control/share/robot_control/package.dsv'
[1.592s] INFO:colcon.colcon_core.shell:Creating package script '/home/ctaylor71023/ros2_ws/src/ctaylor319_capstone/install/robot_control/share/robot_control/package.sh'
[1.595s] INFO:colcon.colcon_core.shell:Creating package script '/home/ctaylor71023/ros2_ws/src/ctaylor319_capstone/install/robot_control/share/robot_control/package.bash'
[1.597s] INFO:colcon.colcon_core.shell:Creating package script '/home/ctaylor71023/ros2_ws/src/ctaylor319_capstone/install/robot_control/share/robot_control/package.zsh'
[1.598s] Level 1:colcon.colcon_core.environment:create_file_with_runtime_dependencies(/home/ctaylor71023/ros2_ws/src/ctaylor319_capstone/install/robot_control/share/colcon-core/packages/robot_control)
[15.289s] DEBUG:colcon.colcon_core.event_handler.log_command:Invoked command in '/home/ctaylor71023/ros2_ws/src/ctaylor319_capstone/build/env_construction' returned '2': CMAKE_PREFIX_PATH=${CMAKE_PREFIX_PATH}:/home/ctaylor71023/ws_moveit/install/moveit_configs_utils:/home/ctaylor71023/ws_moveit/install/launch_param_builder:/home/ctaylor71023/turtlebot3_ws/install/py_subpub:/home/ctaylor71023/turtlebot3_ws/install/Crossfire_object_follower:/home/ctaylor71023/turtlebot3_ws/install/Crossfire_navigate_to_goal:/home/ctaylor71023/turtlebot3_ws/install/Crossfire_lab6:/home/ctaylor71023/turtlebot3_ws/install/Crossfire_lab5:/home/ctaylor71023/turtlebot3_ws/install/Crossfire_chase_object:/home/ctaylor71023/turtlebot3_ws/src/install/py_subpub:/home/ctaylor71023/turtlebot3_ws/src/install/Lab2:/home/ctaylor71023/turtlebot3_ws/src/install/Crossfire_object_follower:/home/ctaylor71023/turtlebot3_ws/src/install/Crossfire_navigate_to_goal:/home/ctaylor71023/turtlebot3_ws/src/install/Crossfire_lab6:/home/ctaylor71023/turtlebot3_ws/src/install/Crossfire_lab5:/home/ctaylor71023/turtlebot3_ws/src/install/Crossfire_chase_object:/opt/ros/humble /usr/bin/cmake --build /home/ctaylor71023/ros2_ws/src/ctaylor319_capstone/build/env_construction -- -j8 -l8
[15.393s] Level 1:colcon.colcon_core.environment:create_environment_scripts_only(env_construction)
[15.393s] Level 1:colcon.colcon_core.environment:checking '/home/ctaylor71023/ros2_ws/src/ctaylor319_capstone/install/env_construction' for CMake module files
[15.394s] Level 1:colcon.colcon_core.environment:checking '/home/ctaylor71023/ros2_ws/src/ctaylor319_capstone/install/env_construction' for CMake config files
[15.394s] Level 1:colcon.colcon_core.shell:create_environment_hook('env_construction', 'cmake_prefix_path')
[15.394s] INFO:colcon.colcon_core.shell:Creating environment hook '/home/ctaylor71023/ros2_ws/src/ctaylor319_capstone/install/env_construction/share/env_construction/hook/cmake_prefix_path.ps1'
[15.395s] INFO:colcon.colcon_core.shell:Creating environment descriptor '/home/ctaylor71023/ros2_ws/src/ctaylor319_capstone/install/env_construction/share/env_construction/hook/cmake_prefix_path.dsv'
[15.396s] INFO:colcon.colcon_core.shell:Creating environment hook '/home/ctaylor71023/ros2_ws/src/ctaylor319_capstone/install/env_construction/share/env_construction/hook/cmake_prefix_path.sh'
[15.398s] Level 1:colcon.colcon_core.environment:checking '/home/ctaylor71023/ros2_ws/src/ctaylor319_capstone/install/env_construction/bin'
[15.398s] Level 1:colcon.colcon_core.environment:checking '/home/ctaylor71023/ros2_ws/src/ctaylor319_capstone/install/env_construction/lib/pkgconfig/env_construction.pc'
[15.399s] Level 1:colcon.colcon_core.environment:checking '/home/ctaylor71023/ros2_ws/src/ctaylor319_capstone/install/env_construction/lib/python3.10/site-packages'
[15.400s] Level 1:colcon.colcon_core.environment:checking '/home/ctaylor71023/ros2_ws/src/ctaylor319_capstone/install/env_construction/bin'
[15.400s] INFO:colcon.colcon_core.shell:Creating package script '/home/ctaylor71023/ros2_ws/src/ctaylor319_capstone/install/env_construction/share/env_construction/package.ps1'
[15.401s] INFO:colcon.colcon_core.shell:Creating package descriptor '/home/ctaylor71023/ros2_ws/src/ctaylor319_capstone/install/env_construction/share/env_construction/package.dsv'
[15.402s] INFO:colcon.colcon_core.shell:Creating package script '/home/ctaylor71023/ros2_ws/src/ctaylor319_capstone/install/env_construction/share/env_construction/package.sh'
[15.403s] INFO:colcon.colcon_core.shell:Creating package script '/home/ctaylor71023/ros2_ws/src/ctaylor319_capstone/install/env_construction/share/env_construction/package.bash'
[15.404s] INFO:colcon.colcon_core.shell:Creating package script '/home/ctaylor71023/ros2_ws/src/ctaylor319_capstone/install/env_construction/share/env_construction/package.zsh'
[15.404s] Level 1:colcon.colcon_core.environment:create_file_with_runtime_dependencies(/home/ctaylor71023/ros2_ws/src/ctaylor319_capstone/install/env_construction/share/colcon-core/packages/env_construction)
[15.415s] DEBUG:colcon.colcon_parallel_executor.executor.parallel:closing loop
[15.416s] DEBUG:colcon.colcon_parallel_executor.executor.parallel:loop closed
[15.416s] DEBUG:colcon.colcon_parallel_executor.executor.parallel:run_until_complete finished with '2'
[15.417s] DEBUG:colcon.colcon_core.event_reactor:joining thread
[15.427s] INFO:colcon.colcon_core.plugin_system:Skipping extension 'colcon_notification.desktop_notification.terminal_notifier': Not used on non-Darwin systems
[15.427s] INFO:colcon.colcon_core.plugin_system:Skipping extension 'colcon_notification.desktop_notification.win32': Not used on non-Windows systems
[15.427s] INFO:colcon.colcon_notification.desktop_notification:Sending desktop notification using 'notify2'
[15.451s] DEBUG:colcon.colcon_core.event_reactor:joined thread
[15.452s] INFO:colcon.colcon_core.shell:Creating prefix script '/home/ctaylor71023/ros2_ws/src/ctaylor319_capstone/install/local_setup.ps1'
[15.453s] INFO:colcon.colcon_core.shell:Creating prefix util module '/home/ctaylor71023/ros2_ws/src/ctaylor319_capstone/install/_local_setup_util_ps1.py'
[15.455s] INFO:colcon.colcon_core.shell:Creating prefix chain script '/home/ctaylor71023/ros2_ws/src/ctaylor319_capstone/install/setup.ps1'
[15.464s] INFO:colcon.colcon_core.shell:Creating prefix script '/home/ctaylor71023/ros2_ws/src/ctaylor319_capstone/install/local_setup.sh'
[15.466s] INFO:colcon.colcon_core.shell:Creating prefix util module '/home/ctaylor71023/ros2_ws/src/ctaylor319_capstone/install/_local_setup_util_sh.py'
[15.467s] INFO:colcon.colcon_core.shell:Creating prefix chain script '/home/ctaylor71023/ros2_ws/src/ctaylor319_capstone/install/setup.sh'
[15.477s] INFO:colcon.colcon_core.shell:Creating prefix script '/home/ctaylor71023/ros2_ws/src/ctaylor319_capstone/install/local_setup.bash'
[15.478s] INFO:colcon.colcon_core.shell:Creating prefix chain script '/home/ctaylor71023/ros2_ws/src/ctaylor319_capstone/install/setup.bash'
[15.492s] INFO:colcon.colcon_core.shell:Creating prefix script '/home/ctaylor71023/ros2_ws/src/ctaylor319_capstone/install/local_setup.zsh'
[15.493s] INFO:colcon.colcon_core.shell:Creating prefix chain script '/home/ctaylor71023/ros2_ws/src/ctaylor319_capstone/install/setup.zsh'
