[0.085s] Invoking command in '/home/ctaylor71023/ros2_ws/src/ctaylor319_capstone/build/env_construction': CMAKE_PREFIX_PATH=${CMAKE_PREFIX_PATH}:/home/ctaylor71023/ws_moveit/install/moveit_configs_utils:/home/ctaylor71023/ws_moveit/install/launch_param_builder:/home/ctaylor71023/turtlebot3_ws/install/py_subpub:/home/ctaylor71023/turtlebot3_ws/install/Crossfire_object_follower:/home/ctaylor71023/turtlebot3_ws/install/Crossfire_navigate_to_goal:/home/ctaylor71023/turtlebot3_ws/install/Crossfire_lab6:/home/ctaylor71023/turtlebot3_ws/install/Crossfire_lab5:/home/ctaylor71023/turtlebot3_ws/install/Crossfire_chase_object:/home/ctaylor71023/turtlebot3_ws/src/install/py_subpub:/home/ctaylor71023/turtlebot3_ws/src/install/Lab2:/home/ctaylor71023/turtlebot3_ws/src/install/Crossfire_object_follower:/home/ctaylor71023/turtlebot3_ws/src/install/Crossfire_navigate_to_goal:/home/ctaylor71023/turtlebot3_ws/src/install/Crossfire_lab6:/home/ctaylor71023/turtlebot3_ws/src/install/Crossfire_lab5:/home/ctaylor71023/turtlebot3_ws/src/install/Crossfire_chase_object:/opt/ros/humble /usr/bin/cmake /home/ctaylor71023/ros2_ws/src/ctaylor319_capstone/env_construction -DCMAKE_INSTALL_PREFIX=/home/ctaylor71023/ros2_ws/src/ctaylor319_capstone/install/env_construction
[0.266s] -- The C compiler identification is GNU 11.4.0
[0.440s] -- The CXX compiler identification is GNU 11.4.0
[0.463s] -- Detecting C compiler ABI info
[0.674s] -- Detecting C compiler ABI info - done
[0.698s] -- Check for working C compiler: /usr/bin/cc - skipped
[0.698s] -- Detecting C compile features
[0.700s] -- Detecting C compile features - done
[0.707s] -- Detecting CXX compiler ABI info
[0.962s] -- Detecting CXX compiler ABI info - done
[0.984s] -- Check for working CXX compiler: /usr/bin/c++ - skipped
[0.984s] -- Detecting CXX compile features
[0.986s] -- Detecting CXX compile features - done
[1.008s] -- Found ament_cmake: 1.3.10 (/opt/ros/humble/share/ament_cmake/cmake)
[1.585s] -- Found Python3: /usr/bin/python3 (found version "3.10.12") found components: Interpreter 
[2.117s] -- Found rclcpp: 16.0.10 (/opt/ros/humble/share/rclcpp/cmake)
[2.552s] -- Found rosidl_generator_c: 3.1.5 (/opt/ros/humble/share/rosidl_generator_c/cmake)
[2.624s] -- Found rosidl_adapter: 3.1.5 (/opt/ros/humble/share/rosidl_adapter/cmake)
[2.706s] -- Found rosidl_generator_cpp: 3.1.5 (/opt/ros/humble/share/rosidl_generator_cpp/cmake)
[2.818s] -- Using all available rosidl_typesupport_c: rosidl_typesupport_fastrtps_c;rosidl_typesupport_introspection_c
[2.964s] -- Using all available rosidl_typesupport_cpp: rosidl_typesupport_fastrtps_cpp;rosidl_typesupport_introspection_cpp
[3.393s] -- Found rmw_implementation_cmake: 6.1.2 (/opt/ros/humble/share/rmw_implementation_cmake/cmake)
[3.442s] -- Found rmw_fastrtps_cpp: 6.2.7 (/opt/ros/humble/share/rmw_fastrtps_cpp/cmake)
[3.925s] -- Found OpenSSL: /usr/lib/x86_64-linux-gnu/libcrypto.so (found version "3.0.2")  
[4.033s] -- Found FastRTPS: /opt/ros/humble/include  
[4.225s] -- Using RMW implementation 'rmw_fastrtps_cpp' as default
[4.335s] -- Looking for pthread.h
[4.636s] -- Looking for pthread.h - found
[4.637s] -- Performing Test CMAKE_HAVE_LIBC_PTHREAD
[4.958s] -- Performing Test CMAKE_HAVE_LIBC_PTHREAD - Success
[4.963s] -- Found Threads: TRUE  
[5.370s] -- Found gazebo_ros: 3.7.0 (/opt/ros/humble/share/gazebo_ros/cmake)
[5.463s] -- Found PkgConfig: /usr/bin/pkg-config (found version "0.29.2") 
[5.467s] -- Checking for module 'bullet>=2.82'
[5.544s] --   Found bullet, version 3.05
[6.170s] -- Found fcl: /usr/include (found suitable version "0.7.0", minimum required is "0.5.0") 
[6.436s] -- Found assimp: /usr/include (found version "5.2.0") 
[6.635s] -- Found DART: /usr/include (Required is at least version "6.6") found components: dart 
[6.892s] -- Found Boost: /usr/lib/x86_64-linux-gnu/cmake/Boost-1.74.0/BoostConfig.cmake (found suitable version "1.74.0", minimum required is "1.40.0") found components: thread system filesystem program_options regex iostreams date_time 
[6.969s] -- Found Protobuf: /usr/lib/x86_64-linux-gnu/libprotobuf.so (found version "3.12.4") 
[7.034s] -- Looking for ignition-math6 -- found version 6.15.1
[7.082s] -- Searching for dependencies of ignition-math6
[7.086s] -- Looking for OGRE...
[7.087s] -- OGRE_PREFIX_WATCH changed.
[7.107s] -- Checking for module 'OGRE'
[7.181s] --   Found OGRE, version 1.9.0
[7.342s] -- Found Ogre Ghadamon (1.9.0)
[7.394s] -- Found OGRE: optimized;/usr/lib/x86_64-linux-gnu/libOgreMain.so;debug;/usr/lib/x86_64-linux-gnu/libOgreMain.so
[7.424s] -- Looking for OGRE_Paging...
[7.478s] -- Found OGRE_Paging: optimized;/usr/lib/x86_64-linux-gnu/libOgrePaging.so;debug;/usr/lib/x86_64-linux-gnu/libOgrePaging.so
[7.478s] -- Looking for OGRE_Terrain...
[7.531s] -- Found OGRE_Terrain: optimized;/usr/lib/x86_64-linux-gnu/libOgreTerrain.so;debug;/usr/lib/x86_64-linux-gnu/libOgreTerrain.so
[7.531s] -- Looking for OGRE_Property...
[7.583s] -- Found OGRE_Property: optimized;/usr/lib/x86_64-linux-gnu/libOgreProperty.so;debug;/usr/lib/x86_64-linux-gnu/libOgreProperty.so
[7.583s] -- Looking for OGRE_RTShaderSystem...
[7.637s] -- Found OGRE_RTShaderSystem: optimized;/usr/lib/x86_64-linux-gnu/libOgreRTShaderSystem.so;debug;/usr/lib/x86_64-linux-gnu/libOgreRTShaderSystem.so
[7.638s] -- Looking for OGRE_Volume...
[7.689s] -- Found OGRE_Volume: optimized;/usr/lib/x86_64-linux-gnu/libOgreVolume.so;debug;/usr/lib/x86_64-linux-gnu/libOgreVolume.so
[7.690s] -- Looking for OGRE_Overlay...
[7.740s] -- Found OGRE_Overlay: optimized;/usr/lib/x86_64-linux-gnu/libOgreOverlay.so;debug;/usr/lib/x86_64-linux-gnu/libOgreOverlay.so
[8.961s] -- Looking for ignition-math6 -- found version 6.15.1
[8.995s] -- Looking for ignition-transport8 -- found version 8.2.1
[8.997s] -- Searching for dependencies of ignition-transport8
[9.086s] -- Found Protobuf: /usr/lib/x86_64-linux-gnu/libprotobuf.so (found suitable version "3.12.4", minimum required is "3") 
[9.145s] -- Config-file not installed for ZeroMQ -- checking for pkg-config
[9.167s] -- Checking for module 'libzmq >= 4'
[9.244s] --   Found libzmq , version 4.3.4
[9.423s] -- Found ZeroMQ: TRUE (Required is at least version "4") 
[9.451s] -- Checking for module 'uuid'
[9.526s] --   Found uuid, version 2.37.2
[9.686s] -- Found UUID: TRUE  
[9.719s] -- Looking for ignition-msgs5 -- found version 5.8.1
[9.720s] -- Searching for dependencies of ignition-msgs5
[9.810s] -- Looking for ignition-math6 -- found version 6.15.1
[9.830s] -- Checking for module 'tinyxml2'
[9.902s] --   Found tinyxml2, version 9.0.0
[10.068s] -- Looking for ignition-msgs5 -- found version 5.8.1
[10.104s] -- Looking for ignition-common3 -- found version 3.14.0
[10.107s] -- Searching for dependencies of ignition-common3
[10.109s] -- Looking for dlfcn.h - found
[10.114s] -- Looking for libdl - found
[10.117s] -- Found DL: TRUE  
[10.187s] -- Found tinyobjloader: /usr/lib/x86_64-linux-gnu/cmake/tinyobjloader/tinyobjloader-config.cmake (found version "2.0.0") 
[10.189s] -- Searching for <ignition-common3> component [graphics]
[10.221s] -- Looking for ignition-common3-graphics -- found version 3.14.0
[10.222s] -- Searching for dependencies of ignition-common3-graphics
[10.223s] -- Looking for ignition-math6 -- found version 6.15.1
[10.258s] -- Looking for ignition-fuel_tools4 -- found version 4.4.0
[10.259s] -- Searching for dependencies of ignition-fuel_tools4
[10.668s] -- Found CURL: /usr/lib/x86_64-linux-gnu/libcurl.so (found version "7.81.0")  
[10.733s] -- Checking for module 'jsoncpp'
[10.815s] --   Found jsoncpp, version 1.9.5
[10.976s] -- Found JSONCPP: TRUE  
[10.998s] -- Checking for module 'libzip'
[11.086s] --   Found libzip, version 1.7.3
[11.250s] -- Found ZIP: TRUE  
[11.254s] -- Looking for ignition-common3 -- found version 3.14.0
[11.258s] -- Looking for ignition-math6 -- found version 6.15.1
[11.258s] -- Looking for ignition-msgs5 -- found version 5.8.1
[11.293s] -- Gazebo version: 11.10
[11.294s] -- Checking for module 'tbb'
[11.373s] --   Found tbb, version 2021.5.0
[11.573s] -- Found gazebo_ros_pkgs: 3.7.0 (/opt/ros/humble/share/gazebo_ros_pkgs/cmake)
[11.615s] -- Found ros2_control: 2.43.0 (/opt/ros/humble/share/ros2_control/cmake)
[11.655s] -- Found ros2_controllers: 2.37.2 (/opt/ros/humble/share/ros2_controllers/cmake)
[11.695s] -- Found trajectory_msgs: 4.2.4 (/opt/ros/humble/share/trajectory_msgs/cmake)
[11.859s] -- Found moveit: 2.5.5 (/home/ctaylor71023/ws_moveit/install/moveit/share/moveit/cmake)
[11.875s] -- Found moveit_core: 2.5.5 (/home/ctaylor71023/ws_moveit/install/moveit_core/share/moveit_core/cmake)
[11.979s] -- Found Boost: /usr/lib/x86_64-linux-gnu/cmake/Boost-1.74.0/BoostConfig.cmake (found version "1.74.0") found components: chrono date_time filesystem iostreams program_options regex serialization system thread 
[12.410s] -- Found parameter_traits: 0.3.8 (/opt/ros/humble/share/parameter_traits/cmake)
[12.559s] -- Found Eigen3: TRUE (found version "3.4.0") 
[12.605s] -- Found rclcpp_lifecycle: 16.0.10 (/opt/ros/humble/share/rclcpp_lifecycle/cmake)
[12.805s] -- Found Boost: /usr/lib/x86_64-linux-gnu/cmake/Boost-1.74.0/BoostConfig.cmake (found version "1.74.0") found components: filesystem 
[13.214s] -- library: /usr/lib/x86_64-linux-gnu/libcurl.so
[13.613s] -- Ensuring Eigen3 include directory is part of orocos-kdl CMake target
[15.079s] -- Found ament_lint_auto: 0.12.11 (/opt/ros/humble/share/ament_lint_auto/cmake)
[15.606s] -- Added test 'lint_cmake' to check CMake code style
[15.614s] -- Added test 'xmllint' to check XML markup files
[15.628s] -- Configuring done
[15.654s] -- Generating done
[15.663s] -- Build files have been written to: /home/ctaylor71023/ros2_ws/src/ctaylor319_capstone/build/env_construction
[15.719s] Invoked command in '/home/ctaylor71023/ros2_ws/src/ctaylor319_capstone/build/env_construction' returned '0': CMAKE_PREFIX_PATH=${CMAKE_PREFIX_PATH}:/home/ctaylor71023/ws_moveit/install/moveit_configs_utils:/home/ctaylor71023/ws_moveit/install/launch_param_builder:/home/ctaylor71023/turtlebot3_ws/install/py_subpub:/home/ctaylor71023/turtlebot3_ws/install/Crossfire_object_follower:/home/ctaylor71023/turtlebot3_ws/install/Crossfire_navigate_to_goal:/home/ctaylor71023/turtlebot3_ws/install/Crossfire_lab6:/home/ctaylor71023/turtlebot3_ws/install/Crossfire_lab5:/home/ctaylor71023/turtlebot3_ws/install/Crossfire_chase_object:/home/ctaylor71023/turtlebot3_ws/src/install/py_subpub:/home/ctaylor71023/turtlebot3_ws/src/install/Lab2:/home/ctaylor71023/turtlebot3_ws/src/install/Crossfire_object_follower:/home/ctaylor71023/turtlebot3_ws/src/install/Crossfire_navigate_to_goal:/home/ctaylor71023/turtlebot3_ws/src/install/Crossfire_lab6:/home/ctaylor71023/turtlebot3_ws/src/install/Crossfire_lab5:/home/ctaylor71023/turtlebot3_ws/src/install/Crossfire_chase_object:/opt/ros/humble /usr/bin/cmake /home/ctaylor71023/ros2_ws/src/ctaylor319_capstone/env_construction -DCMAKE_INSTALL_PREFIX=/home/ctaylor71023/ros2_ws/src/ctaylor319_capstone/install/env_construction
[15.727s] Invoking command in '/home/ctaylor71023/ros2_ws/src/ctaylor319_capstone/build/env_construction': CMAKE_PREFIX_PATH=${CMAKE_PREFIX_PATH}:/home/ctaylor71023/ws_moveit/install/moveit_configs_utils:/home/ctaylor71023/ws_moveit/install/launch_param_builder:/home/ctaylor71023/turtlebot3_ws/install/py_subpub:/home/ctaylor71023/turtlebot3_ws/install/Crossfire_object_follower:/home/ctaylor71023/turtlebot3_ws/install/Crossfire_navigate_to_goal:/home/ctaylor71023/turtlebot3_ws/install/Crossfire_lab6:/home/ctaylor71023/turtlebot3_ws/install/Crossfire_lab5:/home/ctaylor71023/turtlebot3_ws/install/Crossfire_chase_object:/home/ctaylor71023/turtlebot3_ws/src/install/py_subpub:/home/ctaylor71023/turtlebot3_ws/src/install/Lab2:/home/ctaylor71023/turtlebot3_ws/src/install/Crossfire_object_follower:/home/ctaylor71023/turtlebot3_ws/src/install/Crossfire_navigate_to_goal:/home/ctaylor71023/turtlebot3_ws/src/install/Crossfire_lab6:/home/ctaylor71023/turtlebot3_ws/src/install/Crossfire_lab5:/home/ctaylor71023/turtlebot3_ws/src/install/Crossfire_chase_object:/opt/ros/humble /usr/bin/cmake --build /home/ctaylor71023/ros2_ws/src/ctaylor319_capstone/build/env_construction -- -j8 -l8
[15.897s] Invoked command in '/home/ctaylor71023/ros2_ws/src/ctaylor319_capstone/build/env_construction' returned '0': CMAKE_PREFIX_PATH=${CMAKE_PREFIX_PATH}:/home/ctaylor71023/ws_moveit/install/moveit_configs_utils:/home/ctaylor71023/ws_moveit/install/launch_param_builder:/home/ctaylor71023/turtlebot3_ws/install/py_subpub:/home/ctaylor71023/turtlebot3_ws/install/Crossfire_object_follower:/home/ctaylor71023/turtlebot3_ws/install/Crossfire_navigate_to_goal:/home/ctaylor71023/turtlebot3_ws/install/Crossfire_lab6:/home/ctaylor71023/turtlebot3_ws/install/Crossfire_lab5:/home/ctaylor71023/turtlebot3_ws/install/Crossfire_chase_object:/home/ctaylor71023/turtlebot3_ws/src/install/py_subpub:/home/ctaylor71023/turtlebot3_ws/src/install/Lab2:/home/ctaylor71023/turtlebot3_ws/src/install/Crossfire_object_follower:/home/ctaylor71023/turtlebot3_ws/src/install/Crossfire_navigate_to_goal:/home/ctaylor71023/turtlebot3_ws/src/install/Crossfire_lab6:/home/ctaylor71023/turtlebot3_ws/src/install/Crossfire_lab5:/home/ctaylor71023/turtlebot3_ws/src/install/Crossfire_chase_object:/opt/ros/humble /usr/bin/cmake --build /home/ctaylor71023/ros2_ws/src/ctaylor319_capstone/build/env_construction -- -j8 -l8
[16.017s] Invoking command in '/home/ctaylor71023/ros2_ws/src/ctaylor319_capstone/build/env_construction': CMAKE_PREFIX_PATH=${CMAKE_PREFIX_PATH}:/home/ctaylor71023/ws_moveit/install/moveit_configs_utils:/home/ctaylor71023/ws_moveit/install/launch_param_builder:/home/ctaylor71023/turtlebot3_ws/install/py_subpub:/home/ctaylor71023/turtlebot3_ws/install/Crossfire_object_follower:/home/ctaylor71023/turtlebot3_ws/install/Crossfire_navigate_to_goal:/home/ctaylor71023/turtlebot3_ws/install/Crossfire_lab6:/home/ctaylor71023/turtlebot3_ws/install/Crossfire_lab5:/home/ctaylor71023/turtlebot3_ws/install/Crossfire_chase_object:/home/ctaylor71023/turtlebot3_ws/src/install/py_subpub:/home/ctaylor71023/turtlebot3_ws/src/install/Lab2:/home/ctaylor71023/turtlebot3_ws/src/install/Crossfire_object_follower:/home/ctaylor71023/turtlebot3_ws/src/install/Crossfire_navigate_to_goal:/home/ctaylor71023/turtlebot3_ws/src/install/Crossfire_lab6:/home/ctaylor71023/turtlebot3_ws/src/install/Crossfire_lab5:/home/ctaylor71023/turtlebot3_ws/src/install/Crossfire_chase_object:/opt/ros/humble /usr/bin/cmake --install /home/ctaylor71023/ros2_ws/src/ctaylor319_capstone/build/env_construction
[16.052s] -- Install configuration: ""
[16.053s] -- Installing: /home/ctaylor71023/ros2_ws/src/ctaylor319_capstone/install/env_construction/share/ament_index/resource_index/package_run_dependencies/env_construction
[16.053s] -- Installing: /home/ctaylor71023/ros2_ws/src/ctaylor319_capstone/install/env_construction/share/ament_index/resource_index/parent_prefix_path/env_construction
[16.054s] -- Installing: /home/ctaylor71023/ros2_ws/src/ctaylor319_capstone/install/env_construction/share/env_construction/environment/ament_prefix_path.sh
[16.054s] -- Installing: /home/ctaylor71023/ros2_ws/src/ctaylor319_capstone/install/env_construction/share/env_construction/environment/ament_prefix_path.dsv
[16.055s] -- Installing: /home/ctaylor71023/ros2_ws/src/ctaylor319_capstone/install/env_construction/share/env_construction/environment/path.sh
[16.057s] -- Installing: /home/ctaylor71023/ros2_ws/src/ctaylor319_capstone/install/env_construction/share/env_construction/environment/path.dsv
[16.059s] -- Installing: /home/ctaylor71023/ros2_ws/src/ctaylor319_capstone/install/env_construction/share/env_construction/local_setup.bash
[16.060s] -- Installing: /home/ctaylor71023/ros2_ws/src/ctaylor319_capstone/install/env_construction/share/env_construction/local_setup.sh
[16.060s] -- Installing: /home/ctaylor71023/ros2_ws/src/ctaylor319_capstone/install/env_construction/share/env_construction/local_setup.zsh
[16.060s] -- Installing: /home/ctaylor71023/ros2_ws/src/ctaylor319_capstone/install/env_construction/share/env_construction/local_setup.dsv
[16.061s] -- Installing: /home/ctaylor71023/ros2_ws/src/ctaylor319_capstone/install/env_construction/share/env_construction/package.dsv
[16.061s] -- Installing: /home/ctaylor71023/ros2_ws/src/ctaylor319_capstone/install/env_construction/share/ament_index/resource_index/packages/env_construction
[16.062s] -- Installing: /home/ctaylor71023/ros2_ws/src/ctaylor319_capstone/install/env_construction/share/env_construction/cmake/env_constructionConfig.cmake
[16.062s] -- Installing: /home/ctaylor71023/ros2_ws/src/ctaylor319_capstone/install/env_construction/share/env_construction/cmake/env_constructionConfig-version.cmake
[16.063s] -- Installing: /home/ctaylor71023/ros2_ws/src/ctaylor319_capstone/install/env_construction/share/env_construction/package.xml
[16.069s] Invoked command in '/home/ctaylor71023/ros2_ws/src/ctaylor319_capstone/build/env_construction' returned '0': CMAKE_PREFIX_PATH=${CMAKE_PREFIX_PATH}:/home/ctaylor71023/ws_moveit/install/moveit_configs_utils:/home/ctaylor71023/ws_moveit/install/launch_param_builder:/home/ctaylor71023/turtlebot3_ws/install/py_subpub:/home/ctaylor71023/turtlebot3_ws/install/Crossfire_object_follower:/home/ctaylor71023/turtlebot3_ws/install/Crossfire_navigate_to_goal:/home/ctaylor71023/turtlebot3_ws/install/Crossfire_lab6:/home/ctaylor71023/turtlebot3_ws/install/Crossfire_lab5:/home/ctaylor71023/turtlebot3_ws/install/Crossfire_chase_object:/home/ctaylor71023/turtlebot3_ws/src/install/py_subpub:/home/ctaylor71023/turtlebot3_ws/src/install/Lab2:/home/ctaylor71023/turtlebot3_ws/src/install/Crossfire_object_follower:/home/ctaylor71023/turtlebot3_ws/src/install/Crossfire_navigate_to_goal:/home/ctaylor71023/turtlebot3_ws/src/install/Crossfire_lab6:/home/ctaylor71023/turtlebot3_ws/src/install/Crossfire_lab5:/home/ctaylor71023/turtlebot3_ws/src/install/Crossfire_chase_object:/opt/ros/humble /usr/bin/cmake --install /home/ctaylor71023/ros2_ws/src/ctaylor319_capstone/build/env_construction
