[0.056s] Invoking command in '/home/ctaylor71023/ros2_ws/src/ctaylor319_capstone/build/grid_map_pcl': AMENT_PREFIX_PATH=/home/ctaylor71023/ros2_ws/src/ctaylor319_capstone/install/grid_map_ros:/home/ctaylor71023/ros2_ws/src/ctaylor319_capstone/install/grid_map_cv:/home/ctaylor71023/ros2_ws/src/ctaylor319_capstone/install/grid_map_msgs:/home/ctaylor71023/ros2_ws/src/ctaylor319_capstone/install/grid_map_core:/home/ctaylor71023/ros2_ws/src/ctaylor319_capstone/install/grid_map_cmake_helpers:${AMENT_PREFIX_PATH} CMAKE_PREFIX_PATH=/home/ctaylor71023/ros2_ws/src/ctaylor319_capstone/install/grid_map_ros:/home/ctaylor71023/ros2_ws/src/ctaylor319_capstone/install/grid_map_cv:/home/ctaylor71023/ros2_ws/src/ctaylor319_capstone/install/grid_map_msgs:/home/ctaylor71023/ros2_ws/src/ctaylor319_capstone/install/grid_map_core:/home/ctaylor71023/ros2_ws/src/ctaylor319_capstone/install/grid_map_cmake_helpers:/home/ctaylor71023/ws_moveit/install/pilz_industrial_motion_planner_testutils:/home/ctaylor71023/ws_moveit/install/moveit_runtime:/home/ctaylor71023/ws_moveit/install/moveit2_tutorials:/home/ctaylor71023/ws_moveit/install/moveit:/home/ctaylor71023/ws_moveit/install/moveit_planners:/home/ctaylor71023/ws_moveit/install/pilz_industrial_motion_planner:/home/ctaylor71023/ws_moveit/install/moveit_visual_tools:/home/ctaylor71023/ws_moveit/install/moveit_task_constructor_visualization:/home/ctaylor71023/ws_moveit/install/moveit_task_constructor_demo:/home/ctaylor71023/ws_moveit/install/moveit_task_constructor_capabilities:/home/ctaylor71023/ws_moveit/install/moveit_task_constructor_core:/home/ctaylor71023/ws_moveit/install/moveit_ros_control_interface:/home/ctaylor71023/ws_moveit/install/moveit_plugins:/home/ctaylor71023/ws_moveit/install/moveit_simple_controller_manager:/home/ctaylor71023/ws_moveit/install/moveit_setup_assistant:/home/ctaylor71023/ws_moveit/install/moveit_setup_srdf_plugins:/home/ctaylor71023/ws_moveit/install/moveit_setup_core_plugins:/home/ctaylor71023/ws_moveit/install/moveit_setup_controllers:/home/ctaylor71023/ws_moveit/install/moveit_setup_app_plugins:/home/ctaylor71023/ws_moveit/install/moveit_setup_framework:/home/ctaylor71023/ws_moveit/install/moveit_servo:/home/ctaylor71023/ws_moveit/install/moveit_ros:/home/ctaylor71023/ws_moveit/install/moveit_ros_visualization:/home/ctaylor71023/ws_moveit/install/moveit_hybrid_planning:/home/ctaylor71023/ws_moveit/install/moveit_ros_planning_interface:/home/ctaylor71023/ws_moveit/install/moveit_ros_benchmarks:/home/ctaylor71023/ws_moveit/install/moveit_ros_warehouse:/home/ctaylor71023/ws_moveit/install/moveit_ros_robot_interaction:/home/ctaylor71023/ws_moveit/install/moveit_ros_perception:/home/ctaylor71023/ws_moveit/install/moveit_resources_prbt_pg70_support:/home/ctaylor71023/ws_moveit/install/moveit_resources_prbt_moveit_config:/home/ctaylor71023/ws_moveit/install/moveit_ros_move_group:/home/ctaylor71023/ws_moveit/install/moveit_planners_ompl:/home/ctaylor71023/ws_moveit/install/moveit_ros_planning:/home/ctaylor71023/ws_moveit/install/moveit_ros_occupancy_map_monitor:/home/ctaylor71023/ws_moveit/install/moveit_resources_prbt_ikfast_manipulator_plugin:/home/ctaylor71023/ws_moveit/install/moveit_planners_chomp:/home/ctaylor71023/ws_moveit/install/moveit_kinematics:/home/ctaylor71023/ws_moveit/install/moveit_chomp_optimizer_adapter:/home/ctaylor71023/ws_moveit/install/chomp_motion_planner:/home/ctaylor71023/ws_moveit/install/moveit_core:/home/ctaylor71023/ws_moveit/install/srdfdom:/home/ctaylor71023/ws_moveit/install/rviz_marker_tools:/home/ctaylor71023/ws_moveit/install/rosparam_shortcuts:/home/ctaylor71023/ws_moveit/install/moveit_task_constructor_msgs:/home/ctaylor71023/ws_moveit/install/moveit_resources_prbt_support:/home/ctaylor71023/ws_moveit/install/moveit_resources:/home/ctaylor71023/ws_moveit/install/moveit_resources_pr2_description:/home/ctaylor71023/ws_moveit/install/moveit_resources_panda_moveit_config:/home/ctaylor71023/ws_moveit/install/moveit_resources_panda_description:/home/ctaylor71023/ws_moveit/install/moveit_resources_fanuc_moveit_config:/home/ctaylor71023/ws_moveit/install/moveit_resources_fanuc_description:/home/ctaylor71023/ws_moveit/install/moveit_common:/home/ctaylor71023/ros2_ws/install/mycobot_ros2:/home/ctaylor71023/ros2_ws/install/mycobot_gazebo:/home/ctaylor71023/ros2_ws/install/mycobot_description:/home/ctaylor71023/ros2_ws/install/chomp_motion_planner:/home/ctaylor71023/turtlebot3_ws/install/turtlebot3_simulations:/home/ctaylor71023/turtlebot3_ws/install/turtlebot3_gazebo:/home/ctaylor71023/turtlebot3_ws/install/turtlebot3_fake_node:/home/ctaylor71023/turtlebot3_ws/install/msg_types:/home/ctaylor71023/turtlebot3_ws/src/install/turtlebot3_simulations:/home/ctaylor71023/turtlebot3_ws/src/install/turtlebot3_gazebo:/home/ctaylor71023/turtlebot3_ws/src/install/turtlebot3_fake_node:/home/ctaylor71023/turtlebot3_ws/src/install/msg_types:/home/ctaylor71023/ws_moveit/install/moveit_configs_utils:/home/ctaylor71023/ws_moveit/install/launch_param_builder:/home/ctaylor71023/turtlebot3_ws/install/py_subpub:/home/ctaylor71023/turtlebot3_ws/install/Crossfire_object_follower:/home/ctaylor71023/turtlebot3_ws/install/Crossfire_navigate_to_goal:/home/ctaylor71023/turtlebot3_ws/install/Crossfire_lab6:/home/ctaylor71023/turtlebot3_ws/install/Crossfire_lab5:/home/ctaylor71023/turtlebot3_ws/install/Crossfire_chase_object:/home/ctaylor71023/turtlebot3_ws/src/install/py_subpub:/home/ctaylor71023/turtlebot3_ws/src/install/Lab2:/home/ctaylor71023/turtlebot3_ws/src/install/Crossfire_object_follower:/home/ctaylor71023/turtlebot3_ws/src/install/Crossfire_navigate_to_goal:/home/ctaylor71023/turtlebot3_ws/src/install/Crossfire_lab6:/home/ctaylor71023/turtlebot3_ws/src/install/Crossfire_lab5:/home/ctaylor71023/turtlebot3_ws/src/install/Crossfire_chase_object:/opt/ros/humble LD_LIBRARY_PATH=/home/ctaylor71023/ros2_ws/src/ctaylor319_capstone/install/grid_map_ros/lib:/home/ctaylor71023/ros2_ws/src/ctaylor319_capstone/install/grid_map_cv/lib:/home/ctaylor71023/ros2_ws/src/ctaylor319_capstone/install/grid_map_msgs/lib:/home/ctaylor71023/ros2_ws/src/ctaylor319_capstone/install/grid_map_core/lib:${LD_LIBRARY_PATH} PYTHONPATH=/home/ctaylor71023/ros2_ws/src/ctaylor319_capstone/install/grid_map_msgs/local/lib/python3.10/dist-packages:${PYTHONPATH} /usr/bin/cmake /home/ctaylor71023/ros2_ws/src/ctaylor319_capstone/grid_map/grid_map_pcl -DCMAKE_INSTALL_PREFIX=/home/ctaylor71023/ros2_ws/src/ctaylor319_capstone/install/grid_map_pcl
[0.164s] -- The C compiler identification is GNU 11.4.0
[0.270s] -- The CXX compiler identification is GNU 11.4.0
[0.284s] -- Detecting C compiler ABI info
[0.454s] -- Detecting C compiler ABI info - done
[0.470s] -- Check for working C compiler: /usr/bin/cc - skipped
[0.470s] -- Detecting C compile features
[0.472s] -- Detecting C compile features - done
[0.478s] -- Detecting CXX compiler ABI info
[0.675s] -- Detecting CXX compiler ABI info - done
[0.687s] -- Check for working CXX compiler: /usr/bin/c++ - skipped
[0.687s] -- Detecting CXX compile features
[0.688s] -- Detecting CXX compile features - done
[0.707s] -- Found ament_cmake: 1.3.10 (/opt/ros/humble/share/ament_cmake/cmake)
[1.235s] -- Found Python3: /usr/bin/python3 (found version "3.10.12") found components: Interpreter 
[1.783s] -- Found grid_map_cmake_helpers: 2.0.0 (/home/ctaylor71023/ros2_ws/src/ctaylor319_capstone/install/grid_map_cmake_helpers/share/grid_map_cmake_helpers/cmake)
[1.785s] -- Found grid_map_core: 2.0.0 (/home/ctaylor71023/ros2_ws/src/ctaylor319_capstone/install/grid_map_core/share/grid_map_core/cmake)
[1.830s] -- Found grid_map_msgs: 2.0.0 (/home/ctaylor71023/ros2_ws/src/ctaylor319_capstone/install/grid_map_msgs/share/grid_map_msgs/cmake)
[2.176s] -- Found rosidl_generator_c: 3.1.5 (/opt/ros/humble/share/rosidl_generator_c/cmake)
[2.237s] -- Found rosidl_adapter: 3.1.5 (/opt/ros/humble/share/rosidl_adapter/cmake)
[2.308s] -- Found rosidl_generator_cpp: 3.1.5 (/opt/ros/humble/share/rosidl_generator_cpp/cmake)
[2.404s] -- Using all available rosidl_typesupport_c: rosidl_typesupport_fastrtps_c;rosidl_typesupport_introspection_c
[2.531s] -- Using all available rosidl_typesupport_cpp: rosidl_typesupport_fastrtps_cpp;rosidl_typesupport_introspection_cpp
[2.766s] -- Found grid_map_ros: 2.0.0 (/home/ctaylor71023/ros2_ws/src/ctaylor319_capstone/install/grid_map_ros/share/grid_map_ros/cmake)
[3.405s] -- Found rmw_implementation_cmake: 6.1.2 (/opt/ros/humble/share/rmw_implementation_cmake/cmake)
[3.444s] -- Found rmw_fastrtps_cpp: 6.2.7 (/opt/ros/humble/share/rmw_fastrtps_cpp/cmake)
[3.587s] -- Found TinyXML2 via Config file: TinyXML2_DIR-NOTFOUND
[3.768s] -- Found OpenSSL: /usr/lib/x86_64-linux-gnu/libcrypto.so (found version "3.0.2")  
[3.776s] -- Found TinyXML2 via Config file: TinyXML2_DIR-NOTFOUND
[3.825s] -- Found FastRTPS: /opt/ros/humble/include  
[3.834s] -- Found TinyXML2 via Config file: TinyXML2_DIR-NOTFOUND
[3.859s] -- Found TinyXML2 via Config file: TinyXML2_DIR-NOTFOUND
[3.899s] -- Using RMW implementation 'rmw_fastrtps_cpp' as default
[3.980s] -- Looking for pthread.h
[4.204s] -- Looking for pthread.h - found
[4.205s] -- Performing Test CMAKE_HAVE_LIBC_PTHREAD
[4.378s] -- Performing Test CMAKE_HAVE_LIBC_PTHREAD - Success
[4.380s] -- Found Threads: TRUE  
[5.015s] -- Checking for module 'eigen3'
[5.071s] --   Found eigen3, version 3.4.0
[5.175s] -- Found Eigen: /usr/include/eigen3 (Required is at least version "3.1") 
[5.175s] -- Eigen found (include: /usr/include/eigen3, version: 3.4.0)
[5.352s] -- Found Boost: /usr/lib/x86_64-linux-gnu/cmake/Boost-1.74.0/BoostConfig.cmake (found suitable version "1.74.0", minimum required is "1.65.0") found components: system filesystem date_time iostreams serialization 
[5.448s] -- Checking for module 'flann'
[5.577s] --   Found flann, version 1.9.1
[5.924s] -- Found FLANN: /usr/lib/x86_64-linux-gnu/libflann_cpp.so  
[5.925s] -- FLANN found (include: /usr/include, lib: /usr/lib/x86_64-linux-gnu/libflann_cpp.so)
[6.065s] -- Found GLEW: /usr/lib/x86_64-linux-gnu/libGLEW.so  
[6.101s] -- Found OpenGL: /usr/lib/x86_64-linux-gnu/libOpenGL.so  found components: OpenGL GLX 
[6.797s] -- Found MPI_C: /usr/lib/x86_64-linux-gnu/libmpi.so (found version "3.1") 
[6.798s] -- Found MPI: TRUE (found version "3.1") found components: C 
[6.821s] -- Found JsonCpp: /usr/lib/x86_64-linux-gnu/libjsoncpp.so (found suitable version "1.9.5", minimum required is "0.7.0") 
[6.896s] -- Found ZLIB: /usr/lib/x86_64-linux-gnu/libz.so (found version "1.2.11") 
[7.024s] -- Found PNG: /usr/lib/x86_64-linux-gnu/libpng.so (found version "1.6.37") 
[7.071s] -- Found Eigen3: /usr/include/eigen3 (found version "3.4.0") 
[7.545s] -- Found X11: /usr/include   
[7.547s] -- Looking for XOpenDisplay in /usr/lib/x86_64-linux-gnu/libX11.so;/usr/lib/x86_64-linux-gnu/libXext.so
[8.064s] -- Looking for XOpenDisplay in /usr/lib/x86_64-linux-gnu/libX11.so;/usr/lib/x86_64-linux-gnu/libXext.so - found
[8.064s] -- Looking for gethostbyname
[8.552s] -- Looking for gethostbyname - found
[8.552s] -- Looking for connect
[9.064s] -- Looking for connect - found
[9.065s] -- Looking for remove
[9.481s] -- Looking for remove - found
[9.481s] -- Looking for shmat
[9.941s] -- Looking for shmat - found
[9.943s] -- Looking for IceConnectionNumber in ICE
[10.400s] -- Looking for IceConnectionNumber in ICE - found
[11.137s] -- Found EXPAT: /usr/lib/x86_64-linux-gnu/libexpat.so (found version "2.4.7") 
[11.149s] -- Found double-conversion: /usr/lib/x86_64-linux-gnu/libdouble-conversion.so  
[11.165s] -- Found LZ4: /usr/lib/x86_64-linux-gnu/liblz4.so (found version "1.9.3") 
[11.183s] -- Found LZMA: /usr/lib/x86_64-linux-gnu/liblzma.so (found version "5.4.5") 
[11.269s] -- Found JPEG: /usr/lib/x86_64-linux-gnu/libjpeg.so (found version "80") 
[11.323s] -- Found TIFF: /usr/lib/x86_64-linux-gnu/libtiff.so (found version "4.3.0")  
[11.348s] -- Found Freetype: /usr/lib/x86_64-linux-gnu/libfreetype.so (found version "2.11.1") 
[11.378s] -- Found utf8cpp: /usr/include/utf8cpp  
[11.996s] -- Checking for module 'libusb-1.0'
[12.116s] --   Found libusb-1.0, version 1.0.25
[12.318s] -- Found libusb: /usr/lib/x86_64-linux-gnu/libusb-1.0.so  
[12.322s] -- Found OpenNI: /usr/lib/libOpenNI.so;libusb::libusb (found version "1.5.4.0") 
[12.323s] -- OpenNI found (version: 1.5.4.0, include: /usr/include/ni, lib: /usr/lib/libOpenNI.so;libusb::libusb)
[12.905s] -- Found OpenNI2: /usr/lib/x86_64-linux-gnu/libOpenNI2.so;libusb::libusb (found version "2.2.0.33") 
[12.907s] -- OpenNI2 found (version: 2.2.0.33, include: /usr/include/openni2, lib: /usr/lib/x86_64-linux-gnu/libOpenNI2.so;libusb::libusb)
[12.912s] [0m** WARNING ** io features related to pcap will be disabled[0m
[14.941s] -- Eigen found (include: /usr/include/eigen3, version: 3.4.0)
[15.033s] -- OpenNI found (version: 1.5.4.0, include: /usr/include/ni, lib: /usr/lib/libOpenNI.so;libusb::libusb)
[15.089s] -- OpenNI2 found (version: 2.2.0.33, include: /usr/include/openni2, lib: /usr/lib/x86_64-linux-gnu/libOpenNI2.so;libusb::libusb)
[16.895s] -- Found Qhull version 8.0.2
[18.480s] -- OpenNI found (version: 1.5.4.0, include: /usr/include/ni, lib: /usr/lib/libOpenNI.so;libusb::libusb)
[19.498s] -- looking for PCL_COMMON
[19.502s] -- Found PCL_COMMON: /usr/lib/x86_64-linux-gnu/libpcl_common.so  
[19.503s] -- looking for PCL_KDTREE
[19.511s] -- Found PCL_KDTREE: /usr/lib/x86_64-linux-gnu/libpcl_kdtree.so  
[19.514s] -- looking for PCL_OCTREE
[19.520s] -- Found PCL_OCTREE: /usr/lib/x86_64-linux-gnu/libpcl_octree.so  
[19.520s] -- looking for PCL_SEARCH
[19.523s] -- Found PCL_SEARCH: /usr/lib/x86_64-linux-gnu/libpcl_search.so  
[19.524s] -- looking for PCL_SAMPLE_CONSENSUS
[19.534s] -- Found PCL_SAMPLE_CONSENSUS: /usr/lib/x86_64-linux-gnu/libpcl_sample_consensus.so  
[19.534s] -- looking for PCL_FILTERS
[19.537s] -- Found PCL_FILTERS: /usr/lib/x86_64-linux-gnu/libpcl_filters.so  
[19.539s] -- looking for PCL_2D
[19.540s] -- Found PCL_2D: /usr/include/pcl-1.12  
[19.541s] -- looking for PCL_GEOMETRY
[19.541s] -- Found PCL_GEOMETRY: /usr/include/pcl-1.12  
[19.548s] -- looking for PCL_IO
[19.548s] -- Found PCL_IO: /usr/lib/x86_64-linux-gnu/libpcl_io.so  
[19.556s] -- looking for PCL_FEATURES
[19.556s] -- Found PCL_FEATURES: /usr/lib/x86_64-linux-gnu/libpcl_features.so  
[19.561s] -- looking for PCL_ML
[19.570s] -- Found PCL_ML: /usr/lib/x86_64-linux-gnu/libpcl_ml.so  
[19.572s] -- looking for PCL_SEGMENTATION
[19.572s] -- Found PCL_SEGMENTATION: /usr/lib/x86_64-linux-gnu/libpcl_segmentation.so  
[19.580s] -- looking for PCL_VISUALIZATION
[19.581s] -- Found PCL_VISUALIZATION: /usr/lib/x86_64-linux-gnu/libpcl_visualization.so  
[19.592s] -- looking for PCL_SURFACE
[19.592s] -- Found PCL_SURFACE: /usr/lib/x86_64-linux-gnu/libpcl_surface.so  
[19.597s] -- looking for PCL_REGISTRATION
[19.601s] -- Found PCL_REGISTRATION: /usr/lib/x86_64-linux-gnu/libpcl_registration.so  
[19.606s] -- looking for PCL_KEYPOINTS
[19.613s] -- Found PCL_KEYPOINTS: /usr/lib/x86_64-linux-gnu/libpcl_keypoints.so  
[19.614s] -- looking for PCL_TRACKING
[19.622s] -- Found PCL_TRACKING: /usr/lib/x86_64-linux-gnu/libpcl_tracking.so  
[19.622s] -- looking for PCL_RECOGNITION
[19.625s] -- Found PCL_RECOGNITION: /usr/lib/x86_64-linux-gnu/libpcl_recognition.so  
[19.626s] -- looking for PCL_STEREO
[19.629s] -- Found PCL_STEREO: /usr/lib/x86_64-linux-gnu/libpcl_stereo.so  
[19.643s] -- looking for PCL_APPS
[19.646s] -- Found PCL_APPS: /usr/lib/x86_64-linux-gnu/libpcl_apps.so  
[19.658s] -- looking for PCL_IN_HAND_SCANNER
[19.658s] -- Found PCL_IN_HAND_SCANNER: /usr/include/pcl-1.12  
[19.659s] -- looking for PCL_MODELER
[19.660s] -- Found PCL_MODELER: /usr/include/pcl-1.12  
[19.661s] -- looking for PCL_POINT_CLOUD_EDITOR
[19.672s] -- Found PCL_POINT_CLOUD_EDITOR: /usr/include/pcl-1.12  
[19.672s] -- looking for PCL_OUTOFCORE
[19.691s] -- Found PCL_OUTOFCORE: /usr/lib/x86_64-linux-gnu/libpcl_outofcore.so  
[19.704s] -- looking for PCL_PEOPLE
[19.719s] -- Found PCL_PEOPLE: /usr/lib/x86_64-linux-gnu/libpcl_people.so  
[19.725s] -- Found PCL: pcl_common;pcl_kdtree;pcl_octree;pcl_search;pcl_sample_consensus;pcl_filters;pcl_io;pcl_features;pcl_ml;pcl_segmentation;pcl_visualization;pcl_surface;pcl_registration;pcl_keypoints;pcl_tracking;pcl_recognition;pcl_stereo;pcl_apps;pcl_outofcore;pcl_people;Boost::system;Boost::filesystem;Boost::date_time;Boost::iostreams;Boost::serialization;/usr/lib/libOpenNI.so;libusb::libusb;/usr/lib/x86_64-linux-gnu/libOpenNI2.so;libusb::libusb;VTK::ChartsCore;VTK::CommonColor;VTK::CommonComputationalGeometry;VTK::CommonCore;VTK::CommonDataModel;VTK::CommonExecutionModel;VTK::CommonMath;VTK::CommonMisc;VTK::CommonTransforms;VTK::FiltersCore;VTK::FiltersExtraction;VTK::FiltersGeneral;VTK::FiltersGeometry;VTK::FiltersModeling;VTK::FiltersSources;VTK::ImagingCore;VTK::ImagingSources;VTK::InteractionImage;VTK::InteractionStyle;VTK::InteractionWidgets;VTK::IOCore;VTK::IOGeometry;VTK::IOImage;VTK::IOLegacy;VTK::IOPLY;VTK::RenderingAnnotation;VTK::RenderingCore;VTK::RenderingContext2D;VTK::RenderingLOD;VTK::RenderingFreeType;VTK::ViewsCore;VTK::ViewsContext2D;VTK::RenderingOpenGL2;VTK::GUISupportQt;FLANN::FLANN;QHULL::QHULL  
[22.972s] -- Setting build type to Release as none was specified.
[23.372s] -- Found ament_lint_auto: 0.12.11 (/opt/ros/humble/share/ament_lint_auto/cmake)
[24.079s] -- Found gtest sources under '/opt/ros/humble/src/gtest_vendor': C++ tests using 'Google Test' will be built
[26.553s] -- Added test 'cppcheck' to perform static code analysis on C / C++ code
[26.553s] -- Configured cppcheck include dirs: /home/ctaylor71023/ros2_ws/src/ctaylor319_capstone/grid_map/grid_map_pcl/include
[26.553s] -- Configured cppcheck exclude dirs and/or files: 
[26.572s] -- Added test 'flake8' to check Python code syntax and style conventions
[26.592s] -- Added test 'lint_cmake' to check CMake code style
[26.606s] -- Added test 'pep257' to check Python code against some of the docstring style conventions in PEP 257
[26.633s] -- Added test 'uncrustify' to check C / C++ code style
[26.634s] -- Configured uncrustify additional arguments: 
[26.653s] -- Added test 'xmllint' to check XML markup files
[26.696s] -- Configuring done
[27.965s] -- Generating done
[28.018s] -- Build files have been written to: /home/ctaylor71023/ros2_ws/src/ctaylor319_capstone/build/grid_map_pcl
[28.216s] Invoked command in '/home/ctaylor71023/ros2_ws/src/ctaylor319_capstone/build/grid_map_pcl' returned '0': AMENT_PREFIX_PATH=/home/ctaylor71023/ros2_ws/src/ctaylor319_capstone/install/grid_map_ros:/home/ctaylor71023/ros2_ws/src/ctaylor319_capstone/install/grid_map_cv:/home/ctaylor71023/ros2_ws/src/ctaylor319_capstone/install/grid_map_msgs:/home/ctaylor71023/ros2_ws/src/ctaylor319_capstone/install/grid_map_core:/home/ctaylor71023/ros2_ws/src/ctaylor319_capstone/install/grid_map_cmake_helpers:${AMENT_PREFIX_PATH} CMAKE_PREFIX_PATH=/home/ctaylor71023/ros2_ws/src/ctaylor319_capstone/install/grid_map_ros:/home/ctaylor71023/ros2_ws/src/ctaylor319_capstone/install/grid_map_cv:/home/ctaylor71023/ros2_ws/src/ctaylor319_capstone/install/grid_map_msgs:/home/ctaylor71023/ros2_ws/src/ctaylor319_capstone/install/grid_map_core:/home/ctaylor71023/ros2_ws/src/ctaylor319_capstone/install/grid_map_cmake_helpers:/home/ctaylor71023/ws_moveit/install/pilz_industrial_motion_planner_testutils:/home/ctaylor71023/ws_moveit/install/moveit_runtime:/home/ctaylor71023/ws_moveit/install/moveit2_tutorials:/home/ctaylor71023/ws_moveit/install/moveit:/home/ctaylor71023/ws_moveit/install/moveit_planners:/home/ctaylor71023/ws_moveit/install/pilz_industrial_motion_planner:/home/ctaylor71023/ws_moveit/install/moveit_visual_tools:/home/ctaylor71023/ws_moveit/install/moveit_task_constructor_visualization:/home/ctaylor71023/ws_moveit/install/moveit_task_constructor_demo:/home/ctaylor71023/ws_moveit/install/moveit_task_constructor_capabilities:/home/ctaylor71023/ws_moveit/install/moveit_task_constructor_core:/home/ctaylor71023/ws_moveit/install/moveit_ros_control_interface:/home/ctaylor71023/ws_moveit/install/moveit_plugins:/home/ctaylor71023/ws_moveit/install/moveit_simple_controller_manager:/home/ctaylor71023/ws_moveit/install/moveit_setup_assistant:/home/ctaylor71023/ws_moveit/install/moveit_setup_srdf_plugins:/home/ctaylor71023/ws_moveit/install/moveit_setup_core_plugins:/home/ctaylor71023/ws_moveit/install/moveit_setup_controllers:/home/ctaylor71023/ws_moveit/install/moveit_setup_app_plugins:/home/ctaylor71023/ws_moveit/install/moveit_setup_framework:/home/ctaylor71023/ws_moveit/install/moveit_servo:/home/ctaylor71023/ws_moveit/install/moveit_ros:/home/ctaylor71023/ws_moveit/install/moveit_ros_visualization:/home/ctaylor71023/ws_moveit/install/moveit_hybrid_planning:/home/ctaylor71023/ws_moveit/install/moveit_ros_planning_interface:/home/ctaylor71023/ws_moveit/install/moveit_ros_benchmarks:/home/ctaylor71023/ws_moveit/install/moveit_ros_warehouse:/home/ctaylor71023/ws_moveit/install/moveit_ros_robot_interaction:/home/ctaylor71023/ws_moveit/install/moveit_ros_perception:/home/ctaylor71023/ws_moveit/install/moveit_resources_prbt_pg70_support:/home/ctaylor71023/ws_moveit/install/moveit_resources_prbt_moveit_config:/home/ctaylor71023/ws_moveit/install/moveit_ros_move_group:/home/ctaylor71023/ws_moveit/install/moveit_planners_ompl:/home/ctaylor71023/ws_moveit/install/moveit_ros_planning:/home/ctaylor71023/ws_moveit/install/moveit_ros_occupancy_map_monitor:/home/ctaylor71023/ws_moveit/install/moveit_resources_prbt_ikfast_manipulator_plugin:/home/ctaylor71023/ws_moveit/install/moveit_planners_chomp:/home/ctaylor71023/ws_moveit/install/moveit_kinematics:/home/ctaylor71023/ws_moveit/install/moveit_chomp_optimizer_adapter:/home/ctaylor71023/ws_moveit/install/chomp_motion_planner:/home/ctaylor71023/ws_moveit/install/moveit_core:/home/ctaylor71023/ws_moveit/install/srdfdom:/home/ctaylor71023/ws_moveit/install/rviz_marker_tools:/home/ctaylor71023/ws_moveit/install/rosparam_shortcuts:/home/ctaylor71023/ws_moveit/install/moveit_task_constructor_msgs:/home/ctaylor71023/ws_moveit/install/moveit_resources_prbt_support:/home/ctaylor71023/ws_moveit/install/moveit_resources:/home/ctaylor71023/ws_moveit/install/moveit_resources_pr2_description:/home/ctaylor71023/ws_moveit/install/moveit_resources_panda_moveit_config:/home/ctaylor71023/ws_moveit/install/moveit_resources_panda_description:/home/ctaylor71023/ws_moveit/install/moveit_resources_fanuc_moveit_config:/home/ctaylor71023/ws_moveit/install/moveit_resources_fanuc_description:/home/ctaylor71023/ws_moveit/install/moveit_common:/home/ctaylor71023/ros2_ws/install/mycobot_ros2:/home/ctaylor71023/ros2_ws/install/mycobot_gazebo:/home/ctaylor71023/ros2_ws/install/mycobot_description:/home/ctaylor71023/ros2_ws/install/chomp_motion_planner:/home/ctaylor71023/turtlebot3_ws/install/turtlebot3_simulations:/home/ctaylor71023/turtlebot3_ws/install/turtlebot3_gazebo:/home/ctaylor71023/turtlebot3_ws/install/turtlebot3_fake_node:/home/ctaylor71023/turtlebot3_ws/install/msg_types:/home/ctaylor71023/turtlebot3_ws/src/install/turtlebot3_simulations:/home/ctaylor71023/turtlebot3_ws/src/install/turtlebot3_gazebo:/home/ctaylor71023/turtlebot3_ws/src/install/turtlebot3_fake_node:/home/ctaylor71023/turtlebot3_ws/src/install/msg_types:/home/ctaylor71023/ws_moveit/install/moveit_configs_utils:/home/ctaylor71023/ws_moveit/install/launch_param_builder:/home/ctaylor71023/turtlebot3_ws/install/py_subpub:/home/ctaylor71023/turtlebot3_ws/install/Crossfire_object_follower:/home/ctaylor71023/turtlebot3_ws/install/Crossfire_navigate_to_goal:/home/ctaylor71023/turtlebot3_ws/install/Crossfire_lab6:/home/ctaylor71023/turtlebot3_ws/install/Crossfire_lab5:/home/ctaylor71023/turtlebot3_ws/install/Crossfire_chase_object:/home/ctaylor71023/turtlebot3_ws/src/install/py_subpub:/home/ctaylor71023/turtlebot3_ws/src/install/Lab2:/home/ctaylor71023/turtlebot3_ws/src/install/Crossfire_object_follower:/home/ctaylor71023/turtlebot3_ws/src/install/Crossfire_navigate_to_goal:/home/ctaylor71023/turtlebot3_ws/src/install/Crossfire_lab6:/home/ctaylor71023/turtlebot3_ws/src/install/Crossfire_lab5:/home/ctaylor71023/turtlebot3_ws/src/install/Crossfire_chase_object:/opt/ros/humble LD_LIBRARY_PATH=/home/ctaylor71023/ros2_ws/src/ctaylor319_capstone/install/grid_map_ros/lib:/home/ctaylor71023/ros2_ws/src/ctaylor319_capstone/install/grid_map_cv/lib:/home/ctaylor71023/ros2_ws/src/ctaylor319_capstone/install/grid_map_msgs/lib:/home/ctaylor71023/ros2_ws/src/ctaylor319_capstone/install/grid_map_core/lib:${LD_LIBRARY_PATH} PYTHONPATH=/home/ctaylor71023/ros2_ws/src/ctaylor319_capstone/install/grid_map_msgs/local/lib/python3.10/dist-packages:${PYTHONPATH} /usr/bin/cmake /home/ctaylor71023/ros2_ws/src/ctaylor319_capstone/grid_map/grid_map_pcl -DCMAKE_INSTALL_PREFIX=/home/ctaylor71023/ros2_ws/src/ctaylor319_capstone/install/grid_map_pcl
[28.218s] Invoking command in '/home/ctaylor71023/ros2_ws/src/ctaylor319_capstone/build/grid_map_pcl': AMENT_PREFIX_PATH=/home/ctaylor71023/ros2_ws/src/ctaylor319_capstone/install/grid_map_ros:/home/ctaylor71023/ros2_ws/src/ctaylor319_capstone/install/grid_map_cv:/home/ctaylor71023/ros2_ws/src/ctaylor319_capstone/install/grid_map_msgs:/home/ctaylor71023/ros2_ws/src/ctaylor319_capstone/install/grid_map_core:/home/ctaylor71023/ros2_ws/src/ctaylor319_capstone/install/grid_map_cmake_helpers:${AMENT_PREFIX_PATH} CMAKE_PREFIX_PATH=/home/ctaylor71023/ros2_ws/src/ctaylor319_capstone/install/grid_map_ros:/home/ctaylor71023/ros2_ws/src/ctaylor319_capstone/install/grid_map_cv:/home/ctaylor71023/ros2_ws/src/ctaylor319_capstone/install/grid_map_msgs:/home/ctaylor71023/ros2_ws/src/ctaylor319_capstone/install/grid_map_core:/home/ctaylor71023/ros2_ws/src/ctaylor319_capstone/install/grid_map_cmake_helpers:/home/ctaylor71023/ws_moveit/install/pilz_industrial_motion_planner_testutils:/home/ctaylor71023/ws_moveit/install/moveit_runtime:/home/ctaylor71023/ws_moveit/install/moveit2_tutorials:/home/ctaylor71023/ws_moveit/install/moveit:/home/ctaylor71023/ws_moveit/install/moveit_planners:/home/ctaylor71023/ws_moveit/install/pilz_industrial_motion_planner:/home/ctaylor71023/ws_moveit/install/moveit_visual_tools:/home/ctaylor71023/ws_moveit/install/moveit_task_constructor_visualization:/home/ctaylor71023/ws_moveit/install/moveit_task_constructor_demo:/home/ctaylor71023/ws_moveit/install/moveit_task_constructor_capabilities:/home/ctaylor71023/ws_moveit/install/moveit_task_constructor_core:/home/ctaylor71023/ws_moveit/install/moveit_ros_control_interface:/home/ctaylor71023/ws_moveit/install/moveit_plugins:/home/ctaylor71023/ws_moveit/install/moveit_simple_controller_manager:/home/ctaylor71023/ws_moveit/install/moveit_setup_assistant:/home/ctaylor71023/ws_moveit/install/moveit_setup_srdf_plugins:/home/ctaylor71023/ws_moveit/install/moveit_setup_core_plugins:/home/ctaylor71023/ws_moveit/install/moveit_setup_controllers:/home/ctaylor71023/ws_moveit/install/moveit_setup_app_plugins:/home/ctaylor71023/ws_moveit/install/moveit_setup_framework:/home/ctaylor71023/ws_moveit/install/moveit_servo:/home/ctaylor71023/ws_moveit/install/moveit_ros:/home/ctaylor71023/ws_moveit/install/moveit_ros_visualization:/home/ctaylor71023/ws_moveit/install/moveit_hybrid_planning:/home/ctaylor71023/ws_moveit/install/moveit_ros_planning_interface:/home/ctaylor71023/ws_moveit/install/moveit_ros_benchmarks:/home/ctaylor71023/ws_moveit/install/moveit_ros_warehouse:/home/ctaylor71023/ws_moveit/install/moveit_ros_robot_interaction:/home/ctaylor71023/ws_moveit/install/moveit_ros_perception:/home/ctaylor71023/ws_moveit/install/moveit_resources_prbt_pg70_support:/home/ctaylor71023/ws_moveit/install/moveit_resources_prbt_moveit_config:/home/ctaylor71023/ws_moveit/install/moveit_ros_move_group:/home/ctaylor71023/ws_moveit/install/moveit_planners_ompl:/home/ctaylor71023/ws_moveit/install/moveit_ros_planning:/home/ctaylor71023/ws_moveit/install/moveit_ros_occupancy_map_monitor:/home/ctaylor71023/ws_moveit/install/moveit_resources_prbt_ikfast_manipulator_plugin:/home/ctaylor71023/ws_moveit/install/moveit_planners_chomp:/home/ctaylor71023/ws_moveit/install/moveit_kinematics:/home/ctaylor71023/ws_moveit/install/moveit_chomp_optimizer_adapter:/home/ctaylor71023/ws_moveit/install/chomp_motion_planner:/home/ctaylor71023/ws_moveit/install/moveit_core:/home/ctaylor71023/ws_moveit/install/srdfdom:/home/ctaylor71023/ws_moveit/install/rviz_marker_tools:/home/ctaylor71023/ws_moveit/install/rosparam_shortcuts:/home/ctaylor71023/ws_moveit/install/moveit_task_constructor_msgs:/home/ctaylor71023/ws_moveit/install/moveit_resources_prbt_support:/home/ctaylor71023/ws_moveit/install/moveit_resources:/home/ctaylor71023/ws_moveit/install/moveit_resources_pr2_description:/home/ctaylor71023/ws_moveit/install/moveit_resources_panda_moveit_config:/home/ctaylor71023/ws_moveit/install/moveit_resources_panda_description:/home/ctaylor71023/ws_moveit/install/moveit_resources_fanuc_moveit_config:/home/ctaylor71023/ws_moveit/install/moveit_resources_fanuc_description:/home/ctaylor71023/ws_moveit/install/moveit_common:/home/ctaylor71023/ros2_ws/install/mycobot_ros2:/home/ctaylor71023/ros2_ws/install/mycobot_gazebo:/home/ctaylor71023/ros2_ws/install/mycobot_description:/home/ctaylor71023/ros2_ws/install/chomp_motion_planner:/home/ctaylor71023/turtlebot3_ws/install/turtlebot3_simulations:/home/ctaylor71023/turtlebot3_ws/install/turtlebot3_gazebo:/home/ctaylor71023/turtlebot3_ws/install/turtlebot3_fake_node:/home/ctaylor71023/turtlebot3_ws/install/msg_types:/home/ctaylor71023/turtlebot3_ws/src/install/turtlebot3_simulations:/home/ctaylor71023/turtlebot3_ws/src/install/turtlebot3_gazebo:/home/ctaylor71023/turtlebot3_ws/src/install/turtlebot3_fake_node:/home/ctaylor71023/turtlebot3_ws/src/install/msg_types:/home/ctaylor71023/ws_moveit/install/moveit_configs_utils:/home/ctaylor71023/ws_moveit/install/launch_param_builder:/home/ctaylor71023/turtlebot3_ws/install/py_subpub:/home/ctaylor71023/turtlebot3_ws/install/Crossfire_object_follower:/home/ctaylor71023/turtlebot3_ws/install/Crossfire_navigate_to_goal:/home/ctaylor71023/turtlebot3_ws/install/Crossfire_lab6:/home/ctaylor71023/turtlebot3_ws/install/Crossfire_lab5:/home/ctaylor71023/turtlebot3_ws/install/Crossfire_chase_object:/home/ctaylor71023/turtlebot3_ws/src/install/py_subpub:/home/ctaylor71023/turtlebot3_ws/src/install/Lab2:/home/ctaylor71023/turtlebot3_ws/src/install/Crossfire_object_follower:/home/ctaylor71023/turtlebot3_ws/src/install/Crossfire_navigate_to_goal:/home/ctaylor71023/turtlebot3_ws/src/install/Crossfire_lab6:/home/ctaylor71023/turtlebot3_ws/src/install/Crossfire_lab5:/home/ctaylor71023/turtlebot3_ws/src/install/Crossfire_chase_object:/opt/ros/humble LD_LIBRARY_PATH=/home/ctaylor71023/ros2_ws/src/ctaylor319_capstone/install/grid_map_ros/lib:/home/ctaylor71023/ros2_ws/src/ctaylor319_capstone/install/grid_map_cv/lib:/home/ctaylor71023/ros2_ws/src/ctaylor319_capstone/install/grid_map_msgs/lib:/home/ctaylor71023/ros2_ws/src/ctaylor319_capstone/install/grid_map_core/lib:${LD_LIBRARY_PATH} PYTHONPATH=/home/ctaylor71023/ros2_ws/src/ctaylor319_capstone/install/grid_map_msgs/local/lib/python3.10/dist-packages:${PYTHONPATH} /usr/bin/cmake --build /home/ctaylor71023/ros2_ws/src/ctaylor319_capstone/build/grid_map_pcl -- -j8 -l8
[28.837s] [  5%] [32mBuilding CXX object CMakeFiles/grid_map_pcl.dir/src/GridMapPclLoader.cpp.o[0m
[64.661s] [ 10%] [32mBuilding CXX object CMakeFiles/grid_map_pcl.dir/src/GridMapPclConverter.cpp.o[0m
[81.628s] [ 15%] [32mBuilding CXX object CMakeFiles/grid_map_pcl.dir/src/helpers.cpp.o[0m
[112.586s] [ 21%] [32mBuilding CXX object CMakeFiles/grid_map_pcl.dir/src/PointcloudProcessor.cpp.o[0m
[126.304s] [ 26%] [32mBuilding CXX object CMakeFiles/grid_map_pcl.dir/src/PclLoaderParameters.cpp.o[0m
[132.895s] [ 31%] [32m[1mLinking CXX shared library libgrid_map_pcl.so[0m
[134.443s] [ 31%] Built target grid_map_pcl
[134.486s] [ 36%] [32mBuilding CXX object gtest/CMakeFiles/gtest.dir/src/gtest-all.cc.o[0m
[143.280s] [ 42%] [32m[1mLinking CXX static library libgtest.a[0m
[143.390s] [ 42%] Built target gtest
[143.436s] [ 47%] [32mBuilding CXX object CMakeFiles/grid_map_pcl_loader_node.dir/src/grid_map_pcl_loader_node.cpp.o[0m
[158.971s] [ 52%] [32m[1mLinking CXX executable grid_map_pcl_loader_node[0m
[161.840s] [ 52%] Built target grid_map_pcl_loader_node
[161.995s] [ 57%] [32mBuilding CXX object gtest/CMakeFiles/gtest_main.dir/src/gtest_main.cc.o[0m
[165.066s] [ 63%] [32m[1mLinking CXX static library libgtest_main.a[0m
[165.418s] [ 63%] Built target gtest_main
[165.598s] [ 68%] [32mBuilding CXX object CMakeFiles/grid_map_pcl-test.dir/test/GridMapPclLoaderTest.cpp.o[0m
[191.872s] [ 73%] [32mBuilding CXX object CMakeFiles/grid_map_pcl-test.dir/test/test_grid_map_pcl.cpp.o[0m
[201.432s] [ 78%] [32mBuilding CXX object CMakeFiles/grid_map_pcl-test.dir/test/test_helpers.cpp.o[0m
[218.439s] [ 84%] [32mBuilding CXX object CMakeFiles/grid_map_pcl-test.dir/test/PointcloudProcessorTest.cpp.o[0m
[229.416s] [ 89%] [32mBuilding CXX object CMakeFiles/grid_map_pcl-test.dir/test/PointcloudCreator.cpp.o[0m
[234.274s] [ 94%] [32mBuilding CXX object CMakeFiles/grid_map_pcl-test.dir/test/HelpersTest.cpp.o[0m
[242.595s] [100%] [32m[1mLinking CXX executable grid_map_pcl-test[0m
[243.898s] [100%] Built target grid_map_pcl-test
[243.922s] Invoked command in '/home/ctaylor71023/ros2_ws/src/ctaylor319_capstone/build/grid_map_pcl' returned '0': AMENT_PREFIX_PATH=/home/ctaylor71023/ros2_ws/src/ctaylor319_capstone/install/grid_map_ros:/home/ctaylor71023/ros2_ws/src/ctaylor319_capstone/install/grid_map_cv:/home/ctaylor71023/ros2_ws/src/ctaylor319_capstone/install/grid_map_msgs:/home/ctaylor71023/ros2_ws/src/ctaylor319_capstone/install/grid_map_core:/home/ctaylor71023/ros2_ws/src/ctaylor319_capstone/install/grid_map_cmake_helpers:${AMENT_PREFIX_PATH} CMAKE_PREFIX_PATH=/home/ctaylor71023/ros2_ws/src/ctaylor319_capstone/install/grid_map_ros:/home/ctaylor71023/ros2_ws/src/ctaylor319_capstone/install/grid_map_cv:/home/ctaylor71023/ros2_ws/src/ctaylor319_capstone/install/grid_map_msgs:/home/ctaylor71023/ros2_ws/src/ctaylor319_capstone/install/grid_map_core:/home/ctaylor71023/ros2_ws/src/ctaylor319_capstone/install/grid_map_cmake_helpers:/home/ctaylor71023/ws_moveit/install/pilz_industrial_motion_planner_testutils:/home/ctaylor71023/ws_moveit/install/moveit_runtime:/home/ctaylor71023/ws_moveit/install/moveit2_tutorials:/home/ctaylor71023/ws_moveit/install/moveit:/home/ctaylor71023/ws_moveit/install/moveit_planners:/home/ctaylor71023/ws_moveit/install/pilz_industrial_motion_planner:/home/ctaylor71023/ws_moveit/install/moveit_visual_tools:/home/ctaylor71023/ws_moveit/install/moveit_task_constructor_visualization:/home/ctaylor71023/ws_moveit/install/moveit_task_constructor_demo:/home/ctaylor71023/ws_moveit/install/moveit_task_constructor_capabilities:/home/ctaylor71023/ws_moveit/install/moveit_task_constructor_core:/home/ctaylor71023/ws_moveit/install/moveit_ros_control_interface:/home/ctaylor71023/ws_moveit/install/moveit_plugins:/home/ctaylor71023/ws_moveit/install/moveit_simple_controller_manager:/home/ctaylor71023/ws_moveit/install/moveit_setup_assistant:/home/ctaylor71023/ws_moveit/install/moveit_setup_srdf_plugins:/home/ctaylor71023/ws_moveit/install/moveit_setup_core_plugins:/home/ctaylor71023/ws_moveit/install/moveit_setup_controllers:/home/ctaylor71023/ws_moveit/install/moveit_setup_app_plugins:/home/ctaylor71023/ws_moveit/install/moveit_setup_framework:/home/ctaylor71023/ws_moveit/install/moveit_servo:/home/ctaylor71023/ws_moveit/install/moveit_ros:/home/ctaylor71023/ws_moveit/install/moveit_ros_visualization:/home/ctaylor71023/ws_moveit/install/moveit_hybrid_planning:/home/ctaylor71023/ws_moveit/install/moveit_ros_planning_interface:/home/ctaylor71023/ws_moveit/install/moveit_ros_benchmarks:/home/ctaylor71023/ws_moveit/install/moveit_ros_warehouse:/home/ctaylor71023/ws_moveit/install/moveit_ros_robot_interaction:/home/ctaylor71023/ws_moveit/install/moveit_ros_perception:/home/ctaylor71023/ws_moveit/install/moveit_resources_prbt_pg70_support:/home/ctaylor71023/ws_moveit/install/moveit_resources_prbt_moveit_config:/home/ctaylor71023/ws_moveit/install/moveit_ros_move_group:/home/ctaylor71023/ws_moveit/install/moveit_planners_ompl:/home/ctaylor71023/ws_moveit/install/moveit_ros_planning:/home/ctaylor71023/ws_moveit/install/moveit_ros_occupancy_map_monitor:/home/ctaylor71023/ws_moveit/install/moveit_resources_prbt_ikfast_manipulator_plugin:/home/ctaylor71023/ws_moveit/install/moveit_planners_chomp:/home/ctaylor71023/ws_moveit/install/moveit_kinematics:/home/ctaylor71023/ws_moveit/install/moveit_chomp_optimizer_adapter:/home/ctaylor71023/ws_moveit/install/chomp_motion_planner:/home/ctaylor71023/ws_moveit/install/moveit_core:/home/ctaylor71023/ws_moveit/install/srdfdom:/home/ctaylor71023/ws_moveit/install/rviz_marker_tools:/home/ctaylor71023/ws_moveit/install/rosparam_shortcuts:/home/ctaylor71023/ws_moveit/install/moveit_task_constructor_msgs:/home/ctaylor71023/ws_moveit/install/moveit_resources_prbt_support:/home/ctaylor71023/ws_moveit/install/moveit_resources:/home/ctaylor71023/ws_moveit/install/moveit_resources_pr2_description:/home/ctaylor71023/ws_moveit/install/moveit_resources_panda_moveit_config:/home/ctaylor71023/ws_moveit/install/moveit_resources_panda_description:/home/ctaylor71023/ws_moveit/install/moveit_resources_fanuc_moveit_config:/home/ctaylor71023/ws_moveit/install/moveit_resources_fanuc_description:/home/ctaylor71023/ws_moveit/install/moveit_common:/home/ctaylor71023/ros2_ws/install/mycobot_ros2:/home/ctaylor71023/ros2_ws/install/mycobot_gazebo:/home/ctaylor71023/ros2_ws/install/mycobot_description:/home/ctaylor71023/ros2_ws/install/chomp_motion_planner:/home/ctaylor71023/turtlebot3_ws/install/turtlebot3_simulations:/home/ctaylor71023/turtlebot3_ws/install/turtlebot3_gazebo:/home/ctaylor71023/turtlebot3_ws/install/turtlebot3_fake_node:/home/ctaylor71023/turtlebot3_ws/install/msg_types:/home/ctaylor71023/turtlebot3_ws/src/install/turtlebot3_simulations:/home/ctaylor71023/turtlebot3_ws/src/install/turtlebot3_gazebo:/home/ctaylor71023/turtlebot3_ws/src/install/turtlebot3_fake_node:/home/ctaylor71023/turtlebot3_ws/src/install/msg_types:/home/ctaylor71023/ws_moveit/install/moveit_configs_utils:/home/ctaylor71023/ws_moveit/install/launch_param_builder:/home/ctaylor71023/turtlebot3_ws/install/py_subpub:/home/ctaylor71023/turtlebot3_ws/install/Crossfire_object_follower:/home/ctaylor71023/turtlebot3_ws/install/Crossfire_navigate_to_goal:/home/ctaylor71023/turtlebot3_ws/install/Crossfire_lab6:/home/ctaylor71023/turtlebot3_ws/install/Crossfire_lab5:/home/ctaylor71023/turtlebot3_ws/install/Crossfire_chase_object:/home/ctaylor71023/turtlebot3_ws/src/install/py_subpub:/home/ctaylor71023/turtlebot3_ws/src/install/Lab2:/home/ctaylor71023/turtlebot3_ws/src/install/Crossfire_object_follower:/home/ctaylor71023/turtlebot3_ws/src/install/Crossfire_navigate_to_goal:/home/ctaylor71023/turtlebot3_ws/src/install/Crossfire_lab6:/home/ctaylor71023/turtlebot3_ws/src/install/Crossfire_lab5:/home/ctaylor71023/turtlebot3_ws/src/install/Crossfire_chase_object:/opt/ros/humble LD_LIBRARY_PATH=/home/ctaylor71023/ros2_ws/src/ctaylor319_capstone/install/grid_map_ros/lib:/home/ctaylor71023/ros2_ws/src/ctaylor319_capstone/install/grid_map_cv/lib:/home/ctaylor71023/ros2_ws/src/ctaylor319_capstone/install/grid_map_msgs/lib:/home/ctaylor71023/ros2_ws/src/ctaylor319_capstone/install/grid_map_core/lib:${LD_LIBRARY_PATH} PYTHONPATH=/home/ctaylor71023/ros2_ws/src/ctaylor319_capstone/install/grid_map_msgs/local/lib/python3.10/dist-packages:${PYTHONPATH} /usr/bin/cmake --build /home/ctaylor71023/ros2_ws/src/ctaylor319_capstone/build/grid_map_pcl -- -j8 -l8
[244.089s] Invoking command in '/home/ctaylor71023/ros2_ws/src/ctaylor319_capstone/build/grid_map_pcl': AMENT_PREFIX_PATH=/home/ctaylor71023/ros2_ws/src/ctaylor319_capstone/install/grid_map_ros:/home/ctaylor71023/ros2_ws/src/ctaylor319_capstone/install/grid_map_cv:/home/ctaylor71023/ros2_ws/src/ctaylor319_capstone/install/grid_map_msgs:/home/ctaylor71023/ros2_ws/src/ctaylor319_capstone/install/grid_map_core:/home/ctaylor71023/ros2_ws/src/ctaylor319_capstone/install/grid_map_cmake_helpers:${AMENT_PREFIX_PATH} CMAKE_PREFIX_PATH=/home/ctaylor71023/ros2_ws/src/ctaylor319_capstone/install/grid_map_ros:/home/ctaylor71023/ros2_ws/src/ctaylor319_capstone/install/grid_map_cv:/home/ctaylor71023/ros2_ws/src/ctaylor319_capstone/install/grid_map_msgs:/home/ctaylor71023/ros2_ws/src/ctaylor319_capstone/install/grid_map_core:/home/ctaylor71023/ros2_ws/src/ctaylor319_capstone/install/grid_map_cmake_helpers:/home/ctaylor71023/ws_moveit/install/pilz_industrial_motion_planner_testutils:/home/ctaylor71023/ws_moveit/install/moveit_runtime:/home/ctaylor71023/ws_moveit/install/moveit2_tutorials:/home/ctaylor71023/ws_moveit/install/moveit:/home/ctaylor71023/ws_moveit/install/moveit_planners:/home/ctaylor71023/ws_moveit/install/pilz_industrial_motion_planner:/home/ctaylor71023/ws_moveit/install/moveit_visual_tools:/home/ctaylor71023/ws_moveit/install/moveit_task_constructor_visualization:/home/ctaylor71023/ws_moveit/install/moveit_task_constructor_demo:/home/ctaylor71023/ws_moveit/install/moveit_task_constructor_capabilities:/home/ctaylor71023/ws_moveit/install/moveit_task_constructor_core:/home/ctaylor71023/ws_moveit/install/moveit_ros_control_interface:/home/ctaylor71023/ws_moveit/install/moveit_plugins:/home/ctaylor71023/ws_moveit/install/moveit_simple_controller_manager:/home/ctaylor71023/ws_moveit/install/moveit_setup_assistant:/home/ctaylor71023/ws_moveit/install/moveit_setup_srdf_plugins:/home/ctaylor71023/ws_moveit/install/moveit_setup_core_plugins:/home/ctaylor71023/ws_moveit/install/moveit_setup_controllers:/home/ctaylor71023/ws_moveit/install/moveit_setup_app_plugins:/home/ctaylor71023/ws_moveit/install/moveit_setup_framework:/home/ctaylor71023/ws_moveit/install/moveit_servo:/home/ctaylor71023/ws_moveit/install/moveit_ros:/home/ctaylor71023/ws_moveit/install/moveit_ros_visualization:/home/ctaylor71023/ws_moveit/install/moveit_hybrid_planning:/home/ctaylor71023/ws_moveit/install/moveit_ros_planning_interface:/home/ctaylor71023/ws_moveit/install/moveit_ros_benchmarks:/home/ctaylor71023/ws_moveit/install/moveit_ros_warehouse:/home/ctaylor71023/ws_moveit/install/moveit_ros_robot_interaction:/home/ctaylor71023/ws_moveit/install/moveit_ros_perception:/home/ctaylor71023/ws_moveit/install/moveit_resources_prbt_pg70_support:/home/ctaylor71023/ws_moveit/install/moveit_resources_prbt_moveit_config:/home/ctaylor71023/ws_moveit/install/moveit_ros_move_group:/home/ctaylor71023/ws_moveit/install/moveit_planners_ompl:/home/ctaylor71023/ws_moveit/install/moveit_ros_planning:/home/ctaylor71023/ws_moveit/install/moveit_ros_occupancy_map_monitor:/home/ctaylor71023/ws_moveit/install/moveit_resources_prbt_ikfast_manipulator_plugin:/home/ctaylor71023/ws_moveit/install/moveit_planners_chomp:/home/ctaylor71023/ws_moveit/install/moveit_kinematics:/home/ctaylor71023/ws_moveit/install/moveit_chomp_optimizer_adapter:/home/ctaylor71023/ws_moveit/install/chomp_motion_planner:/home/ctaylor71023/ws_moveit/install/moveit_core:/home/ctaylor71023/ws_moveit/install/srdfdom:/home/ctaylor71023/ws_moveit/install/rviz_marker_tools:/home/ctaylor71023/ws_moveit/install/rosparam_shortcuts:/home/ctaylor71023/ws_moveit/install/moveit_task_constructor_msgs:/home/ctaylor71023/ws_moveit/install/moveit_resources_prbt_support:/home/ctaylor71023/ws_moveit/install/moveit_resources:/home/ctaylor71023/ws_moveit/install/moveit_resources_pr2_description:/home/ctaylor71023/ws_moveit/install/moveit_resources_panda_moveit_config:/home/ctaylor71023/ws_moveit/install/moveit_resources_panda_description:/home/ctaylor71023/ws_moveit/install/moveit_resources_fanuc_moveit_config:/home/ctaylor71023/ws_moveit/install/moveit_resources_fanuc_description:/home/ctaylor71023/ws_moveit/install/moveit_common:/home/ctaylor71023/ros2_ws/install/mycobot_ros2:/home/ctaylor71023/ros2_ws/install/mycobot_gazebo:/home/ctaylor71023/ros2_ws/install/mycobot_description:/home/ctaylor71023/ros2_ws/install/chomp_motion_planner:/home/ctaylor71023/turtlebot3_ws/install/turtlebot3_simulations:/home/ctaylor71023/turtlebot3_ws/install/turtlebot3_gazebo:/home/ctaylor71023/turtlebot3_ws/install/turtlebot3_fake_node:/home/ctaylor71023/turtlebot3_ws/install/msg_types:/home/ctaylor71023/turtlebot3_ws/src/install/turtlebot3_simulations:/home/ctaylor71023/turtlebot3_ws/src/install/turtlebot3_gazebo:/home/ctaylor71023/turtlebot3_ws/src/install/turtlebot3_fake_node:/home/ctaylor71023/turtlebot3_ws/src/install/msg_types:/home/ctaylor71023/ws_moveit/install/moveit_configs_utils:/home/ctaylor71023/ws_moveit/install/launch_param_builder:/home/ctaylor71023/turtlebot3_ws/install/py_subpub:/home/ctaylor71023/turtlebot3_ws/install/Crossfire_object_follower:/home/ctaylor71023/turtlebot3_ws/install/Crossfire_navigate_to_goal:/home/ctaylor71023/turtlebot3_ws/install/Crossfire_lab6:/home/ctaylor71023/turtlebot3_ws/install/Crossfire_lab5:/home/ctaylor71023/turtlebot3_ws/install/Crossfire_chase_object:/home/ctaylor71023/turtlebot3_ws/src/install/py_subpub:/home/ctaylor71023/turtlebot3_ws/src/install/Lab2:/home/ctaylor71023/turtlebot3_ws/src/install/Crossfire_object_follower:/home/ctaylor71023/turtlebot3_ws/src/install/Crossfire_navigate_to_goal:/home/ctaylor71023/turtlebot3_ws/src/install/Crossfire_lab6:/home/ctaylor71023/turtlebot3_ws/src/install/Crossfire_lab5:/home/ctaylor71023/turtlebot3_ws/src/install/Crossfire_chase_object:/opt/ros/humble LD_LIBRARY_PATH=/home/ctaylor71023/ros2_ws/src/ctaylor319_capstone/install/grid_map_ros/lib:/home/ctaylor71023/ros2_ws/src/ctaylor319_capstone/install/grid_map_cv/lib:/home/ctaylor71023/ros2_ws/src/ctaylor319_capstone/install/grid_map_msgs/lib:/home/ctaylor71023/ros2_ws/src/ctaylor319_capstone/install/grid_map_core/lib:${LD_LIBRARY_PATH} PYTHONPATH=/home/ctaylor71023/ros2_ws/src/ctaylor319_capstone/install/grid_map_msgs/local/lib/python3.10/dist-packages:${PYTHONPATH} /usr/bin/cmake --install /home/ctaylor71023/ros2_ws/src/ctaylor319_capstone/build/grid_map_pcl
[244.105s] -- Install configuration: "Release"
[244.106s] -- Installing: /home/ctaylor71023/ros2_ws/src/ctaylor319_capstone/install/grid_map_pcl/lib/libgrid_map_pcl.so
[244.107s] -- Set runtime path of "/home/ctaylor71023/ros2_ws/src/ctaylor319_capstone/install/grid_map_pcl/lib/libgrid_map_pcl.so" to ""
[244.107s] -- Installing: /home/ctaylor71023/ros2_ws/src/ctaylor319_capstone/install/grid_map_pcl/lib/grid_map_pcl/grid_map_pcl_loader_node
[244.108s] -- Set runtime path of "/home/ctaylor71023/ros2_ws/src/ctaylor319_capstone/install/grid_map_pcl/lib/grid_map_pcl/grid_map_pcl_loader_node" to ""
[244.108s] -- Installing: /home/ctaylor71023/ros2_ws/src/ctaylor319_capstone/install/grid_map_pcl/include/grid_map_pcl
[244.108s] -- Installing: /home/ctaylor71023/ros2_ws/src/ctaylor319_capstone/install/grid_map_pcl/include/grid_map_pcl/PointcloudProcessor.hpp
[244.109s] -- Installing: /home/ctaylor71023/ros2_ws/src/ctaylor319_capstone/install/grid_map_pcl/include/grid_map_pcl/PclLoaderParameters.hpp
[244.109s] -- Installing: /home/ctaylor71023/ros2_ws/src/ctaylor319_capstone/install/grid_map_pcl/include/grid_map_pcl/grid_map_pcl.hpp
[244.109s] -- Installing: /home/ctaylor71023/ros2_ws/src/ctaylor319_capstone/install/grid_map_pcl/include/grid_map_pcl/helpers.hpp
[244.109s] -- Installing: /home/ctaylor71023/ros2_ws/src/ctaylor319_capstone/install/grid_map_pcl/include/grid_map_pcl/GridMapPclConverter.hpp
[244.109s] -- Installing: /home/ctaylor71023/ros2_ws/src/ctaylor319_capstone/install/grid_map_pcl/include/grid_map_pcl/GridMapPclLoader.hpp
[244.109s] -- Installing: /home/ctaylor71023/ros2_ws/src/ctaylor319_capstone/install/grid_map_pcl/share/grid_map_pcl/config
[244.109s] -- Installing: /home/ctaylor71023/ros2_ws/src/ctaylor319_capstone/install/grid_map_pcl/share/grid_map_pcl/config/parameters.yaml
[244.110s] -- Installing: /home/ctaylor71023/ros2_ws/src/ctaylor319_capstone/install/grid_map_pcl/share/grid_map_pcl/launch
[244.110s] -- Installing: /home/ctaylor71023/ros2_ws/src/ctaylor319_capstone/install/grid_map_pcl/share/grid_map_pcl/launch/grid_map_pcl_loader_launch.py
[244.110s] -- Installing: /home/ctaylor71023/ros2_ws/src/ctaylor319_capstone/install/grid_map_pcl/share/grid_map_pcl/test_data/
[244.110s] -- Installing: /home/ctaylor71023/ros2_ws/src/ctaylor319_capstone/install/grid_map_pcl/share/grid_map_pcl/test_data//parameters.yaml
[244.110s] -- Installing: /home/ctaylor71023/ros2_ws/src/ctaylor319_capstone/install/grid_map_pcl/share/grid_map_pcl/test_data//plane_noisy.pcd
[244.111s] -- Installing: /home/ctaylor71023/ros2_ws/src/ctaylor319_capstone/install/grid_map_pcl/share/grid_map_pcl/environment/library_path.sh
[244.112s] -- Installing: /home/ctaylor71023/ros2_ws/src/ctaylor319_capstone/install/grid_map_pcl/share/grid_map_pcl/environment/library_path.dsv
[244.112s] -- Installing: /home/ctaylor71023/ros2_ws/src/ctaylor319_capstone/install/grid_map_pcl/share/ament_index/resource_index/package_run_dependencies/grid_map_pcl
[244.112s] -- Installing: /home/ctaylor71023/ros2_ws/src/ctaylor319_capstone/install/grid_map_pcl/share/ament_index/resource_index/parent_prefix_path/grid_map_pcl
[244.112s] -- Installing: /home/ctaylor71023/ros2_ws/src/ctaylor319_capstone/install/grid_map_pcl/share/grid_map_pcl/environment/ament_prefix_path.sh
[244.113s] -- Installing: /home/ctaylor71023/ros2_ws/src/ctaylor319_capstone/install/grid_map_pcl/share/grid_map_pcl/environment/ament_prefix_path.dsv
[244.113s] -- Installing: /home/ctaylor71023/ros2_ws/src/ctaylor319_capstone/install/grid_map_pcl/share/grid_map_pcl/environment/path.sh
[244.113s] -- Installing: /home/ctaylor71023/ros2_ws/src/ctaylor319_capstone/install/grid_map_pcl/share/grid_map_pcl/environment/path.dsv
[244.113s] -- Installing: /home/ctaylor71023/ros2_ws/src/ctaylor319_capstone/install/grid_map_pcl/share/grid_map_pcl/local_setup.bash
[244.113s] -- Installing: /home/ctaylor71023/ros2_ws/src/ctaylor319_capstone/install/grid_map_pcl/share/grid_map_pcl/local_setup.sh
[244.114s] -- Installing: /home/ctaylor71023/ros2_ws/src/ctaylor319_capstone/install/grid_map_pcl/share/grid_map_pcl/local_setup.zsh
[244.114s] -- Installing: /home/ctaylor71023/ros2_ws/src/ctaylor319_capstone/install/grid_map_pcl/share/grid_map_pcl/local_setup.dsv
[244.114s] -- Installing: /home/ctaylor71023/ros2_ws/src/ctaylor319_capstone/install/grid_map_pcl/share/grid_map_pcl/package.dsv
[244.114s] -- Installing: /home/ctaylor71023/ros2_ws/src/ctaylor319_capstone/install/grid_map_pcl/share/ament_index/resource_index/packages/grid_map_pcl
[244.114s] -- Installing: /home/ctaylor71023/ros2_ws/src/ctaylor319_capstone/install/grid_map_pcl/share/grid_map_pcl/cmake/ament_cmake_export_include_directories-extras.cmake
[244.115s] -- Installing: /home/ctaylor71023/ros2_ws/src/ctaylor319_capstone/install/grid_map_pcl/share/grid_map_pcl/cmake/ament_cmake_export_libraries-extras.cmake
[244.115s] -- Installing: /home/ctaylor71023/ros2_ws/src/ctaylor319_capstone/install/grid_map_pcl/share/grid_map_pcl/cmake/grid_map_pclConfig.cmake
[244.115s] -- Installing: /home/ctaylor71023/ros2_ws/src/ctaylor319_capstone/install/grid_map_pcl/share/grid_map_pcl/cmake/grid_map_pclConfig-version.cmake
[244.115s] -- Installing: /home/ctaylor71023/ros2_ws/src/ctaylor319_capstone/install/grid_map_pcl/share/grid_map_pcl/package.xml
[244.119s] Invoked command in '/home/ctaylor71023/ros2_ws/src/ctaylor319_capstone/build/grid_map_pcl' returned '0': AMENT_PREFIX_PATH=/home/ctaylor71023/ros2_ws/src/ctaylor319_capstone/install/grid_map_ros:/home/ctaylor71023/ros2_ws/src/ctaylor319_capstone/install/grid_map_cv:/home/ctaylor71023/ros2_ws/src/ctaylor319_capstone/install/grid_map_msgs:/home/ctaylor71023/ros2_ws/src/ctaylor319_capstone/install/grid_map_core:/home/ctaylor71023/ros2_ws/src/ctaylor319_capstone/install/grid_map_cmake_helpers:${AMENT_PREFIX_PATH} CMAKE_PREFIX_PATH=/home/ctaylor71023/ros2_ws/src/ctaylor319_capstone/install/grid_map_ros:/home/ctaylor71023/ros2_ws/src/ctaylor319_capstone/install/grid_map_cv:/home/ctaylor71023/ros2_ws/src/ctaylor319_capstone/install/grid_map_msgs:/home/ctaylor71023/ros2_ws/src/ctaylor319_capstone/install/grid_map_core:/home/ctaylor71023/ros2_ws/src/ctaylor319_capstone/install/grid_map_cmake_helpers:/home/ctaylor71023/ws_moveit/install/pilz_industrial_motion_planner_testutils:/home/ctaylor71023/ws_moveit/install/moveit_runtime:/home/ctaylor71023/ws_moveit/install/moveit2_tutorials:/home/ctaylor71023/ws_moveit/install/moveit:/home/ctaylor71023/ws_moveit/install/moveit_planners:/home/ctaylor71023/ws_moveit/install/pilz_industrial_motion_planner:/home/ctaylor71023/ws_moveit/install/moveit_visual_tools:/home/ctaylor71023/ws_moveit/install/moveit_task_constructor_visualization:/home/ctaylor71023/ws_moveit/install/moveit_task_constructor_demo:/home/ctaylor71023/ws_moveit/install/moveit_task_constructor_capabilities:/home/ctaylor71023/ws_moveit/install/moveit_task_constructor_core:/home/ctaylor71023/ws_moveit/install/moveit_ros_control_interface:/home/ctaylor71023/ws_moveit/install/moveit_plugins:/home/ctaylor71023/ws_moveit/install/moveit_simple_controller_manager:/home/ctaylor71023/ws_moveit/install/moveit_setup_assistant:/home/ctaylor71023/ws_moveit/install/moveit_setup_srdf_plugins:/home/ctaylor71023/ws_moveit/install/moveit_setup_core_plugins:/home/ctaylor71023/ws_moveit/install/moveit_setup_controllers:/home/ctaylor71023/ws_moveit/install/moveit_setup_app_plugins:/home/ctaylor71023/ws_moveit/install/moveit_setup_framework:/home/ctaylor71023/ws_moveit/install/moveit_servo:/home/ctaylor71023/ws_moveit/install/moveit_ros:/home/ctaylor71023/ws_moveit/install/moveit_ros_visualization:/home/ctaylor71023/ws_moveit/install/moveit_hybrid_planning:/home/ctaylor71023/ws_moveit/install/moveit_ros_planning_interface:/home/ctaylor71023/ws_moveit/install/moveit_ros_benchmarks:/home/ctaylor71023/ws_moveit/install/moveit_ros_warehouse:/home/ctaylor71023/ws_moveit/install/moveit_ros_robot_interaction:/home/ctaylor71023/ws_moveit/install/moveit_ros_perception:/home/ctaylor71023/ws_moveit/install/moveit_resources_prbt_pg70_support:/home/ctaylor71023/ws_moveit/install/moveit_resources_prbt_moveit_config:/home/ctaylor71023/ws_moveit/install/moveit_ros_move_group:/home/ctaylor71023/ws_moveit/install/moveit_planners_ompl:/home/ctaylor71023/ws_moveit/install/moveit_ros_planning:/home/ctaylor71023/ws_moveit/install/moveit_ros_occupancy_map_monitor:/home/ctaylor71023/ws_moveit/install/moveit_resources_prbt_ikfast_manipulator_plugin:/home/ctaylor71023/ws_moveit/install/moveit_planners_chomp:/home/ctaylor71023/ws_moveit/install/moveit_kinematics:/home/ctaylor71023/ws_moveit/install/moveit_chomp_optimizer_adapter:/home/ctaylor71023/ws_moveit/install/chomp_motion_planner:/home/ctaylor71023/ws_moveit/install/moveit_core:/home/ctaylor71023/ws_moveit/install/srdfdom:/home/ctaylor71023/ws_moveit/install/rviz_marker_tools:/home/ctaylor71023/ws_moveit/install/rosparam_shortcuts:/home/ctaylor71023/ws_moveit/install/moveit_task_constructor_msgs:/home/ctaylor71023/ws_moveit/install/moveit_resources_prbt_support:/home/ctaylor71023/ws_moveit/install/moveit_resources:/home/ctaylor71023/ws_moveit/install/moveit_resources_pr2_description:/home/ctaylor71023/ws_moveit/install/moveit_resources_panda_moveit_config:/home/ctaylor71023/ws_moveit/install/moveit_resources_panda_description:/home/ctaylor71023/ws_moveit/install/moveit_resources_fanuc_moveit_config:/home/ctaylor71023/ws_moveit/install/moveit_resources_fanuc_description:/home/ctaylor71023/ws_moveit/install/moveit_common:/home/ctaylor71023/ros2_ws/install/mycobot_ros2:/home/ctaylor71023/ros2_ws/install/mycobot_gazebo:/home/ctaylor71023/ros2_ws/install/mycobot_description:/home/ctaylor71023/ros2_ws/install/chomp_motion_planner:/home/ctaylor71023/turtlebot3_ws/install/turtlebot3_simulations:/home/ctaylor71023/turtlebot3_ws/install/turtlebot3_gazebo:/home/ctaylor71023/turtlebot3_ws/install/turtlebot3_fake_node:/home/ctaylor71023/turtlebot3_ws/install/msg_types:/home/ctaylor71023/turtlebot3_ws/src/install/turtlebot3_simulations:/home/ctaylor71023/turtlebot3_ws/src/install/turtlebot3_gazebo:/home/ctaylor71023/turtlebot3_ws/src/install/turtlebot3_fake_node:/home/ctaylor71023/turtlebot3_ws/src/install/msg_types:/home/ctaylor71023/ws_moveit/install/moveit_configs_utils:/home/ctaylor71023/ws_moveit/install/launch_param_builder:/home/ctaylor71023/turtlebot3_ws/install/py_subpub:/home/ctaylor71023/turtlebot3_ws/install/Crossfire_object_follower:/home/ctaylor71023/turtlebot3_ws/install/Crossfire_navigate_to_goal:/home/ctaylor71023/turtlebot3_ws/install/Crossfire_lab6:/home/ctaylor71023/turtlebot3_ws/install/Crossfire_lab5:/home/ctaylor71023/turtlebot3_ws/install/Crossfire_chase_object:/home/ctaylor71023/turtlebot3_ws/src/install/py_subpub:/home/ctaylor71023/turtlebot3_ws/src/install/Lab2:/home/ctaylor71023/turtlebot3_ws/src/install/Crossfire_object_follower:/home/ctaylor71023/turtlebot3_ws/src/install/Crossfire_navigate_to_goal:/home/ctaylor71023/turtlebot3_ws/src/install/Crossfire_lab6:/home/ctaylor71023/turtlebot3_ws/src/install/Crossfire_lab5:/home/ctaylor71023/turtlebot3_ws/src/install/Crossfire_chase_object:/opt/ros/humble LD_LIBRARY_PATH=/home/ctaylor71023/ros2_ws/src/ctaylor319_capstone/install/grid_map_ros/lib:/home/ctaylor71023/ros2_ws/src/ctaylor319_capstone/install/grid_map_cv/lib:/home/ctaylor71023/ros2_ws/src/ctaylor319_capstone/install/grid_map_msgs/lib:/home/ctaylor71023/ros2_ws/src/ctaylor319_capstone/install/grid_map_core/lib:${LD_LIBRARY_PATH} PYTHONPATH=/home/ctaylor71023/ros2_ws/src/ctaylor319_capstone/install/grid_map_msgs/local/lib/python3.10/dist-packages:${PYTHONPATH} /usr/bin/cmake --install /home/ctaylor71023/ros2_ws/src/ctaylor319_capstone/build/grid_map_pcl
