[35m[1mConsolidate compiler generated dependencies of target raw_env_data_collect[0m
[ 50%] [32mBuilding CXX object CMakeFiles/raw_env_data_collect.dir/src/raw_env_data_collect.cpp.o[0m
[100%] [32m[1mLinking CXX executable raw_env_data_collect[0m
[100%] Built target raw_env_data_collect
-- Install configuration: ""
-- Up-to-date: /home/ctaylor71023/ros2_ws/src/ctaylor319_capstone/install/env_construction/share/ament_index/resource_index/package_run_dependencies/env_construction
-- Up-to-date: /home/ctaylor71023/ros2_ws/src/ctaylor319_capstone/install/env_construction/share/ament_index/resource_index/parent_prefix_path/env_construction
-- Up-to-date: /home/ctaylor71023/ros2_ws/src/ctaylor319_capstone/install/env_construction/share/env_construction/environment/ament_prefix_path.sh
-- Up-to-date: /home/ctaylor71023/ros2_ws/src/ctaylor319_capstone/install/env_construction/share/env_construction/environment/ament_prefix_path.dsv
-- Up-to-date: /home/ctaylor71023/ros2_ws/src/ctaylor319_capstone/install/env_construction/share/env_construction/environment/path.sh
-- Up-to-date: /home/ctaylor71023/ros2_ws/src/ctaylor319_capstone/install/env_construction/share/env_construction/environment/path.dsv
-- Up-to-date: /home/ctaylor71023/ros2_ws/src/ctaylor319_capstone/install/env_construction/share/env_construction/local_setup.bash
-- Up-to-date: /home/ctaylor71023/ros2_ws/src/ctaylor319_capstone/install/env_construction/share/env_construction/local_setup.sh
-- Up-to-date: /home/ctaylor71023/ros2_ws/src/ctaylor319_capstone/install/env_construction/share/env_construction/local_setup.zsh
-- Up-to-date: /home/ctaylor71023/ros2_ws/src/ctaylor319_capstone/install/env_construction/share/env_construction/local_setup.dsv
-- Installing: /home/ctaylor71023/ros2_ws/src/ctaylor319_capstone/install/env_construction/share/env_construction/package.dsv
-- Up-to-date: /home/ctaylor71023/ros2_ws/src/ctaylor319_capstone/install/env_construction/share/ament_index/resource_index/packages/env_construction
-- Up-to-date: /home/ctaylor71023/ros2_ws/src/ctaylor319_capstone/install/env_construction/share/env_construction/cmake/env_constructionConfig.cmake
-- Up-to-date: /home/ctaylor71023/ros2_ws/src/ctaylor319_capstone/install/env_construction/share/env_construction/cmake/env_constructionConfig-version.cmake
-- Up-to-date: /home/ctaylor71023/ros2_ws/src/ctaylor319_capstone/install/env_construction/share/env_construction/package.xml
