[ 25%] [32mBuilding CXX object CMakeFiles/publish_final_trajectory.dir/src/publish_final_trajectory.cpp.o[0m
[ 75%] Built target add_time_parameterization
[100%] [32m[1mLinking CXX executable publish_final_trajectory[0m
[100%] Built target publish_final_trajectory
-- Install configuration: ""
-- Up-to-date: /home/ctaylor71023/ros2_ws/src/ctaylor319_capstone/install/robot_control/share/ament_index/resource_index/package_run_dependencies/robot_control
-- Up-to-date: /home/ctaylor71023/ros2_ws/src/ctaylor319_capstone/install/robot_control/share/ament_index/resource_index/parent_prefix_path/robot_control
-- Up-to-date: /home/ctaylor71023/ros2_ws/src/ctaylor319_capstone/install/robot_control/share/robot_control/environment/ament_prefix_path.sh
-- Installing: /home/ctaylor71023/ros2_ws/src/ctaylor319_capstone/install/robot_control/share/robot_control/environment/ament_prefix_path.dsv
-- Up-to-date: /home/ctaylor71023/ros2_ws/src/ctaylor319_capstone/install/robot_control/share/robot_control/environment/path.sh
-- Installing: /home/ctaylor71023/ros2_ws/src/ctaylor319_capstone/install/robot_control/share/robot_control/environment/path.dsv
-- Up-to-date: /home/ctaylor71023/ros2_ws/src/ctaylor319_capstone/install/robot_control/share/robot_control/local_setup.bash
-- Up-to-date: /home/ctaylor71023/ros2_ws/src/ctaylor319_capstone/install/robot_control/share/robot_control/local_setup.sh
-- Up-to-date: /home/ctaylor71023/ros2_ws/src/ctaylor319_capstone/install/robot_control/share/robot_control/local_setup.zsh
-- Installing: /home/ctaylor71023/ros2_ws/src/ctaylor319_capstone/install/robot_control/share/robot_control/local_setup.dsv
-- Installing: /home/ctaylor71023/ros2_ws/src/ctaylor319_capstone/install/robot_control/share/robot_control/package.dsv
-- Up-to-date: /home/ctaylor71023/ros2_ws/src/ctaylor319_capstone/install/robot_control/share/ament_index/resource_index/packages/robot_control
-- Up-to-date: /home/ctaylor71023/ros2_ws/src/ctaylor319_capstone/install/robot_control/share/robot_control/cmake/robot_controlConfig.cmake
-- Up-to-date: /home/ctaylor71023/ros2_ws/src/ctaylor319_capstone/install/robot_control/share/robot_control/cmake/robot_controlConfig-version.cmake
-- Up-to-date: /home/ctaylor71023/ros2_ws/src/ctaylor319_capstone/install/robot_control/share/robot_control/package.xml
