[0.127s] DEBUG:colcon:Command line arguments: ['/usr/bin/colcon', 'build', '--symlink-install', '--packages-select', 'octomap_msgs', 'octomap_server2']
[0.127s] DEBUG:colcon:Parsed command line arguments: Namespace(log_base=None, log_level=None, verb_name='build', build_base='build', install_base='install', merge_install=False, symlink_install=True, test_result_base=None, continue_on_error=False, executor='parallel', parallel_workers=8, event_handlers=None, ignore_user_meta=False, metas=['./colcon.meta'], base_paths=['.'], packages_ignore=None, packages_ignore_regex=None, paths=None, packages_up_to=None, packages_up_to_regex=None, packages_above=None, packages_above_and_dependencies=None, packages_above_depth=None, packages_select_by_dep=None, packages_skip_by_dep=None, packages_skip_up_to=None, packages_select_build_failed=False, packages_skip_build_finished=False, packages_select_test_failures=False, packages_skip_test_passed=False, packages_select=['octomap_msgs', 'octomap_server2'], packages_skip=None, packages_select_regex=None, packages_skip_regex=None, packages_start=None, packages_end=None, allow_overriding=[], cmake_args=None, cmake_target=None, cmake_target_skip_unavailable=False, cmake_clean_cache=False, cmake_clean_first=False, cmake_force_configure=False, ament_cmake_args=None, catkin_cmake_args=None, catkin_skip_building_tests=False, mixin_files=None, mixin=None, verb_parser=<colcon_mixin.mixin.mixin_argument.MixinArgumentDecorator object at 0x74426794a7a0>, verb_extension=<colcon_core.verb.build.BuildVerb object at 0x74426794a0e0>, main=<bound method BuildVerb.main of <colcon_core.verb.build.BuildVerb object at 0x74426794a0e0>>, mixin_verb=('build',))
[0.321s] Level 1:colcon.colcon_core.package_discovery:discover_packages(colcon_meta) check parameters
[0.321s] Level 1:colcon.colcon_core.package_discovery:discover_packages(recursive) check parameters
[0.321s] Level 1:colcon.colcon_core.package_discovery:discover_packages(ignore) check parameters
[0.321s] Level 1:colcon.colcon_core.package_discovery:discover_packages(path) check parameters
[0.321s] Level 1:colcon.colcon_core.package_discovery:discover_packages(colcon_meta) discover
[0.321s] Level 1:colcon.colcon_core.package_discovery:discover_packages(recursive) discover
[0.321s] INFO:colcon.colcon_core.package_discovery:Crawling recursively for packages in '/home/ctaylor71023/ros2_ws/src/ctaylor319_capstone'
[0.321s] Level 1:colcon.colcon_core.package_identification:_identify(.) by extensions ['ignore', 'ignore_ament_install']
[0.321s] Level 1:colcon.colcon_core.package_identification:_identify(.) by extension 'ignore'
[0.321s] Level 1:colcon.colcon_core.package_identification:_identify(.) by extension 'ignore_ament_install'
[0.321s] Level 1:colcon.colcon_core.package_identification:_identify(.) by extensions ['colcon_pkg']
[0.321s] Level 1:colcon.colcon_core.package_identification:_identify(.) by extension 'colcon_pkg'
[0.321s] Level 1:colcon.colcon_core.package_identification:_identify(.) by extensions ['colcon_meta']
[0.321s] Level 1:colcon.colcon_core.package_identification:_identify(.) by extension 'colcon_meta'
[0.321s] Level 1:colcon.colcon_core.package_identification:_identify(.) by extensions ['ros']
[0.321s] Level 1:colcon.colcon_core.package_identification:_identify(.) by extension 'ros'
[0.331s] Level 1:colcon.colcon_core.package_identification:_identify(.) by extensions ['cmake', 'python']
[0.331s] Level 1:colcon.colcon_core.package_identification:_identify(.) by extension 'cmake'
[0.331s] Level 1:colcon.colcon_core.package_identification:_identify(.) by extension 'python'
[0.331s] Level 1:colcon.colcon_core.package_identification:_identify(.) by extensions ['python_setup_py']
[0.331s] Level 1:colcon.colcon_core.package_identification:_identify(.) by extension 'python_setup_py'
[0.332s] Level 1:colcon.colcon_core.package_identification:_identify(build) by extensions ['ignore', 'ignore_ament_install']
[0.332s] Level 1:colcon.colcon_core.package_identification:_identify(build) by extension 'ignore'
[0.332s] Level 1:colcon.colcon_core.package_identification:_identify(build) ignored
[0.332s] Level 1:colcon.colcon_core.package_identification:_identify(env_construction) by extensions ['ignore', 'ignore_ament_install']
[0.332s] Level 1:colcon.colcon_core.package_identification:_identify(env_construction) by extension 'ignore'
[0.332s] Level 1:colcon.colcon_core.package_identification:_identify(env_construction) by extension 'ignore_ament_install'
[0.332s] Level 1:colcon.colcon_core.package_identification:_identify(env_construction) by extensions ['colcon_pkg']
[0.332s] Level 1:colcon.colcon_core.package_identification:_identify(env_construction) by extension 'colcon_pkg'
[0.332s] Level 1:colcon.colcon_core.package_identification:_identify(env_construction) by extensions ['colcon_meta']
[0.332s] Level 1:colcon.colcon_core.package_identification:_identify(env_construction) by extension 'colcon_meta'
[0.332s] Level 1:colcon.colcon_core.package_identification:_identify(env_construction) by extensions ['ros']
[0.332s] Level 1:colcon.colcon_core.package_identification:_identify(env_construction) by extension 'ros'
[0.335s] DEBUG:colcon.colcon_core.package_identification:Package 'env_construction' with type 'ros.ament_cmake' and name 'env_construction'
[0.335s] Level 1:colcon.colcon_core.package_identification:_identify(install) by extensions ['ignore', 'ignore_ament_install']
[0.335s] Level 1:colcon.colcon_core.package_identification:_identify(install) by extension 'ignore'
[0.335s] Level 1:colcon.colcon_core.package_identification:_identify(install) ignored
[0.335s] Level 1:colcon.colcon_core.package_identification:_identify(log) by extensions ['ignore', 'ignore_ament_install']
[0.335s] Level 1:colcon.colcon_core.package_identification:_identify(log) by extension 'ignore'
[0.335s] Level 1:colcon.colcon_core.package_identification:_identify(log) ignored
[0.335s] Level 1:colcon.colcon_core.package_identification:_identify(motion_planning) by extensions ['ignore', 'ignore_ament_install']
[0.335s] Level 1:colcon.colcon_core.package_identification:_identify(motion_planning) by extension 'ignore'
[0.335s] Level 1:colcon.colcon_core.package_identification:_identify(motion_planning) by extension 'ignore_ament_install'
[0.335s] Level 1:colcon.colcon_core.package_identification:_identify(motion_planning) by extensions ['colcon_pkg']
[0.335s] Level 1:colcon.colcon_core.package_identification:_identify(motion_planning) by extension 'colcon_pkg'
[0.336s] Level 1:colcon.colcon_core.package_identification:_identify(motion_planning) by extensions ['colcon_meta']
[0.336s] Level 1:colcon.colcon_core.package_identification:_identify(motion_planning) by extension 'colcon_meta'
[0.336s] Level 1:colcon.colcon_core.package_identification:_identify(motion_planning) by extensions ['ros']
[0.336s] Level 1:colcon.colcon_core.package_identification:_identify(motion_planning) by extension 'ros'
[0.337s] DEBUG:colcon.colcon_core.package_identification:Package 'motion_planning' with type 'ros.ament_cmake' and name 'motion_planning'
[0.337s] Level 1:colcon.colcon_core.package_identification:_identify(octomap_msgs) by extensions ['ignore', 'ignore_ament_install']
[0.337s] Level 1:colcon.colcon_core.package_identification:_identify(octomap_msgs) by extension 'ignore'
[0.337s] Level 1:colcon.colcon_core.package_identification:_identify(octomap_msgs) by extension 'ignore_ament_install'
[0.337s] Level 1:colcon.colcon_core.package_identification:_identify(octomap_msgs) by extensions ['colcon_pkg']
[0.337s] Level 1:colcon.colcon_core.package_identification:_identify(octomap_msgs) by extension 'colcon_pkg'
[0.337s] Level 1:colcon.colcon_core.package_identification:_identify(octomap_msgs) by extensions ['colcon_meta']
[0.337s] Level 1:colcon.colcon_core.package_identification:_identify(octomap_msgs) by extension 'colcon_meta'
[0.337s] Level 1:colcon.colcon_core.package_identification:_identify(octomap_msgs) by extensions ['ros']
[0.337s] Level 1:colcon.colcon_core.package_identification:_identify(octomap_msgs) by extension 'ros'
[0.338s] DEBUG:colcon.colcon_core.package_identification:Package 'octomap_msgs' with type 'ros.ament_cmake' and name 'octomap_msgs'
[0.338s] Level 1:colcon.colcon_core.package_identification:_identify(octomap_server2) by extensions ['ignore', 'ignore_ament_install']
[0.338s] Level 1:colcon.colcon_core.package_identification:_identify(octomap_server2) by extension 'ignore'
[0.338s] Level 1:colcon.colcon_core.package_identification:_identify(octomap_server2) by extension 'ignore_ament_install'
[0.338s] Level 1:colcon.colcon_core.package_identification:_identify(octomap_server2) by extensions ['colcon_pkg']
[0.338s] Level 1:colcon.colcon_core.package_identification:_identify(octomap_server2) by extension 'colcon_pkg'
[0.338s] Level 1:colcon.colcon_core.package_identification:_identify(octomap_server2) by extensions ['colcon_meta']
[0.338s] Level 1:colcon.colcon_core.package_identification:_identify(octomap_server2) by extension 'colcon_meta'
[0.338s] Level 1:colcon.colcon_core.package_identification:_identify(octomap_server2) by extensions ['ros']
[0.338s] Level 1:colcon.colcon_core.package_identification:_identify(octomap_server2) by extension 'ros'
[0.340s] DEBUG:colcon.colcon_core.package_identification:Package 'octomap_server2' with type 'ros.ament_cmake' and name 'octomap_server2'
[0.340s] Level 1:colcon.colcon_core.package_identification:_identify(pcl_msgs) by extensions ['ignore', 'ignore_ament_install']
[0.340s] Level 1:colcon.colcon_core.package_identification:_identify(pcl_msgs) by extension 'ignore'
[0.340s] Level 1:colcon.colcon_core.package_identification:_identify(pcl_msgs) by extension 'ignore_ament_install'
[0.340s] Level 1:colcon.colcon_core.package_identification:_identify(pcl_msgs) by extensions ['colcon_pkg']
[0.340s] Level 1:colcon.colcon_core.package_identification:_identify(pcl_msgs) by extension 'colcon_pkg'
[0.340s] Level 1:colcon.colcon_core.package_identification:_identify(pcl_msgs) by extensions ['colcon_meta']
[0.340s] Level 1:colcon.colcon_core.package_identification:_identify(pcl_msgs) by extension 'colcon_meta'
[0.340s] Level 1:colcon.colcon_core.package_identification:_identify(pcl_msgs) by extensions ['ros']
[0.340s] Level 1:colcon.colcon_core.package_identification:_identify(pcl_msgs) by extension 'ros'
[0.341s] DEBUG:colcon.colcon_core.package_identification:Package 'pcl_msgs' with type 'ros.ament_cmake' and name 'pcl_msgs'
[0.341s] Level 1:colcon.colcon_core.package_identification:_identify(perception_pcl) by extensions ['ignore', 'ignore_ament_install']
[0.341s] Level 1:colcon.colcon_core.package_identification:_identify(perception_pcl) by extension 'ignore'
[0.341s] Level 1:colcon.colcon_core.package_identification:_identify(perception_pcl) by extension 'ignore_ament_install'
[0.341s] Level 1:colcon.colcon_core.package_identification:_identify(perception_pcl) by extensions ['colcon_pkg']
[0.341s] Level 1:colcon.colcon_core.package_identification:_identify(perception_pcl) by extension 'colcon_pkg'
[0.341s] Level 1:colcon.colcon_core.package_identification:_identify(perception_pcl) by extensions ['colcon_meta']
[0.341s] Level 1:colcon.colcon_core.package_identification:_identify(perception_pcl) by extension 'colcon_meta'
[0.341s] Level 1:colcon.colcon_core.package_identification:_identify(perception_pcl) by extensions ['ros']
[0.341s] Level 1:colcon.colcon_core.package_identification:_identify(perception_pcl) by extension 'ros'
[0.341s] Level 1:colcon.colcon_core.package_identification:_identify(perception_pcl) by extensions ['cmake', 'python']
[0.341s] Level 1:colcon.colcon_core.package_identification:_identify(perception_pcl) by extension 'cmake'
[0.342s] Level 1:colcon.colcon_core.package_identification:_identify(perception_pcl) by extension 'python'
[0.342s] Level 1:colcon.colcon_core.package_identification:_identify(perception_pcl) by extensions ['python_setup_py']
[0.342s] Level 1:colcon.colcon_core.package_identification:_identify(perception_pcl) by extension 'python_setup_py'
[0.342s] Level 1:colcon.colcon_core.package_identification:_identify(perception_pcl/pcl_conversions) by extensions ['ignore', 'ignore_ament_install']
[0.342s] Level 1:colcon.colcon_core.package_identification:_identify(perception_pcl/pcl_conversions) by extension 'ignore'
[0.342s] Level 1:colcon.colcon_core.package_identification:_identify(perception_pcl/pcl_conversions) by extension 'ignore_ament_install'
[0.342s] Level 1:colcon.colcon_core.package_identification:_identify(perception_pcl/pcl_conversions) by extensions ['colcon_pkg']
[0.342s] Level 1:colcon.colcon_core.package_identification:_identify(perception_pcl/pcl_conversions) by extension 'colcon_pkg'
[0.342s] Level 1:colcon.colcon_core.package_identification:_identify(perception_pcl/pcl_conversions) by extensions ['colcon_meta']
[0.342s] Level 1:colcon.colcon_core.package_identification:_identify(perception_pcl/pcl_conversions) by extension 'colcon_meta'
[0.342s] Level 1:colcon.colcon_core.package_identification:_identify(perception_pcl/pcl_conversions) by extensions ['ros']
[0.342s] Level 1:colcon.colcon_core.package_identification:_identify(perception_pcl/pcl_conversions) by extension 'ros'
[0.343s] DEBUG:colcon.colcon_core.package_identification:Package 'perception_pcl/pcl_conversions' with type 'ros.ament_cmake' and name 'pcl_conversions'
[0.343s] Level 1:colcon.colcon_core.package_identification:_identify(perception_pcl/pcl_ros) by extensions ['ignore', 'ignore_ament_install']
[0.343s] Level 1:colcon.colcon_core.package_identification:_identify(perception_pcl/pcl_ros) by extension 'ignore'
[0.343s] Level 1:colcon.colcon_core.package_identification:_identify(perception_pcl/pcl_ros) by extension 'ignore_ament_install'
[0.343s] Level 1:colcon.colcon_core.package_identification:_identify(perception_pcl/pcl_ros) by extensions ['colcon_pkg']
[0.343s] Level 1:colcon.colcon_core.package_identification:_identify(perception_pcl/pcl_ros) by extension 'colcon_pkg'
[0.344s] Level 1:colcon.colcon_core.package_identification:_identify(perception_pcl/pcl_ros) by extensions ['colcon_meta']
[0.344s] Level 1:colcon.colcon_core.package_identification:_identify(perception_pcl/pcl_ros) by extension 'colcon_meta'
[0.344s] Level 1:colcon.colcon_core.package_identification:_identify(perception_pcl/pcl_ros) by extensions ['ros']
[0.344s] Level 1:colcon.colcon_core.package_identification:_identify(perception_pcl/pcl_ros) by extension 'ros'
[0.352s] DEBUG:colcon.colcon_core.package_identification:Package 'perception_pcl/pcl_ros' with type 'ros.ament_cmake' and name 'pcl_ros'
[0.353s] Level 1:colcon.colcon_core.package_identification:_identify(perception_pcl/perception_pcl) by extensions ['ignore', 'ignore_ament_install']
[0.353s] Level 1:colcon.colcon_core.package_identification:_identify(perception_pcl/perception_pcl) by extension 'ignore'
[0.353s] Level 1:colcon.colcon_core.package_identification:_identify(perception_pcl/perception_pcl) by extension 'ignore_ament_install'
[0.353s] Level 1:colcon.colcon_core.package_identification:_identify(perception_pcl/perception_pcl) by extensions ['colcon_pkg']
[0.353s] Level 1:colcon.colcon_core.package_identification:_identify(perception_pcl/perception_pcl) by extension 'colcon_pkg'
[0.353s] Level 1:colcon.colcon_core.package_identification:_identify(perception_pcl/perception_pcl) by extensions ['colcon_meta']
[0.353s] Level 1:colcon.colcon_core.package_identification:_identify(perception_pcl/perception_pcl) by extension 'colcon_meta'
[0.353s] Level 1:colcon.colcon_core.package_identification:_identify(perception_pcl/perception_pcl) by extensions ['ros']
[0.353s] Level 1:colcon.colcon_core.package_identification:_identify(perception_pcl/perception_pcl) by extension 'ros'
[0.354s] DEBUG:colcon.colcon_core.package_identification:Package 'perception_pcl/perception_pcl' with type 'ros.ament_cmake' and name 'perception_pcl'
[0.354s] Level 1:colcon.colcon_core.package_identification:_identify(robot_control) by extensions ['ignore', 'ignore_ament_install']
[0.354s] Level 1:colcon.colcon_core.package_identification:_identify(robot_control) by extension 'ignore'
[0.354s] Level 1:colcon.colcon_core.package_identification:_identify(robot_control) by extension 'ignore_ament_install'
[0.354s] Level 1:colcon.colcon_core.package_identification:_identify(robot_control) by extensions ['colcon_pkg']
[0.354s] Level 1:colcon.colcon_core.package_identification:_identify(robot_control) by extension 'colcon_pkg'
[0.354s] Level 1:colcon.colcon_core.package_identification:_identify(robot_control) by extensions ['colcon_meta']
[0.354s] Level 1:colcon.colcon_core.package_identification:_identify(robot_control) by extension 'colcon_meta'
[0.354s] Level 1:colcon.colcon_core.package_identification:_identify(robot_control) by extensions ['ros']
[0.354s] Level 1:colcon.colcon_core.package_identification:_identify(robot_control) by extension 'ros'
[0.355s] DEBUG:colcon.colcon_core.package_identification:Package 'robot_control' with type 'ros.ament_cmake' and name 'robot_control'
[0.355s] Level 1:colcon.colcon_core.package_discovery:discover_packages(recursive) using defaults
[0.355s] Level 1:colcon.colcon_core.package_discovery:discover_packages(ignore) discover
[0.355s] Level 1:colcon.colcon_core.package_discovery:discover_packages(ignore) using defaults
[0.355s] Level 1:colcon.colcon_core.package_discovery:discover_packages(path) discover
[0.355s] Level 1:colcon.colcon_core.package_discovery:discover_packages(path) using defaults
[0.377s] INFO:colcon.colcon_core.package_selection:Skipping not selected package 'env_construction' in 'env_construction'
[0.377s] INFO:colcon.colcon_core.package_selection:Skipping not selected package 'motion_planning' in 'motion_planning'
[0.377s] INFO:colcon.colcon_core.package_selection:Skipping not selected package 'pcl_msgs' in 'pcl_msgs'
[0.377s] INFO:colcon.colcon_core.package_selection:Skipping not selected package 'robot_control' in 'robot_control'
[0.377s] INFO:colcon.colcon_core.package_selection:Skipping not selected package 'pcl_conversions' in 'perception_pcl/pcl_conversions'
[0.377s] INFO:colcon.colcon_core.package_selection:Skipping not selected package 'pcl_ros' in 'perception_pcl/pcl_ros'
[0.377s] INFO:colcon.colcon_core.package_selection:Skipping not selected package 'perception_pcl' in 'perception_pcl/perception_pcl'
[0.378s] Level 1:colcon.colcon_core.package_discovery:discover_packages(prefix_path) check parameters
[0.378s] Level 1:colcon.colcon_core.package_discovery:discover_packages(prefix_path) discover
[0.382s] DEBUG:colcon.colcon_installed_package_information.package_discovery:Found 4 installed packages in /home/ctaylor71023/ros2_ws/install
[0.384s] DEBUG:colcon.colcon_installed_package_information.package_discovery:Found 55 installed packages in /home/ctaylor71023/ws_moveit/install
[0.385s] DEBUG:colcon.colcon_installed_package_information.package_discovery:Found 10 installed packages in /home/ctaylor71023/turtlebot3_ws/install
[0.385s] DEBUG:colcon.colcon_installed_package_information.package_discovery:Found 11 installed packages in /home/ctaylor71023/turtlebot3_ws/src/install
[0.388s] DEBUG:colcon.colcon_installed_package_information.package_discovery:Found 433 installed packages in /opt/ros/humble
[0.390s] Level 1:colcon.colcon_core.package_discovery:discover_packages(prefix_path) using defaults
[0.446s] WARNING:colcon.colcon_core.package_selection:Some selected packages are already built in one or more underlay workspaces:
	'octomap_msgs' is in: /opt/ros/humble
If a package in a merged underlay workspace is overridden and it installs headers, then all packages in the overlay must sort their include directories by workspace order. Failure to do so may result in build failures or undefined behavior at run time.
If the overridden package is used by another package in any underlay, then the overriding package in the overlay must be API and ABI compatible or undefined behavior at run time may occur.

If you understand the risks and want to override a package anyways, add the following to the command line:
	--allow-overriding octomap_msgs

This may be promoted to an error in a future release of colcon-override-check.
[0.447s] Level 5:colcon.colcon_core.verb:set package 'octomap_msgs' build argument 'cmake_args' from command line to 'None'
[0.447s] Level 5:colcon.colcon_core.verb:set package 'octomap_msgs' build argument 'cmake_target' from command line to 'None'
[0.447s] Level 5:colcon.colcon_core.verb:set package 'octomap_msgs' build argument 'cmake_target_skip_unavailable' from command line to 'False'
[0.447s] Level 5:colcon.colcon_core.verb:set package 'octomap_msgs' build argument 'cmake_clean_cache' from command line to 'False'
[0.447s] Level 5:colcon.colcon_core.verb:set package 'octomap_msgs' build argument 'cmake_clean_first' from command line to 'False'
[0.447s] Level 5:colcon.colcon_core.verb:set package 'octomap_msgs' build argument 'cmake_force_configure' from command line to 'False'
[0.447s] Level 5:colcon.colcon_core.verb:set package 'octomap_msgs' build argument 'ament_cmake_args' from command line to 'None'
[0.447s] Level 5:colcon.colcon_core.verb:set package 'octomap_msgs' build argument 'catkin_cmake_args' from command line to 'None'
[0.447s] Level 5:colcon.colcon_core.verb:set package 'octomap_msgs' build argument 'catkin_skip_building_tests' from command line to 'False'
[0.447s] DEBUG:colcon.colcon_core.verb:Building package 'octomap_msgs' with the following arguments: {'ament_cmake_args': None, 'build_base': '/home/ctaylor71023/ros2_ws/src/ctaylor319_capstone/build/octomap_msgs', 'catkin_cmake_args': None, 'catkin_skip_building_tests': False, 'cmake_args': None, 'cmake_clean_cache': False, 'cmake_clean_first': False, 'cmake_force_configure': False, 'cmake_target': None, 'cmake_target_skip_unavailable': False, 'install_base': '/home/ctaylor71023/ros2_ws/src/ctaylor319_capstone/install/octomap_msgs', 'merge_install': False, 'path': '/home/ctaylor71023/ros2_ws/src/ctaylor319_capstone/octomap_msgs', 'symlink_install': True, 'test_result_base': None}
[0.448s] Level 5:colcon.colcon_core.verb:set package 'octomap_server2' build argument 'cmake_args' from command line to 'None'
[0.448s] Level 5:colcon.colcon_core.verb:set package 'octomap_server2' build argument 'cmake_target' from command line to 'None'
[0.448s] Level 5:colcon.colcon_core.verb:set package 'octomap_server2' build argument 'cmake_target_skip_unavailable' from command line to 'False'
[0.448s] Level 5:colcon.colcon_core.verb:set package 'octomap_server2' build argument 'cmake_clean_cache' from command line to 'False'
[0.448s] Level 5:colcon.colcon_core.verb:set package 'octomap_server2' build argument 'cmake_clean_first' from command line to 'False'
[0.448s] Level 5:colcon.colcon_core.verb:set package 'octomap_server2' build argument 'cmake_force_configure' from command line to 'False'
[0.448s] Level 5:colcon.colcon_core.verb:set package 'octomap_server2' build argument 'ament_cmake_args' from command line to 'None'
[0.448s] Level 5:colcon.colcon_core.verb:set package 'octomap_server2' build argument 'catkin_cmake_args' from command line to 'None'
[0.448s] Level 5:colcon.colcon_core.verb:set package 'octomap_server2' build argument 'catkin_skip_building_tests' from command line to 'False'
[0.448s] DEBUG:colcon.colcon_core.verb:Building package 'octomap_server2' with the following arguments: {'ament_cmake_args': None, 'build_base': '/home/ctaylor71023/ros2_ws/src/ctaylor319_capstone/build/octomap_server2', 'catkin_cmake_args': None, 'catkin_skip_building_tests': False, 'cmake_args': None, 'cmake_clean_cache': False, 'cmake_clean_first': False, 'cmake_force_configure': False, 'cmake_target': None, 'cmake_target_skip_unavailable': False, 'install_base': '/home/ctaylor71023/ros2_ws/src/ctaylor319_capstone/install/octomap_server2', 'merge_install': False, 'path': '/home/ctaylor71023/ros2_ws/src/ctaylor319_capstone/octomap_server2', 'symlink_install': True, 'test_result_base': None}
[0.448s] INFO:colcon.colcon_core.executor:Executing jobs using 'parallel' executor
[0.449s] DEBUG:colcon.colcon_parallel_executor.executor.parallel:run_until_complete
[0.450s] INFO:colcon.colcon_ros.task.ament_cmake.build:Building ROS package in '/home/ctaylor71023/ros2_ws/src/ctaylor319_capstone/octomap_msgs' with build type 'ament_cmake'
[0.450s] INFO:colcon.colcon_cmake.task.cmake.build:Building CMake package in '/home/ctaylor71023/ros2_ws/src/ctaylor319_capstone/octomap_msgs'
[0.452s] INFO:colcon.colcon_core.plugin_system:Skipping extension 'colcon_core.shell.bat': Not used on non-Windows systems
[0.452s] INFO:colcon.colcon_core.shell:Skip shell extension 'powershell' for command environment: Not usable outside of PowerShell
[0.452s] DEBUG:colcon.colcon_core.shell:Skip shell extension 'dsv' for command environment
[0.468s] DEBUG:colcon.colcon_core.event_handler.log_command:Invoking command in '/home/ctaylor71023/ros2_ws/src/ctaylor319_capstone/build/octomap_msgs': CMAKE_PREFIX_PATH=${CMAKE_PREFIX_PATH}:/home/ctaylor71023/ws_moveit/install/moveit_configs_utils:/home/ctaylor71023/ws_moveit/install/launch_param_builder:/home/ctaylor71023/turtlebot3_ws/install/py_subpub:/home/ctaylor71023/turtlebot3_ws/install/Crossfire_object_follower:/home/ctaylor71023/turtlebot3_ws/install/Crossfire_navigate_to_goal:/home/ctaylor71023/turtlebot3_ws/install/Crossfire_lab6:/home/ctaylor71023/turtlebot3_ws/install/Crossfire_lab5:/home/ctaylor71023/turtlebot3_ws/install/Crossfire_chase_object:/home/ctaylor71023/turtlebot3_ws/src/install/py_subpub:/home/ctaylor71023/turtlebot3_ws/src/install/Lab2:/home/ctaylor71023/turtlebot3_ws/src/install/Crossfire_object_follower:/home/ctaylor71023/turtlebot3_ws/src/install/Crossfire_navigate_to_goal:/home/ctaylor71023/turtlebot3_ws/src/install/Crossfire_lab6:/home/ctaylor71023/turtlebot3_ws/src/install/Crossfire_lab5:/home/ctaylor71023/turtlebot3_ws/src/install/Crossfire_chase_object:/opt/ros/humble /usr/bin/cmake /home/ctaylor71023/ros2_ws/src/ctaylor319_capstone/octomap_msgs -DAMENT_CMAKE_SYMLINK_INSTALL=1 -DCMAKE_INSTALL_PREFIX=/home/ctaylor71023/ros2_ws/src/ctaylor319_capstone/install/octomap_msgs
[3.194s] DEBUG:colcon.colcon_core.event_handler.log_command:Invoked command in '/home/ctaylor71023/ros2_ws/src/ctaylor319_capstone/build/octomap_msgs' returned '0': CMAKE_PREFIX_PATH=${CMAKE_PREFIX_PATH}:/home/ctaylor71023/ws_moveit/install/moveit_configs_utils:/home/ctaylor71023/ws_moveit/install/launch_param_builder:/home/ctaylor71023/turtlebot3_ws/install/py_subpub:/home/ctaylor71023/turtlebot3_ws/install/Crossfire_object_follower:/home/ctaylor71023/turtlebot3_ws/install/Crossfire_navigate_to_goal:/home/ctaylor71023/turtlebot3_ws/install/Crossfire_lab6:/home/ctaylor71023/turtlebot3_ws/install/Crossfire_lab5:/home/ctaylor71023/turtlebot3_ws/install/Crossfire_chase_object:/home/ctaylor71023/turtlebot3_ws/src/install/py_subpub:/home/ctaylor71023/turtlebot3_ws/src/install/Lab2:/home/ctaylor71023/turtlebot3_ws/src/install/Crossfire_object_follower:/home/ctaylor71023/turtlebot3_ws/src/install/Crossfire_navigate_to_goal:/home/ctaylor71023/turtlebot3_ws/src/install/Crossfire_lab6:/home/ctaylor71023/turtlebot3_ws/src/install/Crossfire_lab5:/home/ctaylor71023/turtlebot3_ws/src/install/Crossfire_chase_object:/opt/ros/humble /usr/bin/cmake /home/ctaylor71023/ros2_ws/src/ctaylor319_capstone/octomap_msgs -DAMENT_CMAKE_SYMLINK_INSTALL=1 -DCMAKE_INSTALL_PREFIX=/home/ctaylor71023/ros2_ws/src/ctaylor319_capstone/install/octomap_msgs
[3.197s] DEBUG:colcon.colcon_core.event_handler.log_command:Invoking command in '/home/ctaylor71023/ros2_ws/src/ctaylor319_capstone/build/octomap_msgs': CMAKE_PREFIX_PATH=${CMAKE_PREFIX_PATH}:/home/ctaylor71023/ws_moveit/install/moveit_configs_utils:/home/ctaylor71023/ws_moveit/install/launch_param_builder:/home/ctaylor71023/turtlebot3_ws/install/py_subpub:/home/ctaylor71023/turtlebot3_ws/install/Crossfire_object_follower:/home/ctaylor71023/turtlebot3_ws/install/Crossfire_navigate_to_goal:/home/ctaylor71023/turtlebot3_ws/install/Crossfire_lab6:/home/ctaylor71023/turtlebot3_ws/install/Crossfire_lab5:/home/ctaylor71023/turtlebot3_ws/install/Crossfire_chase_object:/home/ctaylor71023/turtlebot3_ws/src/install/py_subpub:/home/ctaylor71023/turtlebot3_ws/src/install/Lab2:/home/ctaylor71023/turtlebot3_ws/src/install/Crossfire_object_follower:/home/ctaylor71023/turtlebot3_ws/src/install/Crossfire_navigate_to_goal:/home/ctaylor71023/turtlebot3_ws/src/install/Crossfire_lab6:/home/ctaylor71023/turtlebot3_ws/src/install/Crossfire_lab5:/home/ctaylor71023/turtlebot3_ws/src/install/Crossfire_chase_object:/opt/ros/humble /usr/bin/cmake --build /home/ctaylor71023/ros2_ws/src/ctaylor319_capstone/build/octomap_msgs -- -j8 -l8
[8.352s] DEBUG:colcon.colcon_core.event_handler.log_command:Invoked command in '/home/ctaylor71023/ros2_ws/src/ctaylor319_capstone/build/octomap_msgs' returned '0': CMAKE_PREFIX_PATH=${CMAKE_PREFIX_PATH}:/home/ctaylor71023/ws_moveit/install/moveit_configs_utils:/home/ctaylor71023/ws_moveit/install/launch_param_builder:/home/ctaylor71023/turtlebot3_ws/install/py_subpub:/home/ctaylor71023/turtlebot3_ws/install/Crossfire_object_follower:/home/ctaylor71023/turtlebot3_ws/install/Crossfire_navigate_to_goal:/home/ctaylor71023/turtlebot3_ws/install/Crossfire_lab6:/home/ctaylor71023/turtlebot3_ws/install/Crossfire_lab5:/home/ctaylor71023/turtlebot3_ws/install/Crossfire_chase_object:/home/ctaylor71023/turtlebot3_ws/src/install/py_subpub:/home/ctaylor71023/turtlebot3_ws/src/install/Lab2:/home/ctaylor71023/turtlebot3_ws/src/install/Crossfire_object_follower:/home/ctaylor71023/turtlebot3_ws/src/install/Crossfire_navigate_to_goal:/home/ctaylor71023/turtlebot3_ws/src/install/Crossfire_lab6:/home/ctaylor71023/turtlebot3_ws/src/install/Crossfire_lab5:/home/ctaylor71023/turtlebot3_ws/src/install/Crossfire_chase_object:/opt/ros/humble /usr/bin/cmake --build /home/ctaylor71023/ros2_ws/src/ctaylor319_capstone/build/octomap_msgs -- -j8 -l8
[8.650s] DEBUG:colcon.colcon_core.event_handler.log_command:Invoking command in '/home/ctaylor71023/ros2_ws/src/ctaylor319_capstone/build/octomap_msgs': CMAKE_PREFIX_PATH=${CMAKE_PREFIX_PATH}:/home/ctaylor71023/ws_moveit/install/moveit_configs_utils:/home/ctaylor71023/ws_moveit/install/launch_param_builder:/home/ctaylor71023/turtlebot3_ws/install/py_subpub:/home/ctaylor71023/turtlebot3_ws/install/Crossfire_object_follower:/home/ctaylor71023/turtlebot3_ws/install/Crossfire_navigate_to_goal:/home/ctaylor71023/turtlebot3_ws/install/Crossfire_lab6:/home/ctaylor71023/turtlebot3_ws/install/Crossfire_lab5:/home/ctaylor71023/turtlebot3_ws/install/Crossfire_chase_object:/home/ctaylor71023/turtlebot3_ws/src/install/py_subpub:/home/ctaylor71023/turtlebot3_ws/src/install/Lab2:/home/ctaylor71023/turtlebot3_ws/src/install/Crossfire_object_follower:/home/ctaylor71023/turtlebot3_ws/src/install/Crossfire_navigate_to_goal:/home/ctaylor71023/turtlebot3_ws/src/install/Crossfire_lab6:/home/ctaylor71023/turtlebot3_ws/src/install/Crossfire_lab5:/home/ctaylor71023/turtlebot3_ws/src/install/Crossfire_chase_object:/opt/ros/humble /usr/bin/cmake --install /home/ctaylor71023/ros2_ws/src/ctaylor319_capstone/build/octomap_msgs
[10.193s] Level 1:colcon.colcon_core.environment:create_environment_scripts_only(octomap_msgs)
[10.194s] DEBUG:colcon.colcon_core.event_handler.log_command:Invoked command in '/home/ctaylor71023/ros2_ws/src/ctaylor319_capstone/build/octomap_msgs' returned '0': CMAKE_PREFIX_PATH=${CMAKE_PREFIX_PATH}:/home/ctaylor71023/ws_moveit/install/moveit_configs_utils:/home/ctaylor71023/ws_moveit/install/launch_param_builder:/home/ctaylor71023/turtlebot3_ws/install/py_subpub:/home/ctaylor71023/turtlebot3_ws/install/Crossfire_object_follower:/home/ctaylor71023/turtlebot3_ws/install/Crossfire_navigate_to_goal:/home/ctaylor71023/turtlebot3_ws/install/Crossfire_lab6:/home/ctaylor71023/turtlebot3_ws/install/Crossfire_lab5:/home/ctaylor71023/turtlebot3_ws/install/Crossfire_chase_object:/home/ctaylor71023/turtlebot3_ws/src/install/py_subpub:/home/ctaylor71023/turtlebot3_ws/src/install/Lab2:/home/ctaylor71023/turtlebot3_ws/src/install/Crossfire_object_follower:/home/ctaylor71023/turtlebot3_ws/src/install/Crossfire_navigate_to_goal:/home/ctaylor71023/turtlebot3_ws/src/install/Crossfire_lab6:/home/ctaylor71023/turtlebot3_ws/src/install/Crossfire_lab5:/home/ctaylor71023/turtlebot3_ws/src/install/Crossfire_chase_object:/opt/ros/humble /usr/bin/cmake --install /home/ctaylor71023/ros2_ws/src/ctaylor319_capstone/build/octomap_msgs
[10.196s] Level 1:colcon.colcon_core.environment:checking '/home/ctaylor71023/ros2_ws/src/ctaylor319_capstone/install/octomap_msgs' for CMake module files
[10.197s] Level 1:colcon.colcon_core.environment:checking '/home/ctaylor71023/ros2_ws/src/ctaylor319_capstone/install/octomap_msgs' for CMake config files
[10.197s] Level 1:colcon.colcon_core.shell:create_environment_hook('octomap_msgs', 'cmake_prefix_path')
[10.198s] INFO:colcon.colcon_core.shell:Creating environment hook '/home/ctaylor71023/ros2_ws/src/ctaylor319_capstone/install/octomap_msgs/share/octomap_msgs/hook/cmake_prefix_path.ps1'
[10.198s] INFO:colcon.colcon_core.shell:Creating environment descriptor '/home/ctaylor71023/ros2_ws/src/ctaylor319_capstone/install/octomap_msgs/share/octomap_msgs/hook/cmake_prefix_path.dsv'
[10.198s] INFO:colcon.colcon_core.shell:Creating environment hook '/home/ctaylor71023/ros2_ws/src/ctaylor319_capstone/install/octomap_msgs/share/octomap_msgs/hook/cmake_prefix_path.sh'
[10.199s] Level 1:colcon.colcon_core.environment:checking '/home/ctaylor71023/ros2_ws/src/ctaylor319_capstone/install/octomap_msgs/lib'
[10.199s] Level 1:colcon.colcon_core.shell:create_environment_hook('octomap_msgs', 'ld_library_path_lib')
[10.200s] INFO:colcon.colcon_core.shell:Creating environment hook '/home/ctaylor71023/ros2_ws/src/ctaylor319_capstone/install/octomap_msgs/share/octomap_msgs/hook/ld_library_path_lib.ps1'
[10.200s] INFO:colcon.colcon_core.shell:Creating environment descriptor '/home/ctaylor71023/ros2_ws/src/ctaylor319_capstone/install/octomap_msgs/share/octomap_msgs/hook/ld_library_path_lib.dsv'
[10.200s] INFO:colcon.colcon_core.shell:Creating environment hook '/home/ctaylor71023/ros2_ws/src/ctaylor319_capstone/install/octomap_msgs/share/octomap_msgs/hook/ld_library_path_lib.sh'
[10.200s] Level 1:colcon.colcon_core.environment:checking '/home/ctaylor71023/ros2_ws/src/ctaylor319_capstone/install/octomap_msgs/bin'
[10.201s] Level 1:colcon.colcon_core.environment:checking '/home/ctaylor71023/ros2_ws/src/ctaylor319_capstone/install/octomap_msgs/lib/pkgconfig/octomap_msgs.pc'
[10.201s] Level 1:colcon.colcon_core.environment:checking '/home/ctaylor71023/ros2_ws/src/ctaylor319_capstone/install/octomap_msgs/lib/python3.10/site-packages'
[10.201s] Level 1:colcon.colcon_core.environment:checking '/home/ctaylor71023/ros2_ws/src/ctaylor319_capstone/install/octomap_msgs/bin'
[10.201s] INFO:colcon.colcon_core.shell:Creating package script '/home/ctaylor71023/ros2_ws/src/ctaylor319_capstone/install/octomap_msgs/share/octomap_msgs/package.ps1'
[10.202s] INFO:colcon.colcon_core.shell:Creating package descriptor '/home/ctaylor71023/ros2_ws/src/ctaylor319_capstone/install/octomap_msgs/share/octomap_msgs/package.dsv'
[10.203s] INFO:colcon.colcon_core.shell:Creating package script '/home/ctaylor71023/ros2_ws/src/ctaylor319_capstone/install/octomap_msgs/share/octomap_msgs/package.sh'
[10.204s] INFO:colcon.colcon_core.shell:Creating package script '/home/ctaylor71023/ros2_ws/src/ctaylor319_capstone/install/octomap_msgs/share/octomap_msgs/package.bash'
[10.204s] INFO:colcon.colcon_core.shell:Creating package script '/home/ctaylor71023/ros2_ws/src/ctaylor319_capstone/install/octomap_msgs/share/octomap_msgs/package.zsh'
[10.205s] Level 1:colcon.colcon_core.environment:create_file_with_runtime_dependencies(/home/ctaylor71023/ros2_ws/src/ctaylor319_capstone/install/octomap_msgs/share/colcon-core/packages/octomap_msgs)
[10.524s] Level 1:colcon.colcon_core.environment:create_environment_scripts_only(octomap_msgs)
[10.525s] Level 1:colcon.colcon_core.environment:checking '/home/ctaylor71023/ros2_ws/src/ctaylor319_capstone/install/octomap_msgs' for CMake module files
[10.525s] Level 1:colcon.colcon_core.environment:checking '/home/ctaylor71023/ros2_ws/src/ctaylor319_capstone/install/octomap_msgs' for CMake config files
[10.526s] Level 1:colcon.colcon_core.shell:create_environment_hook('octomap_msgs', 'cmake_prefix_path')
[10.527s] INFO:colcon.colcon_core.shell:Creating environment hook '/home/ctaylor71023/ros2_ws/src/ctaylor319_capstone/install/octomap_msgs/share/octomap_msgs/hook/cmake_prefix_path.ps1'
[10.527s] INFO:colcon.colcon_core.shell:Creating environment descriptor '/home/ctaylor71023/ros2_ws/src/ctaylor319_capstone/install/octomap_msgs/share/octomap_msgs/hook/cmake_prefix_path.dsv'
[10.527s] INFO:colcon.colcon_core.shell:Creating environment hook '/home/ctaylor71023/ros2_ws/src/ctaylor319_capstone/install/octomap_msgs/share/octomap_msgs/hook/cmake_prefix_path.sh'
[10.528s] Level 1:colcon.colcon_core.environment:checking '/home/ctaylor71023/ros2_ws/src/ctaylor319_capstone/install/octomap_msgs/lib'
[10.528s] Level 1:colcon.colcon_core.shell:create_environment_hook('octomap_msgs', 'ld_library_path_lib')
[10.528s] INFO:colcon.colcon_core.shell:Creating environment hook '/home/ctaylor71023/ros2_ws/src/ctaylor319_capstone/install/octomap_msgs/share/octomap_msgs/hook/ld_library_path_lib.ps1'
[10.528s] INFO:colcon.colcon_core.shell:Creating environment descriptor '/home/ctaylor71023/ros2_ws/src/ctaylor319_capstone/install/octomap_msgs/share/octomap_msgs/hook/ld_library_path_lib.dsv'
[10.529s] INFO:colcon.colcon_core.shell:Creating environment hook '/home/ctaylor71023/ros2_ws/src/ctaylor319_capstone/install/octomap_msgs/share/octomap_msgs/hook/ld_library_path_lib.sh'
[10.529s] Level 1:colcon.colcon_core.environment:checking '/home/ctaylor71023/ros2_ws/src/ctaylor319_capstone/install/octomap_msgs/bin'
[10.529s] Level 1:colcon.colcon_core.environment:checking '/home/ctaylor71023/ros2_ws/src/ctaylor319_capstone/install/octomap_msgs/lib/pkgconfig/octomap_msgs.pc'
[10.529s] Level 1:colcon.colcon_core.environment:checking '/home/ctaylor71023/ros2_ws/src/ctaylor319_capstone/install/octomap_msgs/lib/python3.10/site-packages'
[10.530s] Level 1:colcon.colcon_core.environment:checking '/home/ctaylor71023/ros2_ws/src/ctaylor319_capstone/install/octomap_msgs/bin'
[10.530s] INFO:colcon.colcon_core.shell:Creating package script '/home/ctaylor71023/ros2_ws/src/ctaylor319_capstone/install/octomap_msgs/share/octomap_msgs/package.ps1'
[10.530s] INFO:colcon.colcon_core.shell:Creating package descriptor '/home/ctaylor71023/ros2_ws/src/ctaylor319_capstone/install/octomap_msgs/share/octomap_msgs/package.dsv'
[10.531s] INFO:colcon.colcon_core.shell:Creating package script '/home/ctaylor71023/ros2_ws/src/ctaylor319_capstone/install/octomap_msgs/share/octomap_msgs/package.sh'
[10.532s] INFO:colcon.colcon_core.shell:Creating package script '/home/ctaylor71023/ros2_ws/src/ctaylor319_capstone/install/octomap_msgs/share/octomap_msgs/package.bash'
[10.532s] INFO:colcon.colcon_core.shell:Creating package script '/home/ctaylor71023/ros2_ws/src/ctaylor319_capstone/install/octomap_msgs/share/octomap_msgs/package.zsh'
[10.532s] Level 1:colcon.colcon_core.environment:create_file_with_runtime_dependencies(/home/ctaylor71023/ros2_ws/src/ctaylor319_capstone/install/octomap_msgs/share/colcon-core/packages/octomap_msgs)
[10.533s] INFO:colcon.colcon_ros.task.ament_cmake.build:Building ROS package in '/home/ctaylor71023/ros2_ws/src/ctaylor319_capstone/octomap_server2' with build type 'ament_cmake'
[10.533s] INFO:colcon.colcon_cmake.task.cmake.build:Building CMake package in '/home/ctaylor71023/ros2_ws/src/ctaylor319_capstone/octomap_server2'
[10.533s] INFO:colcon.colcon_core.shell:Skip shell extension 'powershell' for command environment: Not usable outside of PowerShell
[10.533s] DEBUG:colcon.colcon_core.shell:Skip shell extension 'dsv' for command environment
[10.544s] WARNING:colcon.colcon_core.shell:The following packages are in the workspace but haven't been built:
- pcl_msgs
- pcl_conversions
They are being used from the following locations instead:
- /opt/ros/humble
- /opt/ros/humble
To suppress this warning ignore these packages in the workspace:
--packages-ignore pcl_msgs pcl_conversions
[10.558s] DEBUG:colcon.colcon_core.event_handler.log_command:Invoking command in '/home/ctaylor71023/ros2_ws/src/ctaylor319_capstone/build/octomap_server2': AMENT_PREFIX_PATH=/home/ctaylor71023/ros2_ws/src/ctaylor319_capstone/install/octomap_msgs:${AMENT_PREFIX_PATH} CMAKE_PREFIX_PATH=/home/ctaylor71023/ros2_ws/src/ctaylor319_capstone/install/octomap_msgs:/home/ctaylor71023/ws_moveit/install/pilz_industrial_motion_planner_testutils:/home/ctaylor71023/ws_moveit/install/moveit_runtime:/home/ctaylor71023/ws_moveit/install/moveit2_tutorials:/home/ctaylor71023/ws_moveit/install/moveit:/home/ctaylor71023/ws_moveit/install/moveit_planners:/home/ctaylor71023/ws_moveit/install/pilz_industrial_motion_planner:/home/ctaylor71023/ws_moveit/install/moveit_visual_tools:/home/ctaylor71023/ws_moveit/install/moveit_task_constructor_visualization:/home/ctaylor71023/ws_moveit/install/moveit_task_constructor_demo:/home/ctaylor71023/ws_moveit/install/moveit_task_constructor_capabilities:/home/ctaylor71023/ws_moveit/install/moveit_task_constructor_core:/home/ctaylor71023/ws_moveit/install/moveit_ros_control_interface:/home/ctaylor71023/ws_moveit/install/moveit_plugins:/home/ctaylor71023/ws_moveit/install/moveit_simple_controller_manager:/home/ctaylor71023/ws_moveit/install/moveit_setup_assistant:/home/ctaylor71023/ws_moveit/install/moveit_setup_srdf_plugins:/home/ctaylor71023/ws_moveit/install/moveit_setup_core_plugins:/home/ctaylor71023/ws_moveit/install/moveit_setup_controllers:/home/ctaylor71023/ws_moveit/install/moveit_setup_app_plugins:/home/ctaylor71023/ws_moveit/install/moveit_setup_framework:/home/ctaylor71023/ws_moveit/install/moveit_servo:/home/ctaylor71023/ws_moveit/install/moveit_ros:/home/ctaylor71023/ws_moveit/install/moveit_ros_visualization:/home/ctaylor71023/ws_moveit/install/moveit_hybrid_planning:/home/ctaylor71023/ws_moveit/install/moveit_ros_planning_interface:/home/ctaylor71023/ws_moveit/install/moveit_ros_benchmarks:/home/ctaylor71023/ws_moveit/install/moveit_ros_warehouse:/home/ctaylor71023/ws_moveit/install/moveit_ros_robot_interaction:/home/ctaylor71023/ws_moveit/install/moveit_ros_perception:/home/ctaylor71023/ws_moveit/install/moveit_resources_prbt_pg70_support:/home/ctaylor71023/ws_moveit/install/moveit_resources_prbt_moveit_config:/home/ctaylor71023/ws_moveit/install/moveit_ros_move_group:/home/ctaylor71023/ws_moveit/install/moveit_planners_ompl:/home/ctaylor71023/ws_moveit/install/moveit_ros_planning:/home/ctaylor71023/ws_moveit/install/moveit_ros_occupancy_map_monitor:/home/ctaylor71023/ws_moveit/install/moveit_resources_prbt_ikfast_manipulator_plugin:/home/ctaylor71023/ws_moveit/install/moveit_planners_chomp:/home/ctaylor71023/ws_moveit/install/moveit_kinematics:/home/ctaylor71023/ws_moveit/install/moveit_chomp_optimizer_adapter:/home/ctaylor71023/ws_moveit/install/chomp_motion_planner:/home/ctaylor71023/ws_moveit/install/moveit_core:/home/ctaylor71023/ws_moveit/install/srdfdom:/home/ctaylor71023/ws_moveit/install/rviz_marker_tools:/home/ctaylor71023/ws_moveit/install/rosparam_shortcuts:/home/ctaylor71023/ws_moveit/install/moveit_task_constructor_msgs:/home/ctaylor71023/ws_moveit/install/moveit_resources_prbt_support:/home/ctaylor71023/ws_moveit/install/moveit_resources:/home/ctaylor71023/ws_moveit/install/moveit_resources_pr2_description:/home/ctaylor71023/ws_moveit/install/moveit_resources_panda_moveit_config:/home/ctaylor71023/ws_moveit/install/moveit_resources_panda_description:/home/ctaylor71023/ws_moveit/install/moveit_resources_fanuc_moveit_config:/home/ctaylor71023/ws_moveit/install/moveit_resources_fanuc_description:/home/ctaylor71023/ws_moveit/install/moveit_common:/home/ctaylor71023/ros2_ws/install/mycobot_ros2:/home/ctaylor71023/ros2_ws/install/mycobot_gazebo:/home/ctaylor71023/ros2_ws/install/mycobot_description:/home/ctaylor71023/ros2_ws/install/chomp_motion_planner:/home/ctaylor71023/turtlebot3_ws/install/turtlebot3_simulations:/home/ctaylor71023/turtlebot3_ws/install/turtlebot3_gazebo:/home/ctaylor71023/turtlebot3_ws/install/turtlebot3_fake_node:/home/ctaylor71023/turtlebot3_ws/install/msg_types:/home/ctaylor71023/turtlebot3_ws/src/install/turtlebot3_simulations:/home/ctaylor71023/turtlebot3_ws/src/install/turtlebot3_gazebo:/home/ctaylor71023/turtlebot3_ws/src/install/turtlebot3_fake_node:/home/ctaylor71023/turtlebot3_ws/src/install/msg_types:/home/ctaylor71023/ws_moveit/install/moveit_configs_utils:/home/ctaylor71023/ws_moveit/install/launch_param_builder:/home/ctaylor71023/turtlebot3_ws/install/py_subpub:/home/ctaylor71023/turtlebot3_ws/install/Crossfire_object_follower:/home/ctaylor71023/turtlebot3_ws/install/Crossfire_navigate_to_goal:/home/ctaylor71023/turtlebot3_ws/install/Crossfire_lab6:/home/ctaylor71023/turtlebot3_ws/install/Crossfire_lab5:/home/ctaylor71023/turtlebot3_ws/install/Crossfire_chase_object:/home/ctaylor71023/turtlebot3_ws/src/install/py_subpub:/home/ctaylor71023/turtlebot3_ws/src/install/Lab2:/home/ctaylor71023/turtlebot3_ws/src/install/Crossfire_object_follower:/home/ctaylor71023/turtlebot3_ws/src/install/Crossfire_navigate_to_goal:/home/ctaylor71023/turtlebot3_ws/src/install/Crossfire_lab6:/home/ctaylor71023/turtlebot3_ws/src/install/Crossfire_lab5:/home/ctaylor71023/turtlebot3_ws/src/install/Crossfire_chase_object:/opt/ros/humble LD_LIBRARY_PATH=/home/ctaylor71023/ros2_ws/src/ctaylor319_capstone/install/octomap_msgs/lib:${LD_LIBRARY_PATH} PYTHONPATH=/home/ctaylor71023/ros2_ws/src/ctaylor319_capstone/install/octomap_msgs/local/lib/python3.10/dist-packages:${PYTHONPATH} /usr/bin/cmake /home/ctaylor71023/ros2_ws/src/ctaylor319_capstone/octomap_server2 -DAMENT_CMAKE_SYMLINK_INSTALL=1 -DCMAKE_INSTALL_PREFIX=/home/ctaylor71023/ros2_ws/src/ctaylor319_capstone/install/octomap_server2
[16.151s] DEBUG:colcon.colcon_core.event_handler.log_command:Invoked command in '/home/ctaylor71023/ros2_ws/src/ctaylor319_capstone/build/octomap_server2' returned '0': AMENT_PREFIX_PATH=/home/ctaylor71023/ros2_ws/src/ctaylor319_capstone/install/octomap_msgs:${AMENT_PREFIX_PATH} CMAKE_PREFIX_PATH=/home/ctaylor71023/ros2_ws/src/ctaylor319_capstone/install/octomap_msgs:/home/ctaylor71023/ws_moveit/install/pilz_industrial_motion_planner_testutils:/home/ctaylor71023/ws_moveit/install/moveit_runtime:/home/ctaylor71023/ws_moveit/install/moveit2_tutorials:/home/ctaylor71023/ws_moveit/install/moveit:/home/ctaylor71023/ws_moveit/install/moveit_planners:/home/ctaylor71023/ws_moveit/install/pilz_industrial_motion_planner:/home/ctaylor71023/ws_moveit/install/moveit_visual_tools:/home/ctaylor71023/ws_moveit/install/moveit_task_constructor_visualization:/home/ctaylor71023/ws_moveit/install/moveit_task_constructor_demo:/home/ctaylor71023/ws_moveit/install/moveit_task_constructor_capabilities:/home/ctaylor71023/ws_moveit/install/moveit_task_constructor_core:/home/ctaylor71023/ws_moveit/install/moveit_ros_control_interface:/home/ctaylor71023/ws_moveit/install/moveit_plugins:/home/ctaylor71023/ws_moveit/install/moveit_simple_controller_manager:/home/ctaylor71023/ws_moveit/install/moveit_setup_assistant:/home/ctaylor71023/ws_moveit/install/moveit_setup_srdf_plugins:/home/ctaylor71023/ws_moveit/install/moveit_setup_core_plugins:/home/ctaylor71023/ws_moveit/install/moveit_setup_controllers:/home/ctaylor71023/ws_moveit/install/moveit_setup_app_plugins:/home/ctaylor71023/ws_moveit/install/moveit_setup_framework:/home/ctaylor71023/ws_moveit/install/moveit_servo:/home/ctaylor71023/ws_moveit/install/moveit_ros:/home/ctaylor71023/ws_moveit/install/moveit_ros_visualization:/home/ctaylor71023/ws_moveit/install/moveit_hybrid_planning:/home/ctaylor71023/ws_moveit/install/moveit_ros_planning_interface:/home/ctaylor71023/ws_moveit/install/moveit_ros_benchmarks:/home/ctaylor71023/ws_moveit/install/moveit_ros_warehouse:/home/ctaylor71023/ws_moveit/install/moveit_ros_robot_interaction:/home/ctaylor71023/ws_moveit/install/moveit_ros_perception:/home/ctaylor71023/ws_moveit/install/moveit_resources_prbt_pg70_support:/home/ctaylor71023/ws_moveit/install/moveit_resources_prbt_moveit_config:/home/ctaylor71023/ws_moveit/install/moveit_ros_move_group:/home/ctaylor71023/ws_moveit/install/moveit_planners_ompl:/home/ctaylor71023/ws_moveit/install/moveit_ros_planning:/home/ctaylor71023/ws_moveit/install/moveit_ros_occupancy_map_monitor:/home/ctaylor71023/ws_moveit/install/moveit_resources_prbt_ikfast_manipulator_plugin:/home/ctaylor71023/ws_moveit/install/moveit_planners_chomp:/home/ctaylor71023/ws_moveit/install/moveit_kinematics:/home/ctaylor71023/ws_moveit/install/moveit_chomp_optimizer_adapter:/home/ctaylor71023/ws_moveit/install/chomp_motion_planner:/home/ctaylor71023/ws_moveit/install/moveit_core:/home/ctaylor71023/ws_moveit/install/srdfdom:/home/ctaylor71023/ws_moveit/install/rviz_marker_tools:/home/ctaylor71023/ws_moveit/install/rosparam_shortcuts:/home/ctaylor71023/ws_moveit/install/moveit_task_constructor_msgs:/home/ctaylor71023/ws_moveit/install/moveit_resources_prbt_support:/home/ctaylor71023/ws_moveit/install/moveit_resources:/home/ctaylor71023/ws_moveit/install/moveit_resources_pr2_description:/home/ctaylor71023/ws_moveit/install/moveit_resources_panda_moveit_config:/home/ctaylor71023/ws_moveit/install/moveit_resources_panda_description:/home/ctaylor71023/ws_moveit/install/moveit_resources_fanuc_moveit_config:/home/ctaylor71023/ws_moveit/install/moveit_resources_fanuc_description:/home/ctaylor71023/ws_moveit/install/moveit_common:/home/ctaylor71023/ros2_ws/install/mycobot_ros2:/home/ctaylor71023/ros2_ws/install/mycobot_gazebo:/home/ctaylor71023/ros2_ws/install/mycobot_description:/home/ctaylor71023/ros2_ws/install/chomp_motion_planner:/home/ctaylor71023/turtlebot3_ws/install/turtlebot3_simulations:/home/ctaylor71023/turtlebot3_ws/install/turtlebot3_gazebo:/home/ctaylor71023/turtlebot3_ws/install/turtlebot3_fake_node:/home/ctaylor71023/turtlebot3_ws/install/msg_types:/home/ctaylor71023/turtlebot3_ws/src/install/turtlebot3_simulations:/home/ctaylor71023/turtlebot3_ws/src/install/turtlebot3_gazebo:/home/ctaylor71023/turtlebot3_ws/src/install/turtlebot3_fake_node:/home/ctaylor71023/turtlebot3_ws/src/install/msg_types:/home/ctaylor71023/ws_moveit/install/moveit_configs_utils:/home/ctaylor71023/ws_moveit/install/launch_param_builder:/home/ctaylor71023/turtlebot3_ws/install/py_subpub:/home/ctaylor71023/turtlebot3_ws/install/Crossfire_object_follower:/home/ctaylor71023/turtlebot3_ws/install/Crossfire_navigate_to_goal:/home/ctaylor71023/turtlebot3_ws/install/Crossfire_lab6:/home/ctaylor71023/turtlebot3_ws/install/Crossfire_lab5:/home/ctaylor71023/turtlebot3_ws/install/Crossfire_chase_object:/home/ctaylor71023/turtlebot3_ws/src/install/py_subpub:/home/ctaylor71023/turtlebot3_ws/src/install/Lab2:/home/ctaylor71023/turtlebot3_ws/src/install/Crossfire_object_follower:/home/ctaylor71023/turtlebot3_ws/src/install/Crossfire_navigate_to_goal:/home/ctaylor71023/turtlebot3_ws/src/install/Crossfire_lab6:/home/ctaylor71023/turtlebot3_ws/src/install/Crossfire_lab5:/home/ctaylor71023/turtlebot3_ws/src/install/Crossfire_chase_object:/opt/ros/humble LD_LIBRARY_PATH=/home/ctaylor71023/ros2_ws/src/ctaylor319_capstone/install/octomap_msgs/lib:${LD_LIBRARY_PATH} PYTHONPATH=/home/ctaylor71023/ros2_ws/src/ctaylor319_capstone/install/octomap_msgs/local/lib/python3.10/dist-packages:${PYTHONPATH} /usr/bin/cmake /home/ctaylor71023/ros2_ws/src/ctaylor319_capstone/octomap_server2 -DAMENT_CMAKE_SYMLINK_INSTALL=1 -DCMAKE_INSTALL_PREFIX=/home/ctaylor71023/ros2_ws/src/ctaylor319_capstone/install/octomap_server2
[16.154s] DEBUG:colcon.colcon_core.event_handler.log_command:Invoking command in '/home/ctaylor71023/ros2_ws/src/ctaylor319_capstone/build/octomap_server2': AMENT_PREFIX_PATH=/home/ctaylor71023/ros2_ws/src/ctaylor319_capstone/install/octomap_msgs:${AMENT_PREFIX_PATH} CMAKE_PREFIX_PATH=/home/ctaylor71023/ros2_ws/src/ctaylor319_capstone/install/octomap_msgs:/home/ctaylor71023/ws_moveit/install/pilz_industrial_motion_planner_testutils:/home/ctaylor71023/ws_moveit/install/moveit_runtime:/home/ctaylor71023/ws_moveit/install/moveit2_tutorials:/home/ctaylor71023/ws_moveit/install/moveit:/home/ctaylor71023/ws_moveit/install/moveit_planners:/home/ctaylor71023/ws_moveit/install/pilz_industrial_motion_planner:/home/ctaylor71023/ws_moveit/install/moveit_visual_tools:/home/ctaylor71023/ws_moveit/install/moveit_task_constructor_visualization:/home/ctaylor71023/ws_moveit/install/moveit_task_constructor_demo:/home/ctaylor71023/ws_moveit/install/moveit_task_constructor_capabilities:/home/ctaylor71023/ws_moveit/install/moveit_task_constructor_core:/home/ctaylor71023/ws_moveit/install/moveit_ros_control_interface:/home/ctaylor71023/ws_moveit/install/moveit_plugins:/home/ctaylor71023/ws_moveit/install/moveit_simple_controller_manager:/home/ctaylor71023/ws_moveit/install/moveit_setup_assistant:/home/ctaylor71023/ws_moveit/install/moveit_setup_srdf_plugins:/home/ctaylor71023/ws_moveit/install/moveit_setup_core_plugins:/home/ctaylor71023/ws_moveit/install/moveit_setup_controllers:/home/ctaylor71023/ws_moveit/install/moveit_setup_app_plugins:/home/ctaylor71023/ws_moveit/install/moveit_setup_framework:/home/ctaylor71023/ws_moveit/install/moveit_servo:/home/ctaylor71023/ws_moveit/install/moveit_ros:/home/ctaylor71023/ws_moveit/install/moveit_ros_visualization:/home/ctaylor71023/ws_moveit/install/moveit_hybrid_planning:/home/ctaylor71023/ws_moveit/install/moveit_ros_planning_interface:/home/ctaylor71023/ws_moveit/install/moveit_ros_benchmarks:/home/ctaylor71023/ws_moveit/install/moveit_ros_warehouse:/home/ctaylor71023/ws_moveit/install/moveit_ros_robot_interaction:/home/ctaylor71023/ws_moveit/install/moveit_ros_perception:/home/ctaylor71023/ws_moveit/install/moveit_resources_prbt_pg70_support:/home/ctaylor71023/ws_moveit/install/moveit_resources_prbt_moveit_config:/home/ctaylor71023/ws_moveit/install/moveit_ros_move_group:/home/ctaylor71023/ws_moveit/install/moveit_planners_ompl:/home/ctaylor71023/ws_moveit/install/moveit_ros_planning:/home/ctaylor71023/ws_moveit/install/moveit_ros_occupancy_map_monitor:/home/ctaylor71023/ws_moveit/install/moveit_resources_prbt_ikfast_manipulator_plugin:/home/ctaylor71023/ws_moveit/install/moveit_planners_chomp:/home/ctaylor71023/ws_moveit/install/moveit_kinematics:/home/ctaylor71023/ws_moveit/install/moveit_chomp_optimizer_adapter:/home/ctaylor71023/ws_moveit/install/chomp_motion_planner:/home/ctaylor71023/ws_moveit/install/moveit_core:/home/ctaylor71023/ws_moveit/install/srdfdom:/home/ctaylor71023/ws_moveit/install/rviz_marker_tools:/home/ctaylor71023/ws_moveit/install/rosparam_shortcuts:/home/ctaylor71023/ws_moveit/install/moveit_task_constructor_msgs:/home/ctaylor71023/ws_moveit/install/moveit_resources_prbt_support:/home/ctaylor71023/ws_moveit/install/moveit_resources:/home/ctaylor71023/ws_moveit/install/moveit_resources_pr2_description:/home/ctaylor71023/ws_moveit/install/moveit_resources_panda_moveit_config:/home/ctaylor71023/ws_moveit/install/moveit_resources_panda_description:/home/ctaylor71023/ws_moveit/install/moveit_resources_fanuc_moveit_config:/home/ctaylor71023/ws_moveit/install/moveit_resources_fanuc_description:/home/ctaylor71023/ws_moveit/install/moveit_common:/home/ctaylor71023/ros2_ws/install/mycobot_ros2:/home/ctaylor71023/ros2_ws/install/mycobot_gazebo:/home/ctaylor71023/ros2_ws/install/mycobot_description:/home/ctaylor71023/ros2_ws/install/chomp_motion_planner:/home/ctaylor71023/turtlebot3_ws/install/turtlebot3_simulations:/home/ctaylor71023/turtlebot3_ws/install/turtlebot3_gazebo:/home/ctaylor71023/turtlebot3_ws/install/turtlebot3_fake_node:/home/ctaylor71023/turtlebot3_ws/install/msg_types:/home/ctaylor71023/turtlebot3_ws/src/install/turtlebot3_simulations:/home/ctaylor71023/turtlebot3_ws/src/install/turtlebot3_gazebo:/home/ctaylor71023/turtlebot3_ws/src/install/turtlebot3_fake_node:/home/ctaylor71023/turtlebot3_ws/src/install/msg_types:/home/ctaylor71023/ws_moveit/install/moveit_configs_utils:/home/ctaylor71023/ws_moveit/install/launch_param_builder:/home/ctaylor71023/turtlebot3_ws/install/py_subpub:/home/ctaylor71023/turtlebot3_ws/install/Crossfire_object_follower:/home/ctaylor71023/turtlebot3_ws/install/Crossfire_navigate_to_goal:/home/ctaylor71023/turtlebot3_ws/install/Crossfire_lab6:/home/ctaylor71023/turtlebot3_ws/install/Crossfire_lab5:/home/ctaylor71023/turtlebot3_ws/install/Crossfire_chase_object:/home/ctaylor71023/turtlebot3_ws/src/install/py_subpub:/home/ctaylor71023/turtlebot3_ws/src/install/Lab2:/home/ctaylor71023/turtlebot3_ws/src/install/Crossfire_object_follower:/home/ctaylor71023/turtlebot3_ws/src/install/Crossfire_navigate_to_goal:/home/ctaylor71023/turtlebot3_ws/src/install/Crossfire_lab6:/home/ctaylor71023/turtlebot3_ws/src/install/Crossfire_lab5:/home/ctaylor71023/turtlebot3_ws/src/install/Crossfire_chase_object:/opt/ros/humble LD_LIBRARY_PATH=/home/ctaylor71023/ros2_ws/src/ctaylor319_capstone/install/octomap_msgs/lib:${LD_LIBRARY_PATH} PYTHONPATH=/home/ctaylor71023/ros2_ws/src/ctaylor319_capstone/install/octomap_msgs/local/lib/python3.10/dist-packages:${PYTHONPATH} /usr/bin/cmake --build /home/ctaylor71023/ros2_ws/src/ctaylor319_capstone/build/octomap_server2 -- -j8 -l8
[39.850s] DEBUG:colcon.colcon_core.event_handler.log_command:Invoked command in '/home/ctaylor71023/ros2_ws/src/ctaylor319_capstone/build/octomap_server2' returned '0': AMENT_PREFIX_PATH=/home/ctaylor71023/ros2_ws/src/ctaylor319_capstone/install/octomap_msgs:${AMENT_PREFIX_PATH} CMAKE_PREFIX_PATH=/home/ctaylor71023/ros2_ws/src/ctaylor319_capstone/install/octomap_msgs:/home/ctaylor71023/ws_moveit/install/pilz_industrial_motion_planner_testutils:/home/ctaylor71023/ws_moveit/install/moveit_runtime:/home/ctaylor71023/ws_moveit/install/moveit2_tutorials:/home/ctaylor71023/ws_moveit/install/moveit:/home/ctaylor71023/ws_moveit/install/moveit_planners:/home/ctaylor71023/ws_moveit/install/pilz_industrial_motion_planner:/home/ctaylor71023/ws_moveit/install/moveit_visual_tools:/home/ctaylor71023/ws_moveit/install/moveit_task_constructor_visualization:/home/ctaylor71023/ws_moveit/install/moveit_task_constructor_demo:/home/ctaylor71023/ws_moveit/install/moveit_task_constructor_capabilities:/home/ctaylor71023/ws_moveit/install/moveit_task_constructor_core:/home/ctaylor71023/ws_moveit/install/moveit_ros_control_interface:/home/ctaylor71023/ws_moveit/install/moveit_plugins:/home/ctaylor71023/ws_moveit/install/moveit_simple_controller_manager:/home/ctaylor71023/ws_moveit/install/moveit_setup_assistant:/home/ctaylor71023/ws_moveit/install/moveit_setup_srdf_plugins:/home/ctaylor71023/ws_moveit/install/moveit_setup_core_plugins:/home/ctaylor71023/ws_moveit/install/moveit_setup_controllers:/home/ctaylor71023/ws_moveit/install/moveit_setup_app_plugins:/home/ctaylor71023/ws_moveit/install/moveit_setup_framework:/home/ctaylor71023/ws_moveit/install/moveit_servo:/home/ctaylor71023/ws_moveit/install/moveit_ros:/home/ctaylor71023/ws_moveit/install/moveit_ros_visualization:/home/ctaylor71023/ws_moveit/install/moveit_hybrid_planning:/home/ctaylor71023/ws_moveit/install/moveit_ros_planning_interface:/home/ctaylor71023/ws_moveit/install/moveit_ros_benchmarks:/home/ctaylor71023/ws_moveit/install/moveit_ros_warehouse:/home/ctaylor71023/ws_moveit/install/moveit_ros_robot_interaction:/home/ctaylor71023/ws_moveit/install/moveit_ros_perception:/home/ctaylor71023/ws_moveit/install/moveit_resources_prbt_pg70_support:/home/ctaylor71023/ws_moveit/install/moveit_resources_prbt_moveit_config:/home/ctaylor71023/ws_moveit/install/moveit_ros_move_group:/home/ctaylor71023/ws_moveit/install/moveit_planners_ompl:/home/ctaylor71023/ws_moveit/install/moveit_ros_planning:/home/ctaylor71023/ws_moveit/install/moveit_ros_occupancy_map_monitor:/home/ctaylor71023/ws_moveit/install/moveit_resources_prbt_ikfast_manipulator_plugin:/home/ctaylor71023/ws_moveit/install/moveit_planners_chomp:/home/ctaylor71023/ws_moveit/install/moveit_kinematics:/home/ctaylor71023/ws_moveit/install/moveit_chomp_optimizer_adapter:/home/ctaylor71023/ws_moveit/install/chomp_motion_planner:/home/ctaylor71023/ws_moveit/install/moveit_core:/home/ctaylor71023/ws_moveit/install/srdfdom:/home/ctaylor71023/ws_moveit/install/rviz_marker_tools:/home/ctaylor71023/ws_moveit/install/rosparam_shortcuts:/home/ctaylor71023/ws_moveit/install/moveit_task_constructor_msgs:/home/ctaylor71023/ws_moveit/install/moveit_resources_prbt_support:/home/ctaylor71023/ws_moveit/install/moveit_resources:/home/ctaylor71023/ws_moveit/install/moveit_resources_pr2_description:/home/ctaylor71023/ws_moveit/install/moveit_resources_panda_moveit_config:/home/ctaylor71023/ws_moveit/install/moveit_resources_panda_description:/home/ctaylor71023/ws_moveit/install/moveit_resources_fanuc_moveit_config:/home/ctaylor71023/ws_moveit/install/moveit_resources_fanuc_description:/home/ctaylor71023/ws_moveit/install/moveit_common:/home/ctaylor71023/ros2_ws/install/mycobot_ros2:/home/ctaylor71023/ros2_ws/install/mycobot_gazebo:/home/ctaylor71023/ros2_ws/install/mycobot_description:/home/ctaylor71023/ros2_ws/install/chomp_motion_planner:/home/ctaylor71023/turtlebot3_ws/install/turtlebot3_simulations:/home/ctaylor71023/turtlebot3_ws/install/turtlebot3_gazebo:/home/ctaylor71023/turtlebot3_ws/install/turtlebot3_fake_node:/home/ctaylor71023/turtlebot3_ws/install/msg_types:/home/ctaylor71023/turtlebot3_ws/src/install/turtlebot3_simulations:/home/ctaylor71023/turtlebot3_ws/src/install/turtlebot3_gazebo:/home/ctaylor71023/turtlebot3_ws/src/install/turtlebot3_fake_node:/home/ctaylor71023/turtlebot3_ws/src/install/msg_types:/home/ctaylor71023/ws_moveit/install/moveit_configs_utils:/home/ctaylor71023/ws_moveit/install/launch_param_builder:/home/ctaylor71023/turtlebot3_ws/install/py_subpub:/home/ctaylor71023/turtlebot3_ws/install/Crossfire_object_follower:/home/ctaylor71023/turtlebot3_ws/install/Crossfire_navigate_to_goal:/home/ctaylor71023/turtlebot3_ws/install/Crossfire_lab6:/home/ctaylor71023/turtlebot3_ws/install/Crossfire_lab5:/home/ctaylor71023/turtlebot3_ws/install/Crossfire_chase_object:/home/ctaylor71023/turtlebot3_ws/src/install/py_subpub:/home/ctaylor71023/turtlebot3_ws/src/install/Lab2:/home/ctaylor71023/turtlebot3_ws/src/install/Crossfire_object_follower:/home/ctaylor71023/turtlebot3_ws/src/install/Crossfire_navigate_to_goal:/home/ctaylor71023/turtlebot3_ws/src/install/Crossfire_lab6:/home/ctaylor71023/turtlebot3_ws/src/install/Crossfire_lab5:/home/ctaylor71023/turtlebot3_ws/src/install/Crossfire_chase_object:/opt/ros/humble LD_LIBRARY_PATH=/home/ctaylor71023/ros2_ws/src/ctaylor319_capstone/install/octomap_msgs/lib:${LD_LIBRARY_PATH} PYTHONPATH=/home/ctaylor71023/ros2_ws/src/ctaylor319_capstone/install/octomap_msgs/local/lib/python3.10/dist-packages:${PYTHONPATH} /usr/bin/cmake --build /home/ctaylor71023/ros2_ws/src/ctaylor319_capstone/build/octomap_server2 -- -j8 -l8
[39.937s] DEBUG:colcon.colcon_core.event_handler.log_command:Invoking command in '/home/ctaylor71023/ros2_ws/src/ctaylor319_capstone/build/octomap_server2': AMENT_PREFIX_PATH=/home/ctaylor71023/ros2_ws/src/ctaylor319_capstone/install/octomap_msgs:${AMENT_PREFIX_PATH} CMAKE_PREFIX_PATH=/home/ctaylor71023/ros2_ws/src/ctaylor319_capstone/install/octomap_msgs:/home/ctaylor71023/ws_moveit/install/pilz_industrial_motion_planner_testutils:/home/ctaylor71023/ws_moveit/install/moveit_runtime:/home/ctaylor71023/ws_moveit/install/moveit2_tutorials:/home/ctaylor71023/ws_moveit/install/moveit:/home/ctaylor71023/ws_moveit/install/moveit_planners:/home/ctaylor71023/ws_moveit/install/pilz_industrial_motion_planner:/home/ctaylor71023/ws_moveit/install/moveit_visual_tools:/home/ctaylor71023/ws_moveit/install/moveit_task_constructor_visualization:/home/ctaylor71023/ws_moveit/install/moveit_task_constructor_demo:/home/ctaylor71023/ws_moveit/install/moveit_task_constructor_capabilities:/home/ctaylor71023/ws_moveit/install/moveit_task_constructor_core:/home/ctaylor71023/ws_moveit/install/moveit_ros_control_interface:/home/ctaylor71023/ws_moveit/install/moveit_plugins:/home/ctaylor71023/ws_moveit/install/moveit_simple_controller_manager:/home/ctaylor71023/ws_moveit/install/moveit_setup_assistant:/home/ctaylor71023/ws_moveit/install/moveit_setup_srdf_plugins:/home/ctaylor71023/ws_moveit/install/moveit_setup_core_plugins:/home/ctaylor71023/ws_moveit/install/moveit_setup_controllers:/home/ctaylor71023/ws_moveit/install/moveit_setup_app_plugins:/home/ctaylor71023/ws_moveit/install/moveit_setup_framework:/home/ctaylor71023/ws_moveit/install/moveit_servo:/home/ctaylor71023/ws_moveit/install/moveit_ros:/home/ctaylor71023/ws_moveit/install/moveit_ros_visualization:/home/ctaylor71023/ws_moveit/install/moveit_hybrid_planning:/home/ctaylor71023/ws_moveit/install/moveit_ros_planning_interface:/home/ctaylor71023/ws_moveit/install/moveit_ros_benchmarks:/home/ctaylor71023/ws_moveit/install/moveit_ros_warehouse:/home/ctaylor71023/ws_moveit/install/moveit_ros_robot_interaction:/home/ctaylor71023/ws_moveit/install/moveit_ros_perception:/home/ctaylor71023/ws_moveit/install/moveit_resources_prbt_pg70_support:/home/ctaylor71023/ws_moveit/install/moveit_resources_prbt_moveit_config:/home/ctaylor71023/ws_moveit/install/moveit_ros_move_group:/home/ctaylor71023/ws_moveit/install/moveit_planners_ompl:/home/ctaylor71023/ws_moveit/install/moveit_ros_planning:/home/ctaylor71023/ws_moveit/install/moveit_ros_occupancy_map_monitor:/home/ctaylor71023/ws_moveit/install/moveit_resources_prbt_ikfast_manipulator_plugin:/home/ctaylor71023/ws_moveit/install/moveit_planners_chomp:/home/ctaylor71023/ws_moveit/install/moveit_kinematics:/home/ctaylor71023/ws_moveit/install/moveit_chomp_optimizer_adapter:/home/ctaylor71023/ws_moveit/install/chomp_motion_planner:/home/ctaylor71023/ws_moveit/install/moveit_core:/home/ctaylor71023/ws_moveit/install/srdfdom:/home/ctaylor71023/ws_moveit/install/rviz_marker_tools:/home/ctaylor71023/ws_moveit/install/rosparam_shortcuts:/home/ctaylor71023/ws_moveit/install/moveit_task_constructor_msgs:/home/ctaylor71023/ws_moveit/install/moveit_resources_prbt_support:/home/ctaylor71023/ws_moveit/install/moveit_resources:/home/ctaylor71023/ws_moveit/install/moveit_resources_pr2_description:/home/ctaylor71023/ws_moveit/install/moveit_resources_panda_moveit_config:/home/ctaylor71023/ws_moveit/install/moveit_resources_panda_description:/home/ctaylor71023/ws_moveit/install/moveit_resources_fanuc_moveit_config:/home/ctaylor71023/ws_moveit/install/moveit_resources_fanuc_description:/home/ctaylor71023/ws_moveit/install/moveit_common:/home/ctaylor71023/ros2_ws/install/mycobot_ros2:/home/ctaylor71023/ros2_ws/install/mycobot_gazebo:/home/ctaylor71023/ros2_ws/install/mycobot_description:/home/ctaylor71023/ros2_ws/install/chomp_motion_planner:/home/ctaylor71023/turtlebot3_ws/install/turtlebot3_simulations:/home/ctaylor71023/turtlebot3_ws/install/turtlebot3_gazebo:/home/ctaylor71023/turtlebot3_ws/install/turtlebot3_fake_node:/home/ctaylor71023/turtlebot3_ws/install/msg_types:/home/ctaylor71023/turtlebot3_ws/src/install/turtlebot3_simulations:/home/ctaylor71023/turtlebot3_ws/src/install/turtlebot3_gazebo:/home/ctaylor71023/turtlebot3_ws/src/install/turtlebot3_fake_node:/home/ctaylor71023/turtlebot3_ws/src/install/msg_types:/home/ctaylor71023/ws_moveit/install/moveit_configs_utils:/home/ctaylor71023/ws_moveit/install/launch_param_builder:/home/ctaylor71023/turtlebot3_ws/install/py_subpub:/home/ctaylor71023/turtlebot3_ws/install/Crossfire_object_follower:/home/ctaylor71023/turtlebot3_ws/install/Crossfire_navigate_to_goal:/home/ctaylor71023/turtlebot3_ws/install/Crossfire_lab6:/home/ctaylor71023/turtlebot3_ws/install/Crossfire_lab5:/home/ctaylor71023/turtlebot3_ws/install/Crossfire_chase_object:/home/ctaylor71023/turtlebot3_ws/src/install/py_subpub:/home/ctaylor71023/turtlebot3_ws/src/install/Lab2:/home/ctaylor71023/turtlebot3_ws/src/install/Crossfire_object_follower:/home/ctaylor71023/turtlebot3_ws/src/install/Crossfire_navigate_to_goal:/home/ctaylor71023/turtlebot3_ws/src/install/Crossfire_lab6:/home/ctaylor71023/turtlebot3_ws/src/install/Crossfire_lab5:/home/ctaylor71023/turtlebot3_ws/src/install/Crossfire_chase_object:/opt/ros/humble LD_LIBRARY_PATH=/home/ctaylor71023/ros2_ws/src/ctaylor319_capstone/install/octomap_msgs/lib:${LD_LIBRARY_PATH} PYTHONPATH=/home/ctaylor71023/ros2_ws/src/ctaylor319_capstone/install/octomap_msgs/local/lib/python3.10/dist-packages:${PYTHONPATH} /usr/bin/cmake --install /home/ctaylor71023/ros2_ws/src/ctaylor319_capstone/build/octomap_server2
[40.221s] Level 1:colcon.colcon_core.environment:create_environment_scripts_only(octomap_server2)
[40.221s] Level 1:colcon.colcon_core.environment:checking '/home/ctaylor71023/ros2_ws/src/ctaylor319_capstone/install/octomap_server2' for CMake module files
[40.222s] DEBUG:colcon.colcon_core.event_handler.log_command:Invoked command in '/home/ctaylor71023/ros2_ws/src/ctaylor319_capstone/build/octomap_server2' returned '0': AMENT_PREFIX_PATH=/home/ctaylor71023/ros2_ws/src/ctaylor319_capstone/install/octomap_msgs:${AMENT_PREFIX_PATH} CMAKE_PREFIX_PATH=/home/ctaylor71023/ros2_ws/src/ctaylor319_capstone/install/octomap_msgs:/home/ctaylor71023/ws_moveit/install/pilz_industrial_motion_planner_testutils:/home/ctaylor71023/ws_moveit/install/moveit_runtime:/home/ctaylor71023/ws_moveit/install/moveit2_tutorials:/home/ctaylor71023/ws_moveit/install/moveit:/home/ctaylor71023/ws_moveit/install/moveit_planners:/home/ctaylor71023/ws_moveit/install/pilz_industrial_motion_planner:/home/ctaylor71023/ws_moveit/install/moveit_visual_tools:/home/ctaylor71023/ws_moveit/install/moveit_task_constructor_visualization:/home/ctaylor71023/ws_moveit/install/moveit_task_constructor_demo:/home/ctaylor71023/ws_moveit/install/moveit_task_constructor_capabilities:/home/ctaylor71023/ws_moveit/install/moveit_task_constructor_core:/home/ctaylor71023/ws_moveit/install/moveit_ros_control_interface:/home/ctaylor71023/ws_moveit/install/moveit_plugins:/home/ctaylor71023/ws_moveit/install/moveit_simple_controller_manager:/home/ctaylor71023/ws_moveit/install/moveit_setup_assistant:/home/ctaylor71023/ws_moveit/install/moveit_setup_srdf_plugins:/home/ctaylor71023/ws_moveit/install/moveit_setup_core_plugins:/home/ctaylor71023/ws_moveit/install/moveit_setup_controllers:/home/ctaylor71023/ws_moveit/install/moveit_setup_app_plugins:/home/ctaylor71023/ws_moveit/install/moveit_setup_framework:/home/ctaylor71023/ws_moveit/install/moveit_servo:/home/ctaylor71023/ws_moveit/install/moveit_ros:/home/ctaylor71023/ws_moveit/install/moveit_ros_visualization:/home/ctaylor71023/ws_moveit/install/moveit_hybrid_planning:/home/ctaylor71023/ws_moveit/install/moveit_ros_planning_interface:/home/ctaylor71023/ws_moveit/install/moveit_ros_benchmarks:/home/ctaylor71023/ws_moveit/install/moveit_ros_warehouse:/home/ctaylor71023/ws_moveit/install/moveit_ros_robot_interaction:/home/ctaylor71023/ws_moveit/install/moveit_ros_perception:/home/ctaylor71023/ws_moveit/install/moveit_resources_prbt_pg70_support:/home/ctaylor71023/ws_moveit/install/moveit_resources_prbt_moveit_config:/home/ctaylor71023/ws_moveit/install/moveit_ros_move_group:/home/ctaylor71023/ws_moveit/install/moveit_planners_ompl:/home/ctaylor71023/ws_moveit/install/moveit_ros_planning:/home/ctaylor71023/ws_moveit/install/moveit_ros_occupancy_map_monitor:/home/ctaylor71023/ws_moveit/install/moveit_resources_prbt_ikfast_manipulator_plugin:/home/ctaylor71023/ws_moveit/install/moveit_planners_chomp:/home/ctaylor71023/ws_moveit/install/moveit_kinematics:/home/ctaylor71023/ws_moveit/install/moveit_chomp_optimizer_adapter:/home/ctaylor71023/ws_moveit/install/chomp_motion_planner:/home/ctaylor71023/ws_moveit/install/moveit_core:/home/ctaylor71023/ws_moveit/install/srdfdom:/home/ctaylor71023/ws_moveit/install/rviz_marker_tools:/home/ctaylor71023/ws_moveit/install/rosparam_shortcuts:/home/ctaylor71023/ws_moveit/install/moveit_task_constructor_msgs:/home/ctaylor71023/ws_moveit/install/moveit_resources_prbt_support:/home/ctaylor71023/ws_moveit/install/moveit_resources:/home/ctaylor71023/ws_moveit/install/moveit_resources_pr2_description:/home/ctaylor71023/ws_moveit/install/moveit_resources_panda_moveit_config:/home/ctaylor71023/ws_moveit/install/moveit_resources_panda_description:/home/ctaylor71023/ws_moveit/install/moveit_resources_fanuc_moveit_config:/home/ctaylor71023/ws_moveit/install/moveit_resources_fanuc_description:/home/ctaylor71023/ws_moveit/install/moveit_common:/home/ctaylor71023/ros2_ws/install/mycobot_ros2:/home/ctaylor71023/ros2_ws/install/mycobot_gazebo:/home/ctaylor71023/ros2_ws/install/mycobot_description:/home/ctaylor71023/ros2_ws/install/chomp_motion_planner:/home/ctaylor71023/turtlebot3_ws/install/turtlebot3_simulations:/home/ctaylor71023/turtlebot3_ws/install/turtlebot3_gazebo:/home/ctaylor71023/turtlebot3_ws/install/turtlebot3_fake_node:/home/ctaylor71023/turtlebot3_ws/install/msg_types:/home/ctaylor71023/turtlebot3_ws/src/install/turtlebot3_simulations:/home/ctaylor71023/turtlebot3_ws/src/install/turtlebot3_gazebo:/home/ctaylor71023/turtlebot3_ws/src/install/turtlebot3_fake_node:/home/ctaylor71023/turtlebot3_ws/src/install/msg_types:/home/ctaylor71023/ws_moveit/install/moveit_configs_utils:/home/ctaylor71023/ws_moveit/install/launch_param_builder:/home/ctaylor71023/turtlebot3_ws/install/py_subpub:/home/ctaylor71023/turtlebot3_ws/install/Crossfire_object_follower:/home/ctaylor71023/turtlebot3_ws/install/Crossfire_navigate_to_goal:/home/ctaylor71023/turtlebot3_ws/install/Crossfire_lab6:/home/ctaylor71023/turtlebot3_ws/install/Crossfire_lab5:/home/ctaylor71023/turtlebot3_ws/install/Crossfire_chase_object:/home/ctaylor71023/turtlebot3_ws/src/install/py_subpub:/home/ctaylor71023/turtlebot3_ws/src/install/Lab2:/home/ctaylor71023/turtlebot3_ws/src/install/Crossfire_object_follower:/home/ctaylor71023/turtlebot3_ws/src/install/Crossfire_navigate_to_goal:/home/ctaylor71023/turtlebot3_ws/src/install/Crossfire_lab6:/home/ctaylor71023/turtlebot3_ws/src/install/Crossfire_lab5:/home/ctaylor71023/turtlebot3_ws/src/install/Crossfire_chase_object:/opt/ros/humble LD_LIBRARY_PATH=/home/ctaylor71023/ros2_ws/src/ctaylor319_capstone/install/octomap_msgs/lib:${LD_LIBRARY_PATH} PYTHONPATH=/home/ctaylor71023/ros2_ws/src/ctaylor319_capstone/install/octomap_msgs/local/lib/python3.10/dist-packages:${PYTHONPATH} /usr/bin/cmake --install /home/ctaylor71023/ros2_ws/src/ctaylor319_capstone/build/octomap_server2
[40.223s] Level 1:colcon.colcon_core.environment:checking '/home/ctaylor71023/ros2_ws/src/ctaylor319_capstone/install/octomap_server2' for CMake config files
[40.223s] Level 1:colcon.colcon_core.shell:create_environment_hook('octomap_server2', 'cmake_prefix_path')
[40.224s] INFO:colcon.colcon_core.shell:Creating environment hook '/home/ctaylor71023/ros2_ws/src/ctaylor319_capstone/install/octomap_server2/share/octomap_server2/hook/cmake_prefix_path.ps1'
[40.224s] INFO:colcon.colcon_core.shell:Creating environment descriptor '/home/ctaylor71023/ros2_ws/src/ctaylor319_capstone/install/octomap_server2/share/octomap_server2/hook/cmake_prefix_path.dsv'
[40.225s] INFO:colcon.colcon_core.shell:Creating environment hook '/home/ctaylor71023/ros2_ws/src/ctaylor319_capstone/install/octomap_server2/share/octomap_server2/hook/cmake_prefix_path.sh'
[40.225s] Level 1:colcon.colcon_core.environment:checking '/home/ctaylor71023/ros2_ws/src/ctaylor319_capstone/install/octomap_server2/lib'
[40.225s] Level 1:colcon.colcon_core.shell:create_environment_hook('octomap_server2', 'ld_library_path_lib')
[40.225s] INFO:colcon.colcon_core.shell:Creating environment hook '/home/ctaylor71023/ros2_ws/src/ctaylor319_capstone/install/octomap_server2/share/octomap_server2/hook/ld_library_path_lib.ps1'
[40.226s] INFO:colcon.colcon_core.shell:Creating environment descriptor '/home/ctaylor71023/ros2_ws/src/ctaylor319_capstone/install/octomap_server2/share/octomap_server2/hook/ld_library_path_lib.dsv'
[40.226s] INFO:colcon.colcon_core.shell:Creating environment hook '/home/ctaylor71023/ros2_ws/src/ctaylor319_capstone/install/octomap_server2/share/octomap_server2/hook/ld_library_path_lib.sh'
[40.227s] Level 1:colcon.colcon_core.environment:checking '/home/ctaylor71023/ros2_ws/src/ctaylor319_capstone/install/octomap_server2/bin'
[40.227s] Level 1:colcon.colcon_core.environment:checking '/home/ctaylor71023/ros2_ws/src/ctaylor319_capstone/install/octomap_server2/lib/pkgconfig/octomap_server2.pc'
[40.227s] Level 1:colcon.colcon_core.environment:checking '/home/ctaylor71023/ros2_ws/src/ctaylor319_capstone/install/octomap_server2/lib/python3.10/site-packages'
[40.227s] Level 1:colcon.colcon_core.environment:checking '/home/ctaylor71023/ros2_ws/src/ctaylor319_capstone/install/octomap_server2/bin'
[40.228s] INFO:colcon.colcon_core.shell:Creating package script '/home/ctaylor71023/ros2_ws/src/ctaylor319_capstone/install/octomap_server2/share/octomap_server2/package.ps1'
[40.228s] INFO:colcon.colcon_core.shell:Creating package descriptor '/home/ctaylor71023/ros2_ws/src/ctaylor319_capstone/install/octomap_server2/share/octomap_server2/package.dsv'
[40.229s] INFO:colcon.colcon_core.shell:Creating package script '/home/ctaylor71023/ros2_ws/src/ctaylor319_capstone/install/octomap_server2/share/octomap_server2/package.sh'
[40.229s] INFO:colcon.colcon_core.shell:Creating package script '/home/ctaylor71023/ros2_ws/src/ctaylor319_capstone/install/octomap_server2/share/octomap_server2/package.bash'
[40.230s] INFO:colcon.colcon_core.shell:Creating package script '/home/ctaylor71023/ros2_ws/src/ctaylor319_capstone/install/octomap_server2/share/octomap_server2/package.zsh'
[40.230s] Level 1:colcon.colcon_core.environment:create_file_with_runtime_dependencies(/home/ctaylor71023/ros2_ws/src/ctaylor319_capstone/install/octomap_server2/share/colcon-core/packages/octomap_server2)
[40.324s] Level 1:colcon.colcon_core.environment:create_environment_scripts_only(octomap_server2)
[40.324s] Level 1:colcon.colcon_core.environment:checking '/home/ctaylor71023/ros2_ws/src/ctaylor319_capstone/install/octomap_server2' for CMake module files
[40.325s] Level 1:colcon.colcon_core.environment:checking '/home/ctaylor71023/ros2_ws/src/ctaylor319_capstone/install/octomap_server2' for CMake config files
[40.325s] Level 1:colcon.colcon_core.shell:create_environment_hook('octomap_server2', 'cmake_prefix_path')
[40.325s] INFO:colcon.colcon_core.shell:Creating environment hook '/home/ctaylor71023/ros2_ws/src/ctaylor319_capstone/install/octomap_server2/share/octomap_server2/hook/cmake_prefix_path.ps1'
[40.326s] INFO:colcon.colcon_core.shell:Creating environment descriptor '/home/ctaylor71023/ros2_ws/src/ctaylor319_capstone/install/octomap_server2/share/octomap_server2/hook/cmake_prefix_path.dsv'
[40.326s] INFO:colcon.colcon_core.shell:Creating environment hook '/home/ctaylor71023/ros2_ws/src/ctaylor319_capstone/install/octomap_server2/share/octomap_server2/hook/cmake_prefix_path.sh'
[40.327s] Level 1:colcon.colcon_core.environment:checking '/home/ctaylor71023/ros2_ws/src/ctaylor319_capstone/install/octomap_server2/lib'
[40.327s] Level 1:colcon.colcon_core.shell:create_environment_hook('octomap_server2', 'ld_library_path_lib')
[40.327s] INFO:colcon.colcon_core.shell:Creating environment hook '/home/ctaylor71023/ros2_ws/src/ctaylor319_capstone/install/octomap_server2/share/octomap_server2/hook/ld_library_path_lib.ps1'
[40.327s] INFO:colcon.colcon_core.shell:Creating environment descriptor '/home/ctaylor71023/ros2_ws/src/ctaylor319_capstone/install/octomap_server2/share/octomap_server2/hook/ld_library_path_lib.dsv'
[40.328s] INFO:colcon.colcon_core.shell:Creating environment hook '/home/ctaylor71023/ros2_ws/src/ctaylor319_capstone/install/octomap_server2/share/octomap_server2/hook/ld_library_path_lib.sh'
[40.328s] Level 1:colcon.colcon_core.environment:checking '/home/ctaylor71023/ros2_ws/src/ctaylor319_capstone/install/octomap_server2/bin'
[40.328s] Level 1:colcon.colcon_core.environment:checking '/home/ctaylor71023/ros2_ws/src/ctaylor319_capstone/install/octomap_server2/lib/pkgconfig/octomap_server2.pc'
[40.328s] Level 1:colcon.colcon_core.environment:checking '/home/ctaylor71023/ros2_ws/src/ctaylor319_capstone/install/octomap_server2/lib/python3.10/site-packages'
[40.329s] Level 1:colcon.colcon_core.environment:checking '/home/ctaylor71023/ros2_ws/src/ctaylor319_capstone/install/octomap_server2/bin'
[40.329s] INFO:colcon.colcon_core.shell:Creating package script '/home/ctaylor71023/ros2_ws/src/ctaylor319_capstone/install/octomap_server2/share/octomap_server2/package.ps1'
[40.330s] INFO:colcon.colcon_core.shell:Creating package descriptor '/home/ctaylor71023/ros2_ws/src/ctaylor319_capstone/install/octomap_server2/share/octomap_server2/package.dsv'
[40.330s] INFO:colcon.colcon_core.shell:Creating package script '/home/ctaylor71023/ros2_ws/src/ctaylor319_capstone/install/octomap_server2/share/octomap_server2/package.sh'
[40.331s] INFO:colcon.colcon_core.shell:Creating package script '/home/ctaylor71023/ros2_ws/src/ctaylor319_capstone/install/octomap_server2/share/octomap_server2/package.bash'
[40.331s] INFO:colcon.colcon_core.shell:Creating package script '/home/ctaylor71023/ros2_ws/src/ctaylor319_capstone/install/octomap_server2/share/octomap_server2/package.zsh'
[40.332s] Level 1:colcon.colcon_core.environment:create_file_with_runtime_dependencies(/home/ctaylor71023/ros2_ws/src/ctaylor319_capstone/install/octomap_server2/share/colcon-core/packages/octomap_server2)
[40.332s] DEBUG:colcon.colcon_parallel_executor.executor.parallel:closing loop
[40.333s] DEBUG:colcon.colcon_parallel_executor.executor.parallel:loop closed
[40.333s] DEBUG:colcon.colcon_parallel_executor.executor.parallel:run_until_complete finished with '0'
[40.333s] DEBUG:colcon.colcon_core.event_reactor:joining thread
[40.340s] INFO:colcon.colcon_core.plugin_system:Skipping extension 'colcon_notification.desktop_notification.terminal_notifier': Not used on non-Darwin systems
[40.340s] INFO:colcon.colcon_core.plugin_system:Skipping extension 'colcon_notification.desktop_notification.win32': Not used on non-Windows systems
[40.341s] INFO:colcon.colcon_notification.desktop_notification:Sending desktop notification using 'notify2'
[40.353s] DEBUG:colcon.colcon_core.event_reactor:joined thread
[40.354s] INFO:colcon.colcon_core.shell:Creating prefix script '/home/ctaylor71023/ros2_ws/src/ctaylor319_capstone/install/local_setup.ps1'
[40.355s] INFO:colcon.colcon_core.shell:Creating prefix util module '/home/ctaylor71023/ros2_ws/src/ctaylor319_capstone/install/_local_setup_util_ps1.py'
[40.357s] INFO:colcon.colcon_core.shell:Creating prefix chain script '/home/ctaylor71023/ros2_ws/src/ctaylor319_capstone/install/setup.ps1'
[40.363s] INFO:colcon.colcon_core.shell:Creating prefix script '/home/ctaylor71023/ros2_ws/src/ctaylor319_capstone/install/local_setup.sh'
[40.364s] INFO:colcon.colcon_core.shell:Creating prefix util module '/home/ctaylor71023/ros2_ws/src/ctaylor319_capstone/install/_local_setup_util_sh.py'
[40.364s] INFO:colcon.colcon_core.shell:Creating prefix chain script '/home/ctaylor71023/ros2_ws/src/ctaylor319_capstone/install/setup.sh'
[40.370s] INFO:colcon.colcon_core.shell:Creating prefix script '/home/ctaylor71023/ros2_ws/src/ctaylor319_capstone/install/local_setup.bash'
[40.370s] INFO:colcon.colcon_core.shell:Creating prefix chain script '/home/ctaylor71023/ros2_ws/src/ctaylor319_capstone/install/setup.bash'
[40.376s] INFO:colcon.colcon_core.shell:Creating prefix script '/home/ctaylor71023/ros2_ws/src/ctaylor319_capstone/install/local_setup.zsh'
[40.376s] INFO:colcon.colcon_core.shell:Creating prefix chain script '/home/ctaylor71023/ros2_ws/src/ctaylor319_capstone/install/setup.zsh'
