-- The C compiler identification is GNU 11.4.0
-- The CXX compiler identification is GNU 11.4.0
-- Detecting C compiler ABI info
-- Detecting C compiler ABI info - done
-- Check for working C compiler: /usr/bin/cc - skipped
-- Detecting C compile features
-- Detecting C compile features - done
-- Detecting CXX compiler ABI info
-- Detecting CXX compiler ABI info - done
-- Check for working CXX compiler: /usr/bin/c++ - skipped
-- Detecting CXX compile features
-- Detecting CXX compile features - done
-- Found ament_cmake: 1.3.10 (/opt/ros/humble/share/ament_cmake/cmake)
-- Found Python3: /usr/bin/python3 (found version "3.10.12") found components: Interpreter 
-- Configuring done
-- Generating done
-- Build files have been written to: /home/ctaylor71023/ros2_ws/src/ctaylor319_capstone/build/perception_pcl
-- Install configuration: ""
-- Installing: /home/ctaylor71023/ros2_ws/src/ctaylor319_capstone/install/perception_pcl/share/ament_index/resource_index/package_run_dependencies/perception_pcl
-- Installing: /home/ctaylor71023/ros2_ws/src/ctaylor319_capstone/install/perception_pcl/share/ament_index/resource_index/parent_prefix_path/perception_pcl
-- Installing: /home/ctaylor71023/ros2_ws/src/ctaylor319_capstone/install/perception_pcl/share/perception_pcl/environment/ament_prefix_path.sh
-- Installing: /home/ctaylor71023/ros2_ws/src/ctaylor319_capstone/install/perception_pcl/share/perception_pcl/environment/ament_prefix_path.dsv
-- Installing: /home/ctaylor71023/ros2_ws/src/ctaylor319_capstone/install/perception_pcl/share/perception_pcl/environment/path.sh
-- Installing: /home/ctaylor71023/ros2_ws/src/ctaylor319_capstone/install/perception_pcl/share/perception_pcl/environment/path.dsv
-- Installing: /home/ctaylor71023/ros2_ws/src/ctaylor319_capstone/install/perception_pcl/share/perception_pcl/local_setup.bash
-- Installing: /home/ctaylor71023/ros2_ws/src/ctaylor319_capstone/install/perception_pcl/share/perception_pcl/local_setup.sh
-- Installing: /home/ctaylor71023/ros2_ws/src/ctaylor319_capstone/install/perception_pcl/share/perception_pcl/local_setup.zsh
-- Installing: /home/ctaylor71023/ros2_ws/src/ctaylor319_capstone/install/perception_pcl/share/perception_pcl/local_setup.dsv
-- Installing: /home/ctaylor71023/ros2_ws/src/ctaylor319_capstone/install/perception_pcl/share/perception_pcl/package.dsv
-- Installing: /home/ctaylor71023/ros2_ws/src/ctaylor319_capstone/install/perception_pcl/share/ament_index/resource_index/packages/perception_pcl
-- Installing: /home/ctaylor71023/ros2_ws/src/ctaylor319_capstone/install/perception_pcl/share/perception_pcl/cmake/perception_pclConfig.cmake
-- Installing: /home/ctaylor71023/ros2_ws/src/ctaylor319_capstone/install/perception_pcl/share/perception_pcl/cmake/perception_pclConfig-version.cmake
-- Installing: /home/ctaylor71023/ros2_ws/src/ctaylor319_capstone/install/perception_pcl/share/perception_pcl/package.xml
