[0.057s] Invoking command in '/home/ctaylor71023/ros2_ws/src/ctaylor319_capstone/build/octomap_msgs': CMAKE_PREFIX_PATH=${CMAKE_PREFIX_PATH}:/home/ctaylor71023/ws_moveit/install/moveit_configs_utils:/home/ctaylor71023/ws_moveit/install/launch_param_builder:/home/ctaylor71023/turtlebot3_ws/install/py_subpub:/home/ctaylor71023/turtlebot3_ws/install/Crossfire_object_follower:/home/ctaylor71023/turtlebot3_ws/install/Crossfire_navigate_to_goal:/home/ctaylor71023/turtlebot3_ws/install/Crossfire_lab6:/home/ctaylor71023/turtlebot3_ws/install/Crossfire_lab5:/home/ctaylor71023/turtlebot3_ws/install/Crossfire_chase_object:/home/ctaylor71023/turtlebot3_ws/src/install/py_subpub:/home/ctaylor71023/turtlebot3_ws/src/install/Lab2:/home/ctaylor71023/turtlebot3_ws/src/install/Crossfire_object_follower:/home/ctaylor71023/turtlebot3_ws/src/install/Crossfire_navigate_to_goal:/home/ctaylor71023/turtlebot3_ws/src/install/Crossfire_lab6:/home/ctaylor71023/turtlebot3_ws/src/install/Crossfire_lab5:/home/ctaylor71023/turtlebot3_ws/src/install/Crossfire_chase_object:/opt/ros/humble /usr/bin/cmake /home/ctaylor71023/ros2_ws/src/ctaylor319_capstone/octomap_msgs -DCMAKE_INSTALL_PREFIX=/home/ctaylor71023/ros2_ws/src/ctaylor319_capstone/install/octomap_msgs
[0.085s] -- Found ament_cmake: 1.3.10 (/opt/ros/humble/share/ament_cmake/cmake)
[0.366s] -- Override CMake install command with custom implementation using symlinks instead of copying resources
[0.376s] -- Found rosidl_default_generators: 1.2.0 (/opt/ros/humble/share/rosidl_default_generators/cmake)
[0.401s] -- Using all available rosidl_typesupport_c: rosidl_typesupport_fastrtps_c;rosidl_typesupport_introspection_c
[0.406s] -- Found rosidl_adapter: 3.1.5 (/opt/ros/humble/share/rosidl_adapter/cmake)
[0.460s] -- Using all available rosidl_typesupport_cpp: rosidl_typesupport_fastrtps_cpp;rosidl_typesupport_introspection_cpp
[0.497s] -- Found std_msgs: 4.2.4 (/opt/ros/humble/share/std_msgs/cmake)
[0.531s] -- Found geometry_msgs: 4.2.4 (/opt/ros/humble/share/geometry_msgs/cmake)
[0.954s] -- Found ament_cmake_ros: 0.10.0 (/opt/ros/humble/share/ament_cmake_ros/cmake)
[1.266s] -- Using all available rosidl_typesupport_c: rosidl_typesupport_fastrtps_c;rosidl_typesupport_introspection_c
[1.682s] -- Using all available rosidl_typesupport_cpp: rosidl_typesupport_fastrtps_cpp;rosidl_typesupport_introspection_cpp
[1.716s] -- Found python_cmake_module: 0.10.0 (/opt/ros/humble/share/python_cmake_module/cmake)
[1.752s] -- Using PYTHON_EXECUTABLE: /usr/bin/python3
[1.752s] -- Using PYTHON_INCLUDE_DIRS: /usr/include/python3.10
[1.752s] -- Using PYTHON_LIBRARIES: /usr/lib/x86_64-linux-gnu/libpython3.10.so
[1.876s] -- Configuring done
[1.924s] -- Generating done
[1.929s] -- Build files have been written to: /home/ctaylor71023/ros2_ws/src/ctaylor319_capstone/build/octomap_msgs
[1.936s] Invoked command in '/home/ctaylor71023/ros2_ws/src/ctaylor319_capstone/build/octomap_msgs' returned '0': CMAKE_PREFIX_PATH=${CMAKE_PREFIX_PATH}:/home/ctaylor71023/ws_moveit/install/moveit_configs_utils:/home/ctaylor71023/ws_moveit/install/launch_param_builder:/home/ctaylor71023/turtlebot3_ws/install/py_subpub:/home/ctaylor71023/turtlebot3_ws/install/Crossfire_object_follower:/home/ctaylor71023/turtlebot3_ws/install/Crossfire_navigate_to_goal:/home/ctaylor71023/turtlebot3_ws/install/Crossfire_lab6:/home/ctaylor71023/turtlebot3_ws/install/Crossfire_lab5:/home/ctaylor71023/turtlebot3_ws/install/Crossfire_chase_object:/home/ctaylor71023/turtlebot3_ws/src/install/py_subpub:/home/ctaylor71023/turtlebot3_ws/src/install/Lab2:/home/ctaylor71023/turtlebot3_ws/src/install/Crossfire_object_follower:/home/ctaylor71023/turtlebot3_ws/src/install/Crossfire_navigate_to_goal:/home/ctaylor71023/turtlebot3_ws/src/install/Crossfire_lab6:/home/ctaylor71023/turtlebot3_ws/src/install/Crossfire_lab5:/home/ctaylor71023/turtlebot3_ws/src/install/Crossfire_chase_object:/opt/ros/humble /usr/bin/cmake /home/ctaylor71023/ros2_ws/src/ctaylor319_capstone/octomap_msgs -DCMAKE_INSTALL_PREFIX=/home/ctaylor71023/ros2_ws/src/ctaylor319_capstone/install/octomap_msgs
[1.939s] Invoking command in '/home/ctaylor71023/ros2_ws/src/ctaylor319_capstone/build/octomap_msgs': CMAKE_PREFIX_PATH=${CMAKE_PREFIX_PATH}:/home/ctaylor71023/ws_moveit/install/moveit_configs_utils:/home/ctaylor71023/ws_moveit/install/launch_param_builder:/home/ctaylor71023/turtlebot3_ws/install/py_subpub:/home/ctaylor71023/turtlebot3_ws/install/Crossfire_object_follower:/home/ctaylor71023/turtlebot3_ws/install/Crossfire_navigate_to_goal:/home/ctaylor71023/turtlebot3_ws/install/Crossfire_lab6:/home/ctaylor71023/turtlebot3_ws/install/Crossfire_lab5:/home/ctaylor71023/turtlebot3_ws/install/Crossfire_chase_object:/home/ctaylor71023/turtlebot3_ws/src/install/py_subpub:/home/ctaylor71023/turtlebot3_ws/src/install/Lab2:/home/ctaylor71023/turtlebot3_ws/src/install/Crossfire_object_follower:/home/ctaylor71023/turtlebot3_ws/src/install/Crossfire_navigate_to_goal:/home/ctaylor71023/turtlebot3_ws/src/install/Crossfire_lab6:/home/ctaylor71023/turtlebot3_ws/src/install/Crossfire_lab5:/home/ctaylor71023/turtlebot3_ws/src/install/Crossfire_chase_object:/opt/ros/humble /usr/bin/cmake --build /home/ctaylor71023/ros2_ws/src/ctaylor319_capstone/build/octomap_msgs -- -j8 -l8
[2.009s] [35m[1mConsolidate compiler generated dependencies of target octomap_msgs__rosidl_generator_c[0m
[2.033s] [ 10%] Built target octomap_msgs__rosidl_generator_c
[2.035s] [ 12%] Built target octomap_msgs__cpp
[2.052s] [ 12%] Built target ament_cmake_python_symlink_octomap_msgs
[2.068s] [35m[1mConsolidate compiler generated dependencies of target octomap_msgs__rosidl_typesupport_c[0m
[2.069s] [35m[1mConsolidate compiler generated dependencies of target octomap_msgs__rosidl_typesupport_introspection_c[0m
[2.071s] [35m[1mConsolidate compiler generated dependencies of target octomap_msgs__rosidl_typesupport_fastrtps_c[0m
[2.074s] [35m[1mConsolidate compiler generated dependencies of target octomap_msgs__rosidl_typesupport_cpp[0m
[2.080s] [35m[1mConsolidate compiler generated dependencies of target octomap_msgs__rosidl_typesupport_fastrtps_cpp[0m
[2.091s] [35m[1mConsolidate compiler generated dependencies of target octomap_msgs__rosidl_typesupport_introspection_cpp[0m
[2.111s] [ 23%] Built target octomap_msgs__rosidl_typesupport_c
[2.112s] [ 34%] Built target octomap_msgs__rosidl_typesupport_introspection_c
[2.116s] [ 45%] Built target octomap_msgs__rosidl_typesupport_fastrtps_c
[2.120s] [ 56%] Built target octomap_msgs__rosidl_typesupport_cpp
[2.126s] [ 67%] Built target octomap_msgs__rosidl_typesupport_fastrtps_cpp
[2.136s] [ 78%] Built target octomap_msgs__rosidl_typesupport_introspection_cpp
[2.178s] [ 78%] Built target octomap_msgs
[2.220s] [ 80%] Built target octomap_msgs__py
[2.242s] [35m[1mConsolidate compiler generated dependencies of target octomap_msgs__rosidl_generator_py[0m
[2.268s] [ 89%] Built target octomap_msgs__rosidl_generator_py
[2.297s] [35m[1mConsolidate compiler generated dependencies of target octomap_msgs__rosidl_typesupport_fastrtps_c__pyext[0m
[2.297s] [35m[1mConsolidate compiler generated dependencies of target octomap_msgs__rosidl_typesupport_c__pyext[0m
[2.297s] [35m[1mConsolidate compiler generated dependencies of target octomap_msgs__rosidl_typesupport_introspection_c__pyext[0m
[2.328s] [ 92%] Built target octomap_msgs__rosidl_typesupport_fastrtps_c__pyext
[2.331s] [ 96%] Built target octomap_msgs__rosidl_typesupport_c__pyext
[2.331s] [100%] Built target octomap_msgs__rosidl_typesupport_introspection_c__pyext
[2.495s] running egg_info
[2.496s] writing octomap_msgs.egg-info/PKG-INFO
[2.496s] writing dependency_links to octomap_msgs.egg-info/dependency_links.txt
[2.496s] writing top-level names to octomap_msgs.egg-info/top_level.txt
[2.499s] reading manifest file 'octomap_msgs.egg-info/SOURCES.txt'
[2.500s] writing manifest file 'octomap_msgs.egg-info/SOURCES.txt'
[2.534s] [100%] Built target ament_cmake_python_build_octomap_msgs_egg
[2.553s] Invoked command in '/home/ctaylor71023/ros2_ws/src/ctaylor319_capstone/build/octomap_msgs' returned '0': CMAKE_PREFIX_PATH=${CMAKE_PREFIX_PATH}:/home/ctaylor71023/ws_moveit/install/moveit_configs_utils:/home/ctaylor71023/ws_moveit/install/launch_param_builder:/home/ctaylor71023/turtlebot3_ws/install/py_subpub:/home/ctaylor71023/turtlebot3_ws/install/Crossfire_object_follower:/home/ctaylor71023/turtlebot3_ws/install/Crossfire_navigate_to_goal:/home/ctaylor71023/turtlebot3_ws/install/Crossfire_lab6:/home/ctaylor71023/turtlebot3_ws/install/Crossfire_lab5:/home/ctaylor71023/turtlebot3_ws/install/Crossfire_chase_object:/home/ctaylor71023/turtlebot3_ws/src/install/py_subpub:/home/ctaylor71023/turtlebot3_ws/src/install/Lab2:/home/ctaylor71023/turtlebot3_ws/src/install/Crossfire_object_follower:/home/ctaylor71023/turtlebot3_ws/src/install/Crossfire_navigate_to_goal:/home/ctaylor71023/turtlebot3_ws/src/install/Crossfire_lab6:/home/ctaylor71023/turtlebot3_ws/src/install/Crossfire_lab5:/home/ctaylor71023/turtlebot3_ws/src/install/Crossfire_chase_object:/opt/ros/humble /usr/bin/cmake --build /home/ctaylor71023/ros2_ws/src/ctaylor319_capstone/build/octomap_msgs -- -j8 -l8
[2.885s] Invoking command in '/home/ctaylor71023/ros2_ws/src/ctaylor319_capstone/build/octomap_msgs': CMAKE_PREFIX_PATH=${CMAKE_PREFIX_PATH}:/home/ctaylor71023/ws_moveit/install/moveit_configs_utils:/home/ctaylor71023/ws_moveit/install/launch_param_builder:/home/ctaylor71023/turtlebot3_ws/install/py_subpub:/home/ctaylor71023/turtlebot3_ws/install/Crossfire_object_follower:/home/ctaylor71023/turtlebot3_ws/install/Crossfire_navigate_to_goal:/home/ctaylor71023/turtlebot3_ws/install/Crossfire_lab6:/home/ctaylor71023/turtlebot3_ws/install/Crossfire_lab5:/home/ctaylor71023/turtlebot3_ws/install/Crossfire_chase_object:/home/ctaylor71023/turtlebot3_ws/src/install/py_subpub:/home/ctaylor71023/turtlebot3_ws/src/install/Lab2:/home/ctaylor71023/turtlebot3_ws/src/install/Crossfire_object_follower:/home/ctaylor71023/turtlebot3_ws/src/install/Crossfire_navigate_to_goal:/home/ctaylor71023/turtlebot3_ws/src/install/Crossfire_lab6:/home/ctaylor71023/turtlebot3_ws/src/install/Crossfire_lab5:/home/ctaylor71023/turtlebot3_ws/src/install/Crossfire_chase_object:/opt/ros/humble /usr/bin/cmake --install /home/ctaylor71023/ros2_ws/src/ctaylor319_capstone/build/octomap_msgs
[2.897s] -- Install configuration: ""
[2.898s] -- Execute custom install script
[2.898s] -- Up-to-date symlink: /home/ctaylor71023/ros2_ws/src/ctaylor319_capstone/install/octomap_msgs/share/ament_index/resource_index/rosidl_interfaces/octomap_msgs
[2.899s] -- Up-to-date symlink: /home/ctaylor71023/ros2_ws/src/ctaylor319_capstone/install/octomap_msgs/include/octomap_msgs/octomap_msgs/msg/detail/octomap__functions.h
[2.899s] -- Up-to-date symlink: /home/ctaylor71023/ros2_ws/src/ctaylor319_capstone/install/octomap_msgs/include/octomap_msgs/octomap_msgs/msg/detail/octomap__struct.h
[2.899s] -- Up-to-date symlink: /home/ctaylor71023/ros2_ws/src/ctaylor319_capstone/install/octomap_msgs/include/octomap_msgs/octomap_msgs/msg/detail/octomap__type_support.h
[2.899s] -- Up-to-date symlink: /home/ctaylor71023/ros2_ws/src/ctaylor319_capstone/install/octomap_msgs/include/octomap_msgs/octomap_msgs/msg/detail/octomap_with_pose__functions.h
[2.900s] -- Up-to-date symlink: /home/ctaylor71023/ros2_ws/src/ctaylor319_capstone/install/octomap_msgs/include/octomap_msgs/octomap_msgs/msg/detail/octomap_with_pose__struct.h
[2.900s] -- Up-to-date symlink: /home/ctaylor71023/ros2_ws/src/ctaylor319_capstone/install/octomap_msgs/include/octomap_msgs/octomap_msgs/msg/detail/octomap_with_pose__type_support.h
[2.900s] -- Up-to-date symlink: /home/ctaylor71023/ros2_ws/src/ctaylor319_capstone/install/octomap_msgs/include/octomap_msgs/octomap_msgs/msg/octomap.h
[2.900s] -- Up-to-date symlink: /home/ctaylor71023/ros2_ws/src/ctaylor319_capstone/install/octomap_msgs/include/octomap_msgs/octomap_msgs/msg/octomap_with_pose.h
[2.900s] -- Up-to-date symlink: /home/ctaylor71023/ros2_ws/src/ctaylor319_capstone/install/octomap_msgs/include/octomap_msgs/octomap_msgs/msg/rosidl_generator_c__visibility_control.h
[2.900s] -- Up-to-date symlink: /home/ctaylor71023/ros2_ws/src/ctaylor319_capstone/install/octomap_msgs/include/octomap_msgs/octomap_msgs/srv/bounding_box_query.h
[2.901s] -- Up-to-date symlink: /home/ctaylor71023/ros2_ws/src/ctaylor319_capstone/install/octomap_msgs/include/octomap_msgs/octomap_msgs/srv/detail/bounding_box_query__functions.h
[2.901s] -- Up-to-date symlink: /home/ctaylor71023/ros2_ws/src/ctaylor319_capstone/install/octomap_msgs/include/octomap_msgs/octomap_msgs/srv/detail/bounding_box_query__struct.h
[2.901s] -- Up-to-date symlink: /home/ctaylor71023/ros2_ws/src/ctaylor319_capstone/install/octomap_msgs/include/octomap_msgs/octomap_msgs/srv/detail/bounding_box_query__type_support.h
[2.901s] -- Up-to-date symlink: /home/ctaylor71023/ros2_ws/src/ctaylor319_capstone/install/octomap_msgs/include/octomap_msgs/octomap_msgs/srv/detail/get_octomap__functions.h
[2.901s] -- Up-to-date symlink: /home/ctaylor71023/ros2_ws/src/ctaylor319_capstone/install/octomap_msgs/include/octomap_msgs/octomap_msgs/srv/detail/get_octomap__struct.h
[2.901s] -- Up-to-date symlink: /home/ctaylor71023/ros2_ws/src/ctaylor319_capstone/install/octomap_msgs/include/octomap_msgs/octomap_msgs/srv/detail/get_octomap__type_support.h
[2.902s] -- Up-to-date symlink: /home/ctaylor71023/ros2_ws/src/ctaylor319_capstone/install/octomap_msgs/include/octomap_msgs/octomap_msgs/srv/get_octomap.h
[2.902s] -- Up-to-date symlink: /home/ctaylor71023/ros2_ws/src/ctaylor319_capstone/install/octomap_msgs/share/octomap_msgs/environment/library_path.sh
[2.902s] -- Up-to-date symlink: /home/ctaylor71023/ros2_ws/src/ctaylor319_capstone/install/octomap_msgs/share/octomap_msgs/environment/library_path.dsv
[2.903s] -- Up-to-date symlink: /home/ctaylor71023/ros2_ws/src/ctaylor319_capstone/install/octomap_msgs/include/octomap_msgs/octomap_msgs/msg/detail/octomap__rosidl_typesupport_fastrtps_c.h
[2.903s] -- Up-to-date symlink: /home/ctaylor71023/ros2_ws/src/ctaylor319_capstone/install/octomap_msgs/include/octomap_msgs/octomap_msgs/msg/detail/octomap_with_pose__rosidl_typesupport_fastrtps_c.h
[2.903s] -- Up-to-date symlink: /home/ctaylor71023/ros2_ws/src/ctaylor319_capstone/install/octomap_msgs/include/octomap_msgs/octomap_msgs/msg/rosidl_typesupport_fastrtps_c__visibility_control.h
[2.903s] -- Up-to-date symlink: /home/ctaylor71023/ros2_ws/src/ctaylor319_capstone/install/octomap_msgs/include/octomap_msgs/octomap_msgs/srv/detail/bounding_box_query__rosidl_typesupport_fastrtps_c.h
[2.903s] -- Up-to-date symlink: /home/ctaylor71023/ros2_ws/src/ctaylor319_capstone/install/octomap_msgs/include/octomap_msgs/octomap_msgs/srv/detail/get_octomap__rosidl_typesupport_fastrtps_c.h
[2.904s] -- Up-to-date symlink: /home/ctaylor71023/ros2_ws/src/ctaylor319_capstone/install/octomap_msgs/include/octomap_msgs/octomap_msgs/msg/detail/octomap__rosidl_typesupport_introspection_c.h
[2.904s] -- Up-to-date symlink: /home/ctaylor71023/ros2_ws/src/ctaylor319_capstone/install/octomap_msgs/include/octomap_msgs/octomap_msgs/msg/detail/octomap_with_pose__rosidl_typesupport_introspection_c.h
[2.904s] -- Up-to-date symlink: /home/ctaylor71023/ros2_ws/src/ctaylor319_capstone/install/octomap_msgs/include/octomap_msgs/octomap_msgs/msg/rosidl_typesupport_introspection_c__visibility_control.h
[2.904s] -- Up-to-date symlink: /home/ctaylor71023/ros2_ws/src/ctaylor319_capstone/install/octomap_msgs/include/octomap_msgs/octomap_msgs/srv/detail/bounding_box_query__rosidl_typesupport_introspection_c.h
[2.905s] -- Up-to-date symlink: /home/ctaylor71023/ros2_ws/src/ctaylor319_capstone/install/octomap_msgs/include/octomap_msgs/octomap_msgs/srv/detail/get_octomap__rosidl_typesupport_introspection_c.h
[2.905s] -- Up-to-date symlink: /home/ctaylor71023/ros2_ws/src/ctaylor319_capstone/install/octomap_msgs/include/octomap_msgs/octomap_msgs/msg/detail/octomap__builder.hpp
[2.906s] -- Up-to-date symlink: /home/ctaylor71023/ros2_ws/src/ctaylor319_capstone/install/octomap_msgs/include/octomap_msgs/octomap_msgs/msg/detail/octomap__struct.hpp
[2.906s] -- Up-to-date symlink: /home/ctaylor71023/ros2_ws/src/ctaylor319_capstone/install/octomap_msgs/include/octomap_msgs/octomap_msgs/msg/detail/octomap__traits.hpp
[2.906s] -- Up-to-date symlink: /home/ctaylor71023/ros2_ws/src/ctaylor319_capstone/install/octomap_msgs/include/octomap_msgs/octomap_msgs/msg/detail/octomap_with_pose__builder.hpp
[2.906s] -- Up-to-date symlink: /home/ctaylor71023/ros2_ws/src/ctaylor319_capstone/install/octomap_msgs/include/octomap_msgs/octomap_msgs/msg/detail/octomap_with_pose__struct.hpp
[2.906s] -- Up-to-date symlink: /home/ctaylor71023/ros2_ws/src/ctaylor319_capstone/install/octomap_msgs/include/octomap_msgs/octomap_msgs/msg/detail/octomap_with_pose__traits.hpp
[2.906s] -- Up-to-date symlink: /home/ctaylor71023/ros2_ws/src/ctaylor319_capstone/install/octomap_msgs/include/octomap_msgs/octomap_msgs/msg/octomap.hpp
[2.907s] -- Up-to-date symlink: /home/ctaylor71023/ros2_ws/src/ctaylor319_capstone/install/octomap_msgs/include/octomap_msgs/octomap_msgs/msg/octomap_with_pose.hpp
[2.907s] -- Up-to-date symlink: /home/ctaylor71023/ros2_ws/src/ctaylor319_capstone/install/octomap_msgs/include/octomap_msgs/octomap_msgs/srv/bounding_box_query.hpp
[2.907s] -- Up-to-date symlink: /home/ctaylor71023/ros2_ws/src/ctaylor319_capstone/install/octomap_msgs/include/octomap_msgs/octomap_msgs/srv/detail/bounding_box_query__builder.hpp
[2.907s] -- Up-to-date symlink: /home/ctaylor71023/ros2_ws/src/ctaylor319_capstone/install/octomap_msgs/include/octomap_msgs/octomap_msgs/srv/detail/bounding_box_query__struct.hpp
[2.907s] -- Up-to-date symlink: /home/ctaylor71023/ros2_ws/src/ctaylor319_capstone/install/octomap_msgs/include/octomap_msgs/octomap_msgs/srv/detail/bounding_box_query__traits.hpp
[2.907s] -- Up-to-date symlink: /home/ctaylor71023/ros2_ws/src/ctaylor319_capstone/install/octomap_msgs/include/octomap_msgs/octomap_msgs/srv/detail/get_octomap__builder.hpp
[2.908s] -- Up-to-date symlink: /home/ctaylor71023/ros2_ws/src/ctaylor319_capstone/install/octomap_msgs/include/octomap_msgs/octomap_msgs/srv/detail/get_octomap__struct.hpp
[2.908s] -- Up-to-date symlink: /home/ctaylor71023/ros2_ws/src/ctaylor319_capstone/install/octomap_msgs/include/octomap_msgs/octomap_msgs/srv/detail/get_octomap__traits.hpp
[2.908s] -- Up-to-date symlink: /home/ctaylor71023/ros2_ws/src/ctaylor319_capstone/install/octomap_msgs/include/octomap_msgs/octomap_msgs/srv/get_octomap.hpp
[2.909s] -- Up-to-date symlink: /home/ctaylor71023/ros2_ws/src/ctaylor319_capstone/install/octomap_msgs/include/octomap_msgs/octomap_msgs/msg/detail/octomap__rosidl_typesupport_fastrtps_cpp.hpp
[2.909s] -- Up-to-date symlink: /home/ctaylor71023/ros2_ws/src/ctaylor319_capstone/install/octomap_msgs/include/octomap_msgs/octomap_msgs/msg/detail/octomap_with_pose__rosidl_typesupport_fastrtps_cpp.hpp
[2.909s] -- Up-to-date symlink: /home/ctaylor71023/ros2_ws/src/ctaylor319_capstone/install/octomap_msgs/include/octomap_msgs/octomap_msgs/msg/rosidl_typesupport_fastrtps_cpp__visibility_control.h
[2.909s] -- Up-to-date symlink: /home/ctaylor71023/ros2_ws/src/ctaylor319_capstone/install/octomap_msgs/include/octomap_msgs/octomap_msgs/srv/detail/bounding_box_query__rosidl_typesupport_fastrtps_cpp.hpp
[2.910s] -- Up-to-date symlink: /home/ctaylor71023/ros2_ws/src/ctaylor319_capstone/install/octomap_msgs/include/octomap_msgs/octomap_msgs/srv/detail/get_octomap__rosidl_typesupport_fastrtps_cpp.hpp
[2.910s] -- Up-to-date symlink: /home/ctaylor71023/ros2_ws/src/ctaylor319_capstone/install/octomap_msgs/include/octomap_msgs/octomap_msgs/msg/detail/octomap__rosidl_typesupport_introspection_cpp.hpp
[2.910s] -- Up-to-date symlink: /home/ctaylor71023/ros2_ws/src/ctaylor319_capstone/install/octomap_msgs/include/octomap_msgs/octomap_msgs/msg/detail/octomap_with_pose__rosidl_typesupport_introspection_cpp.hpp
[2.911s] -- Up-to-date symlink: /home/ctaylor71023/ros2_ws/src/ctaylor319_capstone/install/octomap_msgs/include/octomap_msgs/octomap_msgs/srv/detail/bounding_box_query__rosidl_typesupport_introspection_cpp.hpp
[2.911s] -- Up-to-date symlink: /home/ctaylor71023/ros2_ws/src/ctaylor319_capstone/install/octomap_msgs/include/octomap_msgs/octomap_msgs/srv/detail/get_octomap__rosidl_typesupport_introspection_cpp.hpp
[2.911s] -- Up-to-date symlink: /home/ctaylor71023/ros2_ws/src/ctaylor319_capstone/install/octomap_msgs/share/octomap_msgs/environment/pythonpath.sh
[2.911s] -- Up-to-date symlink: /home/ctaylor71023/ros2_ws/src/ctaylor319_capstone/install/octomap_msgs/share/octomap_msgs/environment/pythonpath.dsv
[2.912s] -- Up-to-date symlink: /home/ctaylor71023/ros2_ws/src/ctaylor319_capstone/install/octomap_msgs/local/lib/python3.10/dist-packages/octomap_msgs-2.0.0-py3.10.egg-info/PKG-INFO
[2.912s] -- Up-to-date symlink: /home/ctaylor71023/ros2_ws/src/ctaylor319_capstone/install/octomap_msgs/local/lib/python3.10/dist-packages/octomap_msgs-2.0.0-py3.10.egg-info/SOURCES.txt
[2.912s] -- Up-to-date symlink: /home/ctaylor71023/ros2_ws/src/ctaylor319_capstone/install/octomap_msgs/local/lib/python3.10/dist-packages/octomap_msgs-2.0.0-py3.10.egg-info/dependency_links.txt
[2.912s] -- Up-to-date symlink: /home/ctaylor71023/ros2_ws/src/ctaylor319_capstone/install/octomap_msgs/local/lib/python3.10/dist-packages/octomap_msgs-2.0.0-py3.10.egg-info/top_level.txt
[2.913s] -- Up-to-date symlink: /home/ctaylor71023/ros2_ws/src/ctaylor319_capstone/install/octomap_msgs/local/lib/python3.10/dist-packages/octomap_msgs/__init__.py
[2.913s] -- Up-to-date symlink: /home/ctaylor71023/ros2_ws/src/ctaylor319_capstone/install/octomap_msgs/local/lib/python3.10/dist-packages/octomap_msgs/_octomap_msgs_s.ep.rosidl_typesupport_c.c
[2.914s] -- Up-to-date symlink: /home/ctaylor71023/ros2_ws/src/ctaylor319_capstone/install/octomap_msgs/local/lib/python3.10/dist-packages/octomap_msgs/_octomap_msgs_s.ep.rosidl_typesupport_fastrtps_c.c
[2.914s] -- Up-to-date symlink: /home/ctaylor71023/ros2_ws/src/ctaylor319_capstone/install/octomap_msgs/local/lib/python3.10/dist-packages/octomap_msgs/_octomap_msgs_s.ep.rosidl_typesupport_introspection_c.c
[2.914s] -- Up-to-date symlink: /home/ctaylor71023/ros2_ws/src/ctaylor319_capstone/install/octomap_msgs/local/lib/python3.10/dist-packages/octomap_msgs/liboctomap_msgs__rosidl_generator_py.so
[2.914s] -- Up-to-date symlink: /home/ctaylor71023/ros2_ws/src/ctaylor319_capstone/install/octomap_msgs/local/lib/python3.10/dist-packages/octomap_msgs/msg/__init__.py
[2.914s] -- Up-to-date symlink: /home/ctaylor71023/ros2_ws/src/ctaylor319_capstone/install/octomap_msgs/local/lib/python3.10/dist-packages/octomap_msgs/msg/_octomap.py
[2.914s] -- Up-to-date symlink: /home/ctaylor71023/ros2_ws/src/ctaylor319_capstone/install/octomap_msgs/local/lib/python3.10/dist-packages/octomap_msgs/msg/_octomap_s.c
[2.915s] -- Up-to-date symlink: /home/ctaylor71023/ros2_ws/src/ctaylor319_capstone/install/octomap_msgs/local/lib/python3.10/dist-packages/octomap_msgs/msg/_octomap_with_pose.py
[2.915s] -- Up-to-date symlink: /home/ctaylor71023/ros2_ws/src/ctaylor319_capstone/install/octomap_msgs/local/lib/python3.10/dist-packages/octomap_msgs/msg/_octomap_with_pose_s.c
[2.915s] -- Up-to-date symlink: /home/ctaylor71023/ros2_ws/src/ctaylor319_capstone/install/octomap_msgs/local/lib/python3.10/dist-packages/octomap_msgs/octomap_msgs_s__rosidl_typesupport_c.cpython-310-x86_64-linux-gnu.so
[2.915s] -- Up-to-date symlink: /home/ctaylor71023/ros2_ws/src/ctaylor319_capstone/install/octomap_msgs/local/lib/python3.10/dist-packages/octomap_msgs/octomap_msgs_s__rosidl_typesupport_fastrtps_c.cpython-310-x86_64-linux-gnu.so
[2.915s] -- Up-to-date symlink: /home/ctaylor71023/ros2_ws/src/ctaylor319_capstone/install/octomap_msgs/local/lib/python3.10/dist-packages/octomap_msgs/octomap_msgs_s__rosidl_typesupport_introspection_c.cpython-310-x86_64-linux-gnu.so
[2.916s] -- Up-to-date symlink: /home/ctaylor71023/ros2_ws/src/ctaylor319_capstone/install/octomap_msgs/local/lib/python3.10/dist-packages/octomap_msgs/srv/__init__.py
[2.916s] -- Up-to-date symlink: /home/ctaylor71023/ros2_ws/src/ctaylor319_capstone/install/octomap_msgs/local/lib/python3.10/dist-packages/octomap_msgs/srv/_bounding_box_query.py
[2.916s] -- Up-to-date symlink: /home/ctaylor71023/ros2_ws/src/ctaylor319_capstone/install/octomap_msgs/local/lib/python3.10/dist-packages/octomap_msgs/srv/_bounding_box_query_s.c
[2.916s] -- Up-to-date symlink: /home/ctaylor71023/ros2_ws/src/ctaylor319_capstone/install/octomap_msgs/local/lib/python3.10/dist-packages/octomap_msgs/srv/_get_octomap.py
[2.917s] -- Up-to-date symlink: /home/ctaylor71023/ros2_ws/src/ctaylor319_capstone/install/octomap_msgs/local/lib/python3.10/dist-packages/octomap_msgs/srv/_get_octomap_s.c
[2.917s] -- Up-to-date symlink: /home/ctaylor71023/ros2_ws/src/ctaylor319_capstone/install/octomap_msgs/local/lib/python3.10/dist-packages/octomap_msgs/octomap_msgs_s__rosidl_typesupport_fastrtps_c.cpython-310-x86_64-linux-gnu.so
[2.917s] -- Up-to-date symlink: /home/ctaylor71023/ros2_ws/src/ctaylor319_capstone/install/octomap_msgs/local/lib/python3.10/dist-packages/octomap_msgs/octomap_msgs_s__rosidl_typesupport_introspection_c.cpython-310-x86_64-linux-gnu.so
[2.918s] -- Up-to-date symlink: /home/ctaylor71023/ros2_ws/src/ctaylor319_capstone/install/octomap_msgs/local/lib/python3.10/dist-packages/octomap_msgs/octomap_msgs_s__rosidl_typesupport_c.cpython-310-x86_64-linux-gnu.so
[2.918s] -- Up-to-date symlink: /home/ctaylor71023/ros2_ws/src/ctaylor319_capstone/install/octomap_msgs/share/octomap_msgs/msg/Octomap.idl
[2.918s] -- Up-to-date symlink: /home/ctaylor71023/ros2_ws/src/ctaylor319_capstone/install/octomap_msgs/share/octomap_msgs/msg/OctomapWithPose.idl
[2.918s] -- Up-to-date symlink: /home/ctaylor71023/ros2_ws/src/ctaylor319_capstone/install/octomap_msgs/share/octomap_msgs/srv/BoundingBoxQuery.idl
[2.919s] -- Up-to-date symlink: /home/ctaylor71023/ros2_ws/src/ctaylor319_capstone/install/octomap_msgs/share/octomap_msgs/srv/GetOctomap.idl
[2.919s] -- Up-to-date symlink: /home/ctaylor71023/ros2_ws/src/ctaylor319_capstone/install/octomap_msgs/share/octomap_msgs/msg/Octomap.msg
[2.919s] -- Up-to-date symlink: /home/ctaylor71023/ros2_ws/src/ctaylor319_capstone/install/octomap_msgs/share/octomap_msgs/msg/OctomapWithPose.msg
[2.919s] -- Up-to-date symlink: /home/ctaylor71023/ros2_ws/src/ctaylor319_capstone/install/octomap_msgs/share/octomap_msgs/srv/BoundingBoxQuery.srv
[2.920s] -- Up-to-date symlink: /home/ctaylor71023/ros2_ws/src/ctaylor319_capstone/install/octomap_msgs/share/octomap_msgs/srv/BoundingBoxQuery_Request.msg
[2.920s] -- Up-to-date symlink: /home/ctaylor71023/ros2_ws/src/ctaylor319_capstone/install/octomap_msgs/share/octomap_msgs/srv/BoundingBoxQuery_Response.msg
[2.920s] -- Up-to-date symlink: /home/ctaylor71023/ros2_ws/src/ctaylor319_capstone/install/octomap_msgs/share/octomap_msgs/srv/GetOctomap.srv
[2.920s] -- Up-to-date symlink: /home/ctaylor71023/ros2_ws/src/ctaylor319_capstone/install/octomap_msgs/share/octomap_msgs/srv/GetOctomap_Request.msg
[2.921s] -- Up-to-date symlink: /home/ctaylor71023/ros2_ws/src/ctaylor319_capstone/install/octomap_msgs/share/octomap_msgs/srv/GetOctomap_Response.msg
[2.921s] -- Up-to-date symlink: /home/ctaylor71023/ros2_ws/src/ctaylor319_capstone/install/octomap_msgs/share/ament_index/resource_index/package_run_dependencies/octomap_msgs
[2.921s] -- Up-to-date symlink: /home/ctaylor71023/ros2_ws/src/ctaylor319_capstone/install/octomap_msgs/share/ament_index/resource_index/parent_prefix_path/octomap_msgs
[2.921s] -- Up-to-date symlink: /home/ctaylor71023/ros2_ws/src/ctaylor319_capstone/install/octomap_msgs/share/octomap_msgs/environment/ament_prefix_path.sh
[2.922s] -- Up-to-date symlink: /home/ctaylor71023/ros2_ws/src/ctaylor319_capstone/install/octomap_msgs/share/octomap_msgs/environment/ament_prefix_path.dsv
[2.922s] -- Up-to-date symlink: /home/ctaylor71023/ros2_ws/src/ctaylor319_capstone/install/octomap_msgs/share/octomap_msgs/environment/path.sh
[2.922s] -- Up-to-date symlink: /home/ctaylor71023/ros2_ws/src/ctaylor319_capstone/install/octomap_msgs/share/octomap_msgs/environment/path.dsv
[2.922s] -- Up-to-date symlink: /home/ctaylor71023/ros2_ws/src/ctaylor319_capstone/install/octomap_msgs/share/octomap_msgs/local_setup.bash
[2.923s] -- Up-to-date symlink: /home/ctaylor71023/ros2_ws/src/ctaylor319_capstone/install/octomap_msgs/share/octomap_msgs/local_setup.sh
[2.923s] -- Up-to-date symlink: /home/ctaylor71023/ros2_ws/src/ctaylor319_capstone/install/octomap_msgs/share/octomap_msgs/local_setup.zsh
[2.923s] -- Up-to-date symlink: /home/ctaylor71023/ros2_ws/src/ctaylor319_capstone/install/octomap_msgs/share/octomap_msgs/local_setup.dsv
[2.923s] -- Symlinking: /home/ctaylor71023/ros2_ws/src/ctaylor319_capstone/install/octomap_msgs/share/octomap_msgs/package.dsv
[2.939s] -- Up-to-date symlink: /home/ctaylor71023/ros2_ws/src/ctaylor319_capstone/install/octomap_msgs/share/ament_index/resource_index/packages/octomap_msgs
[2.939s] -- Up-to-date symlink: /home/ctaylor71023/ros2_ws/src/ctaylor319_capstone/install/octomap_msgs/share/octomap_msgs/cmake/rosidl_cmake-extras.cmake
[2.939s] -- Up-to-date symlink: /home/ctaylor71023/ros2_ws/src/ctaylor319_capstone/install/octomap_msgs/share/octomap_msgs/cmake/ament_cmake_export_dependencies-extras.cmake
[2.940s] -- Up-to-date symlink: /home/ctaylor71023/ros2_ws/src/ctaylor319_capstone/install/octomap_msgs/share/octomap_msgs/cmake/ament_cmake_export_include_directories-extras.cmake
[2.940s] -- Up-to-date symlink: /home/ctaylor71023/ros2_ws/src/ctaylor319_capstone/install/octomap_msgs/share/octomap_msgs/cmake/ament_cmake_export_libraries-extras.cmake
[2.940s] -- Up-to-date symlink: /home/ctaylor71023/ros2_ws/src/ctaylor319_capstone/install/octomap_msgs/share/octomap_msgs/cmake/ament_cmake_export_targets-extras.cmake
[2.940s] -- Up-to-date symlink: /home/ctaylor71023/ros2_ws/src/ctaylor319_capstone/install/octomap_msgs/share/octomap_msgs/cmake/rosidl_cmake_export_typesupport_targets-extras.cmake
[2.941s] -- Up-to-date symlink: /home/ctaylor71023/ros2_ws/src/ctaylor319_capstone/install/octomap_msgs/share/octomap_msgs/cmake/rosidl_cmake_export_typesupport_libraries-extras.cmake
[2.941s] -- Up-to-date symlink: /home/ctaylor71023/ros2_ws/src/ctaylor319_capstone/install/octomap_msgs/share/octomap_msgs/cmake/octomap_msgsConfig.cmake
[2.941s] -- Up-to-date symlink: /home/ctaylor71023/ros2_ws/src/ctaylor319_capstone/install/octomap_msgs/share/octomap_msgs/cmake/octomap_msgsConfig-version.cmake
[2.942s] -- Up-to-date symlink: /home/ctaylor71023/ros2_ws/src/ctaylor319_capstone/install/octomap_msgs/share/octomap_msgs/package.xml
[2.942s] -- Up-to-date: /home/ctaylor71023/ros2_ws/src/ctaylor319_capstone/install/octomap_msgs/lib/liboctomap_msgs__rosidl_generator_c.so
[2.943s] -- Up-to-date: /home/ctaylor71023/ros2_ws/src/ctaylor319_capstone/install/octomap_msgs/lib/liboctomap_msgs__rosidl_typesupport_fastrtps_c.so
[2.943s] -- Up-to-date: /home/ctaylor71023/ros2_ws/src/ctaylor319_capstone/install/octomap_msgs/lib/liboctomap_msgs__rosidl_typesupport_introspection_c.so
[2.944s] -- Up-to-date: /home/ctaylor71023/ros2_ws/src/ctaylor319_capstone/install/octomap_msgs/lib/liboctomap_msgs__rosidl_typesupport_c.so
[2.945s] -- Up-to-date: /home/ctaylor71023/ros2_ws/src/ctaylor319_capstone/install/octomap_msgs/lib/liboctomap_msgs__rosidl_typesupport_fastrtps_cpp.so
[2.945s] -- Up-to-date: /home/ctaylor71023/ros2_ws/src/ctaylor319_capstone/install/octomap_msgs/lib/liboctomap_msgs__rosidl_typesupport_introspection_cpp.so
[2.946s] -- Up-to-date: /home/ctaylor71023/ros2_ws/src/ctaylor319_capstone/install/octomap_msgs/lib/liboctomap_msgs__rosidl_typesupport_cpp.so
[3.001s] Listing '/home/ctaylor71023/ros2_ws/src/ctaylor319_capstone/install/octomap_msgs/local/lib/python3.10/dist-packages/octomap_msgs'...
[3.001s] Compiling '/home/ctaylor71023/ros2_ws/src/ctaylor319_capstone/install/octomap_msgs/local/lib/python3.10/dist-packages/octomap_msgs/__init__.py'...
[3.001s] Listing '/home/ctaylor71023/ros2_ws/src/ctaylor319_capstone/install/octomap_msgs/local/lib/python3.10/dist-packages/octomap_msgs/msg'...
[3.002s] Listing '/home/ctaylor71023/ros2_ws/src/ctaylor319_capstone/install/octomap_msgs/local/lib/python3.10/dist-packages/octomap_msgs/srv'...
[3.006s] -- Up-to-date: /home/ctaylor71023/ros2_ws/src/ctaylor319_capstone/install/octomap_msgs/lib/liboctomap_msgs__rosidl_generator_py.so
[3.007s] -- Up-to-date: /home/ctaylor71023/ros2_ws/src/ctaylor319_capstone/install/octomap_msgs/include/octomap_msgs
[3.007s] -- Up-to-date: /home/ctaylor71023/ros2_ws/src/ctaylor319_capstone/install/octomap_msgs/include/octomap_msgs/octomap_msgs
[3.007s] -- Up-to-date: /home/ctaylor71023/ros2_ws/src/ctaylor319_capstone/install/octomap_msgs/include/octomap_msgs/octomap_msgs/conversions.h
[3.007s] -- Up-to-date: /home/ctaylor71023/ros2_ws/src/ctaylor319_capstone/install/octomap_msgs/share/octomap_msgs/cmake/export_octomap_msgs__rosidl_generator_cExport.cmake
[3.008s] -- Up-to-date: /home/ctaylor71023/ros2_ws/src/ctaylor319_capstone/install/octomap_msgs/share/octomap_msgs/cmake/export_octomap_msgs__rosidl_generator_cExport-noconfig.cmake
[3.008s] -- Up-to-date: /home/ctaylor71023/ros2_ws/src/ctaylor319_capstone/install/octomap_msgs/share/octomap_msgs/cmake/export_octomap_msgs__rosidl_typesupport_fastrtps_cExport.cmake
[3.008s] -- Up-to-date: /home/ctaylor71023/ros2_ws/src/ctaylor319_capstone/install/octomap_msgs/share/octomap_msgs/cmake/export_octomap_msgs__rosidl_typesupport_fastrtps_cExport-noconfig.cmake
[3.008s] -- Up-to-date: /home/ctaylor71023/ros2_ws/src/ctaylor319_capstone/install/octomap_msgs/share/octomap_msgs/cmake/octomap_msgs__rosidl_typesupport_introspection_cExport.cmake
[3.008s] -- Up-to-date: /home/ctaylor71023/ros2_ws/src/ctaylor319_capstone/install/octomap_msgs/share/octomap_msgs/cmake/octomap_msgs__rosidl_typesupport_introspection_cExport-noconfig.cmake
[3.009s] -- Up-to-date: /home/ctaylor71023/ros2_ws/src/ctaylor319_capstone/install/octomap_msgs/share/octomap_msgs/cmake/octomap_msgs__rosidl_typesupport_cExport.cmake
[3.009s] -- Up-to-date: /home/ctaylor71023/ros2_ws/src/ctaylor319_capstone/install/octomap_msgs/share/octomap_msgs/cmake/octomap_msgs__rosidl_typesupport_cExport-noconfig.cmake
[3.009s] -- Up-to-date: /home/ctaylor71023/ros2_ws/src/ctaylor319_capstone/install/octomap_msgs/share/octomap_msgs/cmake/export_octomap_msgs__rosidl_generator_cppExport.cmake
[3.009s] -- Up-to-date: /home/ctaylor71023/ros2_ws/src/ctaylor319_capstone/install/octomap_msgs/share/octomap_msgs/cmake/export_octomap_msgs__rosidl_typesupport_fastrtps_cppExport.cmake
[3.009s] -- Up-to-date: /home/ctaylor71023/ros2_ws/src/ctaylor319_capstone/install/octomap_msgs/share/octomap_msgs/cmake/export_octomap_msgs__rosidl_typesupport_fastrtps_cppExport-noconfig.cmake
[3.010s] -- Up-to-date: /home/ctaylor71023/ros2_ws/src/ctaylor319_capstone/install/octomap_msgs/share/octomap_msgs/cmake/octomap_msgs__rosidl_typesupport_introspection_cppExport.cmake
[3.010s] -- Up-to-date: /home/ctaylor71023/ros2_ws/src/ctaylor319_capstone/install/octomap_msgs/share/octomap_msgs/cmake/octomap_msgs__rosidl_typesupport_introspection_cppExport-noconfig.cmake
[3.010s] -- Up-to-date: /home/ctaylor71023/ros2_ws/src/ctaylor319_capstone/install/octomap_msgs/share/octomap_msgs/cmake/octomap_msgs__rosidl_typesupport_cppExport.cmake
[3.010s] -- Up-to-date: /home/ctaylor71023/ros2_ws/src/ctaylor319_capstone/install/octomap_msgs/share/octomap_msgs/cmake/octomap_msgs__rosidl_typesupport_cppExport-noconfig.cmake
[3.010s] -- Up-to-date: /home/ctaylor71023/ros2_ws/src/ctaylor319_capstone/install/octomap_msgs/share/octomap_msgs/cmake/export_octomap_msgs__rosidl_generator_pyExport.cmake
[3.010s] -- Up-to-date: /home/ctaylor71023/ros2_ws/src/ctaylor319_capstone/install/octomap_msgs/share/octomap_msgs/cmake/export_octomap_msgs__rosidl_generator_pyExport-noconfig.cmake
[3.013s] Invoked command in '/home/ctaylor71023/ros2_ws/src/ctaylor319_capstone/build/octomap_msgs' returned '0': CMAKE_PREFIX_PATH=${CMAKE_PREFIX_PATH}:/home/ctaylor71023/ws_moveit/install/moveit_configs_utils:/home/ctaylor71023/ws_moveit/install/launch_param_builder:/home/ctaylor71023/turtlebot3_ws/install/py_subpub:/home/ctaylor71023/turtlebot3_ws/install/Crossfire_object_follower:/home/ctaylor71023/turtlebot3_ws/install/Crossfire_navigate_to_goal:/home/ctaylor71023/turtlebot3_ws/install/Crossfire_lab6:/home/ctaylor71023/turtlebot3_ws/install/Crossfire_lab5:/home/ctaylor71023/turtlebot3_ws/install/Crossfire_chase_object:/home/ctaylor71023/turtlebot3_ws/src/install/py_subpub:/home/ctaylor71023/turtlebot3_ws/src/install/Lab2:/home/ctaylor71023/turtlebot3_ws/src/install/Crossfire_object_follower:/home/ctaylor71023/turtlebot3_ws/src/install/Crossfire_navigate_to_goal:/home/ctaylor71023/turtlebot3_ws/src/install/Crossfire_lab6:/home/ctaylor71023/turtlebot3_ws/src/install/Crossfire_lab5:/home/ctaylor71023/turtlebot3_ws/src/install/Crossfire_chase_object:/opt/ros/humble /usr/bin/cmake --install /home/ctaylor71023/ros2_ws/src/ctaylor319_capstone/build/octomap_msgs
