[0.060s] Invoking command in '/home/ctaylor71023/ros2_ws/src/ctaylor319_capstone/build/robot_control': CMAKE_PREFIX_PATH=${CMAKE_PREFIX_PATH}:/home/ctaylor71023/ws_moveit/install/moveit_configs_utils:/home/ctaylor71023/ws_moveit/install/launch_param_builder:/home/ctaylor71023/turtlebot3_ws/install/py_subpub:/home/ctaylor71023/turtlebot3_ws/install/Crossfire_object_follower:/home/ctaylor71023/turtlebot3_ws/install/Crossfire_navigate_to_goal:/home/ctaylor71023/turtlebot3_ws/install/Crossfire_lab6:/home/ctaylor71023/turtlebot3_ws/install/Crossfire_lab5:/home/ctaylor71023/turtlebot3_ws/install/Crossfire_chase_object:/home/ctaylor71023/turtlebot3_ws/src/install/py_subpub:/home/ctaylor71023/turtlebot3_ws/src/install/Lab2:/home/ctaylor71023/turtlebot3_ws/src/install/Crossfire_object_follower:/home/ctaylor71023/turtlebot3_ws/src/install/Crossfire_navigate_to_goal:/home/ctaylor71023/turtlebot3_ws/src/install/Crossfire_lab6:/home/ctaylor71023/turtlebot3_ws/src/install/Crossfire_lab5:/home/ctaylor71023/turtlebot3_ws/src/install/Crossfire_chase_object:/opt/ros/humble /usr/bin/cmake /home/ctaylor71023/ros2_ws/src/ctaylor319_capstone/robot_control -DCMAKE_INSTALL_PREFIX=/home/ctaylor71023/ros2_ws/src/ctaylor319_capstone/install/robot_control
[0.230s] -- The C compiler identification is GNU 11.4.0
[0.383s] -- The CXX compiler identification is GNU 11.4.0
[0.408s] -- Detecting C compiler ABI info
[0.618s] -- Detecting C compiler ABI info - done
[0.641s] -- Check for working C compiler: /usr/bin/cc - skipped
[0.642s] -- Detecting C compile features
[0.644s] -- Detecting C compile features - done
[0.654s] -- Detecting CXX compiler ABI info
[0.893s] -- Detecting CXX compiler ABI info - done
[0.916s] -- Check for working CXX compiler: /usr/bin/c++ - skipped
[0.918s] -- Detecting CXX compile features
[0.919s] -- Detecting CXX compile features - done
[0.942s] -- Found ament_cmake: 1.3.10 (/opt/ros/humble/share/ament_cmake/cmake)
[1.560s] -- Found Python3: /usr/bin/python3 (found version "3.10.12") found components: Interpreter 
[2.074s] -- Found rclcpp: 16.0.10 (/opt/ros/humble/share/rclcpp/cmake)
[2.382s] -- Found rosidl_generator_c: 3.1.5 (/opt/ros/humble/share/rosidl_generator_c/cmake)
[2.434s] -- Found rosidl_adapter: 3.1.5 (/opt/ros/humble/share/rosidl_adapter/cmake)
[2.495s] -- Found rosidl_generator_cpp: 3.1.5 (/opt/ros/humble/share/rosidl_generator_cpp/cmake)
[2.572s] -- Using all available rosidl_typesupport_c: rosidl_typesupport_fastrtps_c;rosidl_typesupport_introspection_c
[2.680s] -- Using all available rosidl_typesupport_cpp: rosidl_typesupport_fastrtps_cpp;rosidl_typesupport_introspection_cpp
[2.992s] -- Found rmw_implementation_cmake: 6.1.2 (/opt/ros/humble/share/rmw_implementation_cmake/cmake)
[3.024s] -- Found rmw_fastrtps_cpp: 6.2.7 (/opt/ros/humble/share/rmw_fastrtps_cpp/cmake)
[3.435s] -- Found OpenSSL: /usr/lib/x86_64-linux-gnu/libcrypto.so (found version "3.0.2")  
[3.537s] -- Found FastRTPS: /opt/ros/humble/include  
[3.695s] -- Using RMW implementation 'rmw_fastrtps_cpp' as default
[3.769s] -- Looking for pthread.h
[4.003s] -- Looking for pthread.h - found
[4.005s] -- Performing Test CMAKE_HAVE_LIBC_PTHREAD
[4.267s] -- Performing Test CMAKE_HAVE_LIBC_PTHREAD - Success
[4.270s] -- Found Threads: TRUE  
[4.615s] -- Found gazebo_ros: 3.7.0 (/opt/ros/humble/share/gazebo_ros/cmake)
[4.720s] -- Found PkgConfig: /usr/bin/pkg-config (found version "0.29.2") 
[4.723s] -- Checking for module 'bullet>=2.82'
[4.808s] --   Found bullet, version 3.05
[5.468s] -- Found fcl: /usr/include (found suitable version "0.7.0", minimum required is "0.5.0") 
[5.746s] -- Found assimp: /usr/include (found version "5.2.0") 
[5.961s] -- Found DART: /usr/include (Required is at least version "6.6") found components: dart 
[6.237s] -- Found Boost: /usr/lib/x86_64-linux-gnu/cmake/Boost-1.74.0/BoostConfig.cmake (found suitable version "1.74.0", minimum required is "1.40.0") found components: thread system filesystem program_options regex iostreams date_time 
[6.327s] -- Found Protobuf: /usr/lib/x86_64-linux-gnu/libprotobuf.so (found version "3.12.4") 
[6.397s] -- Looking for ignition-math6 -- found version 6.15.1
[6.456s] -- Searching for dependencies of ignition-math6
[6.461s] -- Looking for OGRE...
[6.463s] -- OGRE_PREFIX_WATCH changed.
[6.488s] -- Checking for module 'OGRE'
[6.562s] --   Found OGRE, version 1.9.0
[6.734s] -- Found Ogre Ghadamon (1.9.0)
[6.812s] -- Found OGRE: optimized;/usr/lib/x86_64-linux-gnu/libOgreMain.so;debug;/usr/lib/x86_64-linux-gnu/libOgreMain.so
[6.853s] -- Looking for OGRE_Paging...
[6.913s] -- Found OGRE_Paging: optimized;/usr/lib/x86_64-linux-gnu/libOgrePaging.so;debug;/usr/lib/x86_64-linux-gnu/libOgrePaging.so
[6.914s] -- Looking for OGRE_Terrain...
[6.967s] -- Found OGRE_Terrain: optimized;/usr/lib/x86_64-linux-gnu/libOgreTerrain.so;debug;/usr/lib/x86_64-linux-gnu/libOgreTerrain.so
[6.967s] -- Looking for OGRE_Property...
[7.014s] -- Found OGRE_Property: optimized;/usr/lib/x86_64-linux-gnu/libOgreProperty.so;debug;/usr/lib/x86_64-linux-gnu/libOgreProperty.so
[7.014s] -- Looking for OGRE_RTShaderSystem...
[7.069s] -- Found OGRE_RTShaderSystem: optimized;/usr/lib/x86_64-linux-gnu/libOgreRTShaderSystem.so;debug;/usr/lib/x86_64-linux-gnu/libOgreRTShaderSystem.so
[7.070s] -- Looking for OGRE_Volume...
[7.123s] -- Found OGRE_Volume: optimized;/usr/lib/x86_64-linux-gnu/libOgreVolume.so;debug;/usr/lib/x86_64-linux-gnu/libOgreVolume.so
[7.123s] -- Looking for OGRE_Overlay...
[7.182s] -- Found OGRE_Overlay: optimized;/usr/lib/x86_64-linux-gnu/libOgreOverlay.so;debug;/usr/lib/x86_64-linux-gnu/libOgreOverlay.so
[8.407s] -- Looking for ignition-math6 -- found version 6.15.1
[8.443s] -- Looking for ignition-transport8 -- found version 8.2.1
[8.444s] -- Searching for dependencies of ignition-transport8
[8.530s] -- Found Protobuf: /usr/lib/x86_64-linux-gnu/libprotobuf.so (found suitable version "3.12.4", minimum required is "3") 
[8.593s] -- Config-file not installed for ZeroMQ -- checking for pkg-config
[8.612s] -- Checking for module 'libzmq >= 4'
[8.692s] --   Found libzmq , version 4.3.4
[8.868s] -- Found ZeroMQ: TRUE (Required is at least version "4") 
[8.893s] -- Checking for module 'uuid'
[8.971s] --   Found uuid, version 2.37.2
[9.135s] -- Found UUID: TRUE  
[9.168s] -- Looking for ignition-msgs5 -- found version 5.8.1
[9.169s] -- Searching for dependencies of ignition-msgs5
[9.255s] -- Looking for ignition-math6 -- found version 6.15.1
[9.277s] -- Checking for module 'tinyxml2'
[9.358s] --   Found tinyxml2, version 9.0.0
[9.529s] -- Looking for ignition-msgs5 -- found version 5.8.1
[9.562s] -- Looking for ignition-common3 -- found version 3.14.0
[9.564s] -- Searching for dependencies of ignition-common3
[9.569s] -- Looking for dlfcn.h - found
[9.576s] -- Looking for libdl - found
[9.581s] -- Found DL: TRUE  
[9.651s] -- Found tinyobjloader: /usr/lib/x86_64-linux-gnu/cmake/tinyobjloader/tinyobjloader-config.cmake (found version "2.0.0") 
[9.652s] -- Searching for <ignition-common3> component [graphics]
[9.682s] -- Looking for ignition-common3-graphics -- found version 3.14.0
[9.683s] -- Searching for dependencies of ignition-common3-graphics
[9.684s] -- Looking for ignition-math6 -- found version 6.15.1
[9.720s] -- Looking for ignition-fuel_tools4 -- found version 4.4.0
[9.724s] -- Searching for dependencies of ignition-fuel_tools4
[10.124s] -- Found CURL: /usr/lib/x86_64-linux-gnu/libcurl.so (found version "7.81.0")  
[10.177s] -- Checking for module 'jsoncpp'
[10.253s] --   Found jsoncpp, version 1.9.5
[10.410s] -- Found JSONCPP: TRUE  
[10.433s] -- Checking for module 'libzip'
[10.522s] --   Found libzip, version 1.7.3
[10.684s] -- Found ZIP: TRUE  
[10.685s] -- Looking for ignition-common3 -- found version 3.14.0
[10.689s] -- Looking for ignition-math6 -- found version 6.15.1
[10.689s] -- Looking for ignition-msgs5 -- found version 5.8.1
[10.725s] -- Gazebo version: 11.10
[10.729s] -- Checking for module 'tbb'
[10.810s] --   Found tbb, version 2021.5.0
[11.010s] -- Found gazebo_ros_pkgs: 3.7.0 (/opt/ros/humble/share/gazebo_ros_pkgs/cmake)
[11.043s] -- Found ros2_control: 2.43.0 (/opt/ros/humble/share/ros2_control/cmake)
[11.079s] -- Found ros2_controllers: 2.37.2 (/opt/ros/humble/share/ros2_controllers/cmake)
[11.109s] -- Found trajectory_msgs: 4.2.4 (/opt/ros/humble/share/trajectory_msgs/cmake)
[11.258s] -- Found moveit: 2.5.5 (/home/ctaylor71023/ws_moveit/install/moveit/share/moveit/cmake)
[11.273s] -- Found moveit_core: 2.5.5 (/home/ctaylor71023/ws_moveit/install/moveit_core/share/moveit_core/cmake)
[11.362s] -- Found Boost: /usr/lib/x86_64-linux-gnu/cmake/Boost-1.74.0/BoostConfig.cmake (found version "1.74.0") found components: chrono date_time filesystem iostreams program_options regex serialization system thread 
[11.734s] -- Found parameter_traits: 0.3.8 (/opt/ros/humble/share/parameter_traits/cmake)
[11.849s] -- Found Eigen3: TRUE (found version "3.4.0") 
[11.884s] -- Found rclcpp_lifecycle: 16.0.10 (/opt/ros/humble/share/rclcpp_lifecycle/cmake)
[12.033s] -- Found Boost: /usr/lib/x86_64-linux-gnu/cmake/Boost-1.74.0/BoostConfig.cmake (found version "1.74.0") found components: filesystem 
[12.343s] -- library: /usr/lib/x86_64-linux-gnu/libcurl.so
[12.731s] -- Ensuring Eigen3 include directory is part of orocos-kdl CMake target
[14.413s] -- Found ament_lint_auto: 0.12.11 (/opt/ros/humble/share/ament_lint_auto/cmake)
[14.961s] -- Added test 'lint_cmake' to check CMake code style
[14.969s] -- Added test 'xmllint' to check XML markup files
[14.984s] -- Configuring done
[15.005s] -- Generating done
[15.016s] -- Build files have been written to: /home/ctaylor71023/ros2_ws/src/ctaylor319_capstone/build/robot_control
[15.065s] Invoked command in '/home/ctaylor71023/ros2_ws/src/ctaylor319_capstone/build/robot_control' returned '0': CMAKE_PREFIX_PATH=${CMAKE_PREFIX_PATH}:/home/ctaylor71023/ws_moveit/install/moveit_configs_utils:/home/ctaylor71023/ws_moveit/install/launch_param_builder:/home/ctaylor71023/turtlebot3_ws/install/py_subpub:/home/ctaylor71023/turtlebot3_ws/install/Crossfire_object_follower:/home/ctaylor71023/turtlebot3_ws/install/Crossfire_navigate_to_goal:/home/ctaylor71023/turtlebot3_ws/install/Crossfire_lab6:/home/ctaylor71023/turtlebot3_ws/install/Crossfire_lab5:/home/ctaylor71023/turtlebot3_ws/install/Crossfire_chase_object:/home/ctaylor71023/turtlebot3_ws/src/install/py_subpub:/home/ctaylor71023/turtlebot3_ws/src/install/Lab2:/home/ctaylor71023/turtlebot3_ws/src/install/Crossfire_object_follower:/home/ctaylor71023/turtlebot3_ws/src/install/Crossfire_navigate_to_goal:/home/ctaylor71023/turtlebot3_ws/src/install/Crossfire_lab6:/home/ctaylor71023/turtlebot3_ws/src/install/Crossfire_lab5:/home/ctaylor71023/turtlebot3_ws/src/install/Crossfire_chase_object:/opt/ros/humble /usr/bin/cmake /home/ctaylor71023/ros2_ws/src/ctaylor319_capstone/robot_control -DCMAKE_INSTALL_PREFIX=/home/ctaylor71023/ros2_ws/src/ctaylor319_capstone/install/robot_control
[15.073s] Invoking command in '/home/ctaylor71023/ros2_ws/src/ctaylor319_capstone/build/robot_control': CMAKE_PREFIX_PATH=${CMAKE_PREFIX_PATH}:/home/ctaylor71023/ws_moveit/install/moveit_configs_utils:/home/ctaylor71023/ws_moveit/install/launch_param_builder:/home/ctaylor71023/turtlebot3_ws/install/py_subpub:/home/ctaylor71023/turtlebot3_ws/install/Crossfire_object_follower:/home/ctaylor71023/turtlebot3_ws/install/Crossfire_navigate_to_goal:/home/ctaylor71023/turtlebot3_ws/install/Crossfire_lab6:/home/ctaylor71023/turtlebot3_ws/install/Crossfire_lab5:/home/ctaylor71023/turtlebot3_ws/install/Crossfire_chase_object:/home/ctaylor71023/turtlebot3_ws/src/install/py_subpub:/home/ctaylor71023/turtlebot3_ws/src/install/Lab2:/home/ctaylor71023/turtlebot3_ws/src/install/Crossfire_object_follower:/home/ctaylor71023/turtlebot3_ws/src/install/Crossfire_navigate_to_goal:/home/ctaylor71023/turtlebot3_ws/src/install/Crossfire_lab6:/home/ctaylor71023/turtlebot3_ws/src/install/Crossfire_lab5:/home/ctaylor71023/turtlebot3_ws/src/install/Crossfire_chase_object:/opt/ros/humble /usr/bin/cmake --build /home/ctaylor71023/ros2_ws/src/ctaylor319_capstone/build/robot_control -- -j8 -l8
[15.259s] Invoked command in '/home/ctaylor71023/ros2_ws/src/ctaylor319_capstone/build/robot_control' returned '0': CMAKE_PREFIX_PATH=${CMAKE_PREFIX_PATH}:/home/ctaylor71023/ws_moveit/install/moveit_configs_utils:/home/ctaylor71023/ws_moveit/install/launch_param_builder:/home/ctaylor71023/turtlebot3_ws/install/py_subpub:/home/ctaylor71023/turtlebot3_ws/install/Crossfire_object_follower:/home/ctaylor71023/turtlebot3_ws/install/Crossfire_navigate_to_goal:/home/ctaylor71023/turtlebot3_ws/install/Crossfire_lab6:/home/ctaylor71023/turtlebot3_ws/install/Crossfire_lab5:/home/ctaylor71023/turtlebot3_ws/install/Crossfire_chase_object:/home/ctaylor71023/turtlebot3_ws/src/install/py_subpub:/home/ctaylor71023/turtlebot3_ws/src/install/Lab2:/home/ctaylor71023/turtlebot3_ws/src/install/Crossfire_object_follower:/home/ctaylor71023/turtlebot3_ws/src/install/Crossfire_navigate_to_goal:/home/ctaylor71023/turtlebot3_ws/src/install/Crossfire_lab6:/home/ctaylor71023/turtlebot3_ws/src/install/Crossfire_lab5:/home/ctaylor71023/turtlebot3_ws/src/install/Crossfire_chase_object:/opt/ros/humble /usr/bin/cmake --build /home/ctaylor71023/ros2_ws/src/ctaylor319_capstone/build/robot_control -- -j8 -l8
[15.418s] Invoking command in '/home/ctaylor71023/ros2_ws/src/ctaylor319_capstone/build/robot_control': CMAKE_PREFIX_PATH=${CMAKE_PREFIX_PATH}:/home/ctaylor71023/ws_moveit/install/moveit_configs_utils:/home/ctaylor71023/ws_moveit/install/launch_param_builder:/home/ctaylor71023/turtlebot3_ws/install/py_subpub:/home/ctaylor71023/turtlebot3_ws/install/Crossfire_object_follower:/home/ctaylor71023/turtlebot3_ws/install/Crossfire_navigate_to_goal:/home/ctaylor71023/turtlebot3_ws/install/Crossfire_lab6:/home/ctaylor71023/turtlebot3_ws/install/Crossfire_lab5:/home/ctaylor71023/turtlebot3_ws/install/Crossfire_chase_object:/home/ctaylor71023/turtlebot3_ws/src/install/py_subpub:/home/ctaylor71023/turtlebot3_ws/src/install/Lab2:/home/ctaylor71023/turtlebot3_ws/src/install/Crossfire_object_follower:/home/ctaylor71023/turtlebot3_ws/src/install/Crossfire_navigate_to_goal:/home/ctaylor71023/turtlebot3_ws/src/install/Crossfire_lab6:/home/ctaylor71023/turtlebot3_ws/src/install/Crossfire_lab5:/home/ctaylor71023/turtlebot3_ws/src/install/Crossfire_chase_object:/opt/ros/humble /usr/bin/cmake --install /home/ctaylor71023/ros2_ws/src/ctaylor319_capstone/build/robot_control
[15.452s] -- Install configuration: ""
[15.453s] -- Installing: /home/ctaylor71023/ros2_ws/src/ctaylor319_capstone/install/robot_control/share/ament_index/resource_index/package_run_dependencies/robot_control
[15.454s] -- Installing: /home/ctaylor71023/ros2_ws/src/ctaylor319_capstone/install/robot_control/share/ament_index/resource_index/parent_prefix_path/robot_control
[15.454s] -- Installing: /home/ctaylor71023/ros2_ws/src/ctaylor319_capstone/install/robot_control/share/robot_control/environment/ament_prefix_path.sh
[15.455s] -- Installing: /home/ctaylor71023/ros2_ws/src/ctaylor319_capstone/install/robot_control/share/robot_control/environment/ament_prefix_path.dsv
[15.455s] -- Installing: /home/ctaylor71023/ros2_ws/src/ctaylor319_capstone/install/robot_control/share/robot_control/environment/path.sh
[15.456s] -- Installing: /home/ctaylor71023/ros2_ws/src/ctaylor319_capstone/install/robot_control/share/robot_control/environment/path.dsv
[15.456s] -- Installing: /home/ctaylor71023/ros2_ws/src/ctaylor319_capstone/install/robot_control/share/robot_control/local_setup.bash
[15.456s] -- Installing: /home/ctaylor71023/ros2_ws/src/ctaylor319_capstone/install/robot_control/share/robot_control/local_setup.sh
[15.457s] -- Installing: /home/ctaylor71023/ros2_ws/src/ctaylor319_capstone/install/robot_control/share/robot_control/local_setup.zsh
[15.457s] -- Installing: /home/ctaylor71023/ros2_ws/src/ctaylor319_capstone/install/robot_control/share/robot_control/local_setup.dsv
[15.458s] -- Installing: /home/ctaylor71023/ros2_ws/src/ctaylor319_capstone/install/robot_control/share/robot_control/package.dsv
[15.458s] -- Installing: /home/ctaylor71023/ros2_ws/src/ctaylor319_capstone/install/robot_control/share/ament_index/resource_index/packages/robot_control
[15.459s] -- Installing: /home/ctaylor71023/ros2_ws/src/ctaylor319_capstone/install/robot_control/share/robot_control/cmake/robot_controlConfig.cmake
[15.459s] -- Installing: /home/ctaylor71023/ros2_ws/src/ctaylor319_capstone/install/robot_control/share/robot_control/cmake/robot_controlConfig-version.cmake
[15.460s] -- Installing: /home/ctaylor71023/ros2_ws/src/ctaylor319_capstone/install/robot_control/share/robot_control/package.xml
[15.465s] Invoked command in '/home/ctaylor71023/ros2_ws/src/ctaylor319_capstone/build/robot_control' returned '0': CMAKE_PREFIX_PATH=${CMAKE_PREFIX_PATH}:/home/ctaylor71023/ws_moveit/install/moveit_configs_utils:/home/ctaylor71023/ws_moveit/install/launch_param_builder:/home/ctaylor71023/turtlebot3_ws/install/py_subpub:/home/ctaylor71023/turtlebot3_ws/install/Crossfire_object_follower:/home/ctaylor71023/turtlebot3_ws/install/Crossfire_navigate_to_goal:/home/ctaylor71023/turtlebot3_ws/install/Crossfire_lab6:/home/ctaylor71023/turtlebot3_ws/install/Crossfire_lab5:/home/ctaylor71023/turtlebot3_ws/install/Crossfire_chase_object:/home/ctaylor71023/turtlebot3_ws/src/install/py_subpub:/home/ctaylor71023/turtlebot3_ws/src/install/Lab2:/home/ctaylor71023/turtlebot3_ws/src/install/Crossfire_object_follower:/home/ctaylor71023/turtlebot3_ws/src/install/Crossfire_navigate_to_goal:/home/ctaylor71023/turtlebot3_ws/src/install/Crossfire_lab6:/home/ctaylor71023/turtlebot3_ws/src/install/Crossfire_lab5:/home/ctaylor71023/turtlebot3_ws/src/install/Crossfire_chase_object:/opt/ros/humble /usr/bin/cmake --install /home/ctaylor71023/ros2_ws/src/ctaylor319_capstone/build/robot_control
