[0.091s] Invoking command in '/home/ctaylor71023/ros2_ws/src/ctaylor319_capstone/build/env_construction': CMAKE_PREFIX_PATH=${CMAKE_PREFIX_PATH}:/home/ctaylor71023/ws_moveit/install/moveit_configs_utils:/home/ctaylor71023/ws_moveit/install/launch_param_builder:/home/ctaylor71023/turtlebot3_ws/install/py_subpub:/home/ctaylor71023/turtlebot3_ws/install/Crossfire_object_follower:/home/ctaylor71023/turtlebot3_ws/install/Crossfire_navigate_to_goal:/home/ctaylor71023/turtlebot3_ws/install/Crossfire_lab6:/home/ctaylor71023/turtlebot3_ws/install/Crossfire_lab5:/home/ctaylor71023/turtlebot3_ws/install/Crossfire_chase_object:/home/ctaylor71023/turtlebot3_ws/src/install/py_subpub:/home/ctaylor71023/turtlebot3_ws/src/install/Lab2:/home/ctaylor71023/turtlebot3_ws/src/install/Crossfire_object_follower:/home/ctaylor71023/turtlebot3_ws/src/install/Crossfire_navigate_to_goal:/home/ctaylor71023/turtlebot3_ws/src/install/Crossfire_lab6:/home/ctaylor71023/turtlebot3_ws/src/install/Crossfire_lab5:/home/ctaylor71023/turtlebot3_ws/src/install/Crossfire_chase_object:/opt/ros/humble /usr/bin/cmake --build /home/ctaylor71023/ros2_ws/src/ctaylor319_capstone/build/env_construction -- -j8 -l8
[0.198s] -- Found ament_cmake: 1.3.10 (/opt/ros/humble/share/ament_cmake/cmake)
[0.610s] -- Found rclcpp: 16.0.10 (/opt/ros/humble/share/rclcpp/cmake)
[0.686s] -- Found rosidl_generator_c: 3.1.5 (/opt/ros/humble/share/rosidl_generator_c/cmake)
[0.690s] -- Found rosidl_adapter: 3.1.5 (/opt/ros/humble/share/rosidl_adapter/cmake)
[0.705s] -- Found rosidl_generator_cpp: 3.1.5 (/opt/ros/humble/share/rosidl_generator_cpp/cmake)
[0.736s] -- Using all available rosidl_typesupport_c: rosidl_typesupport_fastrtps_c;rosidl_typesupport_introspection_c
[0.778s] -- Using all available rosidl_typesupport_cpp: rosidl_typesupport_fastrtps_cpp;rosidl_typesupport_introspection_cpp
[0.863s] -- Found rmw_implementation_cmake: 6.1.2 (/opt/ros/humble/share/rmw_implementation_cmake/cmake)
[0.875s] -- Found rmw_fastrtps_cpp: 6.2.7 (/opt/ros/humble/share/rmw_fastrtps_cpp/cmake)
[1.195s] -- Using RMW implementation 'rmw_fastrtps_cpp' as default
[1.303s] -- Found gazebo_ros: 3.7.0 (/opt/ros/humble/share/gazebo_ros/cmake)
[1.388s] -- Found DART: /usr/include (Required is at least version "6.6") found components: dart 
[1.430s] -- Found Boost: /usr/lib/x86_64-linux-gnu/cmake/Boost-1.74.0/BoostConfig.cmake (found suitable version "1.74.0", minimum required is "1.40.0") found components: thread system filesystem program_options regex iostreams date_time 
[1.455s] -- Found Protobuf: /usr/lib/x86_64-linux-gnu/libprotobuf.so (found version "3.12.4") 
[1.458s] -- Looking for ignition-math6 -- found version 6.15.1
[1.469s] -- Searching for dependencies of ignition-math6
[1.473s] -- Looking for OGRE...
[1.487s] -- Found Ogre Ghadamon (1.9.0)
[1.487s] -- Found OGRE: optimized;/usr/lib/x86_64-linux-gnu/libOgreMain.so;debug;/usr/lib/x86_64-linux-gnu/libOgreMain.so
[1.509s] -- Looking for OGRE_Paging...
[1.509s] -- Found OGRE_Paging: optimized;/usr/lib/x86_64-linux-gnu/libOgrePaging.so;debug;/usr/lib/x86_64-linux-gnu/libOgrePaging.so
[1.510s] -- Looking for OGRE_Terrain...
[1.510s] -- Found OGRE_Terrain: optimized;/usr/lib/x86_64-linux-gnu/libOgreTerrain.so;debug;/usr/lib/x86_64-linux-gnu/libOgreTerrain.so
[1.512s] -- Looking for OGRE_Property...
[1.513s] -- Found OGRE_Property: optimized;/usr/lib/x86_64-linux-gnu/libOgreProperty.so;debug;/usr/lib/x86_64-linux-gnu/libOgreProperty.so
[1.513s] -- Looking for OGRE_RTShaderSystem...
[1.513s] -- Found OGRE_RTShaderSystem: optimized;/usr/lib/x86_64-linux-gnu/libOgreRTShaderSystem.so;debug;/usr/lib/x86_64-linux-gnu/libOgreRTShaderSystem.so
[1.513s] -- Looking for OGRE_Volume...
[1.514s] -- Found OGRE_Volume: optimized;/usr/lib/x86_64-linux-gnu/libOgreVolume.so;debug;/usr/lib/x86_64-linux-gnu/libOgreVolume.so
[1.514s] -- Looking for OGRE_Overlay...
[1.514s] -- Found OGRE_Overlay: optimized;/usr/lib/x86_64-linux-gnu/libOgreOverlay.so;debug;/usr/lib/x86_64-linux-gnu/libOgreOverlay.so
[2.328s] -- Looking for ignition-math6 -- found version 6.15.1
[2.330s] -- Looking for ignition-transport8 -- found version 8.2.1
[2.333s] -- Searching for dependencies of ignition-transport8
[2.394s] -- Found Protobuf: /usr/lib/x86_64-linux-gnu/libprotobuf.so (found suitable version "3.12.4", minimum required is "3") 
[2.434s] -- Config-file not installed for ZeroMQ -- checking for pkg-config
[2.446s] -- Checking for module 'libzmq >= 4'
[2.497s] --   Found libzmq , version 4.3.4
[2.633s] -- Checking for module 'uuid'
[2.692s] --   Found uuid, version 2.37.2
[2.818s] -- Looking for ignition-msgs5 -- found version 5.8.1
[2.819s] -- Searching for dependencies of ignition-msgs5
[2.881s] -- Looking for ignition-math6 -- found version 6.15.1
[2.895s] -- Checking for module 'tinyxml2'
[2.948s] --   Found tinyxml2, version 9.0.0
[3.062s] -- Looking for ignition-msgs5 -- found version 5.8.1
[3.063s] -- Looking for ignition-common3 -- found version 3.14.0
[3.066s] -- Searching for dependencies of ignition-common3
[3.066s] -- Looking for dlfcn.h - found
[3.066s] -- Looking for libdl - found
[3.097s] -- Searching for <ignition-common3> component [graphics]
[3.099s] -- Looking for ignition-common3-graphics -- found version 3.14.0
[3.100s] -- Searching for dependencies of ignition-common3-graphics
[3.101s] -- Looking for ignition-math6 -- found version 6.15.1
[3.103s] -- Looking for ignition-fuel_tools4 -- found version 4.4.0
[3.104s] -- Searching for dependencies of ignition-fuel_tools4
[3.225s] -- Checking for module 'jsoncpp'
[3.276s] --   Found jsoncpp, version 1.9.5
[3.396s] -- Checking for module 'libzip'
[3.449s] --   Found libzip, version 1.7.3
[3.568s] -- Looking for ignition-common3 -- found version 3.14.0
[3.568s] -- Looking for ignition-math6 -- found version 6.15.1
[3.569s] -- Looking for ignition-msgs5 -- found version 5.8.1
[3.572s] -- Gazebo version: 11.10
[3.576s] -- Found gazebo_ros2_control: 0.4.9 (/opt/ros/humble/share/gazebo_ros2_control/cmake)
[4.010s] -- Found gazebo_ros_pkgs: 3.7.0 (/opt/ros/humble/share/gazebo_ros_pkgs/cmake)
[4.011s] -- Found ros2_control: 2.43.0 (/opt/ros/humble/share/ros2_control/cmake)
[4.011s] -- Found ros2_controllers: 2.37.2 (/opt/ros/humble/share/ros2_controllers/cmake)
[4.012s] -- Found mycobot_gazebo: 0.0.0 (/home/ctaylor71023/ros2_ws/install/mycobot_gazebo/share/mycobot_gazebo/cmake)
[4.013s] -- Found xacro: 2.0.8 (/opt/ros/humble/share/xacro/cmake)
[4.014s] -- Found moveit: 2.5.5 (/home/ctaylor71023/ws_moveit/install/moveit/share/moveit/cmake)
[4.014s] -- Found moveit_core: 2.5.5 (/home/ctaylor71023/ws_moveit/install/moveit_core/share/moveit_core/cmake)
[4.032s] -- Found Boost: /usr/lib/x86_64-linux-gnu/cmake/Boost-1.74.0/BoostConfig.cmake (found version "1.74.0") found components: chrono date_time filesystem iostreams program_options regex serialization system thread 
[4.114s] -- Found parameter_traits: 0.3.8 (/opt/ros/humble/share/parameter_traits/cmake)
[4.146s] -- Found Boost: /usr/lib/x86_64-linux-gnu/cmake/Boost-1.74.0/BoostConfig.cmake (found version "1.74.0") found components: filesystem 
[4.237s] -- library: /usr/lib/x86_64-linux-gnu/libcurl.so
[4.334s] -- Ensuring Eigen3 include directory is part of orocos-kdl CMake target
[4.695s] [31mCMake Error at /opt/ros/humble/share/ament_cmake_target_dependencies/cmake/ament_target_dependencies.cmake:77 (message):
[4.695s]   ament_target_dependencies() the passed package name
[4.695s]   'include/env_construction' was not found before
[4.695s] Call Stack (most recent call first):
[4.695s]   CMakeLists.txt:47 (ament_target_dependencies)
[4.696s] 
[4.696s] [0m
[4.696s] -- Configuring incomplete, errors occurred!
[4.696s] See also "/home/ctaylor71023/ros2_ws/src/ctaylor319_capstone/build/env_construction/CMakeFiles/CMakeOutput.log".
[4.730s] gmake: *** [Makefile:267: cmake_check_build_system] Error 1
[4.736s] Invoked command in '/home/ctaylor71023/ros2_ws/src/ctaylor319_capstone/build/env_construction' returned '2': CMAKE_PREFIX_PATH=${CMAKE_PREFIX_PATH}:/home/ctaylor71023/ws_moveit/install/moveit_configs_utils:/home/ctaylor71023/ws_moveit/install/launch_param_builder:/home/ctaylor71023/turtlebot3_ws/install/py_subpub:/home/ctaylor71023/turtlebot3_ws/install/Crossfire_object_follower:/home/ctaylor71023/turtlebot3_ws/install/Crossfire_navigate_to_goal:/home/ctaylor71023/turtlebot3_ws/install/Crossfire_lab6:/home/ctaylor71023/turtlebot3_ws/install/Crossfire_lab5:/home/ctaylor71023/turtlebot3_ws/install/Crossfire_chase_object:/home/ctaylor71023/turtlebot3_ws/src/install/py_subpub:/home/ctaylor71023/turtlebot3_ws/src/install/Lab2:/home/ctaylor71023/turtlebot3_ws/src/install/Crossfire_object_follower:/home/ctaylor71023/turtlebot3_ws/src/install/Crossfire_navigate_to_goal:/home/ctaylor71023/turtlebot3_ws/src/install/Crossfire_lab6:/home/ctaylor71023/turtlebot3_ws/src/install/Crossfire_lab5:/home/ctaylor71023/turtlebot3_ws/src/install/Crossfire_chase_object:/opt/ros/humble /usr/bin/cmake --build /home/ctaylor71023/ros2_ws/src/ctaylor319_capstone/build/env_construction -- -j8 -l8
