[0.100s] Invoking command in '/home/ctaylor71023/ros2_ws/src/ctaylor319_capstone/build/env_construction': CMAKE_PREFIX_PATH=${CMAKE_PREFIX_PATH}:/home/ctaylor71023/ws_moveit/install/moveit_configs_utils:/home/ctaylor71023/ws_moveit/install/launch_param_builder:/home/ctaylor71023/turtlebot3_ws/install/py_subpub:/home/ctaylor71023/turtlebot3_ws/install/Crossfire_object_follower:/home/ctaylor71023/turtlebot3_ws/install/Crossfire_navigate_to_goal:/home/ctaylor71023/turtlebot3_ws/install/Crossfire_lab6:/home/ctaylor71023/turtlebot3_ws/install/Crossfire_lab5:/home/ctaylor71023/turtlebot3_ws/install/Crossfire_chase_object:/home/ctaylor71023/turtlebot3_ws/src/install/py_subpub:/home/ctaylor71023/turtlebot3_ws/src/install/Lab2:/home/ctaylor71023/turtlebot3_ws/src/install/Crossfire_object_follower:/home/ctaylor71023/turtlebot3_ws/src/install/Crossfire_navigate_to_goal:/home/ctaylor71023/turtlebot3_ws/src/install/Crossfire_lab6:/home/ctaylor71023/turtlebot3_ws/src/install/Crossfire_lab5:/home/ctaylor71023/turtlebot3_ws/src/install/Crossfire_chase_object:/opt/ros/humble /usr/bin/cmake /home/ctaylor71023/ros2_ws/src/ctaylor319_capstone/env_construction -DCMAKE_INSTALL_PREFIX=/home/ctaylor71023/ros2_ws/src/ctaylor319_capstone/install/env_construction
[0.143s] -- Found ament_cmake: 1.3.10 (/opt/ros/humble/share/ament_cmake/cmake)
[0.429s] -- Override CMake install command with custom implementation using symlinks instead of copying resources
[0.484s] -- Found rclcpp: 16.0.10 (/opt/ros/humble/share/rclcpp/cmake)
[0.547s] -- Found rosidl_generator_c: 3.1.5 (/opt/ros/humble/share/rosidl_generator_c/cmake)
[0.554s] -- Found rosidl_adapter: 3.1.5 (/opt/ros/humble/share/rosidl_adapter/cmake)
[0.564s] -- Found rosidl_generator_cpp: 3.1.5 (/opt/ros/humble/share/rosidl_generator_cpp/cmake)
[0.594s] -- Using all available rosidl_typesupport_c: rosidl_typesupport_fastrtps_c;rosidl_typesupport_introspection_c
[0.629s] -- Using all available rosidl_typesupport_cpp: rosidl_typesupport_fastrtps_cpp;rosidl_typesupport_introspection_cpp
[0.707s] -- Found rmw_implementation_cmake: 6.1.2 (/opt/ros/humble/share/rmw_implementation_cmake/cmake)
[0.718s] -- Found rmw_fastrtps_cpp: 6.2.7 (/opt/ros/humble/share/rmw_fastrtps_cpp/cmake)
[1.001s] -- Using RMW implementation 'rmw_fastrtps_cpp' as default
[1.103s] -- Found gazebo_ros: 3.7.0 (/opt/ros/humble/share/gazebo_ros/cmake)
[1.173s] -- Found DART: /usr/include (Required is at least version "6.6") found components: dart 
[1.209s] -- Found Boost: /usr/lib/x86_64-linux-gnu/cmake/Boost-1.74.0/BoostConfig.cmake (found suitable version "1.74.0", minimum required is "1.40.0") found components: thread system filesystem program_options regex iostreams date_time 
[1.228s] -- Found Protobuf: /usr/lib/x86_64-linux-gnu/libprotobuf.so (found version "3.12.4") 
[1.232s] -- Looking for ignition-math6 -- found version 6.15.1
[1.242s] -- Searching for dependencies of ignition-math6
[1.245s] -- Looking for OGRE...
[1.256s] -- Found Ogre Ghadamon (1.9.0)
[1.260s] -- Found OGRE: optimized;/usr/lib/x86_64-linux-gnu/libOgreMain.so;debug;/usr/lib/x86_64-linux-gnu/libOgreMain.so
[1.275s] -- Looking for OGRE_Paging...
[1.275s] -- Found OGRE_Paging: optimized;/usr/lib/x86_64-linux-gnu/libOgrePaging.so;debug;/usr/lib/x86_64-linux-gnu/libOgrePaging.so
[1.275s] -- Looking for OGRE_Terrain...
[1.275s] -- Found OGRE_Terrain: optimized;/usr/lib/x86_64-linux-gnu/libOgreTerrain.so;debug;/usr/lib/x86_64-linux-gnu/libOgreTerrain.so
[1.275s] -- Looking for OGRE_Property...
[1.275s] -- Found OGRE_Property: optimized;/usr/lib/x86_64-linux-gnu/libOgreProperty.so;debug;/usr/lib/x86_64-linux-gnu/libOgreProperty.so
[1.276s] -- Looking for OGRE_RTShaderSystem...
[1.276s] -- Found OGRE_RTShaderSystem: optimized;/usr/lib/x86_64-linux-gnu/libOgreRTShaderSystem.so;debug;/usr/lib/x86_64-linux-gnu/libOgreRTShaderSystem.so
[1.278s] -- Looking for OGRE_Volume...
[1.278s] -- Found OGRE_Volume: optimized;/usr/lib/x86_64-linux-gnu/libOgreVolume.so;debug;/usr/lib/x86_64-linux-gnu/libOgreVolume.so
[1.278s] -- Looking for OGRE_Overlay...
[1.279s] -- Found OGRE_Overlay: optimized;/usr/lib/x86_64-linux-gnu/libOgreOverlay.so;debug;/usr/lib/x86_64-linux-gnu/libOgreOverlay.so
[2.029s] -- Looking for ignition-math6 -- found version 6.15.1
[2.031s] -- Looking for ignition-transport8 -- found version 8.2.1
[2.032s] -- Searching for dependencies of ignition-transport8
[2.077s] -- Found Protobuf: /usr/lib/x86_64-linux-gnu/libprotobuf.so (found suitable version "3.12.4", minimum required is "3") 
[2.117s] -- Config-file not installed for ZeroMQ -- checking for pkg-config
[2.128s] -- Checking for module 'libzmq >= 4'
[2.168s] --   Found libzmq , version 4.3.4
[2.279s] -- Checking for module 'uuid'
[2.321s] --   Found uuid, version 2.37.2
[2.411s] -- Looking for ignition-msgs5 -- found version 5.8.1
[2.414s] -- Searching for dependencies of ignition-msgs5
[2.467s] -- Looking for ignition-math6 -- found version 6.15.1
[2.481s] -- Checking for module 'tinyxml2'
[2.530s] --   Found tinyxml2, version 9.0.0
[2.623s] -- Looking for ignition-msgs5 -- found version 5.8.1
[2.624s] -- Looking for ignition-common3 -- found version 3.14.0
[2.625s] -- Searching for dependencies of ignition-common3
[2.626s] -- Looking for dlfcn.h - found
[2.626s] -- Looking for libdl - found
[2.657s] -- Searching for <ignition-common3> component [graphics]
[2.660s] -- Looking for ignition-common3-graphics -- found version 3.14.0
[2.661s] -- Searching for dependencies of ignition-common3-graphics
[2.661s] -- Looking for ignition-math6 -- found version 6.15.1
[2.663s] -- Looking for ignition-fuel_tools4 -- found version 4.4.0
[2.663s] -- Searching for dependencies of ignition-fuel_tools4
[2.786s] -- Checking for module 'jsoncpp'
[2.836s] --   Found jsoncpp, version 1.9.5
[2.941s] -- Checking for module 'libzip'
[2.985s] --   Found libzip, version 1.7.3
[3.080s] -- Looking for ignition-common3 -- found version 3.14.0
[3.082s] -- Looking for ignition-math6 -- found version 6.15.1
[3.084s] -- Looking for ignition-msgs5 -- found version 5.8.1
[3.086s] -- Gazebo version: 11.10
[3.090s] -- Found gazebo_ros2_control: 0.4.9 (/opt/ros/humble/share/gazebo_ros2_control/cmake)
[3.550s] -- Found gazebo_ros_pkgs: 3.7.0 (/opt/ros/humble/share/gazebo_ros_pkgs/cmake)
[3.550s] -- Found ros2_control: 2.43.0 (/opt/ros/humble/share/ros2_control/cmake)
[3.550s] -- Found ros2_controllers: 2.37.2 (/opt/ros/humble/share/ros2_controllers/cmake)
[3.554s] -- Found mycobot_gazebo: 0.0.0 (/home/ctaylor71023/ros2_ws/install/mycobot_gazebo/share/mycobot_gazebo/cmake)
[3.555s] -- Found xacro: 2.0.8 (/opt/ros/humble/share/xacro/cmake)
[3.555s] -- Found moveit: 2.5.5 (/home/ctaylor71023/ws_moveit/install/moveit/share/moveit/cmake)
[3.556s] -- Found moveit_core: 2.5.5 (/home/ctaylor71023/ws_moveit/install/moveit_core/share/moveit_core/cmake)
[3.564s] -- Found Boost: /usr/lib/x86_64-linux-gnu/cmake/Boost-1.74.0/BoostConfig.cmake (found version "1.74.0") found components: chrono date_time filesystem iostreams program_options regex serialization system thread 
[3.631s] -- Found parameter_traits: 0.3.8 (/opt/ros/humble/share/parameter_traits/cmake)
[3.659s] -- Found Boost: /usr/lib/x86_64-linux-gnu/cmake/Boost-1.74.0/BoostConfig.cmake (found version "1.74.0") found components: filesystem 
[3.780s] -- library: /usr/lib/x86_64-linux-gnu/libcurl.so
[3.966s] -- Ensuring Eigen3 include directory is part of orocos-kdl CMake target
[4.959s] -- Found ament_lint_auto: 0.12.11 (/opt/ros/humble/share/ament_lint_auto/cmake)
[5.300s] -- Added test 'cppcheck' to perform static code analysis on C / C++ code
[5.307s] -- Configured cppcheck include dirs: /home/ctaylor71023/ros2_ws/src/ctaylor319_capstone/env_construction/dependencies;/home/ctaylor71023/ros2_ws/src/ctaylor319_capstone/env_construction/include/env_construction
[5.307s] -- Configured cppcheck exclude dirs and/or files: 
[5.307s] -- Added test 'lint_cmake' to check CMake code style
[5.310s] -- Added test 'uncrustify' to check C / C++ code style
[5.311s] -- Configured uncrustify additional arguments: 
[5.315s] -- Added test 'xmllint' to check XML markup files
[5.317s] -- Configuring done
[5.610s] -- Generating done
[5.619s] -- Build files have been written to: /home/ctaylor71023/ros2_ws/src/ctaylor319_capstone/build/env_construction
[5.717s] Invoked command in '/home/ctaylor71023/ros2_ws/src/ctaylor319_capstone/build/env_construction' returned '0': CMAKE_PREFIX_PATH=${CMAKE_PREFIX_PATH}:/home/ctaylor71023/ws_moveit/install/moveit_configs_utils:/home/ctaylor71023/ws_moveit/install/launch_param_builder:/home/ctaylor71023/turtlebot3_ws/install/py_subpub:/home/ctaylor71023/turtlebot3_ws/install/Crossfire_object_follower:/home/ctaylor71023/turtlebot3_ws/install/Crossfire_navigate_to_goal:/home/ctaylor71023/turtlebot3_ws/install/Crossfire_lab6:/home/ctaylor71023/turtlebot3_ws/install/Crossfire_lab5:/home/ctaylor71023/turtlebot3_ws/install/Crossfire_chase_object:/home/ctaylor71023/turtlebot3_ws/src/install/py_subpub:/home/ctaylor71023/turtlebot3_ws/src/install/Lab2:/home/ctaylor71023/turtlebot3_ws/src/install/Crossfire_object_follower:/home/ctaylor71023/turtlebot3_ws/src/install/Crossfire_navigate_to_goal:/home/ctaylor71023/turtlebot3_ws/src/install/Crossfire_lab6:/home/ctaylor71023/turtlebot3_ws/src/install/Crossfire_lab5:/home/ctaylor71023/turtlebot3_ws/src/install/Crossfire_chase_object:/opt/ros/humble /usr/bin/cmake /home/ctaylor71023/ros2_ws/src/ctaylor319_capstone/env_construction -DCMAKE_INSTALL_PREFIX=/home/ctaylor71023/ros2_ws/src/ctaylor319_capstone/install/env_construction
[5.717s] Invoking command in '/home/ctaylor71023/ros2_ws/src/ctaylor319_capstone/build/env_construction': CMAKE_PREFIX_PATH=${CMAKE_PREFIX_PATH}:/home/ctaylor71023/ws_moveit/install/moveit_configs_utils:/home/ctaylor71023/ws_moveit/install/launch_param_builder:/home/ctaylor71023/turtlebot3_ws/install/py_subpub:/home/ctaylor71023/turtlebot3_ws/install/Crossfire_object_follower:/home/ctaylor71023/turtlebot3_ws/install/Crossfire_navigate_to_goal:/home/ctaylor71023/turtlebot3_ws/install/Crossfire_lab6:/home/ctaylor71023/turtlebot3_ws/install/Crossfire_lab5:/home/ctaylor71023/turtlebot3_ws/install/Crossfire_chase_object:/home/ctaylor71023/turtlebot3_ws/src/install/py_subpub:/home/ctaylor71023/turtlebot3_ws/src/install/Lab2:/home/ctaylor71023/turtlebot3_ws/src/install/Crossfire_object_follower:/home/ctaylor71023/turtlebot3_ws/src/install/Crossfire_navigate_to_goal:/home/ctaylor71023/turtlebot3_ws/src/install/Crossfire_lab6:/home/ctaylor71023/turtlebot3_ws/src/install/Crossfire_lab5:/home/ctaylor71023/turtlebot3_ws/src/install/Crossfire_chase_object:/opt/ros/humble /usr/bin/cmake --build /home/ctaylor71023/ros2_ws/src/ctaylor319_capstone/build/env_construction -- -j8 -l8
[6.011s] [35m[1mConsolidate compiler generated dependencies of target raw_env_data_collect[0m
[6.174s] [100%] Built target raw_env_data_collect
[6.235s] Invoked command in '/home/ctaylor71023/ros2_ws/src/ctaylor319_capstone/build/env_construction' returned '0': CMAKE_PREFIX_PATH=${CMAKE_PREFIX_PATH}:/home/ctaylor71023/ws_moveit/install/moveit_configs_utils:/home/ctaylor71023/ws_moveit/install/launch_param_builder:/home/ctaylor71023/turtlebot3_ws/install/py_subpub:/home/ctaylor71023/turtlebot3_ws/install/Crossfire_object_follower:/home/ctaylor71023/turtlebot3_ws/install/Crossfire_navigate_to_goal:/home/ctaylor71023/turtlebot3_ws/install/Crossfire_lab6:/home/ctaylor71023/turtlebot3_ws/install/Crossfire_lab5:/home/ctaylor71023/turtlebot3_ws/install/Crossfire_chase_object:/home/ctaylor71023/turtlebot3_ws/src/install/py_subpub:/home/ctaylor71023/turtlebot3_ws/src/install/Lab2:/home/ctaylor71023/turtlebot3_ws/src/install/Crossfire_object_follower:/home/ctaylor71023/turtlebot3_ws/src/install/Crossfire_navigate_to_goal:/home/ctaylor71023/turtlebot3_ws/src/install/Crossfire_lab6:/home/ctaylor71023/turtlebot3_ws/src/install/Crossfire_lab5:/home/ctaylor71023/turtlebot3_ws/src/install/Crossfire_chase_object:/opt/ros/humble /usr/bin/cmake --build /home/ctaylor71023/ros2_ws/src/ctaylor319_capstone/build/env_construction -- -j8 -l8
[6.435s] Invoking command in '/home/ctaylor71023/ros2_ws/src/ctaylor319_capstone/build/env_construction': CMAKE_PREFIX_PATH=${CMAKE_PREFIX_PATH}:/home/ctaylor71023/ws_moveit/install/moveit_configs_utils:/home/ctaylor71023/ws_moveit/install/launch_param_builder:/home/ctaylor71023/turtlebot3_ws/install/py_subpub:/home/ctaylor71023/turtlebot3_ws/install/Crossfire_object_follower:/home/ctaylor71023/turtlebot3_ws/install/Crossfire_navigate_to_goal:/home/ctaylor71023/turtlebot3_ws/install/Crossfire_lab6:/home/ctaylor71023/turtlebot3_ws/install/Crossfire_lab5:/home/ctaylor71023/turtlebot3_ws/install/Crossfire_chase_object:/home/ctaylor71023/turtlebot3_ws/src/install/py_subpub:/home/ctaylor71023/turtlebot3_ws/src/install/Lab2:/home/ctaylor71023/turtlebot3_ws/src/install/Crossfire_object_follower:/home/ctaylor71023/turtlebot3_ws/src/install/Crossfire_navigate_to_goal:/home/ctaylor71023/turtlebot3_ws/src/install/Crossfire_lab6:/home/ctaylor71023/turtlebot3_ws/src/install/Crossfire_lab5:/home/ctaylor71023/turtlebot3_ws/src/install/Crossfire_chase_object:/opt/ros/humble /usr/bin/cmake --install /home/ctaylor71023/ros2_ws/src/ctaylor319_capstone/build/env_construction
[6.480s] -- Install configuration: ""
[6.481s] -- Execute custom install script
[6.486s] -- Up-to-date symlink: /home/ctaylor71023/ros2_ws/src/ctaylor319_capstone/install/env_construction/share/ament_index/resource_index/package_run_dependencies/env_construction
[6.486s] -- Up-to-date symlink: /home/ctaylor71023/ros2_ws/src/ctaylor319_capstone/install/env_construction/share/ament_index/resource_index/parent_prefix_path/env_construction
[6.486s] -- Up-to-date symlink: /home/ctaylor71023/ros2_ws/src/ctaylor319_capstone/install/env_construction/share/env_construction/environment/ament_prefix_path.sh
[6.487s] -- Up-to-date symlink: /home/ctaylor71023/ros2_ws/src/ctaylor319_capstone/install/env_construction/share/env_construction/environment/ament_prefix_path.dsv
[6.487s] -- Up-to-date symlink: /home/ctaylor71023/ros2_ws/src/ctaylor319_capstone/install/env_construction/share/env_construction/environment/path.sh
[6.487s] -- Up-to-date symlink: /home/ctaylor71023/ros2_ws/src/ctaylor319_capstone/install/env_construction/share/env_construction/environment/path.dsv
[6.488s] -- Up-to-date symlink: /home/ctaylor71023/ros2_ws/src/ctaylor319_capstone/install/env_construction/share/env_construction/local_setup.bash
[6.488s] -- Up-to-date symlink: /home/ctaylor71023/ros2_ws/src/ctaylor319_capstone/install/env_construction/share/env_construction/local_setup.sh
[6.488s] -- Up-to-date symlink: /home/ctaylor71023/ros2_ws/src/ctaylor319_capstone/install/env_construction/share/env_construction/local_setup.zsh
[6.489s] -- Up-to-date symlink: /home/ctaylor71023/ros2_ws/src/ctaylor319_capstone/install/env_construction/share/env_construction/local_setup.dsv
[6.491s] -- Symlinking: /home/ctaylor71023/ros2_ws/src/ctaylor319_capstone/install/env_construction/share/env_construction/package.dsv
[6.536s] -- Up-to-date symlink: /home/ctaylor71023/ros2_ws/src/ctaylor319_capstone/install/env_construction/share/ament_index/resource_index/packages/env_construction
[6.536s] -- Up-to-date symlink: /home/ctaylor71023/ros2_ws/src/ctaylor319_capstone/install/env_construction/share/env_construction/cmake/env_constructionConfig.cmake
[6.537s] -- Up-to-date symlink: /home/ctaylor71023/ros2_ws/src/ctaylor319_capstone/install/env_construction/share/env_construction/cmake/env_constructionConfig-version.cmake
[6.538s] -- Up-to-date symlink: /home/ctaylor71023/ros2_ws/src/ctaylor319_capstone/install/env_construction/share/env_construction/package.xml
[6.548s] Invoked command in '/home/ctaylor71023/ros2_ws/src/ctaylor319_capstone/build/env_construction' returned '0': CMAKE_PREFIX_PATH=${CMAKE_PREFIX_PATH}:/home/ctaylor71023/ws_moveit/install/moveit_configs_utils:/home/ctaylor71023/ws_moveit/install/launch_param_builder:/home/ctaylor71023/turtlebot3_ws/install/py_subpub:/home/ctaylor71023/turtlebot3_ws/install/Crossfire_object_follower:/home/ctaylor71023/turtlebot3_ws/install/Crossfire_navigate_to_goal:/home/ctaylor71023/turtlebot3_ws/install/Crossfire_lab6:/home/ctaylor71023/turtlebot3_ws/install/Crossfire_lab5:/home/ctaylor71023/turtlebot3_ws/install/Crossfire_chase_object:/home/ctaylor71023/turtlebot3_ws/src/install/py_subpub:/home/ctaylor71023/turtlebot3_ws/src/install/Lab2:/home/ctaylor71023/turtlebot3_ws/src/install/Crossfire_object_follower:/home/ctaylor71023/turtlebot3_ws/src/install/Crossfire_navigate_to_goal:/home/ctaylor71023/turtlebot3_ws/src/install/Crossfire_lab6:/home/ctaylor71023/turtlebot3_ws/src/install/Crossfire_lab5:/home/ctaylor71023/turtlebot3_ws/src/install/Crossfire_chase_object:/opt/ros/humble /usr/bin/cmake --install /home/ctaylor71023/ros2_ws/src/ctaylor319_capstone/build/env_construction
