[0.128s] DEBUG:colcon:Command line arguments: ['/usr/bin/colcon', 'build']
[0.128s] DEBUG:colcon:Parsed command line arguments: Namespace(log_base=None, log_level=None, verb_name='build', build_base='build', install_base='install', merge_install=False, symlink_install=False, test_result_base=None, continue_on_error=False, executor='parallel', parallel_workers=8, event_handlers=None, ignore_user_meta=False, metas=['./colcon.meta'], base_paths=['.'], packages_ignore=None, packages_ignore_regex=None, paths=None, packages_up_to=None, packages_up_to_regex=None, packages_above=None, packages_above_and_dependencies=None, packages_above_depth=None, packages_select_by_dep=None, packages_skip_by_dep=None, packages_skip_up_to=None, packages_select_build_failed=False, packages_skip_build_finished=False, packages_select_test_failures=False, packages_skip_test_passed=False, packages_select=None, packages_skip=None, packages_select_regex=None, packages_skip_regex=None, packages_start=None, packages_end=None, allow_overriding=[], cmake_args=None, cmake_target=None, cmake_target_skip_unavailable=False, cmake_clean_cache=False, cmake_clean_first=False, cmake_force_configure=False, ament_cmake_args=None, catkin_cmake_args=None, catkin_skip_building_tests=False, mixin_files=None, mixin=None, verb_parser=<colcon_mixin.mixin.mixin_argument.MixinArgumentDecorator object at 0x7530a5c4a770>, verb_extension=<colcon_core.verb.build.BuildVerb object at 0x7530a5c4a0b0>, main=<bound method BuildVerb.main of <colcon_core.verb.build.BuildVerb object at 0x7530a5c4a0b0>>, mixin_verb=('build',))
[0.339s] Level 1:colcon.colcon_core.package_discovery:discover_packages(colcon_meta) check parameters
[0.339s] Level 1:colcon.colcon_core.package_discovery:discover_packages(recursive) check parameters
[0.339s] Level 1:colcon.colcon_core.package_discovery:discover_packages(ignore) check parameters
[0.339s] Level 1:colcon.colcon_core.package_discovery:discover_packages(path) check parameters
[0.339s] Level 1:colcon.colcon_core.package_discovery:discover_packages(colcon_meta) discover
[0.339s] Level 1:colcon.colcon_core.package_discovery:discover_packages(recursive) discover
[0.340s] INFO:colcon.colcon_core.package_discovery:Crawling recursively for packages in '/home/ctaylor71023/ros2_ws/src/ctaylor319_capstone'
[0.340s] Level 1:colcon.colcon_core.package_identification:_identify(.) by extensions ['ignore', 'ignore_ament_install']
[0.340s] Level 1:colcon.colcon_core.package_identification:_identify(.) by extension 'ignore'
[0.340s] Level 1:colcon.colcon_core.package_identification:_identify(.) by extension 'ignore_ament_install'
[0.340s] Level 1:colcon.colcon_core.package_identification:_identify(.) by extensions ['colcon_pkg']
[0.340s] Level 1:colcon.colcon_core.package_identification:_identify(.) by extension 'colcon_pkg'
[0.340s] Level 1:colcon.colcon_core.package_identification:_identify(.) by extensions ['colcon_meta']
[0.340s] Level 1:colcon.colcon_core.package_identification:_identify(.) by extension 'colcon_meta'
[0.340s] Level 1:colcon.colcon_core.package_identification:_identify(.) by extensions ['ros']
[0.340s] Level 1:colcon.colcon_core.package_identification:_identify(.) by extension 'ros'
[0.352s] Level 1:colcon.colcon_core.package_identification:_identify(.) by extensions ['cmake', 'python']
[0.352s] Level 1:colcon.colcon_core.package_identification:_identify(.) by extension 'cmake'
[0.352s] Level 1:colcon.colcon_core.package_identification:_identify(.) by extension 'python'
[0.352s] Level 1:colcon.colcon_core.package_identification:_identify(.) by extensions ['python_setup_py']
[0.352s] Level 1:colcon.colcon_core.package_identification:_identify(.) by extension 'python_setup_py'
[0.352s] Level 1:colcon.colcon_core.package_identification:_identify(build) by extensions ['ignore', 'ignore_ament_install']
[0.352s] Level 1:colcon.colcon_core.package_identification:_identify(build) by extension 'ignore'
[0.352s] Level 1:colcon.colcon_core.package_identification:_identify(build) ignored
[0.352s] Level 1:colcon.colcon_core.package_identification:_identify(env_construction) by extensions ['ignore', 'ignore_ament_install']
[0.352s] Level 1:colcon.colcon_core.package_identification:_identify(env_construction) by extension 'ignore'
[0.352s] Level 1:colcon.colcon_core.package_identification:_identify(env_construction) by extension 'ignore_ament_install'
[0.353s] Level 1:colcon.colcon_core.package_identification:_identify(env_construction) by extensions ['colcon_pkg']
[0.353s] Level 1:colcon.colcon_core.package_identification:_identify(env_construction) by extension 'colcon_pkg'
[0.353s] Level 1:colcon.colcon_core.package_identification:_identify(env_construction) by extensions ['colcon_meta']
[0.353s] Level 1:colcon.colcon_core.package_identification:_identify(env_construction) by extension 'colcon_meta'
[0.353s] Level 1:colcon.colcon_core.package_identification:_identify(env_construction) by extensions ['ros']
[0.353s] Level 1:colcon.colcon_core.package_identification:_identify(env_construction) by extension 'ros'
[0.356s] DEBUG:colcon.colcon_core.package_identification:Package 'env_construction' with type 'ros.ament_cmake' and name 'env_construction'
[0.356s] Level 1:colcon.colcon_core.package_identification:_identify(install) by extensions ['ignore', 'ignore_ament_install']
[0.356s] Level 1:colcon.colcon_core.package_identification:_identify(install) by extension 'ignore'
[0.356s] Level 1:colcon.colcon_core.package_identification:_identify(install) ignored
[0.356s] Level 1:colcon.colcon_core.package_identification:_identify(log) by extensions ['ignore', 'ignore_ament_install']
[0.356s] Level 1:colcon.colcon_core.package_identification:_identify(log) by extension 'ignore'
[0.356s] Level 1:colcon.colcon_core.package_identification:_identify(log) ignored
[0.356s] Level 1:colcon.colcon_core.package_identification:_identify(motion_planning) by extensions ['ignore', 'ignore_ament_install']
[0.356s] Level 1:colcon.colcon_core.package_identification:_identify(motion_planning) by extension 'ignore'
[0.356s] Level 1:colcon.colcon_core.package_identification:_identify(motion_planning) by extension 'ignore_ament_install'
[0.356s] Level 1:colcon.colcon_core.package_identification:_identify(motion_planning) by extensions ['colcon_pkg']
[0.356s] Level 1:colcon.colcon_core.package_identification:_identify(motion_planning) by extension 'colcon_pkg'
[0.356s] Level 1:colcon.colcon_core.package_identification:_identify(motion_planning) by extensions ['colcon_meta']
[0.356s] Level 1:colcon.colcon_core.package_identification:_identify(motion_planning) by extension 'colcon_meta'
[0.357s] Level 1:colcon.colcon_core.package_identification:_identify(motion_planning) by extensions ['ros']
[0.357s] Level 1:colcon.colcon_core.package_identification:_identify(motion_planning) by extension 'ros'
[0.358s] DEBUG:colcon.colcon_core.package_identification:Package 'motion_planning' with type 'ros.ament_cmake' and name 'motion_planning'
[0.358s] Level 1:colcon.colcon_core.package_identification:_identify(robot_control) by extensions ['ignore', 'ignore_ament_install']
[0.358s] Level 1:colcon.colcon_core.package_identification:_identify(robot_control) by extension 'ignore'
[0.358s] Level 1:colcon.colcon_core.package_identification:_identify(robot_control) by extension 'ignore_ament_install'
[0.358s] Level 1:colcon.colcon_core.package_identification:_identify(robot_control) by extensions ['colcon_pkg']
[0.358s] Level 1:colcon.colcon_core.package_identification:_identify(robot_control) by extension 'colcon_pkg'
[0.358s] Level 1:colcon.colcon_core.package_identification:_identify(robot_control) by extensions ['colcon_meta']
[0.358s] Level 1:colcon.colcon_core.package_identification:_identify(robot_control) by extension 'colcon_meta'
[0.358s] Level 1:colcon.colcon_core.package_identification:_identify(robot_control) by extensions ['ros']
[0.358s] Level 1:colcon.colcon_core.package_identification:_identify(robot_control) by extension 'ros'
[0.362s] DEBUG:colcon.colcon_core.package_identification:Package 'robot_control' with type 'ros.ament_cmake' and name 'robot_control'
[0.362s] Level 1:colcon.colcon_core.package_discovery:discover_packages(recursive) using defaults
[0.362s] Level 1:colcon.colcon_core.package_discovery:discover_packages(ignore) discover
[0.362s] Level 1:colcon.colcon_core.package_discovery:discover_packages(ignore) using defaults
[0.362s] Level 1:colcon.colcon_core.package_discovery:discover_packages(path) discover
[0.362s] Level 1:colcon.colcon_core.package_discovery:discover_packages(path) using defaults
[0.395s] Level 1:colcon.colcon_core.package_discovery:discover_packages(prefix_path) check parameters
[0.395s] Level 1:colcon.colcon_core.package_discovery:discover_packages(prefix_path) discover
[0.401s] DEBUG:colcon.colcon_installed_package_information.package_discovery:Found 4 installed packages in /home/ctaylor71023/ros2_ws/install
[0.402s] DEBUG:colcon.colcon_installed_package_information.package_discovery:Found 55 installed packages in /home/ctaylor71023/ws_moveit/install
[0.403s] DEBUG:colcon.colcon_installed_package_information.package_discovery:Found 10 installed packages in /home/ctaylor71023/turtlebot3_ws/install
[0.404s] DEBUG:colcon.colcon_installed_package_information.package_discovery:Found 11 installed packages in /home/ctaylor71023/turtlebot3_ws/src/install
[0.406s] DEBUG:colcon.colcon_installed_package_information.package_discovery:Found 433 installed packages in /opt/ros/humble
[0.408s] Level 1:colcon.colcon_core.package_discovery:discover_packages(prefix_path) using defaults
[0.468s] Level 5:colcon.colcon_core.verb:set package 'env_construction' build argument 'cmake_args' from command line to 'None'
[0.468s] Level 5:colcon.colcon_core.verb:set package 'env_construction' build argument 'cmake_target' from command line to 'None'
[0.468s] Level 5:colcon.colcon_core.verb:set package 'env_construction' build argument 'cmake_target_skip_unavailable' from command line to 'False'
[0.468s] Level 5:colcon.colcon_core.verb:set package 'env_construction' build argument 'cmake_clean_cache' from command line to 'False'
[0.468s] Level 5:colcon.colcon_core.verb:set package 'env_construction' build argument 'cmake_clean_first' from command line to 'False'
[0.468s] Level 5:colcon.colcon_core.verb:set package 'env_construction' build argument 'cmake_force_configure' from command line to 'False'
[0.468s] Level 5:colcon.colcon_core.verb:set package 'env_construction' build argument 'ament_cmake_args' from command line to 'None'
[0.468s] Level 5:colcon.colcon_core.verb:set package 'env_construction' build argument 'catkin_cmake_args' from command line to 'None'
[0.468s] Level 5:colcon.colcon_core.verb:set package 'env_construction' build argument 'catkin_skip_building_tests' from command line to 'False'
[0.468s] DEBUG:colcon.colcon_core.verb:Building package 'env_construction' with the following arguments: {'ament_cmake_args': None, 'build_base': '/home/ctaylor71023/ros2_ws/src/ctaylor319_capstone/build/env_construction', 'catkin_cmake_args': None, 'catkin_skip_building_tests': False, 'cmake_args': None, 'cmake_clean_cache': False, 'cmake_clean_first': False, 'cmake_force_configure': False, 'cmake_target': None, 'cmake_target_skip_unavailable': False, 'install_base': '/home/ctaylor71023/ros2_ws/src/ctaylor319_capstone/install/env_construction', 'merge_install': False, 'path': '/home/ctaylor71023/ros2_ws/src/ctaylor319_capstone/env_construction', 'symlink_install': False, 'test_result_base': None}
[0.469s] Level 5:colcon.colcon_core.verb:set package 'motion_planning' build argument 'cmake_args' from command line to 'None'
[0.469s] Level 5:colcon.colcon_core.verb:set package 'motion_planning' build argument 'cmake_target' from command line to 'None'
[0.469s] Level 5:colcon.colcon_core.verb:set package 'motion_planning' build argument 'cmake_target_skip_unavailable' from command line to 'False'
[0.469s] Level 5:colcon.colcon_core.verb:set package 'motion_planning' build argument 'cmake_clean_cache' from command line to 'False'
[0.469s] Level 5:colcon.colcon_core.verb:set package 'motion_planning' build argument 'cmake_clean_first' from command line to 'False'
[0.469s] Level 5:colcon.colcon_core.verb:set package 'motion_planning' build argument 'cmake_force_configure' from command line to 'False'
[0.469s] Level 5:colcon.colcon_core.verb:set package 'motion_planning' build argument 'ament_cmake_args' from command line to 'None'
[0.469s] Level 5:colcon.colcon_core.verb:set package 'motion_planning' build argument 'catkin_cmake_args' from command line to 'None'
[0.469s] Level 5:colcon.colcon_core.verb:set package 'motion_planning' build argument 'catkin_skip_building_tests' from command line to 'False'
[0.469s] DEBUG:colcon.colcon_core.verb:Building package 'motion_planning' with the following arguments: {'ament_cmake_args': None, 'build_base': '/home/ctaylor71023/ros2_ws/src/ctaylor319_capstone/build/motion_planning', 'catkin_cmake_args': None, 'catkin_skip_building_tests': False, 'cmake_args': None, 'cmake_clean_cache': False, 'cmake_clean_first': False, 'cmake_force_configure': False, 'cmake_target': None, 'cmake_target_skip_unavailable': False, 'install_base': '/home/ctaylor71023/ros2_ws/src/ctaylor319_capstone/install/motion_planning', 'merge_install': False, 'path': '/home/ctaylor71023/ros2_ws/src/ctaylor319_capstone/motion_planning', 'symlink_install': False, 'test_result_base': None}
[0.469s] Level 5:colcon.colcon_core.verb:set package 'robot_control' build argument 'cmake_args' from command line to 'None'
[0.469s] Level 5:colcon.colcon_core.verb:set package 'robot_control' build argument 'cmake_target' from command line to 'None'
[0.469s] Level 5:colcon.colcon_core.verb:set package 'robot_control' build argument 'cmake_target_skip_unavailable' from command line to 'False'
[0.469s] Level 5:colcon.colcon_core.verb:set package 'robot_control' build argument 'cmake_clean_cache' from command line to 'False'
[0.469s] Level 5:colcon.colcon_core.verb:set package 'robot_control' build argument 'cmake_clean_first' from command line to 'False'
[0.469s] Level 5:colcon.colcon_core.verb:set package 'robot_control' build argument 'cmake_force_configure' from command line to 'False'
[0.469s] Level 5:colcon.colcon_core.verb:set package 'robot_control' build argument 'ament_cmake_args' from command line to 'None'
[0.469s] Level 5:colcon.colcon_core.verb:set package 'robot_control' build argument 'catkin_cmake_args' from command line to 'None'
[0.469s] Level 5:colcon.colcon_core.verb:set package 'robot_control' build argument 'catkin_skip_building_tests' from command line to 'False'
[0.469s] DEBUG:colcon.colcon_core.verb:Building package 'robot_control' with the following arguments: {'ament_cmake_args': None, 'build_base': '/home/ctaylor71023/ros2_ws/src/ctaylor319_capstone/build/robot_control', 'catkin_cmake_args': None, 'catkin_skip_building_tests': False, 'cmake_args': None, 'cmake_clean_cache': False, 'cmake_clean_first': False, 'cmake_force_configure': False, 'cmake_target': None, 'cmake_target_skip_unavailable': False, 'install_base': '/home/ctaylor71023/ros2_ws/src/ctaylor319_capstone/install/robot_control', 'merge_install': False, 'path': '/home/ctaylor71023/ros2_ws/src/ctaylor319_capstone/robot_control', 'symlink_install': False, 'test_result_base': None}
[0.470s] INFO:colcon.colcon_core.executor:Executing jobs using 'parallel' executor
[0.470s] DEBUG:colcon.colcon_parallel_executor.executor.parallel:run_until_complete
[0.471s] INFO:colcon.colcon_ros.task.ament_cmake.build:Building ROS package in '/home/ctaylor71023/ros2_ws/src/ctaylor319_capstone/env_construction' with build type 'ament_cmake'
[0.471s] INFO:colcon.colcon_cmake.task.cmake.build:Building CMake package in '/home/ctaylor71023/ros2_ws/src/ctaylor319_capstone/env_construction'
[0.474s] INFO:colcon.colcon_core.plugin_system:Skipping extension 'colcon_core.shell.bat': Not used on non-Windows systems
[0.474s] INFO:colcon.colcon_core.shell:Skip shell extension 'powershell' for command environment: Not usable outside of PowerShell
[0.474s] DEBUG:colcon.colcon_core.shell:Skip shell extension 'dsv' for command environment
[0.483s] INFO:colcon.colcon_ros.task.ament_cmake.build:Building ROS package in '/home/ctaylor71023/ros2_ws/src/ctaylor319_capstone/motion_planning' with build type 'ament_cmake'
[0.484s] INFO:colcon.colcon_cmake.task.cmake.build:Building CMake package in '/home/ctaylor71023/ros2_ws/src/ctaylor319_capstone/motion_planning'
[0.484s] INFO:colcon.colcon_core.shell:Skip shell extension 'powershell' for command environment: Not usable outside of PowerShell
[0.484s] DEBUG:colcon.colcon_core.shell:Skip shell extension 'dsv' for command environment
[0.493s] INFO:colcon.colcon_ros.task.ament_cmake.build:Building ROS package in '/home/ctaylor71023/ros2_ws/src/ctaylor319_capstone/robot_control' with build type 'ament_cmake'
[0.494s] INFO:colcon.colcon_cmake.task.cmake.build:Building CMake package in '/home/ctaylor71023/ros2_ws/src/ctaylor319_capstone/robot_control'
[0.494s] INFO:colcon.colcon_core.shell:Skip shell extension 'powershell' for command environment: Not usable outside of PowerShell
[0.494s] DEBUG:colcon.colcon_core.shell:Skip shell extension 'dsv' for command environment
[0.509s] DEBUG:colcon.colcon_core.event_handler.log_command:Invoking command in '/home/ctaylor71023/ros2_ws/src/ctaylor319_capstone/build/env_construction': CMAKE_PREFIX_PATH=${CMAKE_PREFIX_PATH}:/home/ctaylor71023/ws_moveit/install/moveit_configs_utils:/home/ctaylor71023/ws_moveit/install/launch_param_builder:/home/ctaylor71023/turtlebot3_ws/install/py_subpub:/home/ctaylor71023/turtlebot3_ws/install/Crossfire_object_follower:/home/ctaylor71023/turtlebot3_ws/install/Crossfire_navigate_to_goal:/home/ctaylor71023/turtlebot3_ws/install/Crossfire_lab6:/home/ctaylor71023/turtlebot3_ws/install/Crossfire_lab5:/home/ctaylor71023/turtlebot3_ws/install/Crossfire_chase_object:/home/ctaylor71023/turtlebot3_ws/src/install/py_subpub:/home/ctaylor71023/turtlebot3_ws/src/install/Lab2:/home/ctaylor71023/turtlebot3_ws/src/install/Crossfire_object_follower:/home/ctaylor71023/turtlebot3_ws/src/install/Crossfire_navigate_to_goal:/home/ctaylor71023/turtlebot3_ws/src/install/Crossfire_lab6:/home/ctaylor71023/turtlebot3_ws/src/install/Crossfire_lab5:/home/ctaylor71023/turtlebot3_ws/src/install/Crossfire_chase_object:/opt/ros/humble /usr/bin/cmake --build /home/ctaylor71023/ros2_ws/src/ctaylor319_capstone/build/env_construction -- -j8 -l8
[0.517s] DEBUG:colcon.colcon_core.event_handler.log_command:Invoking command in '/home/ctaylor71023/ros2_ws/src/ctaylor319_capstone/build/motion_planning': CMAKE_PREFIX_PATH=${CMAKE_PREFIX_PATH}:/home/ctaylor71023/ws_moveit/install/moveit_configs_utils:/home/ctaylor71023/ws_moveit/install/launch_param_builder:/home/ctaylor71023/turtlebot3_ws/install/py_subpub:/home/ctaylor71023/turtlebot3_ws/install/Crossfire_object_follower:/home/ctaylor71023/turtlebot3_ws/install/Crossfire_navigate_to_goal:/home/ctaylor71023/turtlebot3_ws/install/Crossfire_lab6:/home/ctaylor71023/turtlebot3_ws/install/Crossfire_lab5:/home/ctaylor71023/turtlebot3_ws/install/Crossfire_chase_object:/home/ctaylor71023/turtlebot3_ws/src/install/py_subpub:/home/ctaylor71023/turtlebot3_ws/src/install/Lab2:/home/ctaylor71023/turtlebot3_ws/src/install/Crossfire_object_follower:/home/ctaylor71023/turtlebot3_ws/src/install/Crossfire_navigate_to_goal:/home/ctaylor71023/turtlebot3_ws/src/install/Crossfire_lab6:/home/ctaylor71023/turtlebot3_ws/src/install/Crossfire_lab5:/home/ctaylor71023/turtlebot3_ws/src/install/Crossfire_chase_object:/opt/ros/humble /usr/bin/cmake --build /home/ctaylor71023/ros2_ws/src/ctaylor319_capstone/build/motion_planning -- -j8 -l8
[0.523s] DEBUG:colcon.colcon_core.event_handler.log_command:Invoking command in '/home/ctaylor71023/ros2_ws/src/ctaylor319_capstone/build/robot_control': CMAKE_PREFIX_PATH=${CMAKE_PREFIX_PATH}:/home/ctaylor71023/ws_moveit/install/moveit_configs_utils:/home/ctaylor71023/ws_moveit/install/launch_param_builder:/home/ctaylor71023/turtlebot3_ws/install/py_subpub:/home/ctaylor71023/turtlebot3_ws/install/Crossfire_object_follower:/home/ctaylor71023/turtlebot3_ws/install/Crossfire_navigate_to_goal:/home/ctaylor71023/turtlebot3_ws/install/Crossfire_lab6:/home/ctaylor71023/turtlebot3_ws/install/Crossfire_lab5:/home/ctaylor71023/turtlebot3_ws/install/Crossfire_chase_object:/home/ctaylor71023/turtlebot3_ws/src/install/py_subpub:/home/ctaylor71023/turtlebot3_ws/src/install/Lab2:/home/ctaylor71023/turtlebot3_ws/src/install/Crossfire_object_follower:/home/ctaylor71023/turtlebot3_ws/src/install/Crossfire_navigate_to_goal:/home/ctaylor71023/turtlebot3_ws/src/install/Crossfire_lab6:/home/ctaylor71023/turtlebot3_ws/src/install/Crossfire_lab5:/home/ctaylor71023/turtlebot3_ws/src/install/Crossfire_chase_object:/opt/ros/humble /usr/bin/cmake --build /home/ctaylor71023/ros2_ws/src/ctaylor319_capstone/build/robot_control -- -j8 -l8
[0.588s] DEBUG:colcon.colcon_core.event_handler.log_command:Invoked command in '/home/ctaylor71023/ros2_ws/src/ctaylor319_capstone/build/motion_planning' returned '0': CMAKE_PREFIX_PATH=${CMAKE_PREFIX_PATH}:/home/ctaylor71023/ws_moveit/install/moveit_configs_utils:/home/ctaylor71023/ws_moveit/install/launch_param_builder:/home/ctaylor71023/turtlebot3_ws/install/py_subpub:/home/ctaylor71023/turtlebot3_ws/install/Crossfire_object_follower:/home/ctaylor71023/turtlebot3_ws/install/Crossfire_navigate_to_goal:/home/ctaylor71023/turtlebot3_ws/install/Crossfire_lab6:/home/ctaylor71023/turtlebot3_ws/install/Crossfire_lab5:/home/ctaylor71023/turtlebot3_ws/install/Crossfire_chase_object:/home/ctaylor71023/turtlebot3_ws/src/install/py_subpub:/home/ctaylor71023/turtlebot3_ws/src/install/Lab2:/home/ctaylor71023/turtlebot3_ws/src/install/Crossfire_object_follower:/home/ctaylor71023/turtlebot3_ws/src/install/Crossfire_navigate_to_goal:/home/ctaylor71023/turtlebot3_ws/src/install/Crossfire_lab6:/home/ctaylor71023/turtlebot3_ws/src/install/Crossfire_lab5:/home/ctaylor71023/turtlebot3_ws/src/install/Crossfire_chase_object:/opt/ros/humble /usr/bin/cmake --build /home/ctaylor71023/ros2_ws/src/ctaylor319_capstone/build/motion_planning -- -j8 -l8
[0.657s] DEBUG:colcon.colcon_core.event_handler.log_command:Invoking command in '/home/ctaylor71023/ros2_ws/src/ctaylor319_capstone/build/motion_planning': CMAKE_PREFIX_PATH=${CMAKE_PREFIX_PATH}:/home/ctaylor71023/ws_moveit/install/moveit_configs_utils:/home/ctaylor71023/ws_moveit/install/launch_param_builder:/home/ctaylor71023/turtlebot3_ws/install/py_subpub:/home/ctaylor71023/turtlebot3_ws/install/Crossfire_object_follower:/home/ctaylor71023/turtlebot3_ws/install/Crossfire_navigate_to_goal:/home/ctaylor71023/turtlebot3_ws/install/Crossfire_lab6:/home/ctaylor71023/turtlebot3_ws/install/Crossfire_lab5:/home/ctaylor71023/turtlebot3_ws/install/Crossfire_chase_object:/home/ctaylor71023/turtlebot3_ws/src/install/py_subpub:/home/ctaylor71023/turtlebot3_ws/src/install/Lab2:/home/ctaylor71023/turtlebot3_ws/src/install/Crossfire_object_follower:/home/ctaylor71023/turtlebot3_ws/src/install/Crossfire_navigate_to_goal:/home/ctaylor71023/turtlebot3_ws/src/install/Crossfire_lab6:/home/ctaylor71023/turtlebot3_ws/src/install/Crossfire_lab5:/home/ctaylor71023/turtlebot3_ws/src/install/Crossfire_chase_object:/opt/ros/humble /usr/bin/cmake --install /home/ctaylor71023/ros2_ws/src/ctaylor319_capstone/build/motion_planning
[0.660s] DEBUG:colcon.colcon_core.event_handler.log_command:Invoked command in '/home/ctaylor71023/ros2_ws/src/ctaylor319_capstone/build/env_construction' returned '0': CMAKE_PREFIX_PATH=${CMAKE_PREFIX_PATH}:/home/ctaylor71023/ws_moveit/install/moveit_configs_utils:/home/ctaylor71023/ws_moveit/install/launch_param_builder:/home/ctaylor71023/turtlebot3_ws/install/py_subpub:/home/ctaylor71023/turtlebot3_ws/install/Crossfire_object_follower:/home/ctaylor71023/turtlebot3_ws/install/Crossfire_navigate_to_goal:/home/ctaylor71023/turtlebot3_ws/install/Crossfire_lab6:/home/ctaylor71023/turtlebot3_ws/install/Crossfire_lab5:/home/ctaylor71023/turtlebot3_ws/install/Crossfire_chase_object:/home/ctaylor71023/turtlebot3_ws/src/install/py_subpub:/home/ctaylor71023/turtlebot3_ws/src/install/Lab2:/home/ctaylor71023/turtlebot3_ws/src/install/Crossfire_object_follower:/home/ctaylor71023/turtlebot3_ws/src/install/Crossfire_navigate_to_goal:/home/ctaylor71023/turtlebot3_ws/src/install/Crossfire_lab6:/home/ctaylor71023/turtlebot3_ws/src/install/Crossfire_lab5:/home/ctaylor71023/turtlebot3_ws/src/install/Crossfire_chase_object:/opt/ros/humble /usr/bin/cmake --build /home/ctaylor71023/ros2_ws/src/ctaylor319_capstone/build/env_construction -- -j8 -l8
[0.675s] Level 1:colcon.colcon_core.environment:create_environment_scripts_only(motion_planning)
[0.675s] DEBUG:colcon.colcon_core.event_handler.log_command:Invoked command in '/home/ctaylor71023/ros2_ws/src/ctaylor319_capstone/build/motion_planning' returned '0': CMAKE_PREFIX_PATH=${CMAKE_PREFIX_PATH}:/home/ctaylor71023/ws_moveit/install/moveit_configs_utils:/home/ctaylor71023/ws_moveit/install/launch_param_builder:/home/ctaylor71023/turtlebot3_ws/install/py_subpub:/home/ctaylor71023/turtlebot3_ws/install/Crossfire_object_follower:/home/ctaylor71023/turtlebot3_ws/install/Crossfire_navigate_to_goal:/home/ctaylor71023/turtlebot3_ws/install/Crossfire_lab6:/home/ctaylor71023/turtlebot3_ws/install/Crossfire_lab5:/home/ctaylor71023/turtlebot3_ws/install/Crossfire_chase_object:/home/ctaylor71023/turtlebot3_ws/src/install/py_subpub:/home/ctaylor71023/turtlebot3_ws/src/install/Lab2:/home/ctaylor71023/turtlebot3_ws/src/install/Crossfire_object_follower:/home/ctaylor71023/turtlebot3_ws/src/install/Crossfire_navigate_to_goal:/home/ctaylor71023/turtlebot3_ws/src/install/Crossfire_lab6:/home/ctaylor71023/turtlebot3_ws/src/install/Crossfire_lab5:/home/ctaylor71023/turtlebot3_ws/src/install/Crossfire_chase_object:/opt/ros/humble /usr/bin/cmake --install /home/ctaylor71023/ros2_ws/src/ctaylor319_capstone/build/motion_planning
[0.678s] Level 1:colcon.colcon_core.environment:checking '/home/ctaylor71023/ros2_ws/src/ctaylor319_capstone/install/motion_planning' for CMake module files
[0.679s] Level 1:colcon.colcon_core.environment:checking '/home/ctaylor71023/ros2_ws/src/ctaylor319_capstone/install/motion_planning' for CMake config files
[0.679s] Level 1:colcon.colcon_core.shell:create_environment_hook('motion_planning', 'cmake_prefix_path')
[0.679s] INFO:colcon.colcon_core.shell:Creating environment hook '/home/ctaylor71023/ros2_ws/src/ctaylor319_capstone/install/motion_planning/share/motion_planning/hook/cmake_prefix_path.ps1'
[0.680s] INFO:colcon.colcon_core.shell:Creating environment descriptor '/home/ctaylor71023/ros2_ws/src/ctaylor319_capstone/install/motion_planning/share/motion_planning/hook/cmake_prefix_path.dsv'
[0.680s] INFO:colcon.colcon_core.shell:Creating environment hook '/home/ctaylor71023/ros2_ws/src/ctaylor319_capstone/install/motion_planning/share/motion_planning/hook/cmake_prefix_path.sh'
[0.681s] Level 1:colcon.colcon_core.environment:checking '/home/ctaylor71023/ros2_ws/src/ctaylor319_capstone/install/motion_planning/bin'
[0.681s] Level 1:colcon.colcon_core.environment:checking '/home/ctaylor71023/ros2_ws/src/ctaylor319_capstone/install/motion_planning/lib/pkgconfig/motion_planning.pc'
[0.682s] Level 1:colcon.colcon_core.environment:checking '/home/ctaylor71023/ros2_ws/src/ctaylor319_capstone/install/motion_planning/lib/python3.10/site-packages'
[0.682s] Level 1:colcon.colcon_core.environment:checking '/home/ctaylor71023/ros2_ws/src/ctaylor319_capstone/install/motion_planning/bin'
[0.682s] INFO:colcon.colcon_core.shell:Creating package script '/home/ctaylor71023/ros2_ws/src/ctaylor319_capstone/install/motion_planning/share/motion_planning/package.ps1'
[0.683s] INFO:colcon.colcon_core.shell:Creating package descriptor '/home/ctaylor71023/ros2_ws/src/ctaylor319_capstone/install/motion_planning/share/motion_planning/package.dsv'
[0.683s] INFO:colcon.colcon_core.shell:Creating package script '/home/ctaylor71023/ros2_ws/src/ctaylor319_capstone/install/motion_planning/share/motion_planning/package.sh'
[0.684s] INFO:colcon.colcon_core.shell:Creating package script '/home/ctaylor71023/ros2_ws/src/ctaylor319_capstone/install/motion_planning/share/motion_planning/package.bash'
[0.685s] INFO:colcon.colcon_core.shell:Creating package script '/home/ctaylor71023/ros2_ws/src/ctaylor319_capstone/install/motion_planning/share/motion_planning/package.zsh'
[0.685s] Level 1:colcon.colcon_core.environment:create_file_with_runtime_dependencies(/home/ctaylor71023/ros2_ws/src/ctaylor319_capstone/install/motion_planning/share/colcon-core/packages/motion_planning)
[0.724s] DEBUG:colcon.colcon_core.event_handler.log_command:Invoking command in '/home/ctaylor71023/ros2_ws/src/ctaylor319_capstone/build/env_construction': CMAKE_PREFIX_PATH=${CMAKE_PREFIX_PATH}:/home/ctaylor71023/ws_moveit/install/moveit_configs_utils:/home/ctaylor71023/ws_moveit/install/launch_param_builder:/home/ctaylor71023/turtlebot3_ws/install/py_subpub:/home/ctaylor71023/turtlebot3_ws/install/Crossfire_object_follower:/home/ctaylor71023/turtlebot3_ws/install/Crossfire_navigate_to_goal:/home/ctaylor71023/turtlebot3_ws/install/Crossfire_lab6:/home/ctaylor71023/turtlebot3_ws/install/Crossfire_lab5:/home/ctaylor71023/turtlebot3_ws/install/Crossfire_chase_object:/home/ctaylor71023/turtlebot3_ws/src/install/py_subpub:/home/ctaylor71023/turtlebot3_ws/src/install/Lab2:/home/ctaylor71023/turtlebot3_ws/src/install/Crossfire_object_follower:/home/ctaylor71023/turtlebot3_ws/src/install/Crossfire_navigate_to_goal:/home/ctaylor71023/turtlebot3_ws/src/install/Crossfire_lab6:/home/ctaylor71023/turtlebot3_ws/src/install/Crossfire_lab5:/home/ctaylor71023/turtlebot3_ws/src/install/Crossfire_chase_object:/opt/ros/humble /usr/bin/cmake --install /home/ctaylor71023/ros2_ws/src/ctaylor319_capstone/build/env_construction
[0.741s] Level 1:colcon.colcon_core.environment:create_environment_scripts_only(motion_planning)
[0.741s] Level 1:colcon.colcon_core.environment:checking '/home/ctaylor71023/ros2_ws/src/ctaylor319_capstone/install/motion_planning' for CMake module files
[0.742s] Level 1:colcon.colcon_core.environment:checking '/home/ctaylor71023/ros2_ws/src/ctaylor319_capstone/install/motion_planning' for CMake config files
[0.742s] Level 1:colcon.colcon_core.shell:create_environment_hook('motion_planning', 'cmake_prefix_path')
[0.743s] INFO:colcon.colcon_core.shell:Creating environment hook '/home/ctaylor71023/ros2_ws/src/ctaylor319_capstone/install/motion_planning/share/motion_planning/hook/cmake_prefix_path.ps1'
[0.743s] INFO:colcon.colcon_core.shell:Creating environment descriptor '/home/ctaylor71023/ros2_ws/src/ctaylor319_capstone/install/motion_planning/share/motion_planning/hook/cmake_prefix_path.dsv'
[0.743s] INFO:colcon.colcon_core.shell:Creating environment hook '/home/ctaylor71023/ros2_ws/src/ctaylor319_capstone/install/motion_planning/share/motion_planning/hook/cmake_prefix_path.sh'
[0.744s] Level 1:colcon.colcon_core.environment:checking '/home/ctaylor71023/ros2_ws/src/ctaylor319_capstone/install/motion_planning/bin'
[0.744s] Level 1:colcon.colcon_core.environment:checking '/home/ctaylor71023/ros2_ws/src/ctaylor319_capstone/install/motion_planning/lib/pkgconfig/motion_planning.pc'
[0.744s] Level 1:colcon.colcon_core.environment:checking '/home/ctaylor71023/ros2_ws/src/ctaylor319_capstone/install/motion_planning/lib/python3.10/site-packages'
[0.744s] Level 1:colcon.colcon_core.environment:checking '/home/ctaylor71023/ros2_ws/src/ctaylor319_capstone/install/motion_planning/bin'
[0.745s] INFO:colcon.colcon_core.shell:Creating package script '/home/ctaylor71023/ros2_ws/src/ctaylor319_capstone/install/motion_planning/share/motion_planning/package.ps1'
[0.745s] INFO:colcon.colcon_core.shell:Creating package descriptor '/home/ctaylor71023/ros2_ws/src/ctaylor319_capstone/install/motion_planning/share/motion_planning/package.dsv'
[0.745s] INFO:colcon.colcon_core.shell:Creating package script '/home/ctaylor71023/ros2_ws/src/ctaylor319_capstone/install/motion_planning/share/motion_planning/package.sh'
[0.746s] INFO:colcon.colcon_core.shell:Creating package script '/home/ctaylor71023/ros2_ws/src/ctaylor319_capstone/install/motion_planning/share/motion_planning/package.bash'
[0.746s] INFO:colcon.colcon_core.shell:Creating package script '/home/ctaylor71023/ros2_ws/src/ctaylor319_capstone/install/motion_planning/share/motion_planning/package.zsh'
[0.747s] Level 1:colcon.colcon_core.environment:create_file_with_runtime_dependencies(/home/ctaylor71023/ros2_ws/src/ctaylor319_capstone/install/motion_planning/share/colcon-core/packages/motion_planning)
[0.748s] Level 1:colcon.colcon_core.environment:create_environment_scripts_only(env_construction)
[0.748s] Level 1:colcon.colcon_core.environment:checking '/home/ctaylor71023/ros2_ws/src/ctaylor319_capstone/install/env_construction' for CMake module files
[0.749s] DEBUG:colcon.colcon_core.event_handler.log_command:Invoked command in '/home/ctaylor71023/ros2_ws/src/ctaylor319_capstone/build/env_construction' returned '0': CMAKE_PREFIX_PATH=${CMAKE_PREFIX_PATH}:/home/ctaylor71023/ws_moveit/install/moveit_configs_utils:/home/ctaylor71023/ws_moveit/install/launch_param_builder:/home/ctaylor71023/turtlebot3_ws/install/py_subpub:/home/ctaylor71023/turtlebot3_ws/install/Crossfire_object_follower:/home/ctaylor71023/turtlebot3_ws/install/Crossfire_navigate_to_goal:/home/ctaylor71023/turtlebot3_ws/install/Crossfire_lab6:/home/ctaylor71023/turtlebot3_ws/install/Crossfire_lab5:/home/ctaylor71023/turtlebot3_ws/install/Crossfire_chase_object:/home/ctaylor71023/turtlebot3_ws/src/install/py_subpub:/home/ctaylor71023/turtlebot3_ws/src/install/Lab2:/home/ctaylor71023/turtlebot3_ws/src/install/Crossfire_object_follower:/home/ctaylor71023/turtlebot3_ws/src/install/Crossfire_navigate_to_goal:/home/ctaylor71023/turtlebot3_ws/src/install/Crossfire_lab6:/home/ctaylor71023/turtlebot3_ws/src/install/Crossfire_lab5:/home/ctaylor71023/turtlebot3_ws/src/install/Crossfire_chase_object:/opt/ros/humble /usr/bin/cmake --install /home/ctaylor71023/ros2_ws/src/ctaylor319_capstone/build/env_construction
[0.749s] Level 1:colcon.colcon_core.environment:checking '/home/ctaylor71023/ros2_ws/src/ctaylor319_capstone/install/env_construction' for CMake config files
[0.749s] Level 1:colcon.colcon_core.shell:create_environment_hook('env_construction', 'cmake_prefix_path')
[0.750s] INFO:colcon.colcon_core.shell:Creating environment hook '/home/ctaylor71023/ros2_ws/src/ctaylor319_capstone/install/env_construction/share/env_construction/hook/cmake_prefix_path.ps1'
[0.750s] INFO:colcon.colcon_core.shell:Creating environment descriptor '/home/ctaylor71023/ros2_ws/src/ctaylor319_capstone/install/env_construction/share/env_construction/hook/cmake_prefix_path.dsv'
[0.750s] INFO:colcon.colcon_core.shell:Creating environment hook '/home/ctaylor71023/ros2_ws/src/ctaylor319_capstone/install/env_construction/share/env_construction/hook/cmake_prefix_path.sh'
[0.751s] Level 1:colcon.colcon_core.environment:checking '/home/ctaylor71023/ros2_ws/src/ctaylor319_capstone/install/env_construction/bin'
[0.751s] Level 1:colcon.colcon_core.environment:checking '/home/ctaylor71023/ros2_ws/src/ctaylor319_capstone/install/env_construction/lib/pkgconfig/env_construction.pc'
[0.751s] Level 1:colcon.colcon_core.environment:checking '/home/ctaylor71023/ros2_ws/src/ctaylor319_capstone/install/env_construction/lib/python3.10/site-packages'
[0.751s] Level 1:colcon.colcon_core.environment:checking '/home/ctaylor71023/ros2_ws/src/ctaylor319_capstone/install/env_construction/bin'
[0.751s] INFO:colcon.colcon_core.shell:Creating package script '/home/ctaylor71023/ros2_ws/src/ctaylor319_capstone/install/env_construction/share/env_construction/package.ps1'
[0.752s] INFO:colcon.colcon_core.shell:Creating package descriptor '/home/ctaylor71023/ros2_ws/src/ctaylor319_capstone/install/env_construction/share/env_construction/package.dsv'
[0.752s] INFO:colcon.colcon_core.shell:Creating package script '/home/ctaylor71023/ros2_ws/src/ctaylor319_capstone/install/env_construction/share/env_construction/package.sh'
[0.752s] INFO:colcon.colcon_core.shell:Creating package script '/home/ctaylor71023/ros2_ws/src/ctaylor319_capstone/install/env_construction/share/env_construction/package.bash'
[0.753s] INFO:colcon.colcon_core.shell:Creating package script '/home/ctaylor71023/ros2_ws/src/ctaylor319_capstone/install/env_construction/share/env_construction/package.zsh'
[0.753s] Level 1:colcon.colcon_core.environment:create_file_with_runtime_dependencies(/home/ctaylor71023/ros2_ws/src/ctaylor319_capstone/install/env_construction/share/colcon-core/packages/env_construction)
[0.812s] Level 1:colcon.colcon_core.environment:create_environment_scripts_only(env_construction)
[0.813s] Level 1:colcon.colcon_core.environment:checking '/home/ctaylor71023/ros2_ws/src/ctaylor319_capstone/install/env_construction' for CMake module files
[0.814s] Level 1:colcon.colcon_core.environment:checking '/home/ctaylor71023/ros2_ws/src/ctaylor319_capstone/install/env_construction' for CMake config files
[0.815s] Level 1:colcon.colcon_core.shell:create_environment_hook('env_construction', 'cmake_prefix_path')
[0.815s] INFO:colcon.colcon_core.shell:Creating environment hook '/home/ctaylor71023/ros2_ws/src/ctaylor319_capstone/install/env_construction/share/env_construction/hook/cmake_prefix_path.ps1'
[0.816s] INFO:colcon.colcon_core.shell:Creating environment descriptor '/home/ctaylor71023/ros2_ws/src/ctaylor319_capstone/install/env_construction/share/env_construction/hook/cmake_prefix_path.dsv'
[0.816s] INFO:colcon.colcon_core.shell:Creating environment hook '/home/ctaylor71023/ros2_ws/src/ctaylor319_capstone/install/env_construction/share/env_construction/hook/cmake_prefix_path.sh'
[0.817s] Level 1:colcon.colcon_core.environment:checking '/home/ctaylor71023/ros2_ws/src/ctaylor319_capstone/install/env_construction/bin'
[0.817s] Level 1:colcon.colcon_core.environment:checking '/home/ctaylor71023/ros2_ws/src/ctaylor319_capstone/install/env_construction/lib/pkgconfig/env_construction.pc'
[0.817s] Level 1:colcon.colcon_core.environment:checking '/home/ctaylor71023/ros2_ws/src/ctaylor319_capstone/install/env_construction/lib/python3.10/site-packages'
[0.817s] Level 1:colcon.colcon_core.environment:checking '/home/ctaylor71023/ros2_ws/src/ctaylor319_capstone/install/env_construction/bin'
[0.818s] INFO:colcon.colcon_core.shell:Creating package script '/home/ctaylor71023/ros2_ws/src/ctaylor319_capstone/install/env_construction/share/env_construction/package.ps1'
[0.818s] INFO:colcon.colcon_core.shell:Creating package descriptor '/home/ctaylor71023/ros2_ws/src/ctaylor319_capstone/install/env_construction/share/env_construction/package.dsv'
[0.819s] INFO:colcon.colcon_core.shell:Creating package script '/home/ctaylor71023/ros2_ws/src/ctaylor319_capstone/install/env_construction/share/env_construction/package.sh'
[0.820s] INFO:colcon.colcon_core.shell:Creating package script '/home/ctaylor71023/ros2_ws/src/ctaylor319_capstone/install/env_construction/share/env_construction/package.bash'
[0.820s] INFO:colcon.colcon_core.shell:Creating package script '/home/ctaylor71023/ros2_ws/src/ctaylor319_capstone/install/env_construction/share/env_construction/package.zsh'
[0.820s] Level 1:colcon.colcon_core.environment:create_file_with_runtime_dependencies(/home/ctaylor71023/ros2_ws/src/ctaylor319_capstone/install/env_construction/share/colcon-core/packages/env_construction)
[2.563s] DEBUG:colcon.colcon_core.event_handler.log_command:Invoked command in '/home/ctaylor71023/ros2_ws/src/ctaylor319_capstone/build/robot_control' returned '2': CMAKE_PREFIX_PATH=${CMAKE_PREFIX_PATH}:/home/ctaylor71023/ws_moveit/install/moveit_configs_utils:/home/ctaylor71023/ws_moveit/install/launch_param_builder:/home/ctaylor71023/turtlebot3_ws/install/py_subpub:/home/ctaylor71023/turtlebot3_ws/install/Crossfire_object_follower:/home/ctaylor71023/turtlebot3_ws/install/Crossfire_navigate_to_goal:/home/ctaylor71023/turtlebot3_ws/install/Crossfire_lab6:/home/ctaylor71023/turtlebot3_ws/install/Crossfire_lab5:/home/ctaylor71023/turtlebot3_ws/install/Crossfire_chase_object:/home/ctaylor71023/turtlebot3_ws/src/install/py_subpub:/home/ctaylor71023/turtlebot3_ws/src/install/Lab2:/home/ctaylor71023/turtlebot3_ws/src/install/Crossfire_object_follower:/home/ctaylor71023/turtlebot3_ws/src/install/Crossfire_navigate_to_goal:/home/ctaylor71023/turtlebot3_ws/src/install/Crossfire_lab6:/home/ctaylor71023/turtlebot3_ws/src/install/Crossfire_lab5:/home/ctaylor71023/turtlebot3_ws/src/install/Crossfire_chase_object:/opt/ros/humble /usr/bin/cmake --build /home/ctaylor71023/ros2_ws/src/ctaylor319_capstone/build/robot_control -- -j8 -l8
[2.630s] Level 1:colcon.colcon_core.environment:create_environment_scripts_only(robot_control)
[2.631s] Level 1:colcon.colcon_core.environment:checking '/home/ctaylor71023/ros2_ws/src/ctaylor319_capstone/install/robot_control' for CMake module files
[2.631s] Level 1:colcon.colcon_core.environment:checking '/home/ctaylor71023/ros2_ws/src/ctaylor319_capstone/install/robot_control' for CMake config files
[2.631s] Level 1:colcon.colcon_core.shell:create_environment_hook('robot_control', 'cmake_prefix_path')
[2.632s] INFO:colcon.colcon_core.shell:Creating environment hook '/home/ctaylor71023/ros2_ws/src/ctaylor319_capstone/install/robot_control/share/robot_control/hook/cmake_prefix_path.ps1'
[2.632s] INFO:colcon.colcon_core.shell:Creating environment descriptor '/home/ctaylor71023/ros2_ws/src/ctaylor319_capstone/install/robot_control/share/robot_control/hook/cmake_prefix_path.dsv'
[2.633s] INFO:colcon.colcon_core.shell:Creating environment hook '/home/ctaylor71023/ros2_ws/src/ctaylor319_capstone/install/robot_control/share/robot_control/hook/cmake_prefix_path.sh'
[2.633s] Level 1:colcon.colcon_core.environment:checking '/home/ctaylor71023/ros2_ws/src/ctaylor319_capstone/install/robot_control/bin'
[2.633s] Level 1:colcon.colcon_core.environment:checking '/home/ctaylor71023/ros2_ws/src/ctaylor319_capstone/install/robot_control/lib/pkgconfig/robot_control.pc'
[2.634s] Level 1:colcon.colcon_core.environment:checking '/home/ctaylor71023/ros2_ws/src/ctaylor319_capstone/install/robot_control/lib/python3.10/site-packages'
[2.634s] Level 1:colcon.colcon_core.environment:checking '/home/ctaylor71023/ros2_ws/src/ctaylor319_capstone/install/robot_control/bin'
[2.634s] INFO:colcon.colcon_core.shell:Creating package script '/home/ctaylor71023/ros2_ws/src/ctaylor319_capstone/install/robot_control/share/robot_control/package.ps1'
[2.635s] INFO:colcon.colcon_core.shell:Creating package descriptor '/home/ctaylor71023/ros2_ws/src/ctaylor319_capstone/install/robot_control/share/robot_control/package.dsv'
[2.635s] INFO:colcon.colcon_core.shell:Creating package script '/home/ctaylor71023/ros2_ws/src/ctaylor319_capstone/install/robot_control/share/robot_control/package.sh'
[2.636s] INFO:colcon.colcon_core.shell:Creating package script '/home/ctaylor71023/ros2_ws/src/ctaylor319_capstone/install/robot_control/share/robot_control/package.bash'
[2.636s] INFO:colcon.colcon_core.shell:Creating package script '/home/ctaylor71023/ros2_ws/src/ctaylor319_capstone/install/robot_control/share/robot_control/package.zsh'
[2.637s] Level 1:colcon.colcon_core.environment:create_file_with_runtime_dependencies(/home/ctaylor71023/ros2_ws/src/ctaylor319_capstone/install/robot_control/share/colcon-core/packages/robot_control)
[2.647s] DEBUG:colcon.colcon_parallel_executor.executor.parallel:closing loop
[2.647s] DEBUG:colcon.colcon_parallel_executor.executor.parallel:loop closed
[2.647s] DEBUG:colcon.colcon_parallel_executor.executor.parallel:run_until_complete finished with '2'
[2.647s] DEBUG:colcon.colcon_core.event_reactor:joining thread
[2.655s] INFO:colcon.colcon_core.plugin_system:Skipping extension 'colcon_notification.desktop_notification.terminal_notifier': Not used on non-Darwin systems
[2.655s] INFO:colcon.colcon_core.plugin_system:Skipping extension 'colcon_notification.desktop_notification.win32': Not used on non-Windows systems
[2.655s] INFO:colcon.colcon_notification.desktop_notification:Sending desktop notification using 'notify2'
[2.670s] DEBUG:colcon.colcon_core.event_reactor:joined thread
[2.671s] INFO:colcon.colcon_core.shell:Creating prefix script '/home/ctaylor71023/ros2_ws/src/ctaylor319_capstone/install/local_setup.ps1'
[2.672s] INFO:colcon.colcon_core.shell:Creating prefix util module '/home/ctaylor71023/ros2_ws/src/ctaylor319_capstone/install/_local_setup_util_ps1.py'
[2.674s] INFO:colcon.colcon_core.shell:Creating prefix chain script '/home/ctaylor71023/ros2_ws/src/ctaylor319_capstone/install/setup.ps1'
[2.680s] INFO:colcon.colcon_core.shell:Creating prefix script '/home/ctaylor71023/ros2_ws/src/ctaylor319_capstone/install/local_setup.sh'
[2.681s] INFO:colcon.colcon_core.shell:Creating prefix util module '/home/ctaylor71023/ros2_ws/src/ctaylor319_capstone/install/_local_setup_util_sh.py'
[2.681s] INFO:colcon.colcon_core.shell:Creating prefix chain script '/home/ctaylor71023/ros2_ws/src/ctaylor319_capstone/install/setup.sh'
[2.687s] INFO:colcon.colcon_core.shell:Creating prefix script '/home/ctaylor71023/ros2_ws/src/ctaylor319_capstone/install/local_setup.bash'
[2.687s] INFO:colcon.colcon_core.shell:Creating prefix chain script '/home/ctaylor71023/ros2_ws/src/ctaylor319_capstone/install/setup.bash'
[2.693s] INFO:colcon.colcon_core.shell:Creating prefix script '/home/ctaylor71023/ros2_ws/src/ctaylor319_capstone/install/local_setup.zsh'
[2.694s] INFO:colcon.colcon_core.shell:Creating prefix chain script '/home/ctaylor71023/ros2_ws/src/ctaylor319_capstone/install/setup.zsh'
