[0.043s] Invoking command in '/home/ctaylor71023/ros2_ws/src/ctaylor319_capstone/build/grid_map_msgs': AMENT_PREFIX_PATH=/home/ctaylor71023/ros2_ws/src/ctaylor319_capstone/install/grid_map_cmake_helpers:${AMENT_PREFIX_PATH} CMAKE_PREFIX_PATH=/home/ctaylor71023/ros2_ws/src/ctaylor319_capstone/install/grid_map_cmake_helpers:/home/ctaylor71023/ws_moveit/install/pilz_industrial_motion_planner_testutils:/home/ctaylor71023/ws_moveit/install/moveit_runtime:/home/ctaylor71023/ws_moveit/install/moveit2_tutorials:/home/ctaylor71023/ws_moveit/install/moveit:/home/ctaylor71023/ws_moveit/install/moveit_planners:/home/ctaylor71023/ws_moveit/install/pilz_industrial_motion_planner:/home/ctaylor71023/ws_moveit/install/moveit_visual_tools:/home/ctaylor71023/ws_moveit/install/moveit_task_constructor_visualization:/home/ctaylor71023/ws_moveit/install/moveit_task_constructor_demo:/home/ctaylor71023/ws_moveit/install/moveit_task_constructor_capabilities:/home/ctaylor71023/ws_moveit/install/moveit_task_constructor_core:/home/ctaylor71023/ws_moveit/install/moveit_ros_control_interface:/home/ctaylor71023/ws_moveit/install/moveit_plugins:/home/ctaylor71023/ws_moveit/install/moveit_simple_controller_manager:/home/ctaylor71023/ws_moveit/install/moveit_setup_assistant:/home/ctaylor71023/ws_moveit/install/moveit_setup_srdf_plugins:/home/ctaylor71023/ws_moveit/install/moveit_setup_core_plugins:/home/ctaylor71023/ws_moveit/install/moveit_setup_controllers:/home/ctaylor71023/ws_moveit/install/moveit_setup_app_plugins:/home/ctaylor71023/ws_moveit/install/moveit_setup_framework:/home/ctaylor71023/ws_moveit/install/moveit_servo:/home/ctaylor71023/ws_moveit/install/moveit_ros:/home/ctaylor71023/ws_moveit/install/moveit_ros_visualization:/home/ctaylor71023/ws_moveit/install/moveit_hybrid_planning:/home/ctaylor71023/ws_moveit/install/moveit_ros_planning_interface:/home/ctaylor71023/ws_moveit/install/moveit_ros_benchmarks:/home/ctaylor71023/ws_moveit/install/moveit_ros_warehouse:/home/ctaylor71023/ws_moveit/install/moveit_ros_robot_interaction:/home/ctaylor71023/ws_moveit/install/moveit_ros_perception:/home/ctaylor71023/ws_moveit/install/moveit_resources_prbt_pg70_support:/home/ctaylor71023/ws_moveit/install/moveit_resources_prbt_moveit_config:/home/ctaylor71023/ws_moveit/install/moveit_ros_move_group:/home/ctaylor71023/ws_moveit/install/moveit_planners_ompl:/home/ctaylor71023/ws_moveit/install/moveit_ros_planning:/home/ctaylor71023/ws_moveit/install/moveit_ros_occupancy_map_monitor:/home/ctaylor71023/ws_moveit/install/moveit_resources_prbt_ikfast_manipulator_plugin:/home/ctaylor71023/ws_moveit/install/moveit_planners_chomp:/home/ctaylor71023/ws_moveit/install/moveit_kinematics:/home/ctaylor71023/ws_moveit/install/moveit_chomp_optimizer_adapter:/home/ctaylor71023/ws_moveit/install/chomp_motion_planner:/home/ctaylor71023/ws_moveit/install/moveit_core:/home/ctaylor71023/ws_moveit/install/srdfdom:/home/ctaylor71023/ws_moveit/install/rviz_marker_tools:/home/ctaylor71023/ws_moveit/install/rosparam_shortcuts:/home/ctaylor71023/ws_moveit/install/moveit_task_constructor_msgs:/home/ctaylor71023/ws_moveit/install/moveit_resources_prbt_support:/home/ctaylor71023/ws_moveit/install/moveit_resources:/home/ctaylor71023/ws_moveit/install/moveit_resources_pr2_description:/home/ctaylor71023/ws_moveit/install/moveit_resources_panda_moveit_config:/home/ctaylor71023/ws_moveit/install/moveit_resources_panda_description:/home/ctaylor71023/ws_moveit/install/moveit_resources_fanuc_moveit_config:/home/ctaylor71023/ws_moveit/install/moveit_resources_fanuc_description:/home/ctaylor71023/ws_moveit/install/moveit_common:/home/ctaylor71023/ros2_ws/install/mycobot_ros2:/home/ctaylor71023/ros2_ws/install/mycobot_gazebo:/home/ctaylor71023/ros2_ws/install/mycobot_description:/home/ctaylor71023/ros2_ws/install/chomp_motion_planner:/home/ctaylor71023/turtlebot3_ws/install/turtlebot3_simulations:/home/ctaylor71023/turtlebot3_ws/install/turtlebot3_gazebo:/home/ctaylor71023/turtlebot3_ws/install/turtlebot3_fake_node:/home/ctaylor71023/turtlebot3_ws/install/msg_types:/home/ctaylor71023/turtlebot3_ws/src/install/turtlebot3_simulations:/home/ctaylor71023/turtlebot3_ws/src/install/turtlebot3_gazebo:/home/ctaylor71023/turtlebot3_ws/src/install/turtlebot3_fake_node:/home/ctaylor71023/turtlebot3_ws/src/install/msg_types:/home/ctaylor71023/ws_moveit/install/moveit_configs_utils:/home/ctaylor71023/ws_moveit/install/launch_param_builder:/home/ctaylor71023/turtlebot3_ws/install/py_subpub:/home/ctaylor71023/turtlebot3_ws/install/Crossfire_object_follower:/home/ctaylor71023/turtlebot3_ws/install/Crossfire_navigate_to_goal:/home/ctaylor71023/turtlebot3_ws/install/Crossfire_lab6:/home/ctaylor71023/turtlebot3_ws/install/Crossfire_lab5:/home/ctaylor71023/turtlebot3_ws/install/Crossfire_chase_object:/home/ctaylor71023/turtlebot3_ws/src/install/py_subpub:/home/ctaylor71023/turtlebot3_ws/src/install/Lab2:/home/ctaylor71023/turtlebot3_ws/src/install/Crossfire_object_follower:/home/ctaylor71023/turtlebot3_ws/src/install/Crossfire_navigate_to_goal:/home/ctaylor71023/turtlebot3_ws/src/install/Crossfire_lab6:/home/ctaylor71023/turtlebot3_ws/src/install/Crossfire_lab5:/home/ctaylor71023/turtlebot3_ws/src/install/Crossfire_chase_object:/opt/ros/humble /usr/bin/cmake /home/ctaylor71023/ros2_ws/src/ctaylor319_capstone/grid_map/grid_map_msgs -DCMAKE_INSTALL_PREFIX=/home/ctaylor71023/ros2_ws/src/ctaylor319_capstone/install/grid_map_msgs
[2.399s] -- The C compiler identification is GNU 11.4.0
[2.399s] -- The CXX compiler identification is GNU 11.4.0
[2.400s] -- Detecting C compiler ABI info
[2.400s] -- Detecting C compiler ABI info - done
[2.400s] -- Check for working C compiler: /usr/bin/cc - skipped
[2.400s] -- Detecting C compile features
[2.400s] -- Detecting C compile features - done
[2.400s] -- Detecting CXX compiler ABI info
[2.400s] -- Detecting CXX compiler ABI info - done
[2.401s] -- Check for working CXX compiler: /usr/bin/c++ - skipped
[2.401s] -- Detecting CXX compile features
[2.401s] -- Detecting CXX compile features - done
[2.401s] -- Found ament_cmake: 1.3.10 (/opt/ros/humble/share/ament_cmake/cmake)
[2.401s] -- Found Python3: /usr/bin/python3 (found version "3.10.12") found components: Interpreter 
[2.401s] -- Found grid_map_cmake_helpers: 2.0.0 (/home/ctaylor71023/ros2_ws/src/ctaylor319_capstone/install/grid_map_cmake_helpers/share/grid_map_cmake_helpers/cmake)
[2.401s] -- Found std_msgs: 4.2.4 (/opt/ros/humble/share/std_msgs/cmake)
[2.401s] -- Found rosidl_generator_c: 3.1.5 (/opt/ros/humble/share/rosidl_generator_c/cmake)
[2.402s] -- Found rosidl_adapter: 3.1.5 (/opt/ros/humble/share/rosidl_adapter/cmake)
[2.402s] -- Found rosidl_generator_cpp: 3.1.5 (/opt/ros/humble/share/rosidl_generator_cpp/cmake)
[2.402s] -- Using all available rosidl_typesupport_c: rosidl_typesupport_fastrtps_c;rosidl_typesupport_introspection_c
[2.402s] -- Using all available rosidl_typesupport_cpp: rosidl_typesupport_fastrtps_cpp;rosidl_typesupport_introspection_cpp
[2.402s] -- Found geometry_msgs: 4.2.4 (/opt/ros/humble/share/geometry_msgs/cmake)
[2.402s] -- Found rosidl_default_generators: 1.2.0 (/opt/ros/humble/share/rosidl_default_generators/cmake)
[2.402s] -- Setting build type to Release as none was specified.
[3.691s] -- Found ament_cmake_ros: 0.10.0 (/opt/ros/humble/share/ament_cmake_ros/cmake)
[5.943s] -- Using all available rosidl_typesupport_c: rosidl_typesupport_fastrtps_c;rosidl_typesupport_introspection_c
[6.558s] -- Using all available rosidl_typesupport_cpp: rosidl_typesupport_fastrtps_cpp;rosidl_typesupport_introspection_cpp
[6.632s] -- Found PythonInterp: /usr/bin/python3 (found suitable version "3.10.12", minimum required is "3.6") 
[6.653s] -- Found python_cmake_module: 0.10.0 (/opt/ros/humble/share/python_cmake_module/cmake)
[6.741s] -- Found PythonLibs: /usr/lib/x86_64-linux-gnu/libpython3.10.so (found suitable version "3.10.12", minimum required is "3.5") 
[6.743s] -- Using PYTHON_EXECUTABLE: /usr/bin/python3
[6.745s] -- Using PYTHON_INCLUDE_DIRS: /usr/include/python3.10
[6.751s] -- Using PYTHON_LIBRARIES: /usr/lib/x86_64-linux-gnu/libpython3.10.so
[6.821s] -- Found PythonExtra: .so  
[7.476s] -- Configuring done
[7.669s] -- Generating done
[7.675s] -- Build files have been written to: /home/ctaylor71023/ros2_ws/src/ctaylor319_capstone/build/grid_map_msgs
[7.697s] Invoked command in '/home/ctaylor71023/ros2_ws/src/ctaylor319_capstone/build/grid_map_msgs' returned '0': AMENT_PREFIX_PATH=/home/ctaylor71023/ros2_ws/src/ctaylor319_capstone/install/grid_map_cmake_helpers:${AMENT_PREFIX_PATH} CMAKE_PREFIX_PATH=/home/ctaylor71023/ros2_ws/src/ctaylor319_capstone/install/grid_map_cmake_helpers:/home/ctaylor71023/ws_moveit/install/pilz_industrial_motion_planner_testutils:/home/ctaylor71023/ws_moveit/install/moveit_runtime:/home/ctaylor71023/ws_moveit/install/moveit2_tutorials:/home/ctaylor71023/ws_moveit/install/moveit:/home/ctaylor71023/ws_moveit/install/moveit_planners:/home/ctaylor71023/ws_moveit/install/pilz_industrial_motion_planner:/home/ctaylor71023/ws_moveit/install/moveit_visual_tools:/home/ctaylor71023/ws_moveit/install/moveit_task_constructor_visualization:/home/ctaylor71023/ws_moveit/install/moveit_task_constructor_demo:/home/ctaylor71023/ws_moveit/install/moveit_task_constructor_capabilities:/home/ctaylor71023/ws_moveit/install/moveit_task_constructor_core:/home/ctaylor71023/ws_moveit/install/moveit_ros_control_interface:/home/ctaylor71023/ws_moveit/install/moveit_plugins:/home/ctaylor71023/ws_moveit/install/moveit_simple_controller_manager:/home/ctaylor71023/ws_moveit/install/moveit_setup_assistant:/home/ctaylor71023/ws_moveit/install/moveit_setup_srdf_plugins:/home/ctaylor71023/ws_moveit/install/moveit_setup_core_plugins:/home/ctaylor71023/ws_moveit/install/moveit_setup_controllers:/home/ctaylor71023/ws_moveit/install/moveit_setup_app_plugins:/home/ctaylor71023/ws_moveit/install/moveit_setup_framework:/home/ctaylor71023/ws_moveit/install/moveit_servo:/home/ctaylor71023/ws_moveit/install/moveit_ros:/home/ctaylor71023/ws_moveit/install/moveit_ros_visualization:/home/ctaylor71023/ws_moveit/install/moveit_hybrid_planning:/home/ctaylor71023/ws_moveit/install/moveit_ros_planning_interface:/home/ctaylor71023/ws_moveit/install/moveit_ros_benchmarks:/home/ctaylor71023/ws_moveit/install/moveit_ros_warehouse:/home/ctaylor71023/ws_moveit/install/moveit_ros_robot_interaction:/home/ctaylor71023/ws_moveit/install/moveit_ros_perception:/home/ctaylor71023/ws_moveit/install/moveit_resources_prbt_pg70_support:/home/ctaylor71023/ws_moveit/install/moveit_resources_prbt_moveit_config:/home/ctaylor71023/ws_moveit/install/moveit_ros_move_group:/home/ctaylor71023/ws_moveit/install/moveit_planners_ompl:/home/ctaylor71023/ws_moveit/install/moveit_ros_planning:/home/ctaylor71023/ws_moveit/install/moveit_ros_occupancy_map_monitor:/home/ctaylor71023/ws_moveit/install/moveit_resources_prbt_ikfast_manipulator_plugin:/home/ctaylor71023/ws_moveit/install/moveit_planners_chomp:/home/ctaylor71023/ws_moveit/install/moveit_kinematics:/home/ctaylor71023/ws_moveit/install/moveit_chomp_optimizer_adapter:/home/ctaylor71023/ws_moveit/install/chomp_motion_planner:/home/ctaylor71023/ws_moveit/install/moveit_core:/home/ctaylor71023/ws_moveit/install/srdfdom:/home/ctaylor71023/ws_moveit/install/rviz_marker_tools:/home/ctaylor71023/ws_moveit/install/rosparam_shortcuts:/home/ctaylor71023/ws_moveit/install/moveit_task_constructor_msgs:/home/ctaylor71023/ws_moveit/install/moveit_resources_prbt_support:/home/ctaylor71023/ws_moveit/install/moveit_resources:/home/ctaylor71023/ws_moveit/install/moveit_resources_pr2_description:/home/ctaylor71023/ws_moveit/install/moveit_resources_panda_moveit_config:/home/ctaylor71023/ws_moveit/install/moveit_resources_panda_description:/home/ctaylor71023/ws_moveit/install/moveit_resources_fanuc_moveit_config:/home/ctaylor71023/ws_moveit/install/moveit_resources_fanuc_description:/home/ctaylor71023/ws_moveit/install/moveit_common:/home/ctaylor71023/ros2_ws/install/mycobot_ros2:/home/ctaylor71023/ros2_ws/install/mycobot_gazebo:/home/ctaylor71023/ros2_ws/install/mycobot_description:/home/ctaylor71023/ros2_ws/install/chomp_motion_planner:/home/ctaylor71023/turtlebot3_ws/install/turtlebot3_simulations:/home/ctaylor71023/turtlebot3_ws/install/turtlebot3_gazebo:/home/ctaylor71023/turtlebot3_ws/install/turtlebot3_fake_node:/home/ctaylor71023/turtlebot3_ws/install/msg_types:/home/ctaylor71023/turtlebot3_ws/src/install/turtlebot3_simulations:/home/ctaylor71023/turtlebot3_ws/src/install/turtlebot3_gazebo:/home/ctaylor71023/turtlebot3_ws/src/install/turtlebot3_fake_node:/home/ctaylor71023/turtlebot3_ws/src/install/msg_types:/home/ctaylor71023/ws_moveit/install/moveit_configs_utils:/home/ctaylor71023/ws_moveit/install/launch_param_builder:/home/ctaylor71023/turtlebot3_ws/install/py_subpub:/home/ctaylor71023/turtlebot3_ws/install/Crossfire_object_follower:/home/ctaylor71023/turtlebot3_ws/install/Crossfire_navigate_to_goal:/home/ctaylor71023/turtlebot3_ws/install/Crossfire_lab6:/home/ctaylor71023/turtlebot3_ws/install/Crossfire_lab5:/home/ctaylor71023/turtlebot3_ws/install/Crossfire_chase_object:/home/ctaylor71023/turtlebot3_ws/src/install/py_subpub:/home/ctaylor71023/turtlebot3_ws/src/install/Lab2:/home/ctaylor71023/turtlebot3_ws/src/install/Crossfire_object_follower:/home/ctaylor71023/turtlebot3_ws/src/install/Crossfire_navigate_to_goal:/home/ctaylor71023/turtlebot3_ws/src/install/Crossfire_lab6:/home/ctaylor71023/turtlebot3_ws/src/install/Crossfire_lab5:/home/ctaylor71023/turtlebot3_ws/src/install/Crossfire_chase_object:/opt/ros/humble /usr/bin/cmake /home/ctaylor71023/ros2_ws/src/ctaylor319_capstone/grid_map/grid_map_msgs -DCMAKE_INSTALL_PREFIX=/home/ctaylor71023/ros2_ws/src/ctaylor319_capstone/install/grid_map_msgs
[7.709s] Invoking command in '/home/ctaylor71023/ros2_ws/src/ctaylor319_capstone/build/grid_map_msgs': AMENT_PREFIX_PATH=/home/ctaylor71023/ros2_ws/src/ctaylor319_capstone/install/grid_map_cmake_helpers:${AMENT_PREFIX_PATH} CMAKE_PREFIX_PATH=/home/ctaylor71023/ros2_ws/src/ctaylor319_capstone/install/grid_map_cmake_helpers:/home/ctaylor71023/ws_moveit/install/pilz_industrial_motion_planner_testutils:/home/ctaylor71023/ws_moveit/install/moveit_runtime:/home/ctaylor71023/ws_moveit/install/moveit2_tutorials:/home/ctaylor71023/ws_moveit/install/moveit:/home/ctaylor71023/ws_moveit/install/moveit_planners:/home/ctaylor71023/ws_moveit/install/pilz_industrial_motion_planner:/home/ctaylor71023/ws_moveit/install/moveit_visual_tools:/home/ctaylor71023/ws_moveit/install/moveit_task_constructor_visualization:/home/ctaylor71023/ws_moveit/install/moveit_task_constructor_demo:/home/ctaylor71023/ws_moveit/install/moveit_task_constructor_capabilities:/home/ctaylor71023/ws_moveit/install/moveit_task_constructor_core:/home/ctaylor71023/ws_moveit/install/moveit_ros_control_interface:/home/ctaylor71023/ws_moveit/install/moveit_plugins:/home/ctaylor71023/ws_moveit/install/moveit_simple_controller_manager:/home/ctaylor71023/ws_moveit/install/moveit_setup_assistant:/home/ctaylor71023/ws_moveit/install/moveit_setup_srdf_plugins:/home/ctaylor71023/ws_moveit/install/moveit_setup_core_plugins:/home/ctaylor71023/ws_moveit/install/moveit_setup_controllers:/home/ctaylor71023/ws_moveit/install/moveit_setup_app_plugins:/home/ctaylor71023/ws_moveit/install/moveit_setup_framework:/home/ctaylor71023/ws_moveit/install/moveit_servo:/home/ctaylor71023/ws_moveit/install/moveit_ros:/home/ctaylor71023/ws_moveit/install/moveit_ros_visualization:/home/ctaylor71023/ws_moveit/install/moveit_hybrid_planning:/home/ctaylor71023/ws_moveit/install/moveit_ros_planning_interface:/home/ctaylor71023/ws_moveit/install/moveit_ros_benchmarks:/home/ctaylor71023/ws_moveit/install/moveit_ros_warehouse:/home/ctaylor71023/ws_moveit/install/moveit_ros_robot_interaction:/home/ctaylor71023/ws_moveit/install/moveit_ros_perception:/home/ctaylor71023/ws_moveit/install/moveit_resources_prbt_pg70_support:/home/ctaylor71023/ws_moveit/install/moveit_resources_prbt_moveit_config:/home/ctaylor71023/ws_moveit/install/moveit_ros_move_group:/home/ctaylor71023/ws_moveit/install/moveit_planners_ompl:/home/ctaylor71023/ws_moveit/install/moveit_ros_planning:/home/ctaylor71023/ws_moveit/install/moveit_ros_occupancy_map_monitor:/home/ctaylor71023/ws_moveit/install/moveit_resources_prbt_ikfast_manipulator_plugin:/home/ctaylor71023/ws_moveit/install/moveit_planners_chomp:/home/ctaylor71023/ws_moveit/install/moveit_kinematics:/home/ctaylor71023/ws_moveit/install/moveit_chomp_optimizer_adapter:/home/ctaylor71023/ws_moveit/install/chomp_motion_planner:/home/ctaylor71023/ws_moveit/install/moveit_core:/home/ctaylor71023/ws_moveit/install/srdfdom:/home/ctaylor71023/ws_moveit/install/rviz_marker_tools:/home/ctaylor71023/ws_moveit/install/rosparam_shortcuts:/home/ctaylor71023/ws_moveit/install/moveit_task_constructor_msgs:/home/ctaylor71023/ws_moveit/install/moveit_resources_prbt_support:/home/ctaylor71023/ws_moveit/install/moveit_resources:/home/ctaylor71023/ws_moveit/install/moveit_resources_pr2_description:/home/ctaylor71023/ws_moveit/install/moveit_resources_panda_moveit_config:/home/ctaylor71023/ws_moveit/install/moveit_resources_panda_description:/home/ctaylor71023/ws_moveit/install/moveit_resources_fanuc_moveit_config:/home/ctaylor71023/ws_moveit/install/moveit_resources_fanuc_description:/home/ctaylor71023/ws_moveit/install/moveit_common:/home/ctaylor71023/ros2_ws/install/mycobot_ros2:/home/ctaylor71023/ros2_ws/install/mycobot_gazebo:/home/ctaylor71023/ros2_ws/install/mycobot_description:/home/ctaylor71023/ros2_ws/install/chomp_motion_planner:/home/ctaylor71023/turtlebot3_ws/install/turtlebot3_simulations:/home/ctaylor71023/turtlebot3_ws/install/turtlebot3_gazebo:/home/ctaylor71023/turtlebot3_ws/install/turtlebot3_fake_node:/home/ctaylor71023/turtlebot3_ws/install/msg_types:/home/ctaylor71023/turtlebot3_ws/src/install/turtlebot3_simulations:/home/ctaylor71023/turtlebot3_ws/src/install/turtlebot3_gazebo:/home/ctaylor71023/turtlebot3_ws/src/install/turtlebot3_fake_node:/home/ctaylor71023/turtlebot3_ws/src/install/msg_types:/home/ctaylor71023/ws_moveit/install/moveit_configs_utils:/home/ctaylor71023/ws_moveit/install/launch_param_builder:/home/ctaylor71023/turtlebot3_ws/install/py_subpub:/home/ctaylor71023/turtlebot3_ws/install/Crossfire_object_follower:/home/ctaylor71023/turtlebot3_ws/install/Crossfire_navigate_to_goal:/home/ctaylor71023/turtlebot3_ws/install/Crossfire_lab6:/home/ctaylor71023/turtlebot3_ws/install/Crossfire_lab5:/home/ctaylor71023/turtlebot3_ws/install/Crossfire_chase_object:/home/ctaylor71023/turtlebot3_ws/src/install/py_subpub:/home/ctaylor71023/turtlebot3_ws/src/install/Lab2:/home/ctaylor71023/turtlebot3_ws/src/install/Crossfire_object_follower:/home/ctaylor71023/turtlebot3_ws/src/install/Crossfire_navigate_to_goal:/home/ctaylor71023/turtlebot3_ws/src/install/Crossfire_lab6:/home/ctaylor71023/turtlebot3_ws/src/install/Crossfire_lab5:/home/ctaylor71023/turtlebot3_ws/src/install/Crossfire_chase_object:/opt/ros/humble /usr/bin/cmake --build /home/ctaylor71023/ros2_ws/src/ctaylor319_capstone/build/grid_map_msgs -- -j8 -l8
[7.870s] [  1%] [34m[1mGenerating C code for ROS interfaces[0m
[7.887s] [  2%] [34m[1mGenerating C++ code for ROS interfaces[0m
[7.971s] [  2%] Built target ament_cmake_python_copy_grid_map_msgs
[8.777s] running egg_info
[8.782s] creating grid_map_msgs.egg-info
[8.782s] writing grid_map_msgs.egg-info/PKG-INFO
[8.782s] writing dependency_links to grid_map_msgs.egg-info/dependency_links.txt
[8.782s] writing top-level names to grid_map_msgs.egg-info/top_level.txt
[8.783s] writing manifest file 'grid_map_msgs.egg-info/SOURCES.txt'
[8.792s] reading manifest file 'grid_map_msgs.egg-info/SOURCES.txt'
[8.793s] writing manifest file 'grid_map_msgs.egg-info/SOURCES.txt'
[8.933s] [  2%] Built target ament_cmake_python_build_grid_map_msgs_egg
[10.080s] [  2%] Built target grid_map_msgs__cpp
[10.138s] [  4%] [34m[1mGenerating C++ type support dispatch for ROS interfaces[0m
[10.154s] [  5%] [34m[1mGenerating C++ type support for eProsima Fast-RTPS[0m
[10.178s] [  7%] [34m[1mGenerating C++ introspection for ROS interfaces[0m
[10.479s] [  8%] [32mBuilding C object CMakeFiles/grid_map_msgs__rosidl_generator_c.dir/rosidl_generator_c/grid_map_msgs/msg/detail/grid_map_info__functions.c.o[0m
[10.502s] [  9%] [32mBuilding C object CMakeFiles/grid_map_msgs__rosidl_generator_c.dir/rosidl_generator_c/grid_map_msgs/srv/detail/set_grid_map__functions.c.o[0m
[10.516s] [ 11%] [32mBuilding C object CMakeFiles/grid_map_msgs__rosidl_generator_c.dir/rosidl_generator_c/grid_map_msgs/srv/detail/get_grid_map__functions.c.o[0m
[10.526s] [ 12%] [32mBuilding C object CMakeFiles/grid_map_msgs__rosidl_generator_c.dir/rosidl_generator_c/grid_map_msgs/msg/detail/grid_map__functions.c.o[0m
[10.529s] [ 14%] [32mBuilding C object CMakeFiles/grid_map_msgs__rosidl_generator_c.dir/rosidl_generator_c/grid_map_msgs/srv/detail/get_grid_map_info__functions.c.o[0m
[10.928s] [ 15%] [32mBuilding C object CMakeFiles/grid_map_msgs__rosidl_generator_c.dir/rosidl_generator_c/grid_map_msgs/srv/detail/process_file__functions.c.o[0m
[11.759s] [ 16%] [32m[1mLinking C shared library libgrid_map_msgs__rosidl_generator_c.so[0m
[12.073s] [ 16%] Built target grid_map_msgs__rosidl_generator_c
[12.166s] [ 18%] [34m[1mGenerating C type support for eProsima Fast-RTPS[0m
[12.168s] [ 19%] [34m[1mGenerating C type support dispatch for ROS interfaces[0m
[12.185s] [ 21%] [34m[1mGenerating C introspection for ROS interfaces[0m
[13.656s] [ 23%] [32mBuilding CXX object CMakeFiles/grid_map_msgs__rosidl_typesupport_cpp.dir/rosidl_typesupport_cpp/grid_map_msgs/msg/grid_map_info__type_support.cpp.o[0m
[13.659s] [ 23%] [32mBuilding CXX object CMakeFiles/grid_map_msgs__rosidl_typesupport_cpp.dir/rosidl_typesupport_cpp/grid_map_msgs/srv/set_grid_map__type_support.cpp.o[0m
[13.681s] [ 25%] [32mBuilding CXX object CMakeFiles/grid_map_msgs__rosidl_typesupport_cpp.dir/rosidl_typesupport_cpp/grid_map_msgs/msg/grid_map__type_support.cpp.o[0m
[14.744s] [ 26%] [32mBuilding CXX object CMakeFiles/grid_map_msgs__rosidl_typesupport_cpp.dir/rosidl_typesupport_cpp/grid_map_msgs/srv/get_grid_map__type_support.cpp.o[0m
[15.228s] [ 28%] [32mBuilding CXX object CMakeFiles/grid_map_msgs__rosidl_typesupport_introspection_cpp.dir/rosidl_typesupport_introspection_cpp/grid_map_msgs/msg/detail/grid_map_info__type_support.cpp.o[0m
[15.665s] [ 29%] [32mBuilding CXX object CMakeFiles/grid_map_msgs__rosidl_typesupport_introspection_cpp.dir/rosidl_typesupport_introspection_cpp/grid_map_msgs/msg/detail/grid_map__type_support.cpp.o[0m
[15.828s] [ 30%] [32mBuilding CXX object CMakeFiles/grid_map_msgs__rosidl_typesupport_cpp.dir/rosidl_typesupport_cpp/grid_map_msgs/srv/get_grid_map_info__type_support.cpp.o[0m
[16.413s] [ 32%] [32mBuilding CXX object CMakeFiles/grid_map_msgs__rosidl_typesupport_introspection_cpp.dir/rosidl_typesupport_introspection_cpp/grid_map_msgs/srv/detail/set_grid_map__type_support.cpp.o[0m
[16.752s] [ 33%] [32mBuilding CXX object CMakeFiles/grid_map_msgs__rosidl_typesupport_fastrtps_cpp.dir/rosidl_typesupport_fastrtps_cpp/grid_map_msgs/msg/detail/dds_fastrtps/grid_map_info__type_support.cpp.o[0m
[16.999s] [ 35%] [32mBuilding CXX object CMakeFiles/grid_map_msgs__rosidl_typesupport_fastrtps_c.dir/rosidl_typesupport_fastrtps_c/grid_map_msgs/msg/detail/grid_map_info__type_support_c.cpp.o[0m
[17.221s] [ 36%] [32mBuilding CXX object CMakeFiles/grid_map_msgs__rosidl_typesupport_fastrtps_cpp.dir/rosidl_typesupport_fastrtps_cpp/grid_map_msgs/msg/detail/dds_fastrtps/grid_map__type_support.cpp.o[0m
[17.244s] [ 38%] [32mBuilding C object CMakeFiles/grid_map_msgs__rosidl_typesupport_introspection_c.dir/rosidl_typesupport_introspection_c/grid_map_msgs/msg/detail/grid_map_info__type_support.c.o[0m
[17.317s] [ 39%] [32mBuilding CXX object CMakeFiles/grid_map_msgs__rosidl_typesupport_c.dir/rosidl_typesupport_c/grid_map_msgs/msg/grid_map_info__type_support.cpp.o[0m
[17.373s] [ 40%] [32mBuilding CXX object CMakeFiles/grid_map_msgs__rosidl_typesupport_cpp.dir/rosidl_typesupport_cpp/grid_map_msgs/srv/process_file__type_support.cpp.o[0m
[17.446s] [ 42%] [32mBuilding C object CMakeFiles/grid_map_msgs__rosidl_typesupport_introspection_c.dir/rosidl_typesupport_introspection_c/grid_map_msgs/msg/detail/grid_map__type_support.c.o[0m
[17.517s] [ 43%] [32mBuilding CXX object CMakeFiles/grid_map_msgs__rosidl_typesupport_c.dir/rosidl_typesupport_c/grid_map_msgs/msg/grid_map__type_support.cpp.o[0m
[17.717s] [ 45%] [32mBuilding CXX object CMakeFiles/grid_map_msgs__rosidl_typesupport_c.dir/rosidl_typesupport_c/grid_map_msgs/srv/set_grid_map__type_support.cpp.o[0m
[17.750s] [ 46%] [32mBuilding C object CMakeFiles/grid_map_msgs__rosidl_typesupport_introspection_c.dir/rosidl_typesupport_introspection_c/grid_map_msgs/srv/detail/set_grid_map__type_support.c.o[0m
[17.956s] [ 47%] [32mBuilding CXX object CMakeFiles/grid_map_msgs__rosidl_typesupport_c.dir/rosidl_typesupport_c/grid_map_msgs/srv/get_grid_map__type_support.cpp.o[0m
[18.045s] [ 49%] [32mBuilding C object CMakeFiles/grid_map_msgs__rosidl_typesupport_introspection_c.dir/rosidl_typesupport_introspection_c/grid_map_msgs/srv/detail/get_grid_map__type_support.c.o[0m
[18.176s] [ 50%] [32mBuilding CXX object CMakeFiles/grid_map_msgs__rosidl_typesupport_c.dir/rosidl_typesupport_c/grid_map_msgs/srv/get_grid_map_info__type_support.cpp.o[0m
[18.319s] [ 52%] [32mBuilding CXX object CMakeFiles/grid_map_msgs__rosidl_typesupport_fastrtps_cpp.dir/rosidl_typesupport_fastrtps_cpp/grid_map_msgs/srv/detail/dds_fastrtps/set_grid_map__type_support.cpp.o[0m
[18.367s] [ 53%] [32mBuilding C object CMakeFiles/grid_map_msgs__rosidl_typesupport_introspection_c.dir/rosidl_typesupport_introspection_c/grid_map_msgs/srv/detail/get_grid_map_info__type_support.c.o[0m
[18.409s] [ 54%] [32mBuilding CXX object CMakeFiles/grid_map_msgs__rosidl_typesupport_c.dir/rosidl_typesupport_c/grid_map_msgs/srv/process_file__type_support.cpp.o[0m
[18.428s] [ 56%] [32mBuilding CXX object CMakeFiles/grid_map_msgs__rosidl_typesupport_introspection_cpp.dir/rosidl_typesupport_introspection_cpp/grid_map_msgs/srv/detail/get_grid_map__type_support.cpp.o[0m
[18.446s] [ 57%] [32m[1mLinking CXX shared library libgrid_map_msgs__rosidl_typesupport_cpp.so[0m
[18.639s] [ 59%] [32mBuilding C object CMakeFiles/grid_map_msgs__rosidl_typesupport_introspection_c.dir/rosidl_typesupport_introspection_c/grid_map_msgs/srv/detail/process_file__type_support.c.o[0m
[18.643s] [ 60%] [32mBuilding CXX object CMakeFiles/grid_map_msgs__rosidl_typesupport_fastrtps_cpp.dir/rosidl_typesupport_fastrtps_cpp/grid_map_msgs/srv/detail/dds_fastrtps/get_grid_map__type_support.cpp.o[0m
[18.644s] [ 61%] [32m[1mLinking CXX shared library libgrid_map_msgs__rosidl_typesupport_c.so[0m
[18.648s] [ 63%] [32mBuilding CXX object CMakeFiles/grid_map_msgs__rosidl_typesupport_fastrtps_c.dir/rosidl_typesupport_fastrtps_c/grid_map_msgs/msg/detail/grid_map__type_support_c.cpp.o[0m
[18.683s] [ 63%] Built target grid_map_msgs__rosidl_typesupport_cpp
[18.745s] [ 64%] [32mBuilding CXX object CMakeFiles/grid_map_msgs__rosidl_typesupport_fastrtps_c.dir/rosidl_typesupport_fastrtps_c/grid_map_msgs/srv/detail/set_grid_map__type_support_c.cpp.o[0m
[18.842s] [ 64%] Built target grid_map_msgs__rosidl_typesupport_c
[18.920s] [ 66%] [32m[1mLinking C shared library libgrid_map_msgs__rosidl_typesupport_introspection_c.so[0m
[18.927s] [ 67%] [32mBuilding CXX object CMakeFiles/grid_map_msgs__rosidl_typesupport_fastrtps_c.dir/rosidl_typesupport_fastrtps_c/grid_map_msgs/srv/detail/get_grid_map__type_support_c.cpp.o[0m
[19.141s] [ 67%] Built target grid_map_msgs__rosidl_typesupport_introspection_c
[19.204s] [ 69%] [32mBuilding CXX object CMakeFiles/grid_map_msgs__rosidl_typesupport_fastrtps_c.dir/rosidl_typesupport_fastrtps_c/grid_map_msgs/srv/detail/get_grid_map_info__type_support_c.cpp.o[0m
[19.590s] [ 70%] [32mBuilding CXX object CMakeFiles/grid_map_msgs__rosidl_typesupport_introspection_cpp.dir/rosidl_typesupport_introspection_cpp/grid_map_msgs/srv/detail/get_grid_map_info__type_support.cpp.o[0m
[20.260s] [ 71%] [32mBuilding CXX object CMakeFiles/grid_map_msgs__rosidl_typesupport_introspection_cpp.dir/rosidl_typesupport_introspection_cpp/grid_map_msgs/srv/detail/process_file__type_support.cpp.o[0m
[20.336s] [ 73%] [32mBuilding CXX object CMakeFiles/grid_map_msgs__rosidl_typesupport_fastrtps_c.dir/rosidl_typesupport_fastrtps_c/grid_map_msgs/srv/detail/process_file__type_support_c.cpp.o[0m
[20.336s] [ 74%] [32mBuilding CXX object CMakeFiles/grid_map_msgs__rosidl_typesupport_fastrtps_cpp.dir/rosidl_typesupport_fastrtps_cpp/grid_map_msgs/srv/detail/dds_fastrtps/get_grid_map_info__type_support.cpp.o[0m
[20.536s] [ 76%] [32mBuilding CXX object CMakeFiles/grid_map_msgs__rosidl_typesupport_fastrtps_cpp.dir/rosidl_typesupport_fastrtps_cpp/grid_map_msgs/srv/detail/dds_fastrtps/process_file__type_support.cpp.o[0m
[21.488s] [ 77%] [32m[1mLinking CXX shared library libgrid_map_msgs__rosidl_typesupport_introspection_cpp.so[0m
[21.582s] [ 78%] [32m[1mLinking CXX shared library libgrid_map_msgs__rosidl_typesupport_fastrtps_c.so[0m
[21.697s] [ 78%] Built target grid_map_msgs__rosidl_typesupport_introspection_cpp
[21.740s] [ 78%] Built target grid_map_msgs__rosidl_typesupport_fastrtps_c
[21.823s] [ 80%] [32m[1mLinking CXX shared library libgrid_map_msgs__rosidl_typesupport_fastrtps_cpp.so[0m
[21.964s] [ 80%] Built target grid_map_msgs__rosidl_typesupport_fastrtps_cpp
[22.017s] [ 80%] Built target grid_map_msgs
[22.069s] [ 81%] [34m[1mGenerating Python code for ROS interfaces[0m
[24.543s] [ 81%] Built target grid_map_msgs__py
[24.606s] [ 83%] [32mBuilding C object CMakeFiles/grid_map_msgs__rosidl_generator_py.dir/rosidl_generator_py/grid_map_msgs/srv/_get_grid_map_s.c.o[0m
[24.607s] [ 84%] [32mBuilding C object CMakeFiles/grid_map_msgs__rosidl_generator_py.dir/rosidl_generator_py/grid_map_msgs/msg/_grid_map_s.c.o[0m
[24.607s] [ 85%] [32mBuilding C object CMakeFiles/grid_map_msgs__rosidl_generator_py.dir/rosidl_generator_py/grid_map_msgs/srv/_set_grid_map_s.c.o[0m
[24.611s] [ 87%] [32mBuilding C object CMakeFiles/grid_map_msgs__rosidl_generator_py.dir/rosidl_generator_py/grid_map_msgs/msg/_grid_map_info_s.c.o[0m
[24.614s] [ 88%] [32mBuilding C object CMakeFiles/grid_map_msgs__rosidl_generator_py.dir/rosidl_generator_py/grid_map_msgs/srv/_get_grid_map_info_s.c.o[0m
[24.626s] [ 90%] [32mBuilding C object CMakeFiles/grid_map_msgs__rosidl_generator_py.dir/rosidl_generator_py/grid_map_msgs/srv/_process_file_s.c.o[0m
[25.211s] [ 91%] [32m[1mLinking C shared library rosidl_generator_py/grid_map_msgs/libgrid_map_msgs__rosidl_generator_py.so[0m
[25.499s] [ 91%] Built target grid_map_msgs__rosidl_generator_py
[25.657s] [ 94%] [32mBuilding C object CMakeFiles/grid_map_msgs__rosidl_typesupport_fastrtps_c__pyext.dir/rosidl_generator_py/grid_map_msgs/_grid_map_msgs_s.ep.rosidl_typesupport_fastrtps_c.c.o[0m
[25.661s] [ 94%] [32mBuilding C object CMakeFiles/grid_map_msgs__rosidl_typesupport_introspection_c__pyext.dir/rosidl_generator_py/grid_map_msgs/_grid_map_msgs_s.ep.rosidl_typesupport_introspection_c.c.o[0m
[25.663s] [ 95%] [32mBuilding C object CMakeFiles/grid_map_msgs__rosidl_typesupport_c__pyext.dir/rosidl_generator_py/grid_map_msgs/_grid_map_msgs_s.ep.rosidl_typesupport_c.c.o[0m
[26.522s] [ 97%] [32m[1mLinking C shared library rosidl_generator_py/grid_map_msgs/grid_map_msgs_s__rosidl_typesupport_introspection_c.cpython-310-x86_64-linux-gnu.so[0m
[26.612s] [ 98%] [32m[1mLinking C shared library rosidl_generator_py/grid_map_msgs/grid_map_msgs_s__rosidl_typesupport_fastrtps_c.cpython-310-x86_64-linux-gnu.so[0m
[26.721s] [ 98%] Built target grid_map_msgs__rosidl_typesupport_introspection_c__pyext
[26.916s] [100%] [32m[1mLinking C shared library rosidl_generator_py/grid_map_msgs/grid_map_msgs_s__rosidl_typesupport_c.cpython-310-x86_64-linux-gnu.so[0m
[26.970s] [100%] Built target grid_map_msgs__rosidl_typesupport_fastrtps_c__pyext
[27.055s] [100%] Built target grid_map_msgs__rosidl_typesupport_c__pyext
[27.131s] Invoked command in '/home/ctaylor71023/ros2_ws/src/ctaylor319_capstone/build/grid_map_msgs' returned '0': AMENT_PREFIX_PATH=/home/ctaylor71023/ros2_ws/src/ctaylor319_capstone/install/grid_map_cmake_helpers:${AMENT_PREFIX_PATH} CMAKE_PREFIX_PATH=/home/ctaylor71023/ros2_ws/src/ctaylor319_capstone/install/grid_map_cmake_helpers:/home/ctaylor71023/ws_moveit/install/pilz_industrial_motion_planner_testutils:/home/ctaylor71023/ws_moveit/install/moveit_runtime:/home/ctaylor71023/ws_moveit/install/moveit2_tutorials:/home/ctaylor71023/ws_moveit/install/moveit:/home/ctaylor71023/ws_moveit/install/moveit_planners:/home/ctaylor71023/ws_moveit/install/pilz_industrial_motion_planner:/home/ctaylor71023/ws_moveit/install/moveit_visual_tools:/home/ctaylor71023/ws_moveit/install/moveit_task_constructor_visualization:/home/ctaylor71023/ws_moveit/install/moveit_task_constructor_demo:/home/ctaylor71023/ws_moveit/install/moveit_task_constructor_capabilities:/home/ctaylor71023/ws_moveit/install/moveit_task_constructor_core:/home/ctaylor71023/ws_moveit/install/moveit_ros_control_interface:/home/ctaylor71023/ws_moveit/install/moveit_plugins:/home/ctaylor71023/ws_moveit/install/moveit_simple_controller_manager:/home/ctaylor71023/ws_moveit/install/moveit_setup_assistant:/home/ctaylor71023/ws_moveit/install/moveit_setup_srdf_plugins:/home/ctaylor71023/ws_moveit/install/moveit_setup_core_plugins:/home/ctaylor71023/ws_moveit/install/moveit_setup_controllers:/home/ctaylor71023/ws_moveit/install/moveit_setup_app_plugins:/home/ctaylor71023/ws_moveit/install/moveit_setup_framework:/home/ctaylor71023/ws_moveit/install/moveit_servo:/home/ctaylor71023/ws_moveit/install/moveit_ros:/home/ctaylor71023/ws_moveit/install/moveit_ros_visualization:/home/ctaylor71023/ws_moveit/install/moveit_hybrid_planning:/home/ctaylor71023/ws_moveit/install/moveit_ros_planning_interface:/home/ctaylor71023/ws_moveit/install/moveit_ros_benchmarks:/home/ctaylor71023/ws_moveit/install/moveit_ros_warehouse:/home/ctaylor71023/ws_moveit/install/moveit_ros_robot_interaction:/home/ctaylor71023/ws_moveit/install/moveit_ros_perception:/home/ctaylor71023/ws_moveit/install/moveit_resources_prbt_pg70_support:/home/ctaylor71023/ws_moveit/install/moveit_resources_prbt_moveit_config:/home/ctaylor71023/ws_moveit/install/moveit_ros_move_group:/home/ctaylor71023/ws_moveit/install/moveit_planners_ompl:/home/ctaylor71023/ws_moveit/install/moveit_ros_planning:/home/ctaylor71023/ws_moveit/install/moveit_ros_occupancy_map_monitor:/home/ctaylor71023/ws_moveit/install/moveit_resources_prbt_ikfast_manipulator_plugin:/home/ctaylor71023/ws_moveit/install/moveit_planners_chomp:/home/ctaylor71023/ws_moveit/install/moveit_kinematics:/home/ctaylor71023/ws_moveit/install/moveit_chomp_optimizer_adapter:/home/ctaylor71023/ws_moveit/install/chomp_motion_planner:/home/ctaylor71023/ws_moveit/install/moveit_core:/home/ctaylor71023/ws_moveit/install/srdfdom:/home/ctaylor71023/ws_moveit/install/rviz_marker_tools:/home/ctaylor71023/ws_moveit/install/rosparam_shortcuts:/home/ctaylor71023/ws_moveit/install/moveit_task_constructor_msgs:/home/ctaylor71023/ws_moveit/install/moveit_resources_prbt_support:/home/ctaylor71023/ws_moveit/install/moveit_resources:/home/ctaylor71023/ws_moveit/install/moveit_resources_pr2_description:/home/ctaylor71023/ws_moveit/install/moveit_resources_panda_moveit_config:/home/ctaylor71023/ws_moveit/install/moveit_resources_panda_description:/home/ctaylor71023/ws_moveit/install/moveit_resources_fanuc_moveit_config:/home/ctaylor71023/ws_moveit/install/moveit_resources_fanuc_description:/home/ctaylor71023/ws_moveit/install/moveit_common:/home/ctaylor71023/ros2_ws/install/mycobot_ros2:/home/ctaylor71023/ros2_ws/install/mycobot_gazebo:/home/ctaylor71023/ros2_ws/install/mycobot_description:/home/ctaylor71023/ros2_ws/install/chomp_motion_planner:/home/ctaylor71023/turtlebot3_ws/install/turtlebot3_simulations:/home/ctaylor71023/turtlebot3_ws/install/turtlebot3_gazebo:/home/ctaylor71023/turtlebot3_ws/install/turtlebot3_fake_node:/home/ctaylor71023/turtlebot3_ws/install/msg_types:/home/ctaylor71023/turtlebot3_ws/src/install/turtlebot3_simulations:/home/ctaylor71023/turtlebot3_ws/src/install/turtlebot3_gazebo:/home/ctaylor71023/turtlebot3_ws/src/install/turtlebot3_fake_node:/home/ctaylor71023/turtlebot3_ws/src/install/msg_types:/home/ctaylor71023/ws_moveit/install/moveit_configs_utils:/home/ctaylor71023/ws_moveit/install/launch_param_builder:/home/ctaylor71023/turtlebot3_ws/install/py_subpub:/home/ctaylor71023/turtlebot3_ws/install/Crossfire_object_follower:/home/ctaylor71023/turtlebot3_ws/install/Crossfire_navigate_to_goal:/home/ctaylor71023/turtlebot3_ws/install/Crossfire_lab6:/home/ctaylor71023/turtlebot3_ws/install/Crossfire_lab5:/home/ctaylor71023/turtlebot3_ws/install/Crossfire_chase_object:/home/ctaylor71023/turtlebot3_ws/src/install/py_subpub:/home/ctaylor71023/turtlebot3_ws/src/install/Lab2:/home/ctaylor71023/turtlebot3_ws/src/install/Crossfire_object_follower:/home/ctaylor71023/turtlebot3_ws/src/install/Crossfire_navigate_to_goal:/home/ctaylor71023/turtlebot3_ws/src/install/Crossfire_lab6:/home/ctaylor71023/turtlebot3_ws/src/install/Crossfire_lab5:/home/ctaylor71023/turtlebot3_ws/src/install/Crossfire_chase_object:/opt/ros/humble /usr/bin/cmake --build /home/ctaylor71023/ros2_ws/src/ctaylor319_capstone/build/grid_map_msgs -- -j8 -l8
[28.740s] Invoking command in '/home/ctaylor71023/ros2_ws/src/ctaylor319_capstone/build/grid_map_msgs': AMENT_PREFIX_PATH=/home/ctaylor71023/ros2_ws/src/ctaylor319_capstone/install/grid_map_cmake_helpers:${AMENT_PREFIX_PATH} CMAKE_PREFIX_PATH=/home/ctaylor71023/ros2_ws/src/ctaylor319_capstone/install/grid_map_cmake_helpers:/home/ctaylor71023/ws_moveit/install/pilz_industrial_motion_planner_testutils:/home/ctaylor71023/ws_moveit/install/moveit_runtime:/home/ctaylor71023/ws_moveit/install/moveit2_tutorials:/home/ctaylor71023/ws_moveit/install/moveit:/home/ctaylor71023/ws_moveit/install/moveit_planners:/home/ctaylor71023/ws_moveit/install/pilz_industrial_motion_planner:/home/ctaylor71023/ws_moveit/install/moveit_visual_tools:/home/ctaylor71023/ws_moveit/install/moveit_task_constructor_visualization:/home/ctaylor71023/ws_moveit/install/moveit_task_constructor_demo:/home/ctaylor71023/ws_moveit/install/moveit_task_constructor_capabilities:/home/ctaylor71023/ws_moveit/install/moveit_task_constructor_core:/home/ctaylor71023/ws_moveit/install/moveit_ros_control_interface:/home/ctaylor71023/ws_moveit/install/moveit_plugins:/home/ctaylor71023/ws_moveit/install/moveit_simple_controller_manager:/home/ctaylor71023/ws_moveit/install/moveit_setup_assistant:/home/ctaylor71023/ws_moveit/install/moveit_setup_srdf_plugins:/home/ctaylor71023/ws_moveit/install/moveit_setup_core_plugins:/home/ctaylor71023/ws_moveit/install/moveit_setup_controllers:/home/ctaylor71023/ws_moveit/install/moveit_setup_app_plugins:/home/ctaylor71023/ws_moveit/install/moveit_setup_framework:/home/ctaylor71023/ws_moveit/install/moveit_servo:/home/ctaylor71023/ws_moveit/install/moveit_ros:/home/ctaylor71023/ws_moveit/install/moveit_ros_visualization:/home/ctaylor71023/ws_moveit/install/moveit_hybrid_planning:/home/ctaylor71023/ws_moveit/install/moveit_ros_planning_interface:/home/ctaylor71023/ws_moveit/install/moveit_ros_benchmarks:/home/ctaylor71023/ws_moveit/install/moveit_ros_warehouse:/home/ctaylor71023/ws_moveit/install/moveit_ros_robot_interaction:/home/ctaylor71023/ws_moveit/install/moveit_ros_perception:/home/ctaylor71023/ws_moveit/install/moveit_resources_prbt_pg70_support:/home/ctaylor71023/ws_moveit/install/moveit_resources_prbt_moveit_config:/home/ctaylor71023/ws_moveit/install/moveit_ros_move_group:/home/ctaylor71023/ws_moveit/install/moveit_planners_ompl:/home/ctaylor71023/ws_moveit/install/moveit_ros_planning:/home/ctaylor71023/ws_moveit/install/moveit_ros_occupancy_map_monitor:/home/ctaylor71023/ws_moveit/install/moveit_resources_prbt_ikfast_manipulator_plugin:/home/ctaylor71023/ws_moveit/install/moveit_planners_chomp:/home/ctaylor71023/ws_moveit/install/moveit_kinematics:/home/ctaylor71023/ws_moveit/install/moveit_chomp_optimizer_adapter:/home/ctaylor71023/ws_moveit/install/chomp_motion_planner:/home/ctaylor71023/ws_moveit/install/moveit_core:/home/ctaylor71023/ws_moveit/install/srdfdom:/home/ctaylor71023/ws_moveit/install/rviz_marker_tools:/home/ctaylor71023/ws_moveit/install/rosparam_shortcuts:/home/ctaylor71023/ws_moveit/install/moveit_task_constructor_msgs:/home/ctaylor71023/ws_moveit/install/moveit_resources_prbt_support:/home/ctaylor71023/ws_moveit/install/moveit_resources:/home/ctaylor71023/ws_moveit/install/moveit_resources_pr2_description:/home/ctaylor71023/ws_moveit/install/moveit_resources_panda_moveit_config:/home/ctaylor71023/ws_moveit/install/moveit_resources_panda_description:/home/ctaylor71023/ws_moveit/install/moveit_resources_fanuc_moveit_config:/home/ctaylor71023/ws_moveit/install/moveit_resources_fanuc_description:/home/ctaylor71023/ws_moveit/install/moveit_common:/home/ctaylor71023/ros2_ws/install/mycobot_ros2:/home/ctaylor71023/ros2_ws/install/mycobot_gazebo:/home/ctaylor71023/ros2_ws/install/mycobot_description:/home/ctaylor71023/ros2_ws/install/chomp_motion_planner:/home/ctaylor71023/turtlebot3_ws/install/turtlebot3_simulations:/home/ctaylor71023/turtlebot3_ws/install/turtlebot3_gazebo:/home/ctaylor71023/turtlebot3_ws/install/turtlebot3_fake_node:/home/ctaylor71023/turtlebot3_ws/install/msg_types:/home/ctaylor71023/turtlebot3_ws/src/install/turtlebot3_simulations:/home/ctaylor71023/turtlebot3_ws/src/install/turtlebot3_gazebo:/home/ctaylor71023/turtlebot3_ws/src/install/turtlebot3_fake_node:/home/ctaylor71023/turtlebot3_ws/src/install/msg_types:/home/ctaylor71023/ws_moveit/install/moveit_configs_utils:/home/ctaylor71023/ws_moveit/install/launch_param_builder:/home/ctaylor71023/turtlebot3_ws/install/py_subpub:/home/ctaylor71023/turtlebot3_ws/install/Crossfire_object_follower:/home/ctaylor71023/turtlebot3_ws/install/Crossfire_navigate_to_goal:/home/ctaylor71023/turtlebot3_ws/install/Crossfire_lab6:/home/ctaylor71023/turtlebot3_ws/install/Crossfire_lab5:/home/ctaylor71023/turtlebot3_ws/install/Crossfire_chase_object:/home/ctaylor71023/turtlebot3_ws/src/install/py_subpub:/home/ctaylor71023/turtlebot3_ws/src/install/Lab2:/home/ctaylor71023/turtlebot3_ws/src/install/Crossfire_object_follower:/home/ctaylor71023/turtlebot3_ws/src/install/Crossfire_navigate_to_goal:/home/ctaylor71023/turtlebot3_ws/src/install/Crossfire_lab6:/home/ctaylor71023/turtlebot3_ws/src/install/Crossfire_lab5:/home/ctaylor71023/turtlebot3_ws/src/install/Crossfire_chase_object:/opt/ros/humble /usr/bin/cmake --install /home/ctaylor71023/ros2_ws/src/ctaylor319_capstone/build/grid_map_msgs
[28.792s] -- Install configuration: "Release"
[28.796s] -- Installing: /home/ctaylor71023/ros2_ws/src/ctaylor319_capstone/install/grid_map_msgs/share/ament_index/resource_index/rosidl_interfaces/grid_map_msgs
[28.797s] -- Installing: /home/ctaylor71023/ros2_ws/src/ctaylor319_capstone/install/grid_map_msgs/include/grid_map_msgs/grid_map_msgs
[28.800s] -- Installing: /home/ctaylor71023/ros2_ws/src/ctaylor319_capstone/install/grid_map_msgs/include/grid_map_msgs/grid_map_msgs/msg
[28.801s] -- Installing: /home/ctaylor71023/ros2_ws/src/ctaylor319_capstone/install/grid_map_msgs/include/grid_map_msgs/grid_map_msgs/msg/rosidl_generator_c__visibility_control.h
[28.802s] -- Installing: /home/ctaylor71023/ros2_ws/src/ctaylor319_capstone/install/grid_map_msgs/include/grid_map_msgs/grid_map_msgs/msg/grid_map_info.h
[28.802s] -- Installing: /home/ctaylor71023/ros2_ws/src/ctaylor319_capstone/install/grid_map_msgs/include/grid_map_msgs/grid_map_msgs/msg/grid_map.h
[28.802s] -- Installing: /home/ctaylor71023/ros2_ws/src/ctaylor319_capstone/install/grid_map_msgs/include/grid_map_msgs/grid_map_msgs/msg/detail
[28.802s] -- Installing: /home/ctaylor71023/ros2_ws/src/ctaylor319_capstone/install/grid_map_msgs/include/grid_map_msgs/grid_map_msgs/msg/detail/grid_map_info__struct.h
[28.803s] -- Installing: /home/ctaylor71023/ros2_ws/src/ctaylor319_capstone/install/grid_map_msgs/include/grid_map_msgs/grid_map_msgs/msg/detail/grid_map__functions.h
[28.803s] -- Installing: /home/ctaylor71023/ros2_ws/src/ctaylor319_capstone/install/grid_map_msgs/include/grid_map_msgs/grid_map_msgs/msg/detail/grid_map__type_support.h
[28.804s] -- Installing: /home/ctaylor71023/ros2_ws/src/ctaylor319_capstone/install/grid_map_msgs/include/grid_map_msgs/grid_map_msgs/msg/detail/grid_map_info__type_support.h
[28.804s] -- Installing: /home/ctaylor71023/ros2_ws/src/ctaylor319_capstone/install/grid_map_msgs/include/grid_map_msgs/grid_map_msgs/msg/detail/grid_map_info__functions.h
[28.804s] -- Installing: /home/ctaylor71023/ros2_ws/src/ctaylor319_capstone/install/grid_map_msgs/include/grid_map_msgs/grid_map_msgs/msg/detail/grid_map__functions.c
[28.807s] -- Installing: /home/ctaylor71023/ros2_ws/src/ctaylor319_capstone/install/grid_map_msgs/include/grid_map_msgs/grid_map_msgs/msg/detail/grid_map__struct.h
[28.811s] -- Installing: /home/ctaylor71023/ros2_ws/src/ctaylor319_capstone/install/grid_map_msgs/include/grid_map_msgs/grid_map_msgs/msg/detail/grid_map_info__functions.c
[28.811s] -- Installing: /home/ctaylor71023/ros2_ws/src/ctaylor319_capstone/install/grid_map_msgs/include/grid_map_msgs/grid_map_msgs/srv
[28.812s] -- Installing: /home/ctaylor71023/ros2_ws/src/ctaylor319_capstone/install/grid_map_msgs/include/grid_map_msgs/grid_map_msgs/srv/process_file.h
[28.812s] -- Installing: /home/ctaylor71023/ros2_ws/src/ctaylor319_capstone/install/grid_map_msgs/include/grid_map_msgs/grid_map_msgs/srv/set_grid_map.h
[28.812s] -- Installing: /home/ctaylor71023/ros2_ws/src/ctaylor319_capstone/install/grid_map_msgs/include/grid_map_msgs/grid_map_msgs/srv/get_grid_map.h
[28.812s] -- Installing: /home/ctaylor71023/ros2_ws/src/ctaylor319_capstone/install/grid_map_msgs/include/grid_map_msgs/grid_map_msgs/srv/detail
[28.812s] -- Installing: /home/ctaylor71023/ros2_ws/src/ctaylor319_capstone/install/grid_map_msgs/include/grid_map_msgs/grid_map_msgs/srv/detail/get_grid_map_info__functions.h
[28.813s] -- Installing: /home/ctaylor71023/ros2_ws/src/ctaylor319_capstone/install/grid_map_msgs/include/grid_map_msgs/grid_map_msgs/srv/detail/get_grid_map__type_support.h
[28.813s] -- Installing: /home/ctaylor71023/ros2_ws/src/ctaylor319_capstone/install/grid_map_msgs/include/grid_map_msgs/grid_map_msgs/srv/detail/set_grid_map__type_support.h
[28.813s] -- Installing: /home/ctaylor71023/ros2_ws/src/ctaylor319_capstone/install/grid_map_msgs/include/grid_map_msgs/grid_map_msgs/srv/detail/set_grid_map__struct.h
[28.813s] -- Installing: /home/ctaylor71023/ros2_ws/src/ctaylor319_capstone/install/grid_map_msgs/include/grid_map_msgs/grid_map_msgs/srv/detail/process_file__type_support.h
[28.817s] -- Installing: /home/ctaylor71023/ros2_ws/src/ctaylor319_capstone/install/grid_map_msgs/include/grid_map_msgs/grid_map_msgs/srv/detail/set_grid_map__functions.h
[28.821s] -- Installing: /home/ctaylor71023/ros2_ws/src/ctaylor319_capstone/install/grid_map_msgs/include/grid_map_msgs/grid_map_msgs/srv/detail/get_grid_map__functions.h
[28.821s] -- Installing: /home/ctaylor71023/ros2_ws/src/ctaylor319_capstone/install/grid_map_msgs/include/grid_map_msgs/grid_map_msgs/srv/detail/get_grid_map_info__type_support.h
[28.821s] -- Installing: /home/ctaylor71023/ros2_ws/src/ctaylor319_capstone/install/grid_map_msgs/include/grid_map_msgs/grid_map_msgs/srv/detail/set_grid_map__functions.c
[28.822s] -- Installing: /home/ctaylor71023/ros2_ws/src/ctaylor319_capstone/install/grid_map_msgs/include/grid_map_msgs/grid_map_msgs/srv/detail/process_file__functions.h
[28.822s] -- Installing: /home/ctaylor71023/ros2_ws/src/ctaylor319_capstone/install/grid_map_msgs/include/grid_map_msgs/grid_map_msgs/srv/detail/get_grid_map_info__functions.c
[28.822s] -- Installing: /home/ctaylor71023/ros2_ws/src/ctaylor319_capstone/install/grid_map_msgs/include/grid_map_msgs/grid_map_msgs/srv/detail/get_grid_map_info__struct.h
[28.822s] -- Installing: /home/ctaylor71023/ros2_ws/src/ctaylor319_capstone/install/grid_map_msgs/include/grid_map_msgs/grid_map_msgs/srv/detail/process_file__functions.c
[28.823s] -- Installing: /home/ctaylor71023/ros2_ws/src/ctaylor319_capstone/install/grid_map_msgs/include/grid_map_msgs/grid_map_msgs/srv/detail/get_grid_map__struct.h
[28.823s] -- Installing: /home/ctaylor71023/ros2_ws/src/ctaylor319_capstone/install/grid_map_msgs/include/grid_map_msgs/grid_map_msgs/srv/detail/get_grid_map__functions.c
[28.823s] -- Installing: /home/ctaylor71023/ros2_ws/src/ctaylor319_capstone/install/grid_map_msgs/include/grid_map_msgs/grid_map_msgs/srv/detail/process_file__struct.h
[28.824s] -- Installing: /home/ctaylor71023/ros2_ws/src/ctaylor319_capstone/install/grid_map_msgs/include/grid_map_msgs/grid_map_msgs/srv/get_grid_map_info.h
[28.824s] -- Installing: /home/ctaylor71023/ros2_ws/src/ctaylor319_capstone/install/grid_map_msgs/share/grid_map_msgs/environment/library_path.sh
[28.828s] -- Installing: /home/ctaylor71023/ros2_ws/src/ctaylor319_capstone/install/grid_map_msgs/share/grid_map_msgs/environment/library_path.dsv
[28.828s] -- Installing: /home/ctaylor71023/ros2_ws/src/ctaylor319_capstone/install/grid_map_msgs/lib/libgrid_map_msgs__rosidl_generator_c.so
[28.829s] -- Set runtime path of "/home/ctaylor71023/ros2_ws/src/ctaylor319_capstone/install/grid_map_msgs/lib/libgrid_map_msgs__rosidl_generator_c.so" to ""
[28.829s] -- Up-to-date: /home/ctaylor71023/ros2_ws/src/ctaylor319_capstone/install/grid_map_msgs/include/grid_map_msgs/grid_map_msgs
[28.829s] -- Up-to-date: /home/ctaylor71023/ros2_ws/src/ctaylor319_capstone/install/grid_map_msgs/include/grid_map_msgs/grid_map_msgs/msg
[28.830s] -- Up-to-date: /home/ctaylor71023/ros2_ws/src/ctaylor319_capstone/install/grid_map_msgs/include/grid_map_msgs/grid_map_msgs/msg/detail
[28.830s] -- Installing: /home/ctaylor71023/ros2_ws/src/ctaylor319_capstone/install/grid_map_msgs/include/grid_map_msgs/grid_map_msgs/msg/detail/grid_map_info__rosidl_typesupport_fastrtps_c.h
[28.830s] -- Installing: /home/ctaylor71023/ros2_ws/src/ctaylor319_capstone/install/grid_map_msgs/include/grid_map_msgs/grid_map_msgs/msg/detail/grid_map__rosidl_typesupport_fastrtps_c.h
[28.830s] -- Installing: /home/ctaylor71023/ros2_ws/src/ctaylor319_capstone/install/grid_map_msgs/include/grid_map_msgs/grid_map_msgs/msg/rosidl_typesupport_fastrtps_c__visibility_control.h
[28.831s] -- Up-to-date: /home/ctaylor71023/ros2_ws/src/ctaylor319_capstone/install/grid_map_msgs/include/grid_map_msgs/grid_map_msgs/srv
[28.831s] -- Up-to-date: /home/ctaylor71023/ros2_ws/src/ctaylor319_capstone/install/grid_map_msgs/include/grid_map_msgs/grid_map_msgs/srv/detail
[28.831s] -- Installing: /home/ctaylor71023/ros2_ws/src/ctaylor319_capstone/install/grid_map_msgs/include/grid_map_msgs/grid_map_msgs/srv/detail/process_file__rosidl_typesupport_fastrtps_c.h
[28.831s] -- Installing: /home/ctaylor71023/ros2_ws/src/ctaylor319_capstone/install/grid_map_msgs/include/grid_map_msgs/grid_map_msgs/srv/detail/get_grid_map_info__rosidl_typesupport_fastrtps_c.h
[28.832s] -- Installing: /home/ctaylor71023/ros2_ws/src/ctaylor319_capstone/install/grid_map_msgs/include/grid_map_msgs/grid_map_msgs/srv/detail/get_grid_map__rosidl_typesupport_fastrtps_c.h
[28.832s] -- Installing: /home/ctaylor71023/ros2_ws/src/ctaylor319_capstone/install/grid_map_msgs/include/grid_map_msgs/grid_map_msgs/srv/detail/set_grid_map__rosidl_typesupport_fastrtps_c.h
[28.832s] -- Installing: /home/ctaylor71023/ros2_ws/src/ctaylor319_capstone/install/grid_map_msgs/lib/libgrid_map_msgs__rosidl_typesupport_fastrtps_c.so
[28.836s] -- Set runtime path of "/home/ctaylor71023/ros2_ws/src/ctaylor319_capstone/install/grid_map_msgs/lib/libgrid_map_msgs__rosidl_typesupport_fastrtps_c.so" to ""
[28.836s] -- Up-to-date: /home/ctaylor71023/ros2_ws/src/ctaylor319_capstone/install/grid_map_msgs/include/grid_map_msgs/grid_map_msgs
[28.836s] -- Up-to-date: /home/ctaylor71023/ros2_ws/src/ctaylor319_capstone/install/grid_map_msgs/include/grid_map_msgs/grid_map_msgs/msg
[28.837s] -- Up-to-date: /home/ctaylor71023/ros2_ws/src/ctaylor319_capstone/install/grid_map_msgs/include/grid_map_msgs/grid_map_msgs/msg/detail
[28.837s] -- Installing: /home/ctaylor71023/ros2_ws/src/ctaylor319_capstone/install/grid_map_msgs/include/grid_map_msgs/grid_map_msgs/msg/detail/grid_map__struct.hpp
[28.837s] -- Installing: /home/ctaylor71023/ros2_ws/src/ctaylor319_capstone/install/grid_map_msgs/include/grid_map_msgs/grid_map_msgs/msg/detail/grid_map__builder.hpp
[28.838s] -- Installing: /home/ctaylor71023/ros2_ws/src/ctaylor319_capstone/install/grid_map_msgs/include/grid_map_msgs/grid_map_msgs/msg/detail/grid_map__traits.hpp
[28.838s] -- Installing: /home/ctaylor71023/ros2_ws/src/ctaylor319_capstone/install/grid_map_msgs/include/grid_map_msgs/grid_map_msgs/msg/detail/grid_map_info__struct.hpp
[28.839s] -- Installing: /home/ctaylor71023/ros2_ws/src/ctaylor319_capstone/install/grid_map_msgs/include/grid_map_msgs/grid_map_msgs/msg/detail/grid_map_info__traits.hpp
[28.839s] -- Installing: /home/ctaylor71023/ros2_ws/src/ctaylor319_capstone/install/grid_map_msgs/include/grid_map_msgs/grid_map_msgs/msg/detail/grid_map_info__builder.hpp
[28.840s] -- Installing: /home/ctaylor71023/ros2_ws/src/ctaylor319_capstone/install/grid_map_msgs/include/grid_map_msgs/grid_map_msgs/msg/grid_map.hpp
[28.840s] -- Installing: /home/ctaylor71023/ros2_ws/src/ctaylor319_capstone/install/grid_map_msgs/include/grid_map_msgs/grid_map_msgs/msg/grid_map_info.hpp
[28.842s] -- Up-to-date: /home/ctaylor71023/ros2_ws/src/ctaylor319_capstone/install/grid_map_msgs/include/grid_map_msgs/grid_map_msgs/srv
[28.843s] -- Installing: /home/ctaylor71023/ros2_ws/src/ctaylor319_capstone/install/grid_map_msgs/include/grid_map_msgs/grid_map_msgs/srv/process_file.hpp
[28.843s] -- Installing: /home/ctaylor71023/ros2_ws/src/ctaylor319_capstone/install/grid_map_msgs/include/grid_map_msgs/grid_map_msgs/srv/get_grid_map.hpp
[28.843s] -- Installing: /home/ctaylor71023/ros2_ws/src/ctaylor319_capstone/install/grid_map_msgs/include/grid_map_msgs/grid_map_msgs/srv/set_grid_map.hpp
[28.844s] -- Installing: /home/ctaylor71023/ros2_ws/src/ctaylor319_capstone/install/grid_map_msgs/include/grid_map_msgs/grid_map_msgs/srv/get_grid_map_info.hpp
[28.844s] -- Up-to-date: /home/ctaylor71023/ros2_ws/src/ctaylor319_capstone/install/grid_map_msgs/include/grid_map_msgs/grid_map_msgs/srv/detail
[28.845s] -- Installing: /home/ctaylor71023/ros2_ws/src/ctaylor319_capstone/install/grid_map_msgs/include/grid_map_msgs/grid_map_msgs/srv/detail/get_grid_map_info__builder.hpp
[28.846s] -- Installing: /home/ctaylor71023/ros2_ws/src/ctaylor319_capstone/install/grid_map_msgs/include/grid_map_msgs/grid_map_msgs/srv/detail/get_grid_map_info__traits.hpp
[28.846s] -- Installing: /home/ctaylor71023/ros2_ws/src/ctaylor319_capstone/install/grid_map_msgs/include/grid_map_msgs/grid_map_msgs/srv/detail/get_grid_map__traits.hpp
[28.847s] -- Installing: /home/ctaylor71023/ros2_ws/src/ctaylor319_capstone/install/grid_map_msgs/include/grid_map_msgs/grid_map_msgs/srv/detail/process_file__builder.hpp
[28.847s] -- Installing: /home/ctaylor71023/ros2_ws/src/ctaylor319_capstone/install/grid_map_msgs/include/grid_map_msgs/grid_map_msgs/srv/detail/process_file__struct.hpp
[28.849s] -- Installing: /home/ctaylor71023/ros2_ws/src/ctaylor319_capstone/install/grid_map_msgs/include/grid_map_msgs/grid_map_msgs/srv/detail/get_grid_map__struct.hpp
[28.849s] -- Installing: /home/ctaylor71023/ros2_ws/src/ctaylor319_capstone/install/grid_map_msgs/include/grid_map_msgs/grid_map_msgs/srv/detail/set_grid_map__traits.hpp
[28.850s] -- Installing: /home/ctaylor71023/ros2_ws/src/ctaylor319_capstone/install/grid_map_msgs/include/grid_map_msgs/grid_map_msgs/srv/detail/set_grid_map__struct.hpp
[28.850s] -- Installing: /home/ctaylor71023/ros2_ws/src/ctaylor319_capstone/install/grid_map_msgs/include/grid_map_msgs/grid_map_msgs/srv/detail/process_file__traits.hpp
[28.851s] -- Installing: /home/ctaylor71023/ros2_ws/src/ctaylor319_capstone/install/grid_map_msgs/include/grid_map_msgs/grid_map_msgs/srv/detail/get_grid_map__builder.hpp
[28.851s] -- Installing: /home/ctaylor71023/ros2_ws/src/ctaylor319_capstone/install/grid_map_msgs/include/grid_map_msgs/grid_map_msgs/srv/detail/set_grid_map__builder.hpp
[28.851s] -- Installing: /home/ctaylor71023/ros2_ws/src/ctaylor319_capstone/install/grid_map_msgs/include/grid_map_msgs/grid_map_msgs/srv/detail/get_grid_map_info__struct.hpp
[28.852s] -- Up-to-date: /home/ctaylor71023/ros2_ws/src/ctaylor319_capstone/install/grid_map_msgs/include/grid_map_msgs/grid_map_msgs
[28.853s] -- Up-to-date: /home/ctaylor71023/ros2_ws/src/ctaylor319_capstone/install/grid_map_msgs/include/grid_map_msgs/grid_map_msgs/msg
[28.853s] -- Installing: /home/ctaylor71023/ros2_ws/src/ctaylor319_capstone/install/grid_map_msgs/include/grid_map_msgs/grid_map_msgs/msg/rosidl_typesupport_fastrtps_cpp__visibility_control.h
[28.854s] -- Up-to-date: /home/ctaylor71023/ros2_ws/src/ctaylor319_capstone/install/grid_map_msgs/include/grid_map_msgs/grid_map_msgs/msg/detail
[28.854s] -- Installing: /home/ctaylor71023/ros2_ws/src/ctaylor319_capstone/install/grid_map_msgs/include/grid_map_msgs/grid_map_msgs/msg/detail/grid_map__rosidl_typesupport_fastrtps_cpp.hpp
[28.854s] -- Installing: /home/ctaylor71023/ros2_ws/src/ctaylor319_capstone/install/grid_map_msgs/include/grid_map_msgs/grid_map_msgs/msg/detail/grid_map_info__rosidl_typesupport_fastrtps_cpp.hpp
[28.854s] -- Installing: /home/ctaylor71023/ros2_ws/src/ctaylor319_capstone/install/grid_map_msgs/include/grid_map_msgs/grid_map_msgs/msg/detail/dds_fastrtps
[28.854s] -- Up-to-date: /home/ctaylor71023/ros2_ws/src/ctaylor319_capstone/install/grid_map_msgs/include/grid_map_msgs/grid_map_msgs/srv
[28.855s] -- Up-to-date: /home/ctaylor71023/ros2_ws/src/ctaylor319_capstone/install/grid_map_msgs/include/grid_map_msgs/grid_map_msgs/srv/detail
[28.855s] -- Installing: /home/ctaylor71023/ros2_ws/src/ctaylor319_capstone/install/grid_map_msgs/include/grid_map_msgs/grid_map_msgs/srv/detail/get_grid_map_info__rosidl_typesupport_fastrtps_cpp.hpp
[28.857s] -- Installing: /home/ctaylor71023/ros2_ws/src/ctaylor319_capstone/install/grid_map_msgs/include/grid_map_msgs/grid_map_msgs/srv/detail/set_grid_map__rosidl_typesupport_fastrtps_cpp.hpp
[28.860s] -- Installing: /home/ctaylor71023/ros2_ws/src/ctaylor319_capstone/install/grid_map_msgs/include/grid_map_msgs/grid_map_msgs/srv/detail/dds_fastrtps
[28.860s] -- Installing: /home/ctaylor71023/ros2_ws/src/ctaylor319_capstone/install/grid_map_msgs/include/grid_map_msgs/grid_map_msgs/srv/detail/get_grid_map__rosidl_typesupport_fastrtps_cpp.hpp
[28.860s] -- Installing: /home/ctaylor71023/ros2_ws/src/ctaylor319_capstone/install/grid_map_msgs/include/grid_map_msgs/grid_map_msgs/srv/detail/process_file__rosidl_typesupport_fastrtps_cpp.hpp
[28.860s] -- Installing: /home/ctaylor71023/ros2_ws/src/ctaylor319_capstone/install/grid_map_msgs/lib/libgrid_map_msgs__rosidl_typesupport_fastrtps_cpp.so
[28.860s] -- Set runtime path of "/home/ctaylor71023/ros2_ws/src/ctaylor319_capstone/install/grid_map_msgs/lib/libgrid_map_msgs__rosidl_typesupport_fastrtps_cpp.so" to ""
[28.861s] -- Up-to-date: /home/ctaylor71023/ros2_ws/src/ctaylor319_capstone/install/grid_map_msgs/include/grid_map_msgs/grid_map_msgs
[28.861s] -- Up-to-date: /home/ctaylor71023/ros2_ws/src/ctaylor319_capstone/install/grid_map_msgs/include/grid_map_msgs/grid_map_msgs/msg
[28.861s] -- Installing: /home/ctaylor71023/ros2_ws/src/ctaylor319_capstone/install/grid_map_msgs/include/grid_map_msgs/grid_map_msgs/msg/rosidl_typesupport_introspection_c__visibility_control.h
[28.864s] -- Up-to-date: /home/ctaylor71023/ros2_ws/src/ctaylor319_capstone/install/grid_map_msgs/include/grid_map_msgs/grid_map_msgs/msg/detail
[28.865s] -- Installing: /home/ctaylor71023/ros2_ws/src/ctaylor319_capstone/install/grid_map_msgs/include/grid_map_msgs/grid_map_msgs/msg/detail/grid_map__rosidl_typesupport_introspection_c.h
[28.865s] -- Installing: /home/ctaylor71023/ros2_ws/src/ctaylor319_capstone/install/grid_map_msgs/include/grid_map_msgs/grid_map_msgs/msg/detail/grid_map_info__rosidl_typesupport_introspection_c.h
[28.866s] -- Installing: /home/ctaylor71023/ros2_ws/src/ctaylor319_capstone/install/grid_map_msgs/include/grid_map_msgs/grid_map_msgs/msg/detail/grid_map_info__type_support.c
[28.866s] -- Installing: /home/ctaylor71023/ros2_ws/src/ctaylor319_capstone/install/grid_map_msgs/include/grid_map_msgs/grid_map_msgs/msg/detail/grid_map__type_support.c
[28.867s] -- Up-to-date: /home/ctaylor71023/ros2_ws/src/ctaylor319_capstone/install/grid_map_msgs/include/grid_map_msgs/grid_map_msgs/srv
[28.867s] -- Up-to-date: /home/ctaylor71023/ros2_ws/src/ctaylor319_capstone/install/grid_map_msgs/include/grid_map_msgs/grid_map_msgs/srv/detail
[28.868s] -- Installing: /home/ctaylor71023/ros2_ws/src/ctaylor319_capstone/install/grid_map_msgs/include/grid_map_msgs/grid_map_msgs/srv/detail/get_grid_map__rosidl_typesupport_introspection_c.h
[28.868s] -- Installing: /home/ctaylor71023/ros2_ws/src/ctaylor319_capstone/install/grid_map_msgs/include/grid_map_msgs/grid_map_msgs/srv/detail/get_grid_map_info__type_support.c
[28.868s] -- Installing: /home/ctaylor71023/ros2_ws/src/ctaylor319_capstone/install/grid_map_msgs/include/grid_map_msgs/grid_map_msgs/srv/detail/process_file__rosidl_typesupport_introspection_c.h
[28.870s] -- Installing: /home/ctaylor71023/ros2_ws/src/ctaylor319_capstone/install/grid_map_msgs/include/grid_map_msgs/grid_map_msgs/srv/detail/set_grid_map__type_support.c
[28.871s] -- Installing: /home/ctaylor71023/ros2_ws/src/ctaylor319_capstone/install/grid_map_msgs/include/grid_map_msgs/grid_map_msgs/srv/detail/get_grid_map__type_support.c
[28.871s] -- Installing: /home/ctaylor71023/ros2_ws/src/ctaylor319_capstone/install/grid_map_msgs/include/grid_map_msgs/grid_map_msgs/srv/detail/process_file__type_support.c
[28.872s] -- Installing: /home/ctaylor71023/ros2_ws/src/ctaylor319_capstone/install/grid_map_msgs/include/grid_map_msgs/grid_map_msgs/srv/detail/get_grid_map_info__rosidl_typesupport_introspection_c.h
[28.873s] -- Installing: /home/ctaylor71023/ros2_ws/src/ctaylor319_capstone/install/grid_map_msgs/include/grid_map_msgs/grid_map_msgs/srv/detail/set_grid_map__rosidl_typesupport_introspection_c.h
[28.873s] -- Installing: /home/ctaylor71023/ros2_ws/src/ctaylor319_capstone/install/grid_map_msgs/lib/libgrid_map_msgs__rosidl_typesupport_introspection_c.so
[28.873s] -- Set runtime path of "/home/ctaylor71023/ros2_ws/src/ctaylor319_capstone/install/grid_map_msgs/lib/libgrid_map_msgs__rosidl_typesupport_introspection_c.so" to ""
[28.874s] -- Installing: /home/ctaylor71023/ros2_ws/src/ctaylor319_capstone/install/grid_map_msgs/lib/libgrid_map_msgs__rosidl_typesupport_c.so
[28.874s] -- Set runtime path of "/home/ctaylor71023/ros2_ws/src/ctaylor319_capstone/install/grid_map_msgs/lib/libgrid_map_msgs__rosidl_typesupport_c.so" to ""
[28.878s] -- Up-to-date: /home/ctaylor71023/ros2_ws/src/ctaylor319_capstone/install/grid_map_msgs/include/grid_map_msgs/grid_map_msgs
[28.879s] -- Up-to-date: /home/ctaylor71023/ros2_ws/src/ctaylor319_capstone/install/grid_map_msgs/include/grid_map_msgs/grid_map_msgs/msg
[28.883s] -- Up-to-date: /home/ctaylor71023/ros2_ws/src/ctaylor319_capstone/install/grid_map_msgs/include/grid_map_msgs/grid_map_msgs/msg/detail
[28.883s] -- Installing: /home/ctaylor71023/ros2_ws/src/ctaylor319_capstone/install/grid_map_msgs/include/grid_map_msgs/grid_map_msgs/msg/detail/grid_map_info__type_support.cpp
[28.883s] -- Installing: /home/ctaylor71023/ros2_ws/src/ctaylor319_capstone/install/grid_map_msgs/include/grid_map_msgs/grid_map_msgs/msg/detail/grid_map_info__rosidl_typesupport_introspection_cpp.hpp
[28.884s] -- Installing: /home/ctaylor71023/ros2_ws/src/ctaylor319_capstone/install/grid_map_msgs/include/grid_map_msgs/grid_map_msgs/msg/detail/grid_map__type_support.cpp
[28.884s] -- Installing: /home/ctaylor71023/ros2_ws/src/ctaylor319_capstone/install/grid_map_msgs/include/grid_map_msgs/grid_map_msgs/msg/detail/grid_map__rosidl_typesupport_introspection_cpp.hpp
[28.884s] -- Up-to-date: /home/ctaylor71023/ros2_ws/src/ctaylor319_capstone/install/grid_map_msgs/include/grid_map_msgs/grid_map_msgs/srv
[28.884s] -- Up-to-date: /home/ctaylor71023/ros2_ws/src/ctaylor319_capstone/install/grid_map_msgs/include/grid_map_msgs/grid_map_msgs/srv/detail
[28.884s] -- Installing: /home/ctaylor71023/ros2_ws/src/ctaylor319_capstone/install/grid_map_msgs/include/grid_map_msgs/grid_map_msgs/srv/detail/set_grid_map__rosidl_typesupport_introspection_cpp.hpp
[28.885s] -- Installing: /home/ctaylor71023/ros2_ws/src/ctaylor319_capstone/install/grid_map_msgs/include/grid_map_msgs/grid_map_msgs/srv/detail/get_grid_map__rosidl_typesupport_introspection_cpp.hpp
[28.885s] -- Installing: /home/ctaylor71023/ros2_ws/src/ctaylor319_capstone/install/grid_map_msgs/include/grid_map_msgs/grid_map_msgs/srv/detail/process_file__type_support.cpp
[28.885s] -- Installing: /home/ctaylor71023/ros2_ws/src/ctaylor319_capstone/install/grid_map_msgs/include/grid_map_msgs/grid_map_msgs/srv/detail/get_grid_map_info__type_support.cpp
[28.885s] -- Installing: /home/ctaylor71023/ros2_ws/src/ctaylor319_capstone/install/grid_map_msgs/include/grid_map_msgs/grid_map_msgs/srv/detail/set_grid_map__type_support.cpp
[28.885s] -- Installing: /home/ctaylor71023/ros2_ws/src/ctaylor319_capstone/install/grid_map_msgs/include/grid_map_msgs/grid_map_msgs/srv/detail/get_grid_map__type_support.cpp
[28.887s] -- Installing: /home/ctaylor71023/ros2_ws/src/ctaylor319_capstone/install/grid_map_msgs/include/grid_map_msgs/grid_map_msgs/srv/detail/get_grid_map_info__rosidl_typesupport_introspection_cpp.hpp
[28.888s] -- Installing: /home/ctaylor71023/ros2_ws/src/ctaylor319_capstone/install/grid_map_msgs/include/grid_map_msgs/grid_map_msgs/srv/detail/process_file__rosidl_typesupport_introspection_cpp.hpp
[28.888s] -- Installing: /home/ctaylor71023/ros2_ws/src/ctaylor319_capstone/install/grid_map_msgs/lib/libgrid_map_msgs__rosidl_typesupport_introspection_cpp.so
[28.889s] -- Set runtime path of "/home/ctaylor71023/ros2_ws/src/ctaylor319_capstone/install/grid_map_msgs/lib/libgrid_map_msgs__rosidl_typesupport_introspection_cpp.so" to ""
[28.890s] -- Installing: /home/ctaylor71023/ros2_ws/src/ctaylor319_capstone/install/grid_map_msgs/lib/libgrid_map_msgs__rosidl_typesupport_cpp.so
[28.894s] -- Set runtime path of "/home/ctaylor71023/ros2_ws/src/ctaylor319_capstone/install/grid_map_msgs/lib/libgrid_map_msgs__rosidl_typesupport_cpp.so" to ""
[28.895s] -- Installing: /home/ctaylor71023/ros2_ws/src/ctaylor319_capstone/install/grid_map_msgs/share/grid_map_msgs/environment/pythonpath.sh
[28.895s] -- Installing: /home/ctaylor71023/ros2_ws/src/ctaylor319_capstone/install/grid_map_msgs/share/grid_map_msgs/environment/pythonpath.dsv
[28.895s] -- Installing: /home/ctaylor71023/ros2_ws/src/ctaylor319_capstone/install/grid_map_msgs/local/lib/python3.10/dist-packages/grid_map_msgs-2.0.0-py3.10.egg-info
[28.896s] -- Installing: /home/ctaylor71023/ros2_ws/src/ctaylor319_capstone/install/grid_map_msgs/local/lib/python3.10/dist-packages/grid_map_msgs-2.0.0-py3.10.egg-info/SOURCES.txt
[28.899s] -- Installing: /home/ctaylor71023/ros2_ws/src/ctaylor319_capstone/install/grid_map_msgs/local/lib/python3.10/dist-packages/grid_map_msgs-2.0.0-py3.10.egg-info/top_level.txt
[28.900s] -- Installing: /home/ctaylor71023/ros2_ws/src/ctaylor319_capstone/install/grid_map_msgs/local/lib/python3.10/dist-packages/grid_map_msgs-2.0.0-py3.10.egg-info/PKG-INFO
[28.900s] -- Installing: /home/ctaylor71023/ros2_ws/src/ctaylor319_capstone/install/grid_map_msgs/local/lib/python3.10/dist-packages/grid_map_msgs-2.0.0-py3.10.egg-info/dependency_links.txt
[28.900s] -- Installing: /home/ctaylor71023/ros2_ws/src/ctaylor319_capstone/install/grid_map_msgs/local/lib/python3.10/dist-packages/grid_map_msgs
[28.900s] -- Installing: /home/ctaylor71023/ros2_ws/src/ctaylor319_capstone/install/grid_map_msgs/local/lib/python3.10/dist-packages/grid_map_msgs/msg
[28.901s] -- Installing: /home/ctaylor71023/ros2_ws/src/ctaylor319_capstone/install/grid_map_msgs/local/lib/python3.10/dist-packages/grid_map_msgs/msg/_grid_map_s.c
[28.902s] -- Installing: /home/ctaylor71023/ros2_ws/src/ctaylor319_capstone/install/grid_map_msgs/local/lib/python3.10/dist-packages/grid_map_msgs/msg/_grid_map_info.py
[28.902s] -- Installing: /home/ctaylor71023/ros2_ws/src/ctaylor319_capstone/install/grid_map_msgs/local/lib/python3.10/dist-packages/grid_map_msgs/msg/__init__.py
[28.902s] -- Installing: /home/ctaylor71023/ros2_ws/src/ctaylor319_capstone/install/grid_map_msgs/local/lib/python3.10/dist-packages/grid_map_msgs/msg/_grid_map.py
[28.903s] -- Installing: /home/ctaylor71023/ros2_ws/src/ctaylor319_capstone/install/grid_map_msgs/local/lib/python3.10/dist-packages/grid_map_msgs/msg/_grid_map_info_s.c
[28.903s] -- Installing: /home/ctaylor71023/ros2_ws/src/ctaylor319_capstone/install/grid_map_msgs/local/lib/python3.10/dist-packages/grid_map_msgs/libgrid_map_msgs__rosidl_generator_py.so
[28.903s] -- Installing: /home/ctaylor71023/ros2_ws/src/ctaylor319_capstone/install/grid_map_msgs/local/lib/python3.10/dist-packages/grid_map_msgs/grid_map_msgs_s__rosidl_typesupport_introspection_c.cpython-310-x86_64-linux-gnu.so
[28.904s] -- Installing: /home/ctaylor71023/ros2_ws/src/ctaylor319_capstone/install/grid_map_msgs/local/lib/python3.10/dist-packages/grid_map_msgs/grid_map_msgs_s__rosidl_typesupport_c.cpython-310-x86_64-linux-gnu.so
[28.904s] -- Installing: /home/ctaylor71023/ros2_ws/src/ctaylor319_capstone/install/grid_map_msgs/local/lib/python3.10/dist-packages/grid_map_msgs/grid_map_msgs_s__rosidl_typesupport_fastrtps_c.cpython-310-x86_64-linux-gnu.so
[28.907s] -- Installing: /home/ctaylor71023/ros2_ws/src/ctaylor319_capstone/install/grid_map_msgs/local/lib/python3.10/dist-packages/grid_map_msgs/__init__.py
[28.907s] -- Installing: /home/ctaylor71023/ros2_ws/src/ctaylor319_capstone/install/grid_map_msgs/local/lib/python3.10/dist-packages/grid_map_msgs/_grid_map_msgs_s.ep.rosidl_typesupport_fastrtps_c.c
[28.909s] -- Installing: /home/ctaylor71023/ros2_ws/src/ctaylor319_capstone/install/grid_map_msgs/local/lib/python3.10/dist-packages/grid_map_msgs/srv
[28.910s] -- Installing: /home/ctaylor71023/ros2_ws/src/ctaylor319_capstone/install/grid_map_msgs/local/lib/python3.10/dist-packages/grid_map_msgs/srv/_process_file.py
[28.910s] -- Installing: /home/ctaylor71023/ros2_ws/src/ctaylor319_capstone/install/grid_map_msgs/local/lib/python3.10/dist-packages/grid_map_msgs/srv/_process_file_s.c
[28.910s] -- Installing: /home/ctaylor71023/ros2_ws/src/ctaylor319_capstone/install/grid_map_msgs/local/lib/python3.10/dist-packages/grid_map_msgs/srv/_get_grid_map_info_s.c
[28.913s] -- Installing: /home/ctaylor71023/ros2_ws/src/ctaylor319_capstone/install/grid_map_msgs/local/lib/python3.10/dist-packages/grid_map_msgs/srv/_set_grid_map.py
[28.914s] -- Installing: /home/ctaylor71023/ros2_ws/src/ctaylor319_capstone/install/grid_map_msgs/local/lib/python3.10/dist-packages/grid_map_msgs/srv/_get_grid_map_s.c
[28.914s] -- Installing: /home/ctaylor71023/ros2_ws/src/ctaylor319_capstone/install/grid_map_msgs/local/lib/python3.10/dist-packages/grid_map_msgs/srv/_get_grid_map.py
[28.914s] -- Installing: /home/ctaylor71023/ros2_ws/src/ctaylor319_capstone/install/grid_map_msgs/local/lib/python3.10/dist-packages/grid_map_msgs/srv/__init__.py
[28.914s] -- Installing: /home/ctaylor71023/ros2_ws/src/ctaylor319_capstone/install/grid_map_msgs/local/lib/python3.10/dist-packages/grid_map_msgs/srv/_set_grid_map_s.c
[28.914s] -- Installing: /home/ctaylor71023/ros2_ws/src/ctaylor319_capstone/install/grid_map_msgs/local/lib/python3.10/dist-packages/grid_map_msgs/srv/_get_grid_map_info.py
[28.915s] -- Installing: /home/ctaylor71023/ros2_ws/src/ctaylor319_capstone/install/grid_map_msgs/local/lib/python3.10/dist-packages/grid_map_msgs/_grid_map_msgs_s.ep.rosidl_typesupport_c.c
[28.915s] -- Installing: /home/ctaylor71023/ros2_ws/src/ctaylor319_capstone/install/grid_map_msgs/local/lib/python3.10/dist-packages/grid_map_msgs/_grid_map_msgs_s.ep.rosidl_typesupport_introspection_c.c
[29.111s] Listing '/home/ctaylor71023/ros2_ws/src/ctaylor319_capstone/install/grid_map_msgs/local/lib/python3.10/dist-packages/grid_map_msgs'...
[29.111s] Compiling '/home/ctaylor71023/ros2_ws/src/ctaylor319_capstone/install/grid_map_msgs/local/lib/python3.10/dist-packages/grid_map_msgs/__init__.py'...
[29.111s] Listing '/home/ctaylor71023/ros2_ws/src/ctaylor319_capstone/install/grid_map_msgs/local/lib/python3.10/dist-packages/grid_map_msgs/msg'...
[29.111s] Compiling '/home/ctaylor71023/ros2_ws/src/ctaylor319_capstone/install/grid_map_msgs/local/lib/python3.10/dist-packages/grid_map_msgs/msg/__init__.py'...
[29.112s] Compiling '/home/ctaylor71023/ros2_ws/src/ctaylor319_capstone/install/grid_map_msgs/local/lib/python3.10/dist-packages/grid_map_msgs/msg/_grid_map.py'...
[29.112s] Compiling '/home/ctaylor71023/ros2_ws/src/ctaylor319_capstone/install/grid_map_msgs/local/lib/python3.10/dist-packages/grid_map_msgs/msg/_grid_map_info.py'...
[29.112s] Listing '/home/ctaylor71023/ros2_ws/src/ctaylor319_capstone/install/grid_map_msgs/local/lib/python3.10/dist-packages/grid_map_msgs/srv'...
[29.112s] Compiling '/home/ctaylor71023/ros2_ws/src/ctaylor319_capstone/install/grid_map_msgs/local/lib/python3.10/dist-packages/grid_map_msgs/srv/__init__.py'...
[29.112s] Compiling '/home/ctaylor71023/ros2_ws/src/ctaylor319_capstone/install/grid_map_msgs/local/lib/python3.10/dist-packages/grid_map_msgs/srv/_get_grid_map.py'...
[29.113s] Compiling '/home/ctaylor71023/ros2_ws/src/ctaylor319_capstone/install/grid_map_msgs/local/lib/python3.10/dist-packages/grid_map_msgs/srv/_get_grid_map_info.py'...
[29.113s] Compiling '/home/ctaylor71023/ros2_ws/src/ctaylor319_capstone/install/grid_map_msgs/local/lib/python3.10/dist-packages/grid_map_msgs/srv/_process_file.py'...
[29.113s] Compiling '/home/ctaylor71023/ros2_ws/src/ctaylor319_capstone/install/grid_map_msgs/local/lib/python3.10/dist-packages/grid_map_msgs/srv/_set_grid_map.py'...
[29.124s] -- Installing: /home/ctaylor71023/ros2_ws/src/ctaylor319_capstone/install/grid_map_msgs/local/lib/python3.10/dist-packages/grid_map_msgs/grid_map_msgs_s__rosidl_typesupport_fastrtps_c.cpython-310-x86_64-linux-gnu.so
[29.125s] -- Set runtime path of "/home/ctaylor71023/ros2_ws/src/ctaylor319_capstone/install/grid_map_msgs/local/lib/python3.10/dist-packages/grid_map_msgs/grid_map_msgs_s__rosidl_typesupport_fastrtps_c.cpython-310-x86_64-linux-gnu.so" to ""
[29.126s] -- Installing: /home/ctaylor71023/ros2_ws/src/ctaylor319_capstone/install/grid_map_msgs/local/lib/python3.10/dist-packages/grid_map_msgs/grid_map_msgs_s__rosidl_typesupport_introspection_c.cpython-310-x86_64-linux-gnu.so
[29.128s] -- Set runtime path of "/home/ctaylor71023/ros2_ws/src/ctaylor319_capstone/install/grid_map_msgs/local/lib/python3.10/dist-packages/grid_map_msgs/grid_map_msgs_s__rosidl_typesupport_introspection_c.cpython-310-x86_64-linux-gnu.so" to ""
[29.129s] -- Installing: /home/ctaylor71023/ros2_ws/src/ctaylor319_capstone/install/grid_map_msgs/local/lib/python3.10/dist-packages/grid_map_msgs/grid_map_msgs_s__rosidl_typesupport_c.cpython-310-x86_64-linux-gnu.so
[29.131s] -- Set runtime path of "/home/ctaylor71023/ros2_ws/src/ctaylor319_capstone/install/grid_map_msgs/local/lib/python3.10/dist-packages/grid_map_msgs/grid_map_msgs_s__rosidl_typesupport_c.cpython-310-x86_64-linux-gnu.so" to ""
[29.132s] -- Installing: /home/ctaylor71023/ros2_ws/src/ctaylor319_capstone/install/grid_map_msgs/lib/libgrid_map_msgs__rosidl_generator_py.so
[29.133s] -- Set runtime path of "/home/ctaylor71023/ros2_ws/src/ctaylor319_capstone/install/grid_map_msgs/lib/libgrid_map_msgs__rosidl_generator_py.so" to ""
[29.134s] -- Installing: /home/ctaylor71023/ros2_ws/src/ctaylor319_capstone/install/grid_map_msgs/share/grid_map_msgs/msg/GridMapInfo.idl
[29.135s] -- Installing: /home/ctaylor71023/ros2_ws/src/ctaylor319_capstone/install/grid_map_msgs/share/grid_map_msgs/msg/GridMap.idl
[29.136s] -- Installing: /home/ctaylor71023/ros2_ws/src/ctaylor319_capstone/install/grid_map_msgs/share/grid_map_msgs/srv/SetGridMap.idl
[29.137s] -- Installing: /home/ctaylor71023/ros2_ws/src/ctaylor319_capstone/install/grid_map_msgs/share/grid_map_msgs/srv/GetGridMap.idl
[29.137s] -- Installing: /home/ctaylor71023/ros2_ws/src/ctaylor319_capstone/install/grid_map_msgs/share/grid_map_msgs/srv/GetGridMapInfo.idl
[29.138s] -- Installing: /home/ctaylor71023/ros2_ws/src/ctaylor319_capstone/install/grid_map_msgs/share/grid_map_msgs/srv/ProcessFile.idl
[29.139s] -- Installing: /home/ctaylor71023/ros2_ws/src/ctaylor319_capstone/install/grid_map_msgs/share/grid_map_msgs/msg/GridMapInfo.msg
[29.140s] -- Installing: /home/ctaylor71023/ros2_ws/src/ctaylor319_capstone/install/grid_map_msgs/share/grid_map_msgs/msg/GridMap.msg
[29.140s] -- Installing: /home/ctaylor71023/ros2_ws/src/ctaylor319_capstone/install/grid_map_msgs/share/grid_map_msgs/srv/SetGridMap.srv
[29.142s] -- Installing: /home/ctaylor71023/ros2_ws/src/ctaylor319_capstone/install/grid_map_msgs/share/grid_map_msgs/srv/SetGridMap_Request.msg
[29.142s] -- Installing: /home/ctaylor71023/ros2_ws/src/ctaylor319_capstone/install/grid_map_msgs/share/grid_map_msgs/srv/SetGridMap_Response.msg
[29.143s] -- Installing: /home/ctaylor71023/ros2_ws/src/ctaylor319_capstone/install/grid_map_msgs/share/grid_map_msgs/srv/GetGridMap.srv
[29.144s] -- Installing: /home/ctaylor71023/ros2_ws/src/ctaylor319_capstone/install/grid_map_msgs/share/grid_map_msgs/srv/GetGridMap_Request.msg
[29.145s] -- Installing: /home/ctaylor71023/ros2_ws/src/ctaylor319_capstone/install/grid_map_msgs/share/grid_map_msgs/srv/GetGridMap_Response.msg
[29.145s] -- Installing: /home/ctaylor71023/ros2_ws/src/ctaylor319_capstone/install/grid_map_msgs/share/grid_map_msgs/srv/GetGridMapInfo.srv
[29.147s] -- Installing: /home/ctaylor71023/ros2_ws/src/ctaylor319_capstone/install/grid_map_msgs/share/grid_map_msgs/srv/GetGridMapInfo_Request.msg
[29.147s] -- Installing: /home/ctaylor71023/ros2_ws/src/ctaylor319_capstone/install/grid_map_msgs/share/grid_map_msgs/srv/GetGridMapInfo_Response.msg
[29.148s] -- Installing: /home/ctaylor71023/ros2_ws/src/ctaylor319_capstone/install/grid_map_msgs/share/grid_map_msgs/srv/ProcessFile.srv
[29.148s] -- Installing: /home/ctaylor71023/ros2_ws/src/ctaylor319_capstone/install/grid_map_msgs/share/grid_map_msgs/srv/ProcessFile_Request.msg
[29.150s] -- Installing: /home/ctaylor71023/ros2_ws/src/ctaylor319_capstone/install/grid_map_msgs/share/grid_map_msgs/srv/ProcessFile_Response.msg
[29.150s] -- Installing: /home/ctaylor71023/ros2_ws/src/ctaylor319_capstone/install/grid_map_msgs/share/ament_index/resource_index/package_run_dependencies/grid_map_msgs
[29.151s] -- Installing: /home/ctaylor71023/ros2_ws/src/ctaylor319_capstone/install/grid_map_msgs/share/ament_index/resource_index/parent_prefix_path/grid_map_msgs
[29.152s] -- Installing: /home/ctaylor71023/ros2_ws/src/ctaylor319_capstone/install/grid_map_msgs/share/grid_map_msgs/environment/ament_prefix_path.sh
[29.153s] -- Installing: /home/ctaylor71023/ros2_ws/src/ctaylor319_capstone/install/grid_map_msgs/share/grid_map_msgs/environment/ament_prefix_path.dsv
[29.154s] -- Installing: /home/ctaylor71023/ros2_ws/src/ctaylor319_capstone/install/grid_map_msgs/share/grid_map_msgs/environment/path.sh
[29.155s] -- Installing: /home/ctaylor71023/ros2_ws/src/ctaylor319_capstone/install/grid_map_msgs/share/grid_map_msgs/environment/path.dsv
[29.155s] -- Installing: /home/ctaylor71023/ros2_ws/src/ctaylor319_capstone/install/grid_map_msgs/share/grid_map_msgs/local_setup.bash
[29.156s] -- Installing: /home/ctaylor71023/ros2_ws/src/ctaylor319_capstone/install/grid_map_msgs/share/grid_map_msgs/local_setup.sh
[29.157s] -- Installing: /home/ctaylor71023/ros2_ws/src/ctaylor319_capstone/install/grid_map_msgs/share/grid_map_msgs/local_setup.zsh
[29.158s] -- Installing: /home/ctaylor71023/ros2_ws/src/ctaylor319_capstone/install/grid_map_msgs/share/grid_map_msgs/local_setup.dsv
[29.159s] -- Installing: /home/ctaylor71023/ros2_ws/src/ctaylor319_capstone/install/grid_map_msgs/share/grid_map_msgs/package.dsv
[29.160s] -- Installing: /home/ctaylor71023/ros2_ws/src/ctaylor319_capstone/install/grid_map_msgs/share/ament_index/resource_index/packages/grid_map_msgs
[29.161s] -- Installing: /home/ctaylor71023/ros2_ws/src/ctaylor319_capstone/install/grid_map_msgs/share/grid_map_msgs/cmake/export_grid_map_msgs__rosidl_generator_cExport.cmake
[29.162s] -- Installing: /home/ctaylor71023/ros2_ws/src/ctaylor319_capstone/install/grid_map_msgs/share/grid_map_msgs/cmake/export_grid_map_msgs__rosidl_generator_cExport-release.cmake
[29.162s] -- Installing: /home/ctaylor71023/ros2_ws/src/ctaylor319_capstone/install/grid_map_msgs/share/grid_map_msgs/cmake/export_grid_map_msgs__rosidl_typesupport_fastrtps_cExport.cmake
[29.163s] -- Installing: /home/ctaylor71023/ros2_ws/src/ctaylor319_capstone/install/grid_map_msgs/share/grid_map_msgs/cmake/export_grid_map_msgs__rosidl_typesupport_fastrtps_cExport-release.cmake
[29.165s] -- Installing: /home/ctaylor71023/ros2_ws/src/ctaylor319_capstone/install/grid_map_msgs/share/grid_map_msgs/cmake/export_grid_map_msgs__rosidl_generator_cppExport.cmake
[29.165s] -- Installing: /home/ctaylor71023/ros2_ws/src/ctaylor319_capstone/install/grid_map_msgs/share/grid_map_msgs/cmake/export_grid_map_msgs__rosidl_typesupport_fastrtps_cppExport.cmake
[29.166s] -- Installing: /home/ctaylor71023/ros2_ws/src/ctaylor319_capstone/install/grid_map_msgs/share/grid_map_msgs/cmake/export_grid_map_msgs__rosidl_typesupport_fastrtps_cppExport-release.cmake
[29.167s] -- Installing: /home/ctaylor71023/ros2_ws/src/ctaylor319_capstone/install/grid_map_msgs/share/grid_map_msgs/cmake/grid_map_msgs__rosidl_typesupport_introspection_cExport.cmake
[29.167s] -- Installing: /home/ctaylor71023/ros2_ws/src/ctaylor319_capstone/install/grid_map_msgs/share/grid_map_msgs/cmake/grid_map_msgs__rosidl_typesupport_introspection_cExport-release.cmake
[29.168s] -- Installing: /home/ctaylor71023/ros2_ws/src/ctaylor319_capstone/install/grid_map_msgs/share/grid_map_msgs/cmake/grid_map_msgs__rosidl_typesupport_cExport.cmake
[29.169s] -- Installing: /home/ctaylor71023/ros2_ws/src/ctaylor319_capstone/install/grid_map_msgs/share/grid_map_msgs/cmake/grid_map_msgs__rosidl_typesupport_cExport-release.cmake
[29.170s] -- Installing: /home/ctaylor71023/ros2_ws/src/ctaylor319_capstone/install/grid_map_msgs/share/grid_map_msgs/cmake/grid_map_msgs__rosidl_typesupport_introspection_cppExport.cmake
[29.171s] -- Installing: /home/ctaylor71023/ros2_ws/src/ctaylor319_capstone/install/grid_map_msgs/share/grid_map_msgs/cmake/grid_map_msgs__rosidl_typesupport_introspection_cppExport-release.cmake
[29.172s] -- Installing: /home/ctaylor71023/ros2_ws/src/ctaylor319_capstone/install/grid_map_msgs/share/grid_map_msgs/cmake/grid_map_msgs__rosidl_typesupport_cppExport.cmake
[29.173s] -- Installing: /home/ctaylor71023/ros2_ws/src/ctaylor319_capstone/install/grid_map_msgs/share/grid_map_msgs/cmake/grid_map_msgs__rosidl_typesupport_cppExport-release.cmake
[29.174s] -- Installing: /home/ctaylor71023/ros2_ws/src/ctaylor319_capstone/install/grid_map_msgs/share/grid_map_msgs/cmake/export_grid_map_msgs__rosidl_generator_pyExport.cmake
[29.175s] -- Installing: /home/ctaylor71023/ros2_ws/src/ctaylor319_capstone/install/grid_map_msgs/share/grid_map_msgs/cmake/export_grid_map_msgs__rosidl_generator_pyExport-release.cmake
[29.175s] -- Installing: /home/ctaylor71023/ros2_ws/src/ctaylor319_capstone/install/grid_map_msgs/share/grid_map_msgs/cmake/rosidl_cmake-extras.cmake
[29.177s] -- Installing: /home/ctaylor71023/ros2_ws/src/ctaylor319_capstone/install/grid_map_msgs/share/grid_map_msgs/cmake/ament_cmake_export_dependencies-extras.cmake
[29.177s] -- Installing: /home/ctaylor71023/ros2_ws/src/ctaylor319_capstone/install/grid_map_msgs/share/grid_map_msgs/cmake/ament_cmake_export_include_directories-extras.cmake
[29.178s] -- Installing: /home/ctaylor71023/ros2_ws/src/ctaylor319_capstone/install/grid_map_msgs/share/grid_map_msgs/cmake/ament_cmake_export_libraries-extras.cmake
[29.178s] -- Installing: /home/ctaylor71023/ros2_ws/src/ctaylor319_capstone/install/grid_map_msgs/share/grid_map_msgs/cmake/ament_cmake_export_targets-extras.cmake
[29.179s] -- Installing: /home/ctaylor71023/ros2_ws/src/ctaylor319_capstone/install/grid_map_msgs/share/grid_map_msgs/cmake/rosidl_cmake_export_typesupport_targets-extras.cmake
[29.181s] -- Installing: /home/ctaylor71023/ros2_ws/src/ctaylor319_capstone/install/grid_map_msgs/share/grid_map_msgs/cmake/rosidl_cmake_export_typesupport_libraries-extras.cmake
[29.181s] -- Installing: /home/ctaylor71023/ros2_ws/src/ctaylor319_capstone/install/grid_map_msgs/share/grid_map_msgs/cmake/grid_map_msgsConfig.cmake
[29.182s] -- Installing: /home/ctaylor71023/ros2_ws/src/ctaylor319_capstone/install/grid_map_msgs/share/grid_map_msgs/cmake/grid_map_msgsConfig-version.cmake
[29.184s] -- Installing: /home/ctaylor71023/ros2_ws/src/ctaylor319_capstone/install/grid_map_msgs/share/grid_map_msgs/package.xml
[29.192s] Invoked command in '/home/ctaylor71023/ros2_ws/src/ctaylor319_capstone/build/grid_map_msgs' returned '0': AMENT_PREFIX_PATH=/home/ctaylor71023/ros2_ws/src/ctaylor319_capstone/install/grid_map_cmake_helpers:${AMENT_PREFIX_PATH} CMAKE_PREFIX_PATH=/home/ctaylor71023/ros2_ws/src/ctaylor319_capstone/install/grid_map_cmake_helpers:/home/ctaylor71023/ws_moveit/install/pilz_industrial_motion_planner_testutils:/home/ctaylor71023/ws_moveit/install/moveit_runtime:/home/ctaylor71023/ws_moveit/install/moveit2_tutorials:/home/ctaylor71023/ws_moveit/install/moveit:/home/ctaylor71023/ws_moveit/install/moveit_planners:/home/ctaylor71023/ws_moveit/install/pilz_industrial_motion_planner:/home/ctaylor71023/ws_moveit/install/moveit_visual_tools:/home/ctaylor71023/ws_moveit/install/moveit_task_constructor_visualization:/home/ctaylor71023/ws_moveit/install/moveit_task_constructor_demo:/home/ctaylor71023/ws_moveit/install/moveit_task_constructor_capabilities:/home/ctaylor71023/ws_moveit/install/moveit_task_constructor_core:/home/ctaylor71023/ws_moveit/install/moveit_ros_control_interface:/home/ctaylor71023/ws_moveit/install/moveit_plugins:/home/ctaylor71023/ws_moveit/install/moveit_simple_controller_manager:/home/ctaylor71023/ws_moveit/install/moveit_setup_assistant:/home/ctaylor71023/ws_moveit/install/moveit_setup_srdf_plugins:/home/ctaylor71023/ws_moveit/install/moveit_setup_core_plugins:/home/ctaylor71023/ws_moveit/install/moveit_setup_controllers:/home/ctaylor71023/ws_moveit/install/moveit_setup_app_plugins:/home/ctaylor71023/ws_moveit/install/moveit_setup_framework:/home/ctaylor71023/ws_moveit/install/moveit_servo:/home/ctaylor71023/ws_moveit/install/moveit_ros:/home/ctaylor71023/ws_moveit/install/moveit_ros_visualization:/home/ctaylor71023/ws_moveit/install/moveit_hybrid_planning:/home/ctaylor71023/ws_moveit/install/moveit_ros_planning_interface:/home/ctaylor71023/ws_moveit/install/moveit_ros_benchmarks:/home/ctaylor71023/ws_moveit/install/moveit_ros_warehouse:/home/ctaylor71023/ws_moveit/install/moveit_ros_robot_interaction:/home/ctaylor71023/ws_moveit/install/moveit_ros_perception:/home/ctaylor71023/ws_moveit/install/moveit_resources_prbt_pg70_support:/home/ctaylor71023/ws_moveit/install/moveit_resources_prbt_moveit_config:/home/ctaylor71023/ws_moveit/install/moveit_ros_move_group:/home/ctaylor71023/ws_moveit/install/moveit_planners_ompl:/home/ctaylor71023/ws_moveit/install/moveit_ros_planning:/home/ctaylor71023/ws_moveit/install/moveit_ros_occupancy_map_monitor:/home/ctaylor71023/ws_moveit/install/moveit_resources_prbt_ikfast_manipulator_plugin:/home/ctaylor71023/ws_moveit/install/moveit_planners_chomp:/home/ctaylor71023/ws_moveit/install/moveit_kinematics:/home/ctaylor71023/ws_moveit/install/moveit_chomp_optimizer_adapter:/home/ctaylor71023/ws_moveit/install/chomp_motion_planner:/home/ctaylor71023/ws_moveit/install/moveit_core:/home/ctaylor71023/ws_moveit/install/srdfdom:/home/ctaylor71023/ws_moveit/install/rviz_marker_tools:/home/ctaylor71023/ws_moveit/install/rosparam_shortcuts:/home/ctaylor71023/ws_moveit/install/moveit_task_constructor_msgs:/home/ctaylor71023/ws_moveit/install/moveit_resources_prbt_support:/home/ctaylor71023/ws_moveit/install/moveit_resources:/home/ctaylor71023/ws_moveit/install/moveit_resources_pr2_description:/home/ctaylor71023/ws_moveit/install/moveit_resources_panda_moveit_config:/home/ctaylor71023/ws_moveit/install/moveit_resources_panda_description:/home/ctaylor71023/ws_moveit/install/moveit_resources_fanuc_moveit_config:/home/ctaylor71023/ws_moveit/install/moveit_resources_fanuc_description:/home/ctaylor71023/ws_moveit/install/moveit_common:/home/ctaylor71023/ros2_ws/install/mycobot_ros2:/home/ctaylor71023/ros2_ws/install/mycobot_gazebo:/home/ctaylor71023/ros2_ws/install/mycobot_description:/home/ctaylor71023/ros2_ws/install/chomp_motion_planner:/home/ctaylor71023/turtlebot3_ws/install/turtlebot3_simulations:/home/ctaylor71023/turtlebot3_ws/install/turtlebot3_gazebo:/home/ctaylor71023/turtlebot3_ws/install/turtlebot3_fake_node:/home/ctaylor71023/turtlebot3_ws/install/msg_types:/home/ctaylor71023/turtlebot3_ws/src/install/turtlebot3_simulations:/home/ctaylor71023/turtlebot3_ws/src/install/turtlebot3_gazebo:/home/ctaylor71023/turtlebot3_ws/src/install/turtlebot3_fake_node:/home/ctaylor71023/turtlebot3_ws/src/install/msg_types:/home/ctaylor71023/ws_moveit/install/moveit_configs_utils:/home/ctaylor71023/ws_moveit/install/launch_param_builder:/home/ctaylor71023/turtlebot3_ws/install/py_subpub:/home/ctaylor71023/turtlebot3_ws/install/Crossfire_object_follower:/home/ctaylor71023/turtlebot3_ws/install/Crossfire_navigate_to_goal:/home/ctaylor71023/turtlebot3_ws/install/Crossfire_lab6:/home/ctaylor71023/turtlebot3_ws/install/Crossfire_lab5:/home/ctaylor71023/turtlebot3_ws/install/Crossfire_chase_object:/home/ctaylor71023/turtlebot3_ws/src/install/py_subpub:/home/ctaylor71023/turtlebot3_ws/src/install/Lab2:/home/ctaylor71023/turtlebot3_ws/src/install/Crossfire_object_follower:/home/ctaylor71023/turtlebot3_ws/src/install/Crossfire_navigate_to_goal:/home/ctaylor71023/turtlebot3_ws/src/install/Crossfire_lab6:/home/ctaylor71023/turtlebot3_ws/src/install/Crossfire_lab5:/home/ctaylor71023/turtlebot3_ws/src/install/Crossfire_chase_object:/opt/ros/humble /usr/bin/cmake --install /home/ctaylor71023/ros2_ws/src/ctaylor319_capstone/build/grid_map_msgs
